Log file open, 02/18/17 12:12:36
LogInit:Display: Running engine for game: CIS568VRYPaint
LogPlatformFile: Not using cached read wrapper
LogInit:Display: RandInit(547095739) SRandInit(547095740).
LogTaskGraph: Started task graph with 5 named threads and 8 total threads with 1 sets of task threads.
LogStats: Stats thread started at 0.074704
LogPluginManager: Loaded Plugin Paper2D, From C:/Program Files/Epic Games/UE_4.14/Engine/Plugins/2D/Paper2D/Paper2D.uplugin
LogPluginManager: Loaded Plugin LightPropagationVolume, From C:/Program Files/Epic Games/UE_4.14/Engine/Plugins/Blendables/LightPropagationVolume/LightPropagationVolume.uplugin
LogPluginManager: Loaded Plugin BlankPlugin, From C:/Program Files/Epic Games/UE_4.14/Engine/Plugins/Developer/BlankPlugin/BlankPlugin.uplugin
LogPluginManager: Loaded Plugin CodeLiteSourceCodeAccess, From C:/Program Files/Epic Games/UE_4.14/Engine/Plugins/Developer/CodeLiteSourceCodeAccess/CodeLiteSourceCodeAccess.uplugin
LogPluginManager: Loaded Plugin GitSourceControl, From C:/Program Files/Epic Games/UE_4.14/Engine/Plugins/Developer/GitSourceControl/GitSourceControl.uplugin
LogPluginManager: Loaded Plugin KDevelopSourceCodeAccess, From C:/Program Files/Epic Games/UE_4.14/Engine/Plugins/Developer/KDevelopSourceCodeAccess/KDevelopSourceCodeAccess.uplugin
LogPluginManager: Loaded Plugin NullSourceCodeAccess, From C:/Program Files/Epic Games/UE_4.14/Engine/Plugins/Developer/NullSourceCodeAccess/NullSourceCodeAccess.uplugin
LogPluginManager: Loaded Plugin OneSkyLocalizationService, From C:/Program Files/Epic Games/UE_4.14/Engine/Plugins/Developer/OneSkyLocalizationService/OneSkyLocalizationService.uplugin
LogPluginManager: Loaded Plugin PerforceSourceControl, From C:/Program Files/Epic Games/UE_4.14/Engine/Plugins/Developer/PerforceSourceControl/PerforceSourceControl.uplugin
LogPluginManager: Loaded Plugin SubversionSourceControl, From C:/Program Files/Epic Games/UE_4.14/Engine/Plugins/Developer/SubversionSourceControl/SubversionSourceControl.uplugin
LogPluginManager: Loaded Plugin UObjectPlugin, From C:/Program Files/Epic Games/UE_4.14/Engine/Plugins/Developer/UObjectPlugin/UObjectPlugin.uplugin
LogPluginManager: Loaded Plugin VisualStudioSourceCodeAccess, From C:/Program Files/Epic Games/UE_4.14/Engine/Plugins/Developer/VisualStudioSourceCodeAccess/VisualStudioSourceCodeAccess.uplugin
LogPluginManager: Loaded Plugin XCodeSourceCodeAccess, From C:/Program Files/Epic Games/UE_4.14/Engine/Plugins/Developer/XCodeSourceCodeAccess/XCodeSourceCodeAccess.uplugin
LogPluginManager: Loaded Plugin AudioCapture, From C:/Program Files/Epic Games/UE_4.14/Engine/Plugins/Editor/AudioCapture/AudioCapture.uplugin
LogPluginManager: Loaded Plugin EpicSurvey, From C:/Program Files/Epic Games/UE_4.14/Engine/Plugins/Editor/EpicSurvey/EpicSurvey.uplugin
LogPluginManager: Loaded Plugin MacGraphicsSwitching, From C:/Program Files/Epic Games/UE_4.14/Engine/Plugins/Editor/MacGraphicsSwitching/MacGraphicsSwitching.uplugin
LogPluginManager: Loaded Plugin MobileLauncherProfileWizard, From C:/Program Files/Epic Games/UE_4.14/Engine/Plugins/Editor/MobileLauncherProfileWizard/MobileLauncherProfileWizard.uplugin
LogPluginManager: Loaded Plugin PluginBrowser, From C:/Program Files/Epic Games/UE_4.14/Engine/Plugins/Editor/PluginBrowser/PluginBrowser.uplugin
LogPluginManager: Loaded Plugin SpeedTreeImporter, From C:/Program Files/Epic Games/UE_4.14/Engine/Plugins/Editor/SpeedTreeImporter/SpeedTreeImporter.uplugin
LogPluginManager: Loaded Plugin SuperSearchEditor, From C:/Program Files/Epic Games/UE_4.14/Engine/Plugins/Editor/SuperSearchEditor/SuperSearchEditor.uplugin
LogPluginManager: Loaded Plugin AlembicImporter, From C:/Program Files/Epic Games/UE_4.14/Engine/Plugins/Experimental/AlembicImporter/AlembicImporter.uplugin
LogPluginManager: Loaded Plugin BlueprintStats, From C:/Program Files/Epic Games/UE_4.14/Engine/Plugins/Experimental/BlueprintStats/BlueprintStats.uplugin
LogPluginManager: Loaded Plugin CharacterAI, From C:/Program Files/Epic Games/UE_4.14/Engine/Plugins/Experimental/CharacterAI/CharacterAI.uplugin
LogPluginManager: Loaded Plugin CodeEditor, From C:/Program Files/Epic Games/UE_4.14/Engine/Plugins/Experimental/CodeEditor/CodeEditor.uplugin
LogPluginManager: Loaded Plugin CodeView, From C:/Program Files/Epic Games/UE_4.14/Engine/Plugins/Experimental/CodeView/CodeView.uplugin
LogPluginManager: Loaded Plugin HTML5Networking, From C:/Program Files/Epic Games/UE_4.14/Engine/Plugins/Experimental/HTML5Networking/HTML5Networking.uplugin
LogPluginManager: Loaded Plugin OSVR, From C:/Program Files/Epic Games/UE_4.14/Engine/Plugins/Experimental/OSVR/OSVR.uplugin
LogPluginManager: Loaded Plugin Phya, From C:/Program Files/Epic Games/UE_4.14/Engine/Plugins/Experimental/Phya/Phya.uplugin
LogPluginManager: Loaded Plugin SignificanceManager, From C:/Program Files/Epic Games/UE_4.14/Engine/Plugins/Experimental/SignificanceManager/SignificanceManager.uplugin
LogPluginManager: Loaded Plugin SimpleHMD, From C:/Program Files/Epic Games/UE_4.14/Engine/Plugins/Experimental/SimpleHMD/SimpleHMD.uplugin
LogPluginManager: Loaded Plugin StereoPanorama, From C:/Program Files/Epic Games/UE_4.14/Engine/Plugins/Experimental/StereoPanorama/StereoPanorama.uplugin
LogPluginManager: Loaded Plugin StructBox, From C:/Program Files/Epic Games/UE_4.14/Engine/Plugins/Experimental/StructBox/StructBox.uplugin
LogPluginManager: Loaded Plugin Substance, From C:/Program Files/Epic Games/UE_4.14/Engine/Plugins/Marketplace/Substance/Substance.uplugin
LogPluginManager: Loaded Plugin AndroidMedia, From C:/Program Files/Epic Games/UE_4.14/Engine/Plugins/Media/AndroidMedia/AndroidMedia.uplugin
LogPluginManager: Loaded Plugin AvfMedia, From C:/Program Files/Epic Games/UE_4.14/Engine/Plugins/Media/AvfMedia/AvfMedia.uplugin
LogPluginManager: Loaded Plugin MediaPlayerEditor, From C:/Program Files/Epic Games/UE_4.14/Engine/Plugins/Media/MediaPlayerEditor/MediaPlayerEditor.uplugin
LogPluginManager: Loaded Plugin WmfMedia, From C:/Program Files/Epic Games/UE_4.14/Engine/Plugins/Media/WmfMedia/WmfMedia.uplugin
LogPluginManager: Loaded Plugin MessagingDebugger, From C:/Program Files/Epic Games/UE_4.14/Engine/Plugins/Messaging/MessagingDebugger/MessagingDebugger.uplugin
LogPluginManager: Loaded Plugin TcpMessaging, From C:/Program Files/Epic Games/UE_4.14/Engine/Plugins/Messaging/TcpMessaging/TcpMessaging.uplugin
LogPluginManager: Loaded Plugin UdpMessaging, From C:/Program Files/Epic Games/UE_4.14/Engine/Plugins/Messaging/UdpMessaging/UdpMessaging.uplugin
LogPluginManager: Loaded Plugin LevelSequenceEditor, From C:/Program Files/Epic Games/UE_4.14/Engine/Plugins/MovieScene/LevelSequenceEditor/LevelSequenceEditor.uplugin
LogPluginManager: Loaded Plugin MatineeToLevelSequence, From C:/Program Files/Epic Games/UE_4.14/Engine/Plugins/MovieScene/MatineeToLevelSequence/MatineeToLevelSequence.uplugin
LogPluginManager: Loaded Plugin NetcodeUnitTest, From C:/Program Files/Epic Games/UE_4.14/Engine/Plugins/NetcodeUnitTest/NetcodeUnitTest/NetcodeUnitTest.uplugin
LogPluginManager: Loaded Plugin NUTUnrealEngine4, From C:/Program Files/Epic Games/UE_4.14/Engine/Plugins/NetcodeUnitTest/NUTUnrealEngine4/NUTUnrealEngine4.uplugin
LogPluginManager: Loaded Plugin OnlineSubsystemGameCircle, From C:/Program Files/Epic Games/UE_4.14/Engine/Plugins/Online/Android/OnlineSubsystemGameCircle/OnlineSubsystemGameCircle.uplugin
LogPluginManager: Loaded Plugin OnlineSubsystemGooglePlay, From C:/Program Files/Epic Games/UE_4.14/Engine/Plugins/Online/Android/OnlineSubsystemGooglePlay/OnlineSubsystemGooglePlay.uplugin
LogPluginManager: Loaded Plugin OnlineSubsystemIOS, From C:/Program Files/Epic Games/UE_4.14/Engine/Plugins/Online/IOS/OnlineSubsystemIOS/OnlineSubsystemIOS.uplugin
LogPluginManager: Loaded Plugin OnlineFramework, From C:/Program Files/Epic Games/UE_4.14/Engine/Plugins/Online/OnlineFramework/OnlineFramework.uplugin
LogPluginManager: Loaded Plugin OnlineSubsystem, From C:/Program Files/Epic Games/UE_4.14/Engine/Plugins/Online/OnlineSubsystem/OnlineSubsystem.uplugin
LogPluginManager: Loaded Plugin OnlineSubsystemAmazon, From C:/Program Files/Epic Games/UE_4.14/Engine/Plugins/Online/OnlineSubsystemAmazon/OnlineSubsystemAmazon.uplugin
LogPluginManager: Loaded Plugin OnlineSubsystemFacebook, From C:/Program Files/Epic Games/UE_4.14/Engine/Plugins/Online/OnlineSubsystemFacebook/OnlineSubsystemFacebook.uplugin
LogPluginManager: Loaded Plugin OnlineSubsystemNull, From C:/Program Files/Epic Games/UE_4.14/Engine/Plugins/Online/OnlineSubsystemNull/OnlineSubsystemNull.uplugin
LogPluginManager: Loaded Plugin OnlineSubsystemOculus, From C:/Program Files/Epic Games/UE_4.14/Engine/Plugins/Online/OnlineSubsystemOculus/OnlineSubsystemOculus.uplugin
LogPluginManager: Loaded Plugin OnlineSubsystemSteam, From C:/Program Files/Epic Games/UE_4.14/Engine/Plugins/Online/OnlineSubsystemSteam/OnlineSubsystemSteam.uplugin
LogPluginManager: Loaded Plugin OnlineSubsystemUtils, From C:/Program Files/Epic Games/UE_4.14/Engine/Plugins/Online/OnlineSubsystemUtils/OnlineSubsystemUtils.uplugin
LogPluginManager: Loaded Plugin IOSTapJoy, From C:/Program Files/Epic Games/UE_4.14/Engine/Plugins/Runtime/Advertising/IOSTapJoy/IOSTapJoy.uplugin
LogPluginManager: Loaded Plugin AnalyticsBlueprintLibrary, From C:/Program Files/Epic Games/UE_4.14/Engine/Plugins/Runtime/Analytics/AnalyticsBlueprintLibrary/AnalyticsBlueprintLibrary.uplugin
LogPluginManager: Loaded Plugin AnalyticsMulticast, From C:/Program Files/Epic Games/UE_4.14/Engine/Plugins/Runtime/Analytics/AnalyticsMulticast/AnalyticsMulticast.uplugin
LogPluginManager: Loaded Plugin Apsalar, From C:/Program Files/Epic Games/UE_4.14/Engine/Plugins/Runtime/Analytics/Apsalar/Apsalar.uplugin
LogPluginManager: Loaded Plugin FileLogging, From C:/Program Files/Epic Games/UE_4.14/Engine/Plugins/Runtime/Analytics/FileLogging/FileLogging.uplugin
LogPluginManager: Loaded Plugin Flurry, From C:/Program Files/Epic Games/UE_4.14/Engine/Plugins/Runtime/Analytics/Flurry/Flurry.uplugin
LogPluginManager: Loaded Plugin AndroidDeviceProfileSelector, From C:/Program Files/Epic Games/UE_4.14/Engine/Plugins/Runtime/AndroidDeviceProfileSelector/AndroidDeviceProfileSelector.uplugin
LogPluginManager: Loaded Plugin AndroidMoviePlayer, From C:/Program Files/Epic Games/UE_4.14/Engine/Plugins/Runtime/AndroidMoviePlayer/AndroidMoviePlayer.uplugin
LogPluginManager: Loaded Plugin AppleMoviePlayer, From C:/Program Files/Epic Games/UE_4.14/Engine/Plugins/Runtime/AppleMoviePlayer/AppleMoviePlayer.uplugin
LogPluginManager: Loaded Plugin ArchVisCharacter, From C:/Program Files/Epic Games/UE_4.14/Engine/Plugins/Runtime/ArchVisCharacter/ArchVisCharacter.uplugin
LogPluginManager: Loaded Plugin CableComponent, From C:/Program Files/Epic Games/UE_4.14/Engine/Plugins/Runtime/CableComponent/CableComponent.uplugin
LogPluginManager: Loaded Plugin CustomMeshComponent, From C:/Program Files/Epic Games/UE_4.14/Engine/Plugins/Runtime/CustomMeshComponent/CustomMeshComponent.uplugin
LogPluginManager: Loaded Plugin ExampleDeviceProfileSelector, From C:/Program Files/Epic Games/UE_4.14/Engine/Plugins/Runtime/ExampleDeviceProfileSelector/ExampleDeviceProfileSelector.uplugin
LogPluginManager: Loaded Plugin GearVR, From C:/Program Files/Epic Games/UE_4.14/Engine/Plugins/Runtime/GearVR/GearVR.uplugin
LogPluginManager: Loaded Plugin GoogleVRController, From C:/Program Files/Epic Games/UE_4.14/Engine/Plugins/Runtime/GoogleVR/GoogleVRController/GoogleVRController.uplugin
LogPluginManager: Loaded Plugin GoogleVRHMD, From C:/Program Files/Epic Games/UE_4.14/Engine/Plugins/Runtime/GoogleVR/GoogleVRHMD/GoogleVRHMD.uplugin
LogPluginManager: Loaded Plugin IOSDeviceProfileSelector, From C:/Program Files/Epic Games/UE_4.14/Engine/Plugins/Runtime/IOSDeviceProfileSelector/IOSDeviceProfileSelector.uplugin
LogPluginManager: Loaded Plugin LeapMotion, From C:/Program Files/Epic Games/UE_4.14/Engine/Plugins/Runtime/LeapMotion/LeapMotion.uplugin
LogPluginManager: Loaded Plugin LinuxDeviceProfileSelector, From C:/Program Files/Epic Games/UE_4.14/Engine/Plugins/Runtime/LinuxDeviceProfileSelector/LinuxDeviceProfileSelector.uplugin
LogPluginManager: Loaded Plugin MIDIDevice, From C:/Program Files/Epic Games/UE_4.14/Engine/Plugins/Runtime/MIDIDevice/MIDIDevice.uplugin
LogPluginManager: Loaded Plugin MobilePatchingUtils, From C:/Program Files/Epic Games/UE_4.14/Engine/Plugins/Runtime/MobilePatchingUtils/MobilePatchingUtils.uplugin
LogPluginManager: Loaded Plugin Ansel, From C:/Program Files/Epic Games/UE_4.14/Engine/Plugins/Runtime/Nvidia/Ansel/Ansel.uplugin
LogPluginManager: Loaded Plugin OculusAudio, From C:/Program Files/Epic Games/UE_4.14/Engine/Plugins/Runtime/OculusAudio/OculusAudio.uplugin
LogPluginManager: Loaded Plugin OculusInput, From C:/Program Files/Epic Games/UE_4.14/Engine/Plugins/Runtime/OculusInput/OculusInput.uplugin
LogPluginManager: Loaded Plugin OculusLibrary, From C:/Program Files/Epic Games/UE_4.14/Engine/Plugins/Runtime/OculusLibrary/OculusLibrary.uplugin
LogPluginManager: Loaded Plugin OculusRift, From C:/Program Files/Epic Games/UE_4.14/Engine/Plugins/Runtime/OculusRift/OculusRift.uplugin
LogPluginManager: Loaded Plugin Oodle, From C:/Program Files/Epic Games/UE_4.14/Engine/Plugins/Runtime/PacketHandlers/CompressionComponents/Oodle/Oodle.uplugin
LogPluginManager: Loaded Plugin ProceduralMeshComponent, From C:/Program Files/Epic Games/UE_4.14/Engine/Plugins/Runtime/ProceduralMeshComponent/ProceduralMeshComponent.uplugin
LogPluginManager: Loaded Plugin SoundMod, From C:/Program Files/Epic Games/UE_4.14/Engine/Plugins/Runtime/SoundMod/SoundMod.uplugin
LogPluginManager: Loaded Plugin SoundVisualizations, From C:/Program Files/Epic Games/UE_4.14/Engine/Plugins/Runtime/SoundVisualizations/SoundVisualizations.uplugin
LogPluginManager: Loaded Plugin SteamController, From C:/Program Files/Epic Games/UE_4.14/Engine/Plugins/Runtime/Steam/SteamController/SteamController.uplugin
LogPluginManager: Loaded Plugin SteamVR, From C:/Program Files/Epic Games/UE_4.14/Engine/Plugins/Runtime/Steam/SteamVR/SteamVR.uplugin
LogPluginManager: Loaded Plugin WebBrowserWidget, From C:/Program Files/Epic Games/UE_4.14/Engine/Plugins/Runtime/WebBrowserWidget/WebBrowserWidget.uplugin
LogPluginManager: Loaded Plugin WindowsDeviceProfileSelector, From C:/Program Files/Epic Games/UE_4.14/Engine/Plugins/Runtime/WindowsDeviceProfileSelector/WindowsDeviceProfileSelector.uplugin
LogPluginManager: Loaded Plugin WindowsMoviePlayer, From C:/Program Files/Epic Games/UE_4.14/Engine/Plugins/Runtime/WindowsMoviePlayer/WindowsMoviePlayer.uplugin
LogPluginManager: Loaded Plugin ScriptPlugin, From C:/Program Files/Epic Games/UE_4.14/Engine/Plugins/ScriptPlugin/ScriptPlugin.uplugin
LogPluginManager: Loaded Plugin SlateRemote, From C:/Program Files/Epic Games/UE_4.14/Engine/Plugins/Slate/SlateRemote/SlateRemote.uplugin
LogPluginManager: Loaded Plugin EditorTests, From C:/Program Files/Epic Games/UE_4.14/Engine/Plugins/Tests/EditorTests/EditorTests.uplugin
LogPluginManager: Loaded Plugin FbxAutomationTestBuilder, From C:/Program Files/Epic Games/UE_4.14/Engine/Plugins/Tests/FbxAutomationTestBuilder/FbxAutomationTestBuilder.uplugin
LogPluginManager: Loaded Plugin FunctionalTestingEditor, From C:/Program Files/Epic Games/UE_4.14/Engine/Plugins/Tests/FunctionalTestingEditor/FunctionalTestingEditor.uplugin
LogPluginManager: Loaded Plugin RuntimeTests, From C:/Program Files/Epic Games/UE_4.14/Engine/Plugins/Tests/RuntimeTests/RuntimeTests.uplugin
LogPluginManager: Loaded Plugin ScreenshotTools, From C:/Program Files/Epic Games/UE_4.14/Engine/Plugins/Tests/ScreenshotTools/ScreenshotTools.uplugin
LogInit: Using libcurl 7.47.1
LogInit:  - built for x86_64-pc-win32
LogInit:  - supports SSL with OpenSSL/1.0.2g
LogInit:  - supports HTTP deflate (compression) using libz 1.2.8
LogInit:  - other features:
LogInit:      CURL_VERSION_SSL
LogInit:      CURL_VERSION_LIBZ
LogInit:      CURL_VERSION_IPV6
LogInit:      CURL_VERSION_ASYNCHDNS
LogInit:      CURL_VERSION_LARGEFILE
LogInit:      CURL_VERSION_IDN
LogInit:  CurlRequestOptions (configurable via config and command line):
LogInit:  - bVerifyPeer = false  - Libcurl will NOT verify peer certificate
LogInit:  - bUseHttpProxy = false  - Libcurl will NOT use HTTP proxy
LogInit:  - bDontReuseConnections = false  - Libcurl will reuse connections
LogInit:  - CertBundlePath = nullptr  - Libcurl will use whatever was configured at build time.
OCULUS: Info: [CAPI] LibOVR module is located at C:\Program Files\Oculus\Support\oculus-runtime\LibOVRRT64_1.dll
OCULUS: Debug: Connected to the server running version (prod = 1).1.11.0(build = 343615) feature version = 0. Client runs version (prod = 1).1.11.0(build = 343615) feature version = 0
LogInit: Build: ++UE4+Release-4.14-CL-3249277
LogInit: Engine Version: 4.14.3-3249277+++UE4+Release-4.14
LogInit: Compatible Engine Version: 4.14.0-3195953+++UE4+Release-4.14
LogInit: Net CL: 3195953
LogDevObjectVersion: Number of dev versions registered: 13
LogDevObjectVersion:   Dev-Blueprints (B0D832E4-1F89-4F0D-ACCF-7EB736FD4AA2): 7
LogDevObjectVersion:   Dev-Build (E1C64328-A22C-4D53-A36C-8E866417BD8C): 0
LogDevObjectVersion:   Dev-Core (375EC13C-06E4-48FB-B500-84F0262A717E): 1
LogDevObjectVersion:   Dev-Editor (E4B068ED-F494-42E9-A231-DA0B2E46BB41): 8
LogDevObjectVersion:   Dev-Framework (CFFC743F-43B0-4480-9391-14DF171D2073): 17
LogDevObjectVersion:   Dev-Mobile (B02B49B5-BB20-44E9-A304-32B752E40360): 0
LogDevObjectVersion:   Dev-Networking (A4E4105C-59A1-49B5-A7C5-40C4547EDFEE): 0
LogDevObjectVersion:   Dev-Online (39C831C9-5AE6-47DC-9A44-9C173E1C8E7C): 0
LogDevObjectVersion:   Dev-Physics (78F01B33-EBEA-4F98-B9B4-84EACCB95AA2): 0
LogDevObjectVersion:   Dev-Platform (6631380F-2D4D-43E0-8009-CF276956A95A): 0
LogDevObjectVersion:   Dev-Rendering (12F88B9F-8875-4AFC-A67C-D90C383ABD29): 12
LogDevObjectVersion:   Dev-Sequencer (7B5AE74C-D270-4C10-A958-57980B212A5A): 1
LogDevObjectVersion:   Dev-VR (D7296918-1DD6-4BDD-9DE2-64A83CC13884): 0
LogInit: Compiled (64-bit): Jan  6 2017 10:49:43
LogInit: Compiled with Visual C++: 19.00.23026.00
LogInit: Build Configuration: Development
LogInit: Branch Name: ++UE4+Release-4.14
LogInit: Command line:  
LogInit: Base directory: C:/Program Files/Epic Games/UE_4.14/Engine/Binaries/Win64/
LogInit: Installed Engine Build: 1
LogInit: Presizing for max 8388607 objects, including 0 objects not considered by GC, pre-allocating 0 bytes for permanent pool.
LogInit: Object subsystem initialized
[2017.02.18-17.12.37:796][  0]LogInit: Selected Device Profile: [Windows]
[2017.02.18-17.12.37:796][  0]LogInit: Applying CVar settings loaded from the selected device profile: [Windows]
[2017.02.18-17.12.37:812][  0]LogInit: Computer: SIGLAB-VR3
[2017.02.18-17.12.37:812][  0]LogInit: User: SIG
[2017.02.18-17.12.37:812][  0]LogInit: CPU Page size=65536, Cores=4
[2017.02.18-17.12.37:812][  0]LogInit: High frequency timer resolution =3.604933 MHz
[2017.02.18-17.12.37:812][  0]LogMemory: Memory total: Physical=31.9GB (32GB approx)
[2017.02.18-17.12.37:812][  0]LogMemory: Platform Memory Stats for Windows
[2017.02.18-17.12.37:812][  0]LogMemory: Process Physical Memory: 272.71 MB used, 272.71 MB peak
[2017.02.18-17.12.37:812][  0]LogMemory: Process Virtual Memory: 265.81 MB used, 265.81 MB peak
[2017.02.18-17.12.37:812][  0]LogMemory: Physical Memory: 4663.13 MB used,  28027.28 MB free, 32690.41 MB total
[2017.02.18-17.12.37:812][  0]LogMemory: Virtual Memory: 714.67 MB used,  28027.28 MB free, 134217728.00 MB total
[2017.02.18-17.12.37:840][  0]LogTextLocalizationManager: No specific translations for ('en-US') exist, so ('en') translations will be used.
[2017.02.18-17.12.38:498][  0]LogD3D11RHI: D3D11 adapters:
[2017.02.18-17.12.38:550][  0]LogD3D11RHI:    0. 'NVIDIA GeForce GTX 1070' (Feature Level 11_0)
[2017.02.18-17.12.38:550][  0]LogD3D11RHI:       8120/0/16345 MB DedicatedVideo/DedicatedSystem/SharedSystem, Outputs:2, VendorId:0x10de
[2017.02.18-17.12.38:553][  0]LogD3D11RHI:    1. 'Microsoft Basic Render Driver' (Feature Level 11_0)
[2017.02.18-17.12.38:553][  0]LogD3D11RHI:       0/0/16345 MB DedicatedVideo/DedicatedSystem/SharedSystem, Outputs:0, VendorId:0x1414
[2017.02.18-17.12.38:553][  0]LogD3D11RHI: Chosen D3D11 Adapter: 0
[2017.02.18-17.12.38:559][  0]LogD3D11RHI: Creating new Direct3DDevice
[2017.02.18-17.12.38:559][  0]LogD3D11RHI:     GPU DeviceId: 0x1b81 (for the marketing name, search the web for "GPU Device Id")
[2017.02.18-17.12.38:559][  0]LogWindows: EnumDisplayDevices:
[2017.02.18-17.12.38:559][  0]LogWindows:    0. 'NVIDIA GeForce GTX 1070' (P:0 D:1)
[2017.02.18-17.12.38:559][  0]LogWindows:    1. 'NVIDIA GeForce GTX 1070' (P:1 D:1)
[2017.02.18-17.12.38:560][  0]LogWindows:    2. 'NVIDIA GeForce GTX 1070' (P:0 D:0)
[2017.02.18-17.12.38:560][  0]LogWindows:    3. 'NVIDIA GeForce GTX 1070' (P:0 D:0)
[2017.02.18-17.12.38:560][  0]LogWindows: DebugString: FoundDriverCount:4 
[2017.02.18-17.12.38:560][  0]LogD3D11RHI:     Adapter Name: NVIDIA GeForce GTX 1070
[2017.02.18-17.12.38:560][  0]LogD3D11RHI:   Driver Version: 378.49 (internal:21.21.13.7849, unified:378.49)
[2017.02.18-17.12.38:560][  0]LogD3D11RHI:      Driver Date: 1-20-2017
[2017.02.18-17.12.38:560][  0]LogRHI: Texture pool is 1361 MB (70% of 1945 MB)
[2017.02.18-17.12.38:584][  0]LogD3D11RHI: Async texture creation enabled
[2017.02.18-17.12.38:597][  0]LogD3D11RHI: GPU Timing Frequency: 1000.000000 (Debug: 2 1)
[2017.02.18-17.12.38:598][  0]LogShaderCompilers: Guid format shader working directory is -24 characters bigger than the processId version (../../../../../../Users/SIG/Desktop/unreal-project-vry-paint-master/Intermediate/Shaders/WorkingDirectory/11784/).
[2017.02.18-17.12.38:598][  0]LogShaderCompilers: Cleaned the shader compiler working directory 'C:/Users/SIG/AppData/Local/Temp/UnrealShaderWorkingDir/A6D71BD54F1B59BC4A33E5B152F37066/'.
[2017.02.18-17.12.38:598][  0]LogShaderCompilers:Display: Using Local Shader Compiler.
[2017.02.18-17.12.39:623][  0]LogTemp:Display: Loaded TP AllDesktopTargetPlatform
[2017.02.18-17.12.39:681][  0]LogTemp:Display: Loaded TP MacClientTargetPlatform
[2017.02.18-17.12.39:727][  0]LogTemp:Display: Loaded TP MacNoEditorTargetPlatform
[2017.02.18-17.12.39:774][  0]LogTemp:Display: Loaded TP MacServerTargetPlatform
[2017.02.18-17.12.39:820][  0]LogTemp:Display: Loaded TP MacTargetPlatform
[2017.02.18-17.12.39:868][  0]LogTemp:Display: Loaded TP WindowsClientTargetPlatform
[2017.02.18-17.12.39:922][  0]LogTemp:Display: Loaded TP WindowsNoEditorTargetPlatform
[2017.02.18-17.12.39:969][  0]LogTemp:Display: Loaded TP WindowsServerTargetPlatform
[2017.02.18-17.12.40:006][  0]LogTemp:Display: Loaded TP WindowsTargetPlatform
[2017.02.18-17.12.40:052][  0]LogTemp:Display: Loaded TP AndroidTargetPlatform
[2017.02.18-17.12.40:097][  0]LogTemp:Display: Loaded TP Android_ASTCTargetPlatform
[2017.02.18-17.12.40:142][  0]LogTemp:Display: Loaded TP Android_ATCTargetPlatform
[2017.02.18-17.12.40:186][  0]LogTemp:Display: Loaded TP Android_DXTTargetPlatform
[2017.02.18-17.12.40:231][  0]LogTemp:Display: Loaded TP Android_ETC1TargetPlatform
[2017.02.18-17.12.40:277][  0]LogTemp:Display: Loaded TP Android_ETC2TargetPlatform
[2017.02.18-17.12.40:383][  0]LogTemp:Display: Loaded TP Android_MultiTargetPlatform
[2017.02.18-17.12.40:383][  0]LogTemp:Display: Loaded TP Android_PVRTCTargetPlatform
[2017.02.18-17.12.40:416][  0]LogTemp:Display: Loaded TP HTML5TargetPlatform
[2017.02.18-17.12.40:508][  0]LogTemp:Display: Loaded TP IOSTargetPlatform
[2017.02.18-17.12.40:559][  0]LogTemp:Display: Loaded TP TVOSTargetPlatform
[2017.02.18-17.12.40:606][  0]LogTemp:Display: Loaded TP LinuxClientTargetPlatform
[2017.02.18-17.12.40:651][  0]LogTemp:Display: Loaded TP LinuxNoEditorTargetPlatform
[2017.02.18-17.12.40:700][  0]LogTemp:Display: Loaded TP LinuxServerTargetPlatform
[2017.02.18-17.12.40:746][  0]LogTemp:Display: Loaded TP LinuxTargetPlatform
[2017.02.18-17.12.40:746][  0]LogTargetPlatformManager:Display: Building Assets For Windows
[2017.02.18-17.12.41:118][  0]LogDerivedDataCache:Display: Max Cache Size: 512 MB
[2017.02.18-17.12.41:191][  0]LogDerivedDataCache: Loaded boot cache 0.07s 52MB C:/Users/SIG/AppData/Local/UnrealEngine/4.14/DerivedDataCache/Boot.ddc.
[2017.02.18-17.12.41:191][  0]LogDerivedDataCache:Display: Loaded Boot cache: C:/Users/SIG/AppData/Local/UnrealEngine/4.14/DerivedDataCache/Boot.ddc
[2017.02.18-17.12.41:191][  0]LogDerivedDataCache: FDerivedDataBackendGraph:  Pak pak cache file ../../../../../../Users/SIG/Desktop/unreal-project-vry-paint-master/DerivedDataCache/DDC.ddp not found, will not use a pak cache.
[2017.02.18-17.12.41:191][  0]LogDerivedDataCache: Unable to find inner node Pak for hierarchical cache Hierarchy.
[2017.02.18-17.12.41:191][  0]LogDerivedDataCache: FDerivedDataBackendGraph:  CompressedPak pak cache file ../../../../../../Users/SIG/Desktop/unreal-project-vry-paint-master/DerivedDataCache/Compressed.ddp not found, will not use a pak cache.
[2017.02.18-17.12.41:191][  0]LogDerivedDataCache: Unable to find inner node CompressedPak for hierarchical cache Hierarchy.
[2017.02.18-17.12.41:206][  0]LogDerivedDataCache:Display: Pak cache opened for reading ../../../Engine/DerivedDataCache/Compressed.ddp.
[2017.02.18-17.12.41:218][  0]LogDerivedDataCache: Using Local data cache path C:/Users/SIG/AppData/Local/UnrealEngine/Common/DerivedDataCache: Writable
[2017.02.18-17.12.41:425][  0]LogInit: Selected Device Profile: [Windows]
[2017.02.18-17.12.41:429][  0]LogContentStreaming: Texture pool size is 0.00 MB
[2017.02.18-17.12.41:625][  0]LogMeshUtilities: Using QuadricMeshReduction for automatic static mesh reduction
[2017.02.18-17.12.41:685][  0]LogSimplygon: Simplygon DLL not present - disabling.
[2017.02.18-17.12.41:740][  0]LogMeshUtilities: Using SimplygonSwarm for distributed automatic mesh merging
[2017.02.18-17.12.41:740][  0]LogMeshUtilities: No automatic skeletal mesh reduction module available
[2017.02.18-17.12.41:740][  0]LogMeshUtilities: No automatic mesh merging module available
[2017.02.18-17.12.42:373][  0]LogNetVersion: GetLocalNetworkVersion: CL: 3195953, ProjectName: cis568vrypaint, ProjectVersion: , EngineNetworkVersion: 2, GameNetworkVersion: 0, NetworkChecksum: 4143251799
[2017.02.18-17.12.42:429][  0]LogAssetRegistry: FAssetRegistry took 0.0216 seconds to start up
[2017.02.18-17.12.42:478][  0]LogPackageLocalizationCache: Processed 3 localized package path(s) for 2 prioritized culture(s) in 0.025902 seconds
[2017.02.18-17.12.42:484][  0]LogUObjectArray: 31946 objects as part of root set at end of initial load.
[2017.02.18-17.12.42:484][  0]LogUObjectAllocator: 6935848 out of 0 bytes used by permanent object pool.
[2017.02.18-17.12.42:484][  0]LogUObjectArray: CloseDisregardForGC: 0/0 objects in disregard for GC pool
[2017.02.18-17.12.42:534][  0]LogInit: WinSock: version 1.1 (2.2), MaxSocks=32767, MaxUdp=65467
[2017.02.18-17.12.43:238][  0]LogSlate: Using Freetype 2.6.0
[2017.02.18-17.12.43:238][  0]LogSlate: SlateFontCache - WITH_FREETYPE: 1, WITH_HARFBUZZ: 1
[2017.02.18-17.12.43:238][  0]LogSlate: SlateFontCache - WITH_FREETYPE: 1, WITH_HARFBUZZ: 1
[2017.02.18-17.12.43:938][  0]LogSubstanceCoreModule: Substance [CPU] Engine Loaded, Max Texture Size = 2048
[2017.02.18-17.12.43:965][  0]LogTcpMessaging: Initializing TcpMessaging bridge
[2017.02.18-17.12.44:030][  0]LogUdpMessaging: Initializing bridge on interface 0.0.0.0:0 to multicast group 230.0.0.1:6666.
[2017.02.18-17.12.44:302][  0]LogMaterial: Uniform references updated for custom material expression Custom.
[2017.02.18-17.12.44:627][  0]SourceControl: Info Source control is disabled
[2017.02.18-17.12.44:660][  0]SourceControl: Info Source control is disabled
[2017.02.18-17.12.44:698][  0]SourceControl: Info Source control is disabled
[2017.02.18-17.12.44:733][  0]SourceControl: Info Source control is disabled
[2017.02.18-17.12.46:068][  0]LogEngine: Initializing Engine...
[2017.02.18-17.12.46:069][  0]LogHMD: Oculus plugin initialized. Version: 4.14.3-3249277+++UE4+Release-4.14, LibOVR: 1.11.0, SDK: 1.8.0, built Jan  6 2017, 10:50:26
[2017.02.18-17.12.46:320][  0]LogAIModule: Creating AISystem for world Untitled
[2017.02.18-17.12.46:342][  0]LogInit: XAudio2 using 'Speakers (USB Audio Device)' : 2 channels at 44.1 kHz using 16 bits per sample (channel mask 0x3)
[2017.02.18-17.12.46:357][  0]LogInit: FAudioDevice initialized.
[2017.02.18-17.12.46:385][  0]LogDerivedDataCache: Saved boot cache 0.03s 50MB C:/Users/SIG/AppData/Local/UnrealEngine/4.14/DerivedDataCache/Boot.ddc.
[2017.02.18-17.12.46:400][  0]LogInit: Texture streaming: Enabled
[2017.02.18-17.12.46:557][  0]LogInit: Transaction tracking system initialized
[2017.02.18-17.12.46:860][  0]BlueprintLog: New page: Editor Load
[2017.02.18-17.12.47:776][  0]LocalizationService: Info Localization service is disabled
[2017.02.18-17.12.48:588][  0]LogConsoleResponse:Display: 
[2017.02.18-17.12.48:730][  0]LogCook:Display: Max memory allowance for cook 16384mb min free memory 0mb
[2017.02.18-17.12.48:730][  0]LogCook:Display: Mobile HDR setting 1
[2017.02.18-17.12.49:472][  0]LogFileCache: Scanning file cache for directory 'C:/Users/SIG/Desktop/unreal-project-vry-paint-master/Content/' took 0.02s
[2017.02.18-17.12.49:472][  0]SourceControl: Info Source control is disabled
[2017.02.18-17.12.49:472][  0]Cmd: MAP LOAD FILE="../../../../../../Users/SIG/Desktop/unreal-project-vry-paint-master/Content/FirstPersonBP/Maps/FirstPersonExampleMap.umap" TEMPLATE=0 SHOWPROGRESS=1 FEATURELEVEL=3
[2017.02.18-17.12.49:473][  0]LightingResults: New page: Lighting Build
[2017.02.18-17.12.49:506][  0]MapCheck: New page: Map Check
[2017.02.18-17.12.49:506][  0]LightingResults: New page: Lighting Build
[2017.02.18-17.12.50:096][  0]LogSpawn:Warning: UWorld::DestroyActor: World has no context! World: FirstPersonExampleMap, Actor: /Game/FirstPersonBP/Maps/FirstPersonExampleMap.FirstPersonExampleMap:PersistentLevel.DESTROYED_Bow_C_CHILDACTOR_114
[2017.02.18-17.12.50:143][  0]LogAIModule: Creating AISystem for world FirstPersonExampleMap
[2017.02.18-17.12.50:201][  0]LogEditorServer: Finished looking for orphan Actors (0.000 secs)
[2017.02.18-17.12.50:202][  0]Cmd: MAP CHECKDEP NOCLEARLOG
[2017.02.18-17.12.50:251][  0]MapCheck: Info Map check complete: 0 Error(s), 0 Warning(s), took 49.005ms to complete.
[2017.02.18-17.12.50:251][  0]LogFileHelpers: Loading map 'FirstPersonExampleMap' took 0.778
[2017.02.18-17.12.50:427][  0]LogCollectionManager: Loaded 0 collections in 0.001900 seconds
[2017.02.18-17.12.50:541][  0]LogFileCache: Scanning file cache for directory 'C:/Users/SIG/Desktop/unreal-project-vry-paint-master/Saved/Collections/' took 0.01s
[2017.02.18-17.12.50:541][  0]LogFileCache: Scanning file cache for directory 'C:/Users/SIG/Desktop/unreal-project-vry-paint-master/Content/Developers/SIG/Collections/' took 0.01s
[2017.02.18-17.12.50:541][  0]LogFileCache: Scanning file cache for directory 'C:/Users/SIG/Desktop/unreal-project-vry-paint-master/Content/Collections/' took 0.01s
[2017.02.18-17.12.50:541][  0]LogCollectionManager: Rebuilt the GUID cache for 0 collections in 0.000003 seconds
[2017.02.18-17.12.50:556][  0]LogContentBrowser: Native class hierarchy populated in 0.0147 seconds. Added 2204 classes and 434 folders.
[2017.02.18-17.12.50:607][  0]LogStats: UGameplayTagsManager::ConstructGameplayTagTree: Construct from data asset -  0.000 s
[2017.02.18-17.12.50:607][  0]LogStats: UGameplayTagsManager::ConstructGameplayTagTree: GameplayTagTreeChangedEvent.Broadcast -  0.000 s
[2017.02.18-17.12.50:607][  0]LogContentBrowser: Native class hierarchy updated for 'GameplayTags' in 0.0006 seconds. Added 13 classes and 0 folders.
[2017.02.18-17.12.50:676][  0]LogContentBrowser: Native class hierarchy updated for 'WidgetCarousel' in 0.0005 seconds. Added 0 classes and 0 folders.
[2017.02.18-17.12.50:727][  0]LogContentBrowser: Native class hierarchy updated for 'AddContentDialog' in 0.0008 seconds. Added 0 classes and 0 folders.
[2017.02.18-17.12.50:768][  0]LogContentBrowser: Native class hierarchy updated for 'SceneOutliner' in 0.0005 seconds. Added 1 classes and 2 folders.
[2017.02.18-17.12.50:802][  0]LogCrashTracker: Crashtracker disabled due to settings.
[2017.02.18-17.12.50:808][  0]LogUObjectGlobals:Warning: Failed to find object 'Class None.'
[2017.02.18-17.12.50:914][  0]LogContentBrowser: Native class hierarchy updated for 'HierarchicalLODOutliner' in 0.0007 seconds. Added 1 classes and 2 folders.
[2017.02.18-17.12.50:915][  0]LogLoad: (Engine Initialization) Total time: 15.09 seconds
[2017.02.18-17.12.50:915][  0]LogLoad: (Engine Initialization) Total Blueprint compile time: 0.21 seconds
[2017.02.18-17.12.50:915][  0]LogExternalProfiler: Found external profiler: VSPerf
[2017.02.18-17.12.50:915][  0]LogExternalProfiler: Using external profiler: VSPerf
[2017.02.18-17.12.51:256][  0]LogOcInput: OculusInput pre-init called
[2017.02.18-17.12.51:288][  0]LogOcInput: OculusInput is initialized. Init status 0. Runtime version: 1.11.0
[2017.02.18-17.12.51:313][  0]LogContentStreaming: Texture pool size now 1000 MB
[2017.02.18-17.12.51:562][  0]LogRenderer: Reallocating scene render targets to support 1208x580 NumSamples 1 (Frame:2).
[2017.02.18-17.12.52:005][  2]LogAssetRegistry: Asset discovery search completed in 9.5981 seconds
[2017.02.18-17.12.52:005][  2]LogCollectionManager: Rebuilt the object cache for 0 collections in 0.000001 seconds (found 0 objects)
[2017.02.18-17.12.52:005][  2]LogCollectionManager: Fixed up redirectors for 0 collections in 0.000069 seconds (updated 0 objects)
[2017.02.18-17.15.16:981][435]LogContentBrowser: Native class hierarchy updated for 'BlueprintGraph' in 0.0009 seconds. Added 111 classes and 0 folders.
[2017.02.18-17.16.21:826][569]BlueprintLog: New page: Compile ArrowBP
[2017.02.18-17.16.35:747][814]BlueprintLog: New page: Compile ArrowBP
[2017.02.18-17.16.47:020][941]LogTemp: Repeting last play command: Selected Viewport
[2017.02.18-17.16.47:044][941]LogBlueprintUserMessages: Early PlayInEditor Detection: Level '/Game/FirstPersonBP/Maps/FirstPersonExampleMap.FirstPersonExampleMap:PersistentLevel' has LevelScriptBlueprint '/Game/FirstPersonBP/Maps/FirstPersonExampleMap.FirstPersonExampleMap:PersistentLevel.FirstPersonExampleMap' with GeneratedClass '/Game/FirstPersonBP/Maps/FirstPersonExampleMap.FirstPersonExampleMap_C' with ClassGeneratedBy '/Game/FirstPersonBP/Maps/FirstPersonExampleMap.FirstPersonExampleMap:PersistentLevel.FirstPersonExampleMap'
[2017.02.18-17.16.47:044][941]LogPlayLevel: PlayLevel: No blueprints needed recompiling
[2017.02.18-17.16.47:050][941]PIE: New page: PIE session: FirstPersonExampleMap (Feb 18, 2017, 7:16:47 AM)
[2017.02.18-17.16.47:050][941]LogPlayLevel: Creating play world package: /Game/FirstPersonBP/Maps/UEDPIE_1_FirstPersonExampleMap
[2017.02.18-17.16.47:084][941]LogPlayLevel: PIE: StaticDuplicateObject took: (0.033549s)
[2017.02.18-17.16.47:084][941]LogAIModule: Creating AISystem for world FirstPersonExampleMap
[2017.02.18-17.16.47:084][941]LogPlayLevel: PIE: World Init took: (0.000730s)
[2017.02.18-17.16.47:085][941]LogPlayLevel: PIE: Created PIE world by copying editor world from /Game/FirstPersonBP/Maps/FirstPersonExampleMap.FirstPersonExampleMap to /Game/FirstPersonBP/Maps/UEDPIE_1_FirstPersonExampleMap.FirstPersonExampleMap (0.034582s)
[2017.02.18-17.16.47:122][941]LogInit: XAudio2 using 'Speakers (USB Audio Device)' : 2 channels at 44.1 kHz using 16 bits per sample (channel mask 0x3)
[2017.02.18-17.16.47:130][941]LogInit: FAudioDevice initialized.
[2017.02.18-17.16.47:172][941]LogLoad: Game class is 'FirstPersonGameMode_C'
[2017.02.18-17.16.47:179][941]LogWorld: Bringing World /Game/FirstPersonBP/Maps/UEDPIE_1_FirstPersonExampleMap.FirstPersonExampleMap up for play (max tick rate 0) at 2017.02.18-12.16.47
[2017.02.18-17.16.47:179][941]LogWorld: Bringing up level for play took: 0.003366
[2017.02.18-17.16.47:216][941]LogContentBrowser: Native class hierarchy updated for 'MovieSceneCapture' in 0.0006 seconds. Added 11 classes and 0 folders.
[2017.02.18-17.16.47:217][941]LogInit: WinSock: Socket queue 131072 / 131072
[2017.02.18-17.16.47:218][941]LogInit: WinSock: I am SIGLAB-VR3 (158.130.62.152:0)
[2017.02.18-17.16.47:218][941]PacketHandlerLog: Loaded PacketHandler component: Engine.EngineHandlerComponentFactory (StatelessConnectHandlerComponent)
[2017.02.18-17.16.47:218][941]LogNet: GameNetDriver IpNetDriver_0 IpNetDriver listening on port 7777
[2017.02.18-17.16.47:219][941]PIE: Info Play in editor start time for /Game/FirstPersonBP/Maps/UEDPIE_1_FirstPersonExampleMap -0.099
[2017.02.18-17.16.47:224][941]PIE: New page: PIE session: FirstPersonExampleMap (Feb 18, 2017, 7:16:47 AM)
[2017.02.18-17.16.47:293][941]LogNet: Browse: 127.0.0.1//Game/FirstPersonBP/Maps/FirstPersonExampleMap
[2017.02.18-17.16.47:293][941]LogInit: WinSock: Socket queue 32768 / 32768
[2017.02.18-17.16.47:293][941]PacketHandlerLog: Loaded PacketHandler component: Engine.EngineHandlerComponentFactory (StatelessConnectHandlerComponent)
[2017.02.18-17.16.47:293][941]LogNet: Game client on port 7777, rate 10000
[2017.02.18-17.16.47:294][941]LogNetVersion: GetLocalNetworkVersion: CL: 3195953, ProjectName: cis568vrypaint, ProjectVersion: 1.0.0.0, EngineNetworkVersion: 2, GameNetworkVersion: 0, NetworkChecksum: 1360482838
[2017.02.18-17.16.47:294][941]LogNet: UPendingNetGame::InitNetDriver: Sending hello. [UNetConnection] RemoteAddr: 127.0.0.1:7777, Name: IpConnection_0, Driver: PendingNetDriver IpNetDriver_1, IsServer: NO, PC: NULL, Owner: NULL
[2017.02.18-17.16.47:300][941]PIE: Info Play in editor start time for /Game/FirstPersonBP/Maps/FirstPersonExampleMap -0.018
[2017.02.18-17.16.47:309][941]LogBlueprintUserMessages: Late PlayInEditor Detection: Level '/Game/FirstPersonBP/Maps/FirstPersonExampleMap.FirstPersonExampleMap:PersistentLevel' has LevelScriptBlueprint '/Game/FirstPersonBP/Maps/FirstPersonExampleMap.FirstPersonExampleMap:PersistentLevel.FirstPersonExampleMap' with GeneratedClass '/Game/FirstPersonBP/Maps/FirstPersonExampleMap.FirstPersonExampleMap_C' with ClassGeneratedBy '/Game/FirstPersonBP/Maps/FirstPersonExampleMap.FirstPersonExampleMap:PersistentLevel.FirstPersonExampleMap'
[2017.02.18-17.16.47:309][941]LogHandshake: SendConnectChallenge. Timestamp: 0.020819, Cookie: 143217227141241204046222143250251094206126139233096151029218
[2017.02.18-17.16.47:339][941]LogHandshake: SendChallengeResponse. Timestamp: 0.020819, Cookie: 143217227141241204046222143250251094206126139233096151029218
[2017.02.18-17.16.47:398][942]LogNet: Server accepting post-challenge connection from: 127.0.0.1:56903
[2017.02.18-17.16.47:398][942]PacketHandlerLog: Loaded PacketHandler component: Engine.EngineHandlerComponentFactory (StatelessConnectHandlerComponent)
[2017.02.18-17.16.47:398][942]LogNet: NotifyAcceptedConnection: Name: FirstPersonExampleMap, TimeStamp: 02/18/17 12:16:47, [UNetConnection] RemoteAddr: 127.0.0.1:56903, Name: IpConnection_1, Driver: GameNetDriver IpNetDriver_0, IsServer: YES, PC: NULL, Owner: NULL
[2017.02.18-17.16.47:398][942]LogNet: AddClientConnection: Added client connection: [UNetConnection] RemoteAddr: 127.0.0.1:56903, Name: IpConnection_1, Driver: GameNetDriver IpNetDriver_0, IsServer: YES, PC: NULL, Owner: NULL
[2017.02.18-17.16.47:446][944]LogNet: NotifyAcceptingChannel Control 0 server World /Game/FirstPersonBP/Maps/UEDPIE_1_FirstPersonExampleMap.FirstPersonExampleMap: Accepted
[2017.02.18-17.16.47:446][944]LogNet: Remote platform little endian=1
[2017.02.18-17.16.47:446][944]LogNet: This platform little endian=1
[2017.02.18-17.16.47:461][945]LogNet: Login request: /Game/FirstPersonBP/Maps/FirstPersonExampleMap userId: Invalid
[2017.02.18-17.16.47:462][945]LogNet: Welcomed by server (Level: /Game/FirstPersonBP/Maps/UEDPIE_1_FirstPersonExampleMap, Game: /Game/FirstPersonBP/Blueprints/FirstPersonGameMode.FirstPersonGameMode_C)
[2017.02.18-17.16.47:462][945]LogLoadingSplash: Loading begins
[2017.02.18-17.16.47:462][945]LogHMD: FOculusRiftSplash::PushBlackFrame
[2017.02.18-17.16.47:462][945]LogHMD: FOculusRiftSplash::Show
[2017.02.18-17.16.47:462][945]LogLoad: LoadMap: 127.0.0.1//Game/FirstPersonBP/Maps/UEDPIE_1_FirstPersonExampleMap?game=/Game/FirstPersonBP/Blueprints/FirstPersonGameMode.FirstPersonGameMode_C
[2017.02.18-17.16.47:484][945]Cmd: MEM
[2017.02.18-17.16.47:497][945]LogMemory: Platform Memory Stats for Windows
[2017.02.18-17.16.47:497][945]LogMemory: Process Physical Memory: 1284.74 MB used, 1287.65 MB peak
[2017.02.18-17.16.47:497][945]LogMemory: Process Virtual Memory: 2080.41 MB used, 2081.48 MB peak
[2017.02.18-17.16.47:497][945]LogMemory: Physical Memory: 6010.50 MB used,  26679.91 MB free, 32690.41 MB total
[2017.02.18-17.16.47:497][945]LogMemory: Virtual Memory: 2864.13 MB used,  26679.91 MB free, 134217728.00 MB total
[2017.02.18-17.16.47:497][945]LogMemory: 
[2017.02.18-17.16.47:497][945]Allocator Stats for TBB: (not implemented)
[2017.02.18-17.16.47:528][945]LogAIModule: Creating AISystem for world FirstPersonExampleMap
[2017.02.18-17.16.47:534][945]LogWorld: Bringing World /Game/FirstPersonBP/Maps/UEDPIE_2_FirstPersonExampleMap.FirstPersonExampleMap up for play (max tick rate 0) at 2017.02.18-12.16.47
[2017.02.18-17.16.47:534][945]LogWorld: Bringing up level for play took: 0.003952
[2017.02.18-17.16.47:534][945]LogLoadingSplash: Loading ends
[2017.02.18-17.16.47:534][945]LogHMD: FOculusRiftSplash::Hide
[2017.02.18-17.16.47:534][945]LogHMD: FOculusRiftSplash::PushBlackFrame
[2017.02.18-17.16.47:534][945]LogLoad: Took 0.072180 seconds to LoadMap(/Game/FirstPersonBP/Maps/UEDPIE_1_FirstPersonExampleMap)
[2017.02.18-17.16.47:552][946]LogNet: Client netspeed is 10000
[2017.02.18-17.16.47:552][946]LogNet: Join request: /Game/FirstPersonBP/Maps/FirstPersonExampleMap?SplitscreenCount=1
[2017.02.18-17.16.47:555][946]LogNet: Join succeeded: 257
[2017.02.18-17.16.47:571][947]LogRenderer: Reallocating scene render targets to support 1280x720 NumSamples 1 (Frame:4031).
[2017.02.18-17.16.54:154][548]LogBlueprintUserMessages: Early EndPlayMap Detection: Level '/Game/FirstPersonBP/Maps/FirstPersonExampleMap.FirstPersonExampleMap:PersistentLevel' has LevelScriptBlueprint '/Game/FirstPersonBP/Maps/FirstPersonExampleMap.FirstPersonExampleMap:PersistentLevel.FirstPersonExampleMap' with GeneratedClass '/Game/FirstPersonBP/Maps/FirstPersonExampleMap.FirstPersonExampleMap_C' with ClassGeneratedBy '/Game/FirstPersonBP/Maps/FirstPersonExampleMap.FirstPersonExampleMap:PersistentLevel.FirstPersonExampleMap'
[2017.02.18-17.16.54:239][548]LogBlueprintUserMessages: Late EndPlayMap Detection: Level '/Game/FirstPersonBP/Maps/FirstPersonExampleMap.FirstPersonExampleMap:PersistentLevel' has LevelScriptBlueprint '/Game/FirstPersonBP/Maps/FirstPersonExampleMap.FirstPersonExampleMap:PersistentLevel.FirstPersonExampleMap' with GeneratedClass '/Game/FirstPersonBP/Maps/FirstPersonExampleMap.FirstPersonExampleMap_C' with ClassGeneratedBy '/Game/FirstPersonBP/Maps/FirstPersonExampleMap.FirstPersonExampleMap:PersistentLevel.FirstPersonExampleMap'
[2017.02.18-17.16.54:268][548]LogNet: UChannel::CleanUp: ChIndex == 0. Closing connection. [UChannel] ChIndex: 0, Closing: 0 [UNetConnection] RemoteAddr: 127.0.0.1:56903, Name: IpConnection_1, Driver: GameNetDriver IpNetDriver_0, IsServer: YES, PC: None, Owner: None
[2017.02.18-17.16.54:268][548]LogNet: UNetConnection::Close: [UNetConnection] RemoteAddr: 127.0.0.1:56903, Name: IpConnection_1, Driver: GameNetDriver IpNetDriver_0, IsServer: YES, PC: None, Owner: None, Channels: 2, Time: 2017.02.18-17.16.54
[2017.02.18-17.16.54:268][548]LogNet: UChannel::Close: Sending CloseBunch. ChIndex == 0. Name: [UChannel] ChIndex: 0, Closing: 0 [UNetConnection] RemoteAddr: 127.0.0.1:56903, Name: IpConnection_1, Driver: GameNetDriver IpNetDriver_0, IsServer: YES, PC: None, Owner: None
[2017.02.18-17.16.54:268][548]LogNet: UChannel::CleanUp: ChIndex == 0. Closing connection. [UChannel] ChIndex: 0, Closing: 0 [UNetConnection] RemoteAddr: 127.0.0.1:7777, Name: IpConnection_0, Driver: GameNetDriver IpNetDriver_1, IsServer: NO, PC: None, Owner: None
[2017.02.18-17.16.54:268][548]LogNet: UNetConnection::Close: [UNetConnection] RemoteAddr: 127.0.0.1:7777, Name: IpConnection_0, Driver: GameNetDriver IpNetDriver_1, IsServer: NO, PC: None, Owner: None, Channels: 2, Time: 2017.02.18-17.16.54
[2017.02.18-17.16.54:268][548]LogNet: UChannel::Close: Sending CloseBunch. ChIndex == 0. Name: [UChannel] ChIndex: 0, Closing: 0 [UNetConnection] RemoteAddr: 127.0.0.1:7777, Name: IpConnection_0, Driver: GameNetDriver IpNetDriver_1, IsServer: NO, PC: None, Owner: None
[2017.02.18-17.16.54:275][548]LogExit: GameNetDriver None shut down
[2017.02.18-17.16.54:275][548]LogExit: GameNetDriver None shut down
[2017.02.18-17.17.29:469][231]BlueprintLog: New page: Compile ArrowBP
[2017.02.18-17.17.30:412][293]LogTemp: Repeting last play command: Selected Viewport
[2017.02.18-17.17.30:429][293]LogBlueprintUserMessages: Early PlayInEditor Detection: Level '/Game/FirstPersonBP/Maps/FirstPersonExampleMap.FirstPersonExampleMap:PersistentLevel' has LevelScriptBlueprint '/Game/FirstPersonBP/Maps/FirstPersonExampleMap.FirstPersonExampleMap:PersistentLevel.FirstPersonExampleMap' with GeneratedClass '/Game/FirstPersonBP/Maps/FirstPersonExampleMap.FirstPersonExampleMap_C' with ClassGeneratedBy '/Game/FirstPersonBP/Maps/FirstPersonExampleMap.FirstPersonExampleMap:PersistentLevel.FirstPersonExampleMap'
[2017.02.18-17.17.30:429][293]LogPlayLevel: PlayLevel: No blueprints needed recompiling
[2017.02.18-17.17.30:434][293]PIE: New page: PIE session: FirstPersonExampleMap (Feb 18, 2017, 7:17:30 AM)
[2017.02.18-17.17.30:434][293]LogPlayLevel: Creating play world package: /Game/FirstPersonBP/Maps/UEDPIE_1_FirstPersonExampleMap
[2017.02.18-17.17.30:465][293]LogPlayLevel: PIE: StaticDuplicateObject took: (0.030682s)
[2017.02.18-17.17.30:466][293]LogAIModule: Creating AISystem for world FirstPersonExampleMap
[2017.02.18-17.17.30:466][293]LogPlayLevel: PIE: World Init took: (0.000955s)
[2017.02.18-17.17.30:466][293]LogPlayLevel: PIE: Created PIE world by copying editor world from /Game/FirstPersonBP/Maps/FirstPersonExampleMap.FirstPersonExampleMap to /Game/FirstPersonBP/Maps/UEDPIE_1_FirstPersonExampleMap.FirstPersonExampleMap (0.031961s)
[2017.02.18-17.17.30:496][293]LogInit: XAudio2 using 'Speakers (USB Audio Device)' : 2 channels at 44.1 kHz using 16 bits per sample (channel mask 0x3)
[2017.02.18-17.17.30:504][293]LogInit: FAudioDevice initialized.
[2017.02.18-17.17.30:536][293]LogLoad: Game class is 'FirstPersonGameMode_C'
[2017.02.18-17.17.30:540][293]LogWorld: Bringing World /Game/FirstPersonBP/Maps/UEDPIE_1_FirstPersonExampleMap.FirstPersonExampleMap up for play (max tick rate 0) at 2017.02.18-12.17.30
[2017.02.18-17.17.30:541][293]LogWorld: Bringing up level for play took: 0.003343
[2017.02.18-17.17.30:542][293]LogInit: WinSock: Socket queue 131072 / 131072
[2017.02.18-17.17.30:542][293]PacketHandlerLog: Loaded PacketHandler component: Engine.EngineHandlerComponentFactory (StatelessConnectHandlerComponent)
[2017.02.18-17.17.30:542][293]LogNet: GameNetDriver IpNetDriver_2 IpNetDriver listening on port 7777
[2017.02.18-17.17.30:542][293]PIE: Info Play in editor start time for /Game/FirstPersonBP/Maps/UEDPIE_1_FirstPersonExampleMap -0.775
[2017.02.18-17.17.30:548][293]PIE: New page: PIE session: FirstPersonExampleMap (Feb 18, 2017, 7:17:30 AM)
[2017.02.18-17.17.30:603][293]LogNet: Browse: 127.0.0.1//Game/FirstPersonBP/Maps/FirstPersonExampleMap
[2017.02.18-17.17.30:603][293]LogInit: WinSock: Socket queue 32768 / 32768
[2017.02.18-17.17.30:603][293]PacketHandlerLog: Loaded PacketHandler component: Engine.EngineHandlerComponentFactory (StatelessConnectHandlerComponent)
[2017.02.18-17.17.30:603][293]LogNet: Game client on port 7777, rate 10000
[2017.02.18-17.17.30:603][293]LogNet: UPendingNetGame::InitNetDriver: Sending hello. [UNetConnection] RemoteAddr: 127.0.0.1:7777, Name: IpConnection_2, Driver: PendingNetDriver IpNetDriver_3, IsServer: NO, PC: NULL, Owner: NULL
[2017.02.18-17.17.30:609][293]PIE: Info Play in editor start time for /Game/FirstPersonBP/Maps/FirstPersonExampleMap -0.709
[2017.02.18-17.17.30:618][293]LogBlueprintUserMessages: Late PlayInEditor Detection: Level '/Game/FirstPersonBP/Maps/FirstPersonExampleMap.FirstPersonExampleMap:PersistentLevel' has LevelScriptBlueprint '/Game/FirstPersonBP/Maps/FirstPersonExampleMap.FirstPersonExampleMap:PersistentLevel.FirstPersonExampleMap' with GeneratedClass '/Game/FirstPersonBP/Maps/FirstPersonExampleMap.FirstPersonExampleMap_C' with ClassGeneratedBy '/Game/FirstPersonBP/Maps/FirstPersonExampleMap.FirstPersonExampleMap:PersistentLevel.FirstPersonExampleMap'
[2017.02.18-17.17.30:618][293]LogHandshake: SendConnectChallenge. Timestamp: 0.010341, Cookie: 080116108204072071023221208129105090076148213043244058179169
[2017.02.18-17.17.30:620][293]LogHandshake: SendChallengeResponse. Timestamp: 0.010341, Cookie: 080116108204072071023221208129105090076148213043244058179169
[2017.02.18-17.17.30:696][294]LogNet: Server accepting post-challenge connection from: 127.0.0.1:61586
[2017.02.18-17.17.30:696][294]PacketHandlerLog: Loaded PacketHandler component: Engine.EngineHandlerComponentFactory (StatelessConnectHandlerComponent)
[2017.02.18-17.17.30:697][294]LogNet: NotifyAcceptedConnection: Name: FirstPersonExampleMap, TimeStamp: 02/18/17 12:17:30, [UNetConnection] RemoteAddr: 127.0.0.1:61586, Name: IpConnection_3, Driver: GameNetDriver IpNetDriver_2, IsServer: YES, PC: NULL, Owner: NULL
[2017.02.18-17.17.30:697][294]LogNet: AddClientConnection: Added client connection: [UNetConnection] RemoteAddr: 127.0.0.1:61586, Name: IpConnection_3, Driver: GameNetDriver IpNetDriver_2, IsServer: YES, PC: NULL, Owner: NULL
[2017.02.18-17.17.30:742][296]LogNet: NotifyAcceptingChannel Control 0 server World /Game/FirstPersonBP/Maps/UEDPIE_1_FirstPersonExampleMap.FirstPersonExampleMap: Accepted
[2017.02.18-17.17.30:742][296]LogNet: Remote platform little endian=1
[2017.02.18-17.17.30:742][296]LogNet: This platform little endian=1
[2017.02.18-17.17.30:761][297]LogNet: Login request: /Game/FirstPersonBP/Maps/FirstPersonExampleMap userId: Invalid
[2017.02.18-17.17.30:763][297]LogNet: Welcomed by server (Level: /Game/FirstPersonBP/Maps/UEDPIE_1_FirstPersonExampleMap, Game: /Game/FirstPersonBP/Blueprints/FirstPersonGameMode.FirstPersonGameMode_C)
[2017.02.18-17.17.30:763][297]LogLoadingSplash: Loading begins
[2017.02.18-17.17.30:763][297]LogHMD: FOculusRiftSplash::PushBlackFrame
[2017.02.18-17.17.30:763][297]LogHMD: FOculusRiftSplash::Show
[2017.02.18-17.17.30:763][297]LogLoad: LoadMap: 127.0.0.1//Game/FirstPersonBP/Maps/UEDPIE_1_FirstPersonExampleMap?game=/Game/FirstPersonBP/Blueprints/FirstPersonGameMode.FirstPersonGameMode_C
[2017.02.18-17.17.30:782][297]Cmd: MEM
[2017.02.18-17.17.30:799][297]LogMemory: Platform Memory Stats for Windows
[2017.02.18-17.17.30:799][297]LogMemory: Process Physical Memory: 1390.39 MB used, 1395.54 MB peak
[2017.02.18-17.17.30:799][297]LogMemory: Process Virtual Memory: 2133.75 MB used, 2258.38 MB peak
[2017.02.18-17.17.30:799][297]LogMemory: Physical Memory: 6077.20 MB used,  26613.21 MB free, 32690.41 MB total
[2017.02.18-17.17.30:799][297]LogMemory: Virtual Memory: 3028.57 MB used,  26613.21 MB free, 134217728.00 MB total
[2017.02.18-17.17.30:799][297]LogMemory: 
[2017.02.18-17.17.30:799][297]Allocator Stats for TBB: (not implemented)
[2017.02.18-17.17.30:828][297]LogAIModule: Creating AISystem for world FirstPersonExampleMap
[2017.02.18-17.17.30:837][297]LogWorld: Bringing World /Game/FirstPersonBP/Maps/UEDPIE_2_FirstPersonExampleMap.FirstPersonExampleMap up for play (max tick rate 0) at 2017.02.18-12.17.30
[2017.02.18-17.17.30:837][297]LogWorld: Bringing up level for play took: 0.006979
[2017.02.18-17.17.30:838][297]LogLoadingSplash: Loading ends
[2017.02.18-17.17.30:838][297]LogHMD: FOculusRiftSplash::Hide
[2017.02.18-17.17.30:838][297]LogHMD: FOculusRiftSplash::PushBlackFrame
[2017.02.18-17.17.30:838][297]LogLoad: Took 0.074843 seconds to LoadMap(/Game/FirstPersonBP/Maps/UEDPIE_1_FirstPersonExampleMap)
[2017.02.18-17.17.30:859][298]LogNet: Client netspeed is 10000
[2017.02.18-17.17.30:859][298]LogNet: Join request: /Game/FirstPersonBP/Maps/FirstPersonExampleMap?SplitscreenCount=1
[2017.02.18-17.17.30:862][298]LogNet: Join succeeded: 259
[2017.02.18-17.17.37:965][ 14]LogNetPlayerMovement:Warning: ClientAdjustPosition_Implementation could not resolve the new relative movement base actor, ignoring server correction!
[2017.02.18-17.17.42:263][433]LogCharacterMovement: FirstPersonCharacter_C_1 is stuck and failed to move! Velocity: X=9.22 Y=-599.93 Z=0.00 Location: X=289.66 Y=360.37 Z=217.42 Normal: X=-0.50 Y=0.87 Z=0.00 PenetrationDepth:27.922 Actor:ArrowBP_C_34 Component:Capsule BoneName:None (0 other events since notify)
[2017.02.18-17.17.48:818][ 99]LogBlueprintUserMessages: Early EndPlayMap Detection: Level '/Game/FirstPersonBP/Maps/FirstPersonExampleMap.FirstPersonExampleMap:PersistentLevel' has LevelScriptBlueprint '/Game/FirstPersonBP/Maps/FirstPersonExampleMap.FirstPersonExampleMap:PersistentLevel.FirstPersonExampleMap' with GeneratedClass '/Game/FirstPersonBP/Maps/FirstPersonExampleMap.FirstPersonExampleMap_C' with ClassGeneratedBy '/Game/FirstPersonBP/Maps/FirstPersonExampleMap.FirstPersonExampleMap:PersistentLevel.FirstPersonExampleMap'
[2017.02.18-17.17.48:891][ 99]LogBlueprintUserMessages: Late EndPlayMap Detection: Level '/Game/FirstPersonBP/Maps/FirstPersonExampleMap.FirstPersonExampleMap:PersistentLevel' has LevelScriptBlueprint '/Game/FirstPersonBP/Maps/FirstPersonExampleMap.FirstPersonExampleMap:PersistentLevel.FirstPersonExampleMap' with GeneratedClass '/Game/FirstPersonBP/Maps/FirstPersonExampleMap.FirstPersonExampleMap_C' with ClassGeneratedBy '/Game/FirstPersonBP/Maps/FirstPersonExampleMap.FirstPersonExampleMap:PersistentLevel.FirstPersonExampleMap'
[2017.02.18-17.17.48:915][ 99]LogNet: UChannel::CleanUp: ChIndex == 0. Closing connection. [UChannel] ChIndex: 0, Closing: 0 [UNetConnection] RemoteAddr: 127.0.0.1:61586, Name: IpConnection_3, Driver: GameNetDriver IpNetDriver_2, IsServer: YES, PC: None, Owner: None
[2017.02.18-17.17.48:915][ 99]LogNet: UNetConnection::Close: [UNetConnection] RemoteAddr: 127.0.0.1:61586, Name: IpConnection_3, Driver: GameNetDriver IpNetDriver_2, IsServer: YES, PC: None, Owner: None, Channels: 2, Time: 2017.02.18-17.17.48
[2017.02.18-17.17.48:915][ 99]LogNet: UChannel::Close: Sending CloseBunch. ChIndex == 0. Name: [UChannel] ChIndex: 0, Closing: 0 [UNetConnection] RemoteAddr: 127.0.0.1:61586, Name: IpConnection_3, Driver: GameNetDriver IpNetDriver_2, IsServer: YES, PC: None, Owner: None
[2017.02.18-17.17.48:916][ 99]LogNet: UChannel::CleanUp: ChIndex == 0. Closing connection. [UChannel] ChIndex: 0, Closing: 0 [UNetConnection] RemoteAddr: 127.0.0.1:7777, Name: IpConnection_2, Driver: GameNetDriver IpNetDriver_3, IsServer: NO, PC: None, Owner: None
[2017.02.18-17.17.48:916][ 99]LogNet: UNetConnection::Close: [UNetConnection] RemoteAddr: 127.0.0.1:7777, Name: IpConnection_2, Driver: GameNetDriver IpNetDriver_3, IsServer: NO, PC: None, Owner: None, Channels: 2, Time: 2017.02.18-17.17.48
[2017.02.18-17.17.48:916][ 99]LogNet: UChannel::Close: Sending CloseBunch. ChIndex == 0. Name: [UChannel] ChIndex: 0, Closing: 0 [UNetConnection] RemoteAddr: 127.0.0.1:7777, Name: IpConnection_2, Driver: GameNetDriver IpNetDriver_3, IsServer: NO, PC: None, Owner: None
[2017.02.18-17.17.48:922][ 99]LogExit: GameNetDriver None shut down
[2017.02.18-17.17.48:924][ 99]LogExit: GameNetDriver None shut down
[2017.02.18-17.23.17:457][889]LogFileHelpers: Editor autosave (incl. sublevels) for '/Game/FirstPersonBP/Maps/FirstPersonExampleMap' took 0.036
[2017.02.18-17.23.17:458][889]OBJ SavePackage: Generating thumbnails for [1] asset(s) in package [/Game/FirstPersonBP/Blueprints/Arrow/ArrowBP] ([1] browsable assets)...
[2017.02.18-17.23.17:477][889]OBJ SavePackage:     Rendered thumbnail for [Blueprint /Game/FirstPersonBP/Blueprints/Arrow/ArrowBP.ArrowBP]
[2017.02.18-17.23.17:477][889]OBJ SavePackage: Finished generating thumbnails for package [/Game/FirstPersonBP/Blueprints/Arrow/ArrowBP]
[2017.02.18-17.23.17:520][889]LogSavePackage: Save=26.73ms
[2017.02.18-17.23.17:520][889]LogSavePackage: Moving '../../../../../../Users/SIG/Desktop/unreal-project-vry-paint-master/Saved/ArrowBP_Auto140FECCE14C7168D2849254A9A1533642.tmp' to '../../../../../../Users/SIG/Desktop/unreal-project-vry-paint-master/Saved/Autosaves/Game/FirstPersonBP/Blueprints/Arrow/ArrowBP_Auto1.uasset'
[2017.02.18-17.23.17:522][889]LogSavePackage:Display: Finished SavePackage ../../../../../../Users/SIG/Desktop/unreal-project-vry-paint-master/Saved/Autosaves/Game/FirstPersonBP/Blueprints/Arrow/ArrowBP_Auto1.uasset
[2017.02.18-17.23.17:522][889]LogFileHelpers: Auto-saving content packages took 0.065
[2017.02.18-17.25.40:187][275]BlueprintLog: New page: Compile FirstPersonCharacter
[2017.02.18-17.26.02:628][819]LogStats: FPlatformStackWalk::StackWalkAndDump -  0.000 s
[2017.02.18-17.26.02:628][819]LogOutputDevice:Error: === Handled ensure: ===
[2017.02.18-17.26.02:628][819]LogOutputDevice:Error: 
[2017.02.18-17.26.02:628][819]LogOutputDevice:Error: Ensure condition failed: !Primitive->Bounds.BoxExtent.ContainsNaN() && !Primitive->Bounds.Origin.ContainsNaN() && !FMath::IsNaN(Primitive->Bounds.SphereRadius) && FMath::IsFinite(Primitive->Bounds.SphereRadius) [File:D:\Build\++UE4+Release-4.14+Compile\Sync\Engine\Source\Runtime\Renderer\Private\RendererScene.cpp] [Line: 800]
[2017.02.18-17.26.02:628][819]LogOutputDevice:Error: Nans found on Bounds for Primitive GrapplingHook: Origin X=-nan(ind) Y=-nan(ind) Z=-nan(ind), BoxExtent X=-nan(ind) Y=-nan(ind) Z=-nan(ind), SphereRadius -nan(ind)
[2017.02.18-17.26.02:628][819]LogOutputDevice:Error: Stack: 
[2017.02.18-17.26.02:628][819]LogOutputDevice:Error: 
[2017.02.18-17.26.02:628][819]LogOutputDevice:Error: 
[2017.02.18-17.26.02:628][819]LogOutputDevice:Error: 
[2017.02.18-17.26.02:628][819]LogOutputDevice:Error: 
[2017.02.18-17.26.02:628][819]LogOutputDevice:Error: 
[2017.02.18-17.26.02:628][819]LogOutputDevice:Error: 
[2017.02.18-17.26.02:628][819]LogOutputDevice:Error: 
[2017.02.18-17.26.02:628][819]LogOutputDevice:Error: 
[2017.02.18-17.26.02:628][819]LogOutputDevice:Error: 
[2017.02.18-17.26.02:628][819]LogOutputDevice:Error: 
[2017.02.18-17.26.02:628][819]LogOutputDevice:Error: 
[2017.02.18-17.26.02:628][819]LogOutputDevice:Error: 
[2017.02.18-17.26.02:628][819]LogOutputDevice:Error: 
[2017.02.18-17.26.02:628][819]LogOutputDevice:Error: 
[2017.02.18-17.26.02:628][819]LogOutputDevice:Error: 
[2017.02.18-17.26.02:628][819]LogOutputDevice:Error: 
[2017.02.18-17.26.02:628][819]LogOutputDevice:Error: 
[2017.02.18-17.26.02:628][819]LogOutputDevice:Error: 
[2017.02.18-17.26.02:628][819]LogOutputDevice:Error: 
[2017.02.18-17.26.02:628][819]LogOutputDevice:Error: 
[2017.02.18-17.26.02:628][819]LogOutputDevice:Error: 
[2017.02.18-17.26.02:628][819]LogOutputDevice:Error: 
[2017.02.18-17.26.02:628][819]LogOutputDevice:Error: 
[2017.02.18-17.26.02:635][819]LogStats:                SubmitErrorReport -  0.000 s
