Log file open, 03/22/17 11:08:19
LogInit:Display: Running engine for game: CIS568VRYPaint_mp
LogPlatformFile: Not using cached read wrapper
LogInit:Display: RandInit(1000540706) SRandInit(1000540707).
LogTaskGraph: Started task graph with 5 named threads and 8 total threads with 1 sets of task threads.
LogStats: Stats thread started at 0.078569
LogPluginManager: Loaded Plugin Paper2D, From C:/Program Files (x86)/Epic Games/4.14/Engine/Plugins/2D/Paper2D/Paper2D.uplugin
LogPluginManager: Loaded Plugin LightPropagationVolume, From C:/Program Files (x86)/Epic Games/4.14/Engine/Plugins/Blendables/LightPropagationVolume/LightPropagationVolume.uplugin
LogPluginManager: Loaded Plugin BlankPlugin, From C:/Program Files (x86)/Epic Games/4.14/Engine/Plugins/Developer/BlankPlugin/BlankPlugin.uplugin
LogPluginManager: Loaded Plugin CodeLiteSourceCodeAccess, From C:/Program Files (x86)/Epic Games/4.14/Engine/Plugins/Developer/CodeLiteSourceCodeAccess/CodeLiteSourceCodeAccess.uplugin
LogPluginManager: Loaded Plugin GitSourceControl, From C:/Program Files (x86)/Epic Games/4.14/Engine/Plugins/Developer/GitSourceControl/GitSourceControl.uplugin
LogPluginManager: Loaded Plugin KDevelopSourceCodeAccess, From C:/Program Files (x86)/Epic Games/4.14/Engine/Plugins/Developer/KDevelopSourceCodeAccess/KDevelopSourceCodeAccess.uplugin
LogPluginManager: Loaded Plugin NullSourceCodeAccess, From C:/Program Files (x86)/Epic Games/4.14/Engine/Plugins/Developer/NullSourceCodeAccess/NullSourceCodeAccess.uplugin
LogPluginManager: Loaded Plugin OneSkyLocalizationService, From C:/Program Files (x86)/Epic Games/4.14/Engine/Plugins/Developer/OneSkyLocalizationService/OneSkyLocalizationService.uplugin
LogPluginManager: Loaded Plugin PerforceSourceControl, From C:/Program Files (x86)/Epic Games/4.14/Engine/Plugins/Developer/PerforceSourceControl/PerforceSourceControl.uplugin
LogPluginManager: Loaded Plugin SubversionSourceControl, From C:/Program Files (x86)/Epic Games/4.14/Engine/Plugins/Developer/SubversionSourceControl/SubversionSourceControl.uplugin
LogPluginManager: Loaded Plugin UObjectPlugin, From C:/Program Files (x86)/Epic Games/4.14/Engine/Plugins/Developer/UObjectPlugin/UObjectPlugin.uplugin
LogPluginManager: Loaded Plugin VisualStudioSourceCodeAccess, From C:/Program Files (x86)/Epic Games/4.14/Engine/Plugins/Developer/VisualStudioSourceCodeAccess/VisualStudioSourceCodeAccess.uplugin
LogPluginManager: Loaded Plugin XCodeSourceCodeAccess, From C:/Program Files (x86)/Epic Games/4.14/Engine/Plugins/Developer/XCodeSourceCodeAccess/XCodeSourceCodeAccess.uplugin
LogPluginManager: Loaded Plugin AudioCapture, From C:/Program Files (x86)/Epic Games/4.14/Engine/Plugins/Editor/AudioCapture/AudioCapture.uplugin
LogPluginManager: Loaded Plugin EpicSurvey, From C:/Program Files (x86)/Epic Games/4.14/Engine/Plugins/Editor/EpicSurvey/EpicSurvey.uplugin
LogPluginManager: Loaded Plugin MacGraphicsSwitching, From C:/Program Files (x86)/Epic Games/4.14/Engine/Plugins/Editor/MacGraphicsSwitching/MacGraphicsSwitching.uplugin
LogPluginManager: Loaded Plugin MobileLauncherProfileWizard, From C:/Program Files (x86)/Epic Games/4.14/Engine/Plugins/Editor/MobileLauncherProfileWizard/MobileLauncherProfileWizard.uplugin
LogPluginManager: Loaded Plugin PluginBrowser, From C:/Program Files (x86)/Epic Games/4.14/Engine/Plugins/Editor/PluginBrowser/PluginBrowser.uplugin
LogPluginManager: Loaded Plugin SpeedTreeImporter, From C:/Program Files (x86)/Epic Games/4.14/Engine/Plugins/Editor/SpeedTreeImporter/SpeedTreeImporter.uplugin
LogPluginManager: Loaded Plugin SuperSearchEditor, From C:/Program Files (x86)/Epic Games/4.14/Engine/Plugins/Editor/SuperSearchEditor/SuperSearchEditor.uplugin
LogPluginManager: Loaded Plugin AlembicImporter, From C:/Program Files (x86)/Epic Games/4.14/Engine/Plugins/Experimental/AlembicImporter/AlembicImporter.uplugin
LogPluginManager: Loaded Plugin BlueprintStats, From C:/Program Files (x86)/Epic Games/4.14/Engine/Plugins/Experimental/BlueprintStats/BlueprintStats.uplugin
LogPluginManager: Loaded Plugin CharacterAI, From C:/Program Files (x86)/Epic Games/4.14/Engine/Plugins/Experimental/CharacterAI/CharacterAI.uplugin
LogPluginManager: Loaded Plugin CodeEditor, From C:/Program Files (x86)/Epic Games/4.14/Engine/Plugins/Experimental/CodeEditor/CodeEditor.uplugin
LogPluginManager: Loaded Plugin CodeView, From C:/Program Files (x86)/Epic Games/4.14/Engine/Plugins/Experimental/CodeView/CodeView.uplugin
LogPluginManager: Loaded Plugin HTML5Networking, From C:/Program Files (x86)/Epic Games/4.14/Engine/Plugins/Experimental/HTML5Networking/HTML5Networking.uplugin
LogPluginManager: Loaded Plugin OSVR, From C:/Program Files (x86)/Epic Games/4.14/Engine/Plugins/Experimental/OSVR/OSVR.uplugin
LogPluginManager: Loaded Plugin Phya, From C:/Program Files (x86)/Epic Games/4.14/Engine/Plugins/Experimental/Phya/Phya.uplugin
LogPluginManager: Loaded Plugin SignificanceManager, From C:/Program Files (x86)/Epic Games/4.14/Engine/Plugins/Experimental/SignificanceManager/SignificanceManager.uplugin
LogPluginManager: Loaded Plugin SimpleHMD, From C:/Program Files (x86)/Epic Games/4.14/Engine/Plugins/Experimental/SimpleHMD/SimpleHMD.uplugin
LogPluginManager: Loaded Plugin StereoPanorama, From C:/Program Files (x86)/Epic Games/4.14/Engine/Plugins/Experimental/StereoPanorama/StereoPanorama.uplugin
LogPluginManager: Loaded Plugin StructBox, From C:/Program Files (x86)/Epic Games/4.14/Engine/Plugins/Experimental/StructBox/StructBox.uplugin
LogPluginManager: Loaded Plugin Substance, From C:/Program Files (x86)/Epic Games/4.14/Engine/Plugins/Marketplace/Substance/Substance.uplugin
LogPluginManager: Loaded Plugin AndroidMedia, From C:/Program Files (x86)/Epic Games/4.14/Engine/Plugins/Media/AndroidMedia/AndroidMedia.uplugin
LogPluginManager: Loaded Plugin AvfMedia, From C:/Program Files (x86)/Epic Games/4.14/Engine/Plugins/Media/AvfMedia/AvfMedia.uplugin
LogPluginManager: Loaded Plugin MediaPlayerEditor, From C:/Program Files (x86)/Epic Games/4.14/Engine/Plugins/Media/MediaPlayerEditor/MediaPlayerEditor.uplugin
LogPluginManager: Loaded Plugin WmfMedia, From C:/Program Files (x86)/Epic Games/4.14/Engine/Plugins/Media/WmfMedia/WmfMedia.uplugin
LogPluginManager: Loaded Plugin MessagingDebugger, From C:/Program Files (x86)/Epic Games/4.14/Engine/Plugins/Messaging/MessagingDebugger/MessagingDebugger.uplugin
LogPluginManager: Loaded Plugin TcpMessaging, From C:/Program Files (x86)/Epic Games/4.14/Engine/Plugins/Messaging/TcpMessaging/TcpMessaging.uplugin
LogPluginManager: Loaded Plugin UdpMessaging, From C:/Program Files (x86)/Epic Games/4.14/Engine/Plugins/Messaging/UdpMessaging/UdpMessaging.uplugin
LogPluginManager: Loaded Plugin LevelSequenceEditor, From C:/Program Files (x86)/Epic Games/4.14/Engine/Plugins/MovieScene/LevelSequenceEditor/LevelSequenceEditor.uplugin
LogPluginManager: Loaded Plugin MatineeToLevelSequence, From C:/Program Files (x86)/Epic Games/4.14/Engine/Plugins/MovieScene/MatineeToLevelSequence/MatineeToLevelSequence.uplugin
LogPluginManager: Loaded Plugin NetcodeUnitTest, From C:/Program Files (x86)/Epic Games/4.14/Engine/Plugins/NetcodeUnitTest/NetcodeUnitTest/NetcodeUnitTest.uplugin
LogPluginManager: Loaded Plugin NUTUnrealEngine4, From C:/Program Files (x86)/Epic Games/4.14/Engine/Plugins/NetcodeUnitTest/NUTUnrealEngine4/NUTUnrealEngine4.uplugin
LogPluginManager: Loaded Plugin OnlineSubsystemGameCircle, From C:/Program Files (x86)/Epic Games/4.14/Engine/Plugins/Online/Android/OnlineSubsystemGameCircle/OnlineSubsystemGameCircle.uplugin
LogPluginManager: Loaded Plugin OnlineSubsystemGooglePlay, From C:/Program Files (x86)/Epic Games/4.14/Engine/Plugins/Online/Android/OnlineSubsystemGooglePlay/OnlineSubsystemGooglePlay.uplugin
LogPluginManager: Loaded Plugin OnlineSubsystemIOS, From C:/Program Files (x86)/Epic Games/4.14/Engine/Plugins/Online/IOS/OnlineSubsystemIOS/OnlineSubsystemIOS.uplugin
LogPluginManager: Loaded Plugin OnlineFramework, From C:/Program Files (x86)/Epic Games/4.14/Engine/Plugins/Online/OnlineFramework/OnlineFramework.uplugin
LogPluginManager: Loaded Plugin OnlineSubsystem, From C:/Program Files (x86)/Epic Games/4.14/Engine/Plugins/Online/OnlineSubsystem/OnlineSubsystem.uplugin
LogPluginManager: Loaded Plugin OnlineSubsystemAmazon, From C:/Program Files (x86)/Epic Games/4.14/Engine/Plugins/Online/OnlineSubsystemAmazon/OnlineSubsystemAmazon.uplugin
LogPluginManager: Loaded Plugin OnlineSubsystemFacebook, From C:/Program Files (x86)/Epic Games/4.14/Engine/Plugins/Online/OnlineSubsystemFacebook/OnlineSubsystemFacebook.uplugin
LogPluginManager: Loaded Plugin OnlineSubsystemNull, From C:/Program Files (x86)/Epic Games/4.14/Engine/Plugins/Online/OnlineSubsystemNull/OnlineSubsystemNull.uplugin
LogPluginManager: Loaded Plugin OnlineSubsystemOculus, From C:/Program Files (x86)/Epic Games/4.14/Engine/Plugins/Online/OnlineSubsystemOculus/OnlineSubsystemOculus.uplugin
LogPluginManager: Loaded Plugin OnlineSubsystemSteam, From C:/Program Files (x86)/Epic Games/4.14/Engine/Plugins/Online/OnlineSubsystemSteam/OnlineSubsystemSteam.uplugin
LogPluginManager: Loaded Plugin OnlineSubsystemUtils, From C:/Program Files (x86)/Epic Games/4.14/Engine/Plugins/Online/OnlineSubsystemUtils/OnlineSubsystemUtils.uplugin
LogPluginManager: Loaded Plugin IOSTapJoy, From C:/Program Files (x86)/Epic Games/4.14/Engine/Plugins/Runtime/Advertising/IOSTapJoy/IOSTapJoy.uplugin
LogPluginManager: Loaded Plugin AnalyticsBlueprintLibrary, From C:/Program Files (x86)/Epic Games/4.14/Engine/Plugins/Runtime/Analytics/AnalyticsBlueprintLibrary/AnalyticsBlueprintLibrary.uplugin
LogPluginManager: Loaded Plugin AnalyticsMulticast, From C:/Program Files (x86)/Epic Games/4.14/Engine/Plugins/Runtime/Analytics/AnalyticsMulticast/AnalyticsMulticast.uplugin
LogPluginManager: Loaded Plugin Apsalar, From C:/Program Files (x86)/Epic Games/4.14/Engine/Plugins/Runtime/Analytics/Apsalar/Apsalar.uplugin
LogPluginManager: Loaded Plugin FileLogging, From C:/Program Files (x86)/Epic Games/4.14/Engine/Plugins/Runtime/Analytics/FileLogging/FileLogging.uplugin
LogPluginManager: Loaded Plugin Flurry, From C:/Program Files (x86)/Epic Games/4.14/Engine/Plugins/Runtime/Analytics/Flurry/Flurry.uplugin
LogPluginManager: Loaded Plugin AndroidDeviceProfileSelector, From C:/Program Files (x86)/Epic Games/4.14/Engine/Plugins/Runtime/AndroidDeviceProfileSelector/AndroidDeviceProfileSelector.uplugin
LogPluginManager: Loaded Plugin AndroidMoviePlayer, From C:/Program Files (x86)/Epic Games/4.14/Engine/Plugins/Runtime/AndroidMoviePlayer/AndroidMoviePlayer.uplugin
LogPluginManager: Loaded Plugin AppleMoviePlayer, From C:/Program Files (x86)/Epic Games/4.14/Engine/Plugins/Runtime/AppleMoviePlayer/AppleMoviePlayer.uplugin
LogPluginManager: Loaded Plugin ArchVisCharacter, From C:/Program Files (x86)/Epic Games/4.14/Engine/Plugins/Runtime/ArchVisCharacter/ArchVisCharacter.uplugin
LogPluginManager: Loaded Plugin CableComponent, From C:/Program Files (x86)/Epic Games/4.14/Engine/Plugins/Runtime/CableComponent/CableComponent.uplugin
LogPluginManager: Loaded Plugin CustomMeshComponent, From C:/Program Files (x86)/Epic Games/4.14/Engine/Plugins/Runtime/CustomMeshComponent/CustomMeshComponent.uplugin
LogPluginManager: Loaded Plugin ExampleDeviceProfileSelector, From C:/Program Files (x86)/Epic Games/4.14/Engine/Plugins/Runtime/ExampleDeviceProfileSelector/ExampleDeviceProfileSelector.uplugin
LogPluginManager: Loaded Plugin GearVR, From C:/Program Files (x86)/Epic Games/4.14/Engine/Plugins/Runtime/GearVR/GearVR.uplugin
LogPluginManager: Loaded Plugin GoogleVRController, From C:/Program Files (x86)/Epic Games/4.14/Engine/Plugins/Runtime/GoogleVR/GoogleVRController/GoogleVRController.uplugin
LogPluginManager: Loaded Plugin GoogleVRHMD, From C:/Program Files (x86)/Epic Games/4.14/Engine/Plugins/Runtime/GoogleVR/GoogleVRHMD/GoogleVRHMD.uplugin
LogPluginManager: Loaded Plugin IOSDeviceProfileSelector, From C:/Program Files (x86)/Epic Games/4.14/Engine/Plugins/Runtime/IOSDeviceProfileSelector/IOSDeviceProfileSelector.uplugin
LogPluginManager: Loaded Plugin LeapMotion, From C:/Program Files (x86)/Epic Games/4.14/Engine/Plugins/Runtime/LeapMotion/LeapMotion.uplugin
LogPluginManager: Loaded Plugin LinuxDeviceProfileSelector, From C:/Program Files (x86)/Epic Games/4.14/Engine/Plugins/Runtime/LinuxDeviceProfileSelector/LinuxDeviceProfileSelector.uplugin
LogPluginManager: Loaded Plugin MIDIDevice, From C:/Program Files (x86)/Epic Games/4.14/Engine/Plugins/Runtime/MIDIDevice/MIDIDevice.uplugin
LogPluginManager: Loaded Plugin MobilePatchingUtils, From C:/Program Files (x86)/Epic Games/4.14/Engine/Plugins/Runtime/MobilePatchingUtils/MobilePatchingUtils.uplugin
LogPluginManager: Loaded Plugin Ansel, From C:/Program Files (x86)/Epic Games/4.14/Engine/Plugins/Runtime/Nvidia/Ansel/Ansel.uplugin
LogPluginManager: Loaded Plugin OculusAudio, From C:/Program Files (x86)/Epic Games/4.14/Engine/Plugins/Runtime/OculusAudio/OculusAudio.uplugin
LogPluginManager: Loaded Plugin OculusInput, From C:/Program Files (x86)/Epic Games/4.14/Engine/Plugins/Runtime/OculusInput/OculusInput.uplugin
LogPluginManager: Loaded Plugin OculusLibrary, From C:/Program Files (x86)/Epic Games/4.14/Engine/Plugins/Runtime/OculusLibrary/OculusLibrary.uplugin
LogPluginManager: Loaded Plugin OculusRift, From C:/Program Files (x86)/Epic Games/4.14/Engine/Plugins/Runtime/OculusRift/OculusRift.uplugin
LogPluginManager: Loaded Plugin Oodle, From C:/Program Files (x86)/Epic Games/4.14/Engine/Plugins/Runtime/PacketHandlers/CompressionComponents/Oodle/Oodle.uplugin
LogPluginManager: Loaded Plugin ProceduralMeshComponent, From C:/Program Files (x86)/Epic Games/4.14/Engine/Plugins/Runtime/ProceduralMeshComponent/ProceduralMeshComponent.uplugin
LogPluginManager: Loaded Plugin SoundMod, From C:/Program Files (x86)/Epic Games/4.14/Engine/Plugins/Runtime/SoundMod/SoundMod.uplugin
LogPluginManager: Loaded Plugin SoundVisualizations, From C:/Program Files (x86)/Epic Games/4.14/Engine/Plugins/Runtime/SoundVisualizations/SoundVisualizations.uplugin
LogPluginManager: Loaded Plugin SteamController, From C:/Program Files (x86)/Epic Games/4.14/Engine/Plugins/Runtime/Steam/SteamController/SteamController.uplugin
LogPluginManager: Loaded Plugin SteamVR, From C:/Program Files (x86)/Epic Games/4.14/Engine/Plugins/Runtime/Steam/SteamVR/SteamVR.uplugin
LogPluginManager: Loaded Plugin WebBrowserWidget, From C:/Program Files (x86)/Epic Games/4.14/Engine/Plugins/Runtime/WebBrowserWidget/WebBrowserWidget.uplugin
LogPluginManager: Loaded Plugin WindowsDeviceProfileSelector, From C:/Program Files (x86)/Epic Games/4.14/Engine/Plugins/Runtime/WindowsDeviceProfileSelector/WindowsDeviceProfileSelector.uplugin
LogPluginManager: Loaded Plugin WindowsMoviePlayer, From C:/Program Files (x86)/Epic Games/4.14/Engine/Plugins/Runtime/WindowsMoviePlayer/WindowsMoviePlayer.uplugin
LogPluginManager: Loaded Plugin ScriptPlugin, From C:/Program Files (x86)/Epic Games/4.14/Engine/Plugins/ScriptPlugin/ScriptPlugin.uplugin
LogPluginManager: Loaded Plugin SlateRemote, From C:/Program Files (x86)/Epic Games/4.14/Engine/Plugins/Slate/SlateRemote/SlateRemote.uplugin
LogPluginManager: Loaded Plugin EditorTests, From C:/Program Files (x86)/Epic Games/4.14/Engine/Plugins/Tests/EditorTests/EditorTests.uplugin
LogPluginManager: Loaded Plugin FbxAutomationTestBuilder, From C:/Program Files (x86)/Epic Games/4.14/Engine/Plugins/Tests/FbxAutomationTestBuilder/FbxAutomationTestBuilder.uplugin
LogPluginManager: Loaded Plugin FunctionalTestingEditor, From C:/Program Files (x86)/Epic Games/4.14/Engine/Plugins/Tests/FunctionalTestingEditor/FunctionalTestingEditor.uplugin
LogPluginManager: Loaded Plugin RuntimeTests, From C:/Program Files (x86)/Epic Games/4.14/Engine/Plugins/Tests/RuntimeTests/RuntimeTests.uplugin
LogPluginManager: Loaded Plugin ScreenshotTools, From C:/Program Files (x86)/Epic Games/4.14/Engine/Plugins/Tests/ScreenshotTools/ScreenshotTools.uplugin
LogInit: Using libcurl 7.47.1
LogInit:  - built for x86_64-pc-win32
LogInit:  - supports SSL with OpenSSL/1.0.2g
LogInit:  - supports HTTP deflate (compression) using libz 1.2.8
LogInit:  - other features:
LogInit:      CURL_VERSION_SSL
LogInit:      CURL_VERSION_LIBZ
LogInit:      CURL_VERSION_IPV6
LogInit:      CURL_VERSION_ASYNCHDNS
LogInit:      CURL_VERSION_LARGEFILE
LogInit:      CURL_VERSION_IDN
LogInit:  CurlRequestOptions (configurable via config and command line):
LogInit:  - bVerifyPeer = false  - Libcurl will NOT verify peer certificate
LogInit:  - bUseHttpProxy = false  - Libcurl will NOT use HTTP proxy
LogInit:  - bDontReuseConnections = false  - Libcurl will reuse connections
LogInit:  - CertBundlePath = nullptr  - Libcurl will use whatever was configured at build time.
LogOnline:Display: STEAM: Loading Steam SDK 1.32
LogOnline:Warning: STEAM: Steam API disabled!
LogOnline:Display: STEAM: OnlineSubsystemSteam::Shutdown()
LogInit: WinSock: version 1.1 (2.2), MaxSocks=32767, MaxUdp=65467
OCULUS: Info: [CAPI] LibOVR module is located at C:\Program Files\Oculus\Support\oculus-runtime\LibOVRRT64_1.dll
OCULUS: Debug: Connected to the server running version (prod = 1).1.10.2(build = 321138) feature version = 0. Client runs version (prod = 1).1.10.2(build = 321138) feature version = 0
LogInit: Build: ++UE4+Release-4.14-CL-3249277
LogInit: Engine Version: 4.14.3-3249277+++UE4+Release-4.14
LogInit: Compatible Engine Version: 4.14.0-3195953+++UE4+Release-4.14
LogInit: Net CL: 3195953
LogDevObjectVersion: Number of dev versions registered: 13
LogDevObjectVersion:   Dev-Blueprints (B0D832E4-1F89-4F0D-ACCF-7EB736FD4AA2): 7
LogDevObjectVersion:   Dev-Build (E1C64328-A22C-4D53-A36C-8E866417BD8C): 0
LogDevObjectVersion:   Dev-Core (375EC13C-06E4-48FB-B500-84F0262A717E): 1
LogDevObjectVersion:   Dev-Editor (E4B068ED-F494-42E9-A231-DA0B2E46BB41): 8
LogDevObjectVersion:   Dev-Framework (CFFC743F-43B0-4480-9391-14DF171D2073): 17
LogDevObjectVersion:   Dev-Mobile (B02B49B5-BB20-44E9-A304-32B752E40360): 0
LogDevObjectVersion:   Dev-Networking (A4E4105C-59A1-49B5-A7C5-40C4547EDFEE): 0
LogDevObjectVersion:   Dev-Online (39C831C9-5AE6-47DC-9A44-9C173E1C8E7C): 0
LogDevObjectVersion:   Dev-Physics (78F01B33-EBEA-4F98-B9B4-84EACCB95AA2): 0
LogDevObjectVersion:   Dev-Platform (6631380F-2D4D-43E0-8009-CF276956A95A): 0
LogDevObjectVersion:   Dev-Rendering (12F88B9F-8875-4AFC-A67C-D90C383ABD29): 12
LogDevObjectVersion:   Dev-Sequencer (7B5AE74C-D270-4C10-A958-57980B212A5A): 1
LogDevObjectVersion:   Dev-VR (D7296918-1DD6-4BDD-9DE2-64A83CC13884): 0
LogInit: Compiled (64-bit): Jan  6 2017 10:49:43
LogInit: Compiled with Visual C++: 19.00.23026.00
LogInit: Build Configuration: Development
LogInit: Branch Name: ++UE4+Release-4.14
LogInit: Command line:  
LogInit: Base directory: C:/Program Files (x86)/Epic Games/4.14/Engine/Binaries/Win64/
LogInit: Installed Engine Build: 1
LogInit: Presizing for max 8388607 objects, including 0 objects not considered by GC, pre-allocating 0 bytes for permanent pool.
LogInit: Object subsystem initialized
[2017.03.22-15.08.21:062][  0]LogInit: Selected Device Profile: [Windows]
[2017.03.22-15.08.21:062][  0]LogInit: Applying CVar settings loaded from the selected device profile: [Windows]
[2017.03.22-15.08.21:072][  0]LogInit: Computer: SIGLAB-VR5
[2017.03.22-15.08.21:072][  0]LogInit: User: SIG
[2017.03.22-15.08.21:072][  0]LogInit: CPU Page size=65536, Cores=4
[2017.03.22-15.08.21:072][  0]LogInit: High frequency timer resolution =3.604934 MHz
[2017.03.22-15.08.21:073][  0]LogMemory: Memory total: Physical=31.9GB (32GB approx)
[2017.03.22-15.08.21:073][  0]LogMemory: Platform Memory Stats for Windows
[2017.03.22-15.08.21:073][  0]LogMemory: Process Physical Memory: 277.05 MB used, 277.05 MB peak
[2017.03.22-15.08.21:073][  0]LogMemory: Process Virtual Memory: 270.23 MB used, 270.23 MB peak
[2017.03.22-15.08.21:073][  0]LogMemory: Physical Memory: 4671.39 MB used,  28018.91 MB free, 32690.30 MB total
[2017.03.22-15.08.21:073][  0]LogMemory: Virtual Memory: 731.90 MB used,  28018.91 MB free, 134217728.00 MB total
[2017.03.22-15.08.21:097][  0]LogTextLocalizationManager: No specific translations for ('en-US') exist, so ('en') translations will be used.
[2017.03.22-15.08.21:621][  0]LogD3D11RHI: D3D11 adapters:
[2017.03.22-15.08.21:651][  0]LogD3D11RHI:    0. 'NVIDIA GeForce GTX 1070' (Feature Level 11_0)
[2017.03.22-15.08.21:651][  0]LogD3D11RHI:       8120/0/16345 MB DedicatedVideo/DedicatedSystem/SharedSystem, Outputs:2, VendorId:0x10de
[2017.03.22-15.08.21:653][  0]LogD3D11RHI:    1. 'Microsoft Basic Render Driver' (Feature Level 11_0)
[2017.03.22-15.08.21:653][  0]LogD3D11RHI:       0/0/16345 MB DedicatedVideo/DedicatedSystem/SharedSystem, Outputs:0, VendorId:0x1414
[2017.03.22-15.08.21:653][  0]LogD3D11RHI: Chosen D3D11 Adapter: 0
[2017.03.22-15.08.21:657][  0]LogD3D11RHI: Creating new Direct3DDevice
[2017.03.22-15.08.21:657][  0]LogD3D11RHI:     GPU DeviceId: 0x1b81 (for the marketing name, search the web for "GPU Device Id")
[2017.03.22-15.08.21:657][  0]LogWindows: EnumDisplayDevices:
[2017.03.22-15.08.21:657][  0]LogWindows:    0. 'NVIDIA GeForce GTX 1070' (P:0 D:1)
[2017.03.22-15.08.21:658][  0]LogWindows:    1. 'NVIDIA GeForce GTX 1070' (P:1 D:1)
[2017.03.22-15.08.21:658][  0]LogWindows:    2. 'NVIDIA GeForce GTX 1070' (P:0 D:0)
[2017.03.22-15.08.21:658][  0]LogWindows:    3. 'NVIDIA GeForce GTX 1070' (P:0 D:0)
[2017.03.22-15.08.21:658][  0]LogWindows: DebugString: FoundDriverCount:4 
[2017.03.22-15.08.21:658][  0]LogD3D11RHI:     Adapter Name: NVIDIA GeForce GTX 1070
[2017.03.22-15.08.21:658][  0]LogD3D11RHI:   Driver Version: 378.49 (internal:21.21.13.7849, unified:378.49)
[2017.03.22-15.08.21:658][  0]LogD3D11RHI:      Driver Date: 1-20-2017
[2017.03.22-15.08.21:658][  0]LogRHI: Texture pool is 1361 MB (70% of 1945 MB)
[2017.03.22-15.08.21:669][  0]LogD3D11RHI: Async texture creation enabled
[2017.03.22-15.08.21:678][  0]LogD3D11RHI: GPU Timing Frequency: 1000.000000 (Debug: 2 1)
[2017.03.22-15.08.21:678][  0]LogShaderCompilers: Guid format shader working directory is -24 characters bigger than the processId version (../../../../../../Users/SIG/Desktop/unreal-project-vry-paint-mar20.1/Intermediate/Shaders/WorkingDirectory/1308/).
[2017.03.22-15.08.21:678][  0]LogShaderCompilers: Cleaned the shader compiler working directory 'C:/Users/SIG/AppData/Local/Temp/UnrealShaderWorkingDir/1CC330BB4A0465E568E640A4B863939D/'.
[2017.03.22-15.08.21:679][  0]LogShaderCompilers:Display: Using Local Shader Compiler.
[2017.03.22-15.08.22:591][  0]LogTemp:Display: Loaded TP AllDesktopTargetPlatform
[2017.03.22-15.08.22:639][  0]LogTemp:Display: Loaded TP MacClientTargetPlatform
[2017.03.22-15.08.22:689][  0]LogTemp:Display: Loaded TP MacNoEditorTargetPlatform
[2017.03.22-15.08.22:738][  0]LogTemp:Display: Loaded TP MacServerTargetPlatform
[2017.03.22-15.08.22:787][  0]LogTemp:Display: Loaded TP MacTargetPlatform
[2017.03.22-15.08.22:835][  0]LogTemp:Display: Loaded TP WindowsClientTargetPlatform
[2017.03.22-15.08.22:884][  0]LogTemp:Display: Loaded TP WindowsNoEditorTargetPlatform
[2017.03.22-15.08.22:932][  0]LogTemp:Display: Loaded TP WindowsServerTargetPlatform
[2017.03.22-15.08.22:973][  0]LogTemp:Display: Loaded TP WindowsTargetPlatform
[2017.03.22-15.08.23:020][  0]LogTemp:Display: Loaded TP AndroidTargetPlatform
[2017.03.22-15.08.23:067][  0]LogTemp:Display: Loaded TP Android_ASTCTargetPlatform
[2017.03.22-15.08.23:114][  0]LogTemp:Display: Loaded TP Android_ATCTargetPlatform
[2017.03.22-15.08.23:161][  0]LogTemp:Display: Loaded TP Android_DXTTargetPlatform
[2017.03.22-15.08.23:209][  0]LogTemp:Display: Loaded TP Android_ETC1TargetPlatform
[2017.03.22-15.08.23:256][  0]LogTemp:Display: Loaded TP Android_ETC2TargetPlatform
[2017.03.22-15.08.23:350][  0]LogTemp:Display: Loaded TP Android_MultiTargetPlatform
[2017.03.22-15.08.23:350][  0]LogTemp:Display: Loaded TP Android_PVRTCTargetPlatform
[2017.03.22-15.08.23:384][  0]LogTemp:Display: Loaded TP HTML5TargetPlatform
[2017.03.22-15.08.23:459][  0]LogTemp:Display: Loaded TP IOSTargetPlatform
[2017.03.22-15.08.23:488][  0]LogTemp:Display: Loaded TP TVOSTargetPlatform
[2017.03.22-15.08.23:534][  0]LogTemp:Display: Loaded TP LinuxClientTargetPlatform
[2017.03.22-15.08.23:580][  0]LogTemp:Display: Loaded TP LinuxNoEditorTargetPlatform
[2017.03.22-15.08.23:626][  0]LogTemp:Display: Loaded TP LinuxServerTargetPlatform
[2017.03.22-15.08.23:672][  0]LogTemp:Display: Loaded TP LinuxTargetPlatform
[2017.03.22-15.08.23:672][  0]LogTargetPlatformManager:Display: Building Assets For Windows
[2017.03.22-15.08.24:022][  0]LogDerivedDataCache:Display: Max Cache Size: 512 MB
[2017.03.22-15.08.24:077][  0]LogDerivedDataCache: Loaded boot cache 0.05s 52MB C:/Users/SIG/AppData/Local/UnrealEngine/4.14/DerivedDataCache/Boot.ddc.
[2017.03.22-15.08.24:077][  0]LogDerivedDataCache:Display: Loaded Boot cache: C:/Users/SIG/AppData/Local/UnrealEngine/4.14/DerivedDataCache/Boot.ddc
[2017.03.22-15.08.24:078][  0]LogDerivedDataCache: FDerivedDataBackendGraph:  Pak pak cache file ../../../../../../Users/SIG/Desktop/unreal-project-vry-paint-mar20.1/DerivedDataCache/DDC.ddp not found, will not use a pak cache.
[2017.03.22-15.08.24:078][  0]LogDerivedDataCache: Unable to find inner node Pak for hierarchical cache Hierarchy.
[2017.03.22-15.08.24:078][  0]LogDerivedDataCache: FDerivedDataBackendGraph:  CompressedPak pak cache file ../../../../../../Users/SIG/Desktop/unreal-project-vry-paint-mar20.1/DerivedDataCache/Compressed.ddp not found, will not use a pak cache.
[2017.03.22-15.08.24:078][  0]LogDerivedDataCache: Unable to find inner node CompressedPak for hierarchical cache Hierarchy.
[2017.03.22-15.08.24:092][  0]LogDerivedDataCache:Display: Pak cache opened for reading ../../../Engine/DerivedDataCache/Compressed.ddp.
[2017.03.22-15.08.24:104][  0]LogDerivedDataCache: Using Local data cache path C:/Users/SIG/AppData/Local/UnrealEngine/Common/DerivedDataCache: Writable
[2017.03.22-15.08.24:276][  0]LogInit: Selected Device Profile: [Windows]
[2017.03.22-15.08.24:279][  0]LogContentStreaming: Texture pool size is 0.00 MB
[2017.03.22-15.08.24:460][  0]LogMeshUtilities: Using QuadricMeshReduction for automatic static mesh reduction
[2017.03.22-15.08.24:502][  0]LogSimplygon: Simplygon DLL not present - disabling.
[2017.03.22-15.08.24:551][  0]LogMeshUtilities: Using SimplygonSwarm for distributed automatic mesh merging
[2017.03.22-15.08.24:551][  0]LogMeshUtilities: No automatic skeletal mesh reduction module available
[2017.03.22-15.08.24:551][  0]LogMeshUtilities: No automatic mesh merging module available
[2017.03.22-15.08.25:002][  0]LogNetVersion: GetLocalNetworkVersion: CL: 3195953, ProjectName: cis568vrypaint_mp, ProjectVersion: , EngineNetworkVersion: 2, GameNetworkVersion: 0, NetworkChecksum: 3560575784
[2017.03.22-15.08.25:054][  0]LogAssetRegistry: FAssetRegistry took 0.0217 seconds to start up
[2017.03.22-15.08.25:101][  0]LogPackageLocalizationCache: Processed 3 localized package path(s) for 2 prioritized culture(s) in 0.026491 seconds
[2017.03.22-15.08.25:106][  0]LogUObjectArray: 31953 objects as part of root set at end of initial load.
[2017.03.22-15.08.25:106][  0]LogUObjectAllocator: 7149672 out of 0 bytes used by permanent object pool.
[2017.03.22-15.08.25:106][  0]LogUObjectArray: CloseDisregardForGC: 0/0 objects in disregard for GC pool
[2017.03.22-15.08.25:825][  0]LogSlate: Using Freetype 2.6.0
[2017.03.22-15.08.25:825][  0]LogSlate: SlateFontCache - WITH_FREETYPE: 1, WITH_HARFBUZZ: 1
[2017.03.22-15.08.25:826][  0]LogSlate: SlateFontCache - WITH_FREETYPE: 1, WITH_HARFBUZZ: 1
[2017.03.22-15.08.26:540][  0]LogSubstanceCoreModule: Substance [CPU] Engine Loaded, Max Texture Size = 2048
[2017.03.22-15.08.26:568][  0]LogTcpMessaging: Initializing TcpMessaging bridge
[2017.03.22-15.08.26:608][  0]LogUdpMessaging: Initializing bridge on interface 0.0.0.0:0 to multicast group 230.0.0.1:6666.
[2017.03.22-15.08.26:884][  0]LogMaterial: Uniform references updated for custom material expression Custom.
[2017.03.22-15.08.27:218][  0]SourceControl: Info Source control is disabled
[2017.03.22-15.08.27:242][  0]SourceControl: Info Source control is disabled
[2017.03.22-15.08.27:284][  0]SourceControl: Info Source control is disabled
[2017.03.22-15.08.27:324][  0]SourceControl: Info Source control is disabled
[2017.03.22-15.08.28:500][  0]LogEngine: Initializing Engine...
[2017.03.22-15.08.28:520][  0]LogHMD: Failed to initialize OpenVR with code 108
[2017.03.22-15.08.28:520][  0]LogHMD: Oculus plugin initialized. Version: 4.14.3-3249277+++UE4+Release-4.14, LibOVR: 1.10.2, SDK: 1.8.0, built Jan  6 2017, 10:50:26
[2017.03.22-15.08.28:729][  0]LogAIModule: Creating AISystem for world Untitled
[2017.03.22-15.08.28:740][  0]LogInit: XAudio2 using 'Speakers / Headphones (Realtek High Definition Audio)' : 2 channels at 48 kHz using 32 bits per sample (channel mask 0x3)
[2017.03.22-15.08.28:753][  0]LogInit: FAudioDevice initialized.
[2017.03.22-15.08.28:780][  0]LogDerivedDataCache: Saved boot cache 0.03s 52MB C:/Users/SIG/AppData/Local/UnrealEngine/4.14/DerivedDataCache/Boot.ddc.
[2017.03.22-15.08.28:787][  0]LogInit: Texture streaming: Enabled
[2017.03.22-15.08.28:954][  0]LogInit: Transaction tracking system initialized
[2017.03.22-15.08.29:259][  0]BlueprintLog: New page: Editor Load
[2017.03.22-15.08.30:078][  0]LocalizationService: Info Localization service is disabled
[2017.03.22-15.08.30:651][  0]LogConsoleResponse:Display: 
[2017.03.22-15.08.30:768][  0]LogCook:Display: Max memory allowance for cook 16384mb min free memory 0mb
[2017.03.22-15.08.30:768][  0]LogCook:Display: Mobile HDR setting 1
[2017.03.22-15.08.30:791][  0]LogFileCache: Scanning file cache for directory 'C:/Users/SIG/Desktop/unreal-project-vry-paint-mar20.1/Content/' took 0.02s
[2017.03.22-15.08.31:597][  0]SourceControl: Info Source control is disabled
[2017.03.22-15.08.31:597][  0]Cmd: MAP LOAD FILE="../../../../../../Users/SIG/Desktop/unreal-project-vry-paint-mar20.1/Content/FirstPersonBP/Maps/Lobby.umap" TEMPLATE=0 SHOWPROGRESS=1 FEATURELEVEL=3
[2017.03.22-15.08.31:598][  0]LightingResults: New page: Lighting Build
[2017.03.22-15.08.31:633][  0]MapCheck: New page: Map Check
[2017.03.22-15.08.31:633][  0]LightingResults: New page: Lighting Build
[2017.03.22-15.08.31:845][  0]LogAIModule: Creating AISystem for world Lobby
[2017.03.22-15.08.31:851][  0]LogEditorServer: Finished looking for orphan Actors (0.000 secs)
[2017.03.22-15.08.31:851][  0]Cmd: MAP CHECKDEP NOCLEARLOG
[2017.03.22-15.08.31:889][  0]MapCheck: Info Map check complete: 0 Error(s), 0 Warning(s), took 37.246ms to complete.
[2017.03.22-15.08.31:889][  0]LogFileHelpers: Loading map 'Lobby' took 0.291
[2017.03.22-15.08.32:014][  0]LogCollectionManager: Loaded 1 collections in 0.002068 seconds
[2017.03.22-15.08.32:090][  0]LogFileCache: Scanning file cache for directory 'C:/Users/SIG/Desktop/unreal-project-vry-paint-mar20.1/Saved/Collections/' took 0.01s
[2017.03.22-15.08.32:090][  0]LogFileCache: Scanning file cache for directory 'C:/Users/SIG/Desktop/unreal-project-vry-paint-mar20.1/Content/Developers/SIG/Collections/' took 0.01s
[2017.03.22-15.08.32:090][  0]LogFileCache: Scanning file cache for directory 'C:/Users/SIG/Desktop/unreal-project-vry-paint-mar20.1/Content/Collections/' took 0.01s
[2017.03.22-15.08.32:090][  0]LogCollectionManager: Rebuilt the GUID cache for 1 collections in 0.000004 seconds
[2017.03.22-15.08.32:090][  0]LogCollectionManager: Rebuilt the hierarchy cache for 1 collections in 0.000000 seconds
[2017.03.22-15.08.32:098][  0]LogContentBrowser: Native class hierarchy populated in 0.0075 seconds. Added 2206 classes and 437 folders.
[2017.03.22-15.08.32:135][  0]LogStats: UGameplayTagsManager::ConstructGameplayTagTree: Construct from data asset -  0.000 s
[2017.03.22-15.08.32:135][  0]LogStats: UGameplayTagsManager::ConstructGameplayTagTree: GameplayTagTreeChangedEvent.Broadcast -  0.000 s
[2017.03.22-15.08.32:135][  0]LogContentBrowser: Native class hierarchy updated for 'GameplayTags' in 0.0005 seconds. Added 13 classes and 0 folders.
[2017.03.22-15.08.32:190][  0]LogContentBrowser: Native class hierarchy updated for 'WidgetCarousel' in 0.0004 seconds. Added 0 classes and 0 folders.
[2017.03.22-15.08.32:223][  0]LogContentBrowser: Native class hierarchy updated for 'AddContentDialog' in 0.0004 seconds. Added 0 classes and 0 folders.
[2017.03.22-15.08.32:263][  0]LogContentBrowser: Native class hierarchy updated for 'SceneOutliner' in 0.0005 seconds. Added 1 classes and 2 folders.
[2017.03.22-15.08.32:327][  0]LogCrashTracker: Crashtracker disabled due to settings.
[2017.03.22-15.08.32:332][  0]LogUObjectGlobals:Warning: Failed to find object 'Class None.'
[2017.03.22-15.08.32:393][  0]LogContentBrowser: Native class hierarchy updated for 'HierarchicalLODOutliner' in 0.0004 seconds. Added 1 classes and 2 folders.
[2017.03.22-15.08.32:393][  0]LogLoad: (Engine Initialization) Total time: 13.48 seconds
[2017.03.22-15.08.32:393][  0]LogLoad: (Engine Initialization) Total Blueprint compile time: 0.12 seconds
[2017.03.22-15.08.32:393][  0]LogExternalProfiler: Found external profiler: VSPerf
[2017.03.22-15.08.32:393][  0]LogExternalProfiler: Using external profiler: VSPerf
[2017.03.22-15.08.32:732][  0]LogOcInput: OculusInput pre-init called
[2017.03.22-15.08.32:743][  0]LogOcInput: OculusInput is initialized. Init status 0. Runtime version: 1.10.2
[2017.03.22-15.08.32:761][  0]LogContentStreaming: Texture pool size now 1000 MB
[2017.03.22-15.08.33:080][  1]LogRenderer: Reallocating scene render targets to support 1240x568 NumSamples 1 (Frame:2).
[2017.03.22-15.08.33:080][  1]LogAssetRegistry: Asset discovery search completed in 8.0479 seconds
[2017.03.22-15.08.33:080][  1]LogCollectionManager: Rebuilt the object cache for 1 collections in 0.000007 seconds (found 0 objects)
[2017.03.22-15.08.33:080][  1]LogCollectionManager: Fixed up redirectors for 1 collections in 0.000022 seconds (updated 0 objects)
[2017.03.22-15.08.41:374][ 38]LogContentBrowser: Native class hierarchy updated for 'BlueprintGraph' in 0.0008 seconds. Added 111 classes and 0 folders.
[2017.03.22-15.08.42:371][ 38]PIE:Warning: Warning Invalid Simulate Options: Body (ArrowBP_C_1.Capsule) is set to simulate physics but Collision Enabled is incompatible
[2017.03.22-15.08.42:371][ 38]PIE:Warning: Warning Invalid Simulate Options: Body (ArrowBP_C_1.Capsule) is set to simulate physics but Collision Enabled is incompatible
[2017.03.22-15.10.22:651][918]LogSavePackage: Save=90.75ms
[2017.03.22-15.10.22:651][918]LogSavePackage: Moving '../../../../../../Users/SIG/Desktop/unreal-project-vry-paint-mar20.1/Saved/UEDPCLobby16DE49CF4B0647E71049DB8167A017A0.tmp' to '../../../../../../Users/SIG/Desktop/unreal-project-vry-paint-mar20.1/Saved/Autosaves/Game/FirstPersonBP/Maps/UEDPCLobby.umap'
[2017.03.22-15.10.22:652][918]LogSavePackage:Display: Finished SavePackage ../../../../../../Users/SIG/Desktop/unreal-project-vry-paint-mar20.1/Saved/Autosaves/Game/FirstPersonBP/Maps/UEDPCLobby.umap
[2017.03.22-15.10.22:687][918]LogSavePackage: Save=26.68ms
[2017.03.22-15.10.22:687][918]LogSavePackage: Moving '../../../../../../Users/SIG/Desktop/unreal-project-vry-paint-mar20.1/Saved/Lobby_BuiltDataAC94B68A497A24293EEBB88F2E7A8B6C.tmp' to '../../../../../../Users/SIG/Desktop/unreal-project-vry-paint-mar20.1/Content/FirstPersonBP/Maps/Lobby_BuiltData.uasset'
[2017.03.22-15.10.22:689][918]LogSavePackage:Display: Finished SavePackage ../../../../../../Users/SIG/Desktop/unreal-project-vry-paint-mar20.1/Content/FirstPersonBP/Maps/Lobby_BuiltData.uasset
[2017.03.22-15.10.22:692][918]LogEditorTransaction: Undo Spawn Play From Here Start
[2017.03.22-15.14.56:270][492]LogSavePackage: Save=87.71ms
[2017.03.22-15.14.56:270][492]LogSavePackage: Moving '../../../../../../Users/SIG/Desktop/unreal-project-vry-paint-mar20.1/Saved/UEDPCLobby54A8B2DE465CD241CC2954A9FF52B431.tmp' to '../../../../../../Users/SIG/Desktop/unreal-project-vry-paint-mar20.1/Saved/Autosaves/Game/FirstPersonBP/Maps/UEDPCLobby.umap'
[2017.03.22-15.14.56:271][492]LogSavePackage:Display: Finished SavePackage ../../../../../../Users/SIG/Desktop/unreal-project-vry-paint-mar20.1/Saved/Autosaves/Game/FirstPersonBP/Maps/UEDPCLobby.umap
