Log file open, 03/22/17 10:59:22
LogInit:Display: Running engine for game: CIS568VRYPaint_mp
LogPlatformFile: Not using cached read wrapper
LogInit:Display: RandInit(-944479524) SRandInit(-944479523).
LogTaskGraph: Started task graph with 5 named threads and 8 total threads with 1 sets of task threads.
LogStats: Stats thread started at 0.656459
LogPluginManager: Loaded Plugin Paper2D, From C:/Program Files (x86)/Epic Games/4.14/Engine/Plugins/2D/Paper2D/Paper2D.uplugin
LogPluginManager: Loaded Plugin LightPropagationVolume, From C:/Program Files (x86)/Epic Games/4.14/Engine/Plugins/Blendables/LightPropagationVolume/LightPropagationVolume.uplugin
LogPluginManager: Loaded Plugin BlankPlugin, From C:/Program Files (x86)/Epic Games/4.14/Engine/Plugins/Developer/BlankPlugin/BlankPlugin.uplugin
LogPluginManager: Loaded Plugin CodeLiteSourceCodeAccess, From C:/Program Files (x86)/Epic Games/4.14/Engine/Plugins/Developer/CodeLiteSourceCodeAccess/CodeLiteSourceCodeAccess.uplugin
LogPluginManager: Loaded Plugin GitSourceControl, From C:/Program Files (x86)/Epic Games/4.14/Engine/Plugins/Developer/GitSourceControl/GitSourceControl.uplugin
LogPluginManager: Loaded Plugin KDevelopSourceCodeAccess, From C:/Program Files (x86)/Epic Games/4.14/Engine/Plugins/Developer/KDevelopSourceCodeAccess/KDevelopSourceCodeAccess.uplugin
LogPluginManager: Loaded Plugin NullSourceCodeAccess, From C:/Program Files (x86)/Epic Games/4.14/Engine/Plugins/Developer/NullSourceCodeAccess/NullSourceCodeAccess.uplugin
LogPluginManager: Loaded Plugin OneSkyLocalizationService, From C:/Program Files (x86)/Epic Games/4.14/Engine/Plugins/Developer/OneSkyLocalizationService/OneSkyLocalizationService.uplugin
LogPluginManager: Loaded Plugin PerforceSourceControl, From C:/Program Files (x86)/Epic Games/4.14/Engine/Plugins/Developer/PerforceSourceControl/PerforceSourceControl.uplugin
LogPluginManager: Loaded Plugin SubversionSourceControl, From C:/Program Files (x86)/Epic Games/4.14/Engine/Plugins/Developer/SubversionSourceControl/SubversionSourceControl.uplugin
LogPluginManager: Loaded Plugin UObjectPlugin, From C:/Program Files (x86)/Epic Games/4.14/Engine/Plugins/Developer/UObjectPlugin/UObjectPlugin.uplugin
LogPluginManager: Loaded Plugin VisualStudioSourceCodeAccess, From C:/Program Files (x86)/Epic Games/4.14/Engine/Plugins/Developer/VisualStudioSourceCodeAccess/VisualStudioSourceCodeAccess.uplugin
LogPluginManager: Loaded Plugin XCodeSourceCodeAccess, From C:/Program Files (x86)/Epic Games/4.14/Engine/Plugins/Developer/XCodeSourceCodeAccess/XCodeSourceCodeAccess.uplugin
LogPluginManager: Loaded Plugin AudioCapture, From C:/Program Files (x86)/Epic Games/4.14/Engine/Plugins/Editor/AudioCapture/AudioCapture.uplugin
LogPluginManager: Loaded Plugin EpicSurvey, From C:/Program Files (x86)/Epic Games/4.14/Engine/Plugins/Editor/EpicSurvey/EpicSurvey.uplugin
LogPluginManager: Loaded Plugin MacGraphicsSwitching, From C:/Program Files (x86)/Epic Games/4.14/Engine/Plugins/Editor/MacGraphicsSwitching/MacGraphicsSwitching.uplugin
LogPluginManager: Loaded Plugin MobileLauncherProfileWizard, From C:/Program Files (x86)/Epic Games/4.14/Engine/Plugins/Editor/MobileLauncherProfileWizard/MobileLauncherProfileWizard.uplugin
LogPluginManager: Loaded Plugin PluginBrowser, From C:/Program Files (x86)/Epic Games/4.14/Engine/Plugins/Editor/PluginBrowser/PluginBrowser.uplugin
LogPluginManager: Loaded Plugin SpeedTreeImporter, From C:/Program Files (x86)/Epic Games/4.14/Engine/Plugins/Editor/SpeedTreeImporter/SpeedTreeImporter.uplugin
LogPluginManager: Loaded Plugin SuperSearchEditor, From C:/Program Files (x86)/Epic Games/4.14/Engine/Plugins/Editor/SuperSearchEditor/SuperSearchEditor.uplugin
LogPluginManager: Loaded Plugin AlembicImporter, From C:/Program Files (x86)/Epic Games/4.14/Engine/Plugins/Experimental/AlembicImporter/AlembicImporter.uplugin
LogPluginManager: Loaded Plugin BlueprintStats, From C:/Program Files (x86)/Epic Games/4.14/Engine/Plugins/Experimental/BlueprintStats/BlueprintStats.uplugin
LogPluginManager: Loaded Plugin CharacterAI, From C:/Program Files (x86)/Epic Games/4.14/Engine/Plugins/Experimental/CharacterAI/CharacterAI.uplugin
LogPluginManager: Loaded Plugin CodeEditor, From C:/Program Files (x86)/Epic Games/4.14/Engine/Plugins/Experimental/CodeEditor/CodeEditor.uplugin
LogPluginManager: Loaded Plugin CodeView, From C:/Program Files (x86)/Epic Games/4.14/Engine/Plugins/Experimental/CodeView/CodeView.uplugin
LogPluginManager: Loaded Plugin HTML5Networking, From C:/Program Files (x86)/Epic Games/4.14/Engine/Plugins/Experimental/HTML5Networking/HTML5Networking.uplugin
LogPluginManager: Loaded Plugin OSVR, From C:/Program Files (x86)/Epic Games/4.14/Engine/Plugins/Experimental/OSVR/OSVR.uplugin
LogPluginManager: Loaded Plugin Phya, From C:/Program Files (x86)/Epic Games/4.14/Engine/Plugins/Experimental/Phya/Phya.uplugin
LogPluginManager: Loaded Plugin SignificanceManager, From C:/Program Files (x86)/Epic Games/4.14/Engine/Plugins/Experimental/SignificanceManager/SignificanceManager.uplugin
LogPluginManager: Loaded Plugin SimpleHMD, From C:/Program Files (x86)/Epic Games/4.14/Engine/Plugins/Experimental/SimpleHMD/SimpleHMD.uplugin
LogPluginManager: Loaded Plugin StereoPanorama, From C:/Program Files (x86)/Epic Games/4.14/Engine/Plugins/Experimental/StereoPanorama/StereoPanorama.uplugin
LogPluginManager: Loaded Plugin StructBox, From C:/Program Files (x86)/Epic Games/4.14/Engine/Plugins/Experimental/StructBox/StructBox.uplugin
LogPluginManager: Loaded Plugin Substance, From C:/Program Files (x86)/Epic Games/4.14/Engine/Plugins/Marketplace/Substance/Substance.uplugin
LogPluginManager: Loaded Plugin AndroidMedia, From C:/Program Files (x86)/Epic Games/4.14/Engine/Plugins/Media/AndroidMedia/AndroidMedia.uplugin
LogPluginManager: Loaded Plugin AvfMedia, From C:/Program Files (x86)/Epic Games/4.14/Engine/Plugins/Media/AvfMedia/AvfMedia.uplugin
LogPluginManager: Loaded Plugin MediaPlayerEditor, From C:/Program Files (x86)/Epic Games/4.14/Engine/Plugins/Media/MediaPlayerEditor/MediaPlayerEditor.uplugin
LogPluginManager: Loaded Plugin WmfMedia, From C:/Program Files (x86)/Epic Games/4.14/Engine/Plugins/Media/WmfMedia/WmfMedia.uplugin
LogPluginManager: Loaded Plugin MessagingDebugger, From C:/Program Files (x86)/Epic Games/4.14/Engine/Plugins/Messaging/MessagingDebugger/MessagingDebugger.uplugin
LogPluginManager: Loaded Plugin TcpMessaging, From C:/Program Files (x86)/Epic Games/4.14/Engine/Plugins/Messaging/TcpMessaging/TcpMessaging.uplugin
LogPluginManager: Loaded Plugin UdpMessaging, From C:/Program Files (x86)/Epic Games/4.14/Engine/Plugins/Messaging/UdpMessaging/UdpMessaging.uplugin
LogPluginManager: Loaded Plugin LevelSequenceEditor, From C:/Program Files (x86)/Epic Games/4.14/Engine/Plugins/MovieScene/LevelSequenceEditor/LevelSequenceEditor.uplugin
LogPluginManager: Loaded Plugin MatineeToLevelSequence, From C:/Program Files (x86)/Epic Games/4.14/Engine/Plugins/MovieScene/MatineeToLevelSequence/MatineeToLevelSequence.uplugin
LogPluginManager: Loaded Plugin NetcodeUnitTest, From C:/Program Files (x86)/Epic Games/4.14/Engine/Plugins/NetcodeUnitTest/NetcodeUnitTest/NetcodeUnitTest.uplugin
LogPluginManager: Loaded Plugin NUTUnrealEngine4, From C:/Program Files (x86)/Epic Games/4.14/Engine/Plugins/NetcodeUnitTest/NUTUnrealEngine4/NUTUnrealEngine4.uplugin
LogPluginManager: Loaded Plugin OnlineSubsystemGameCircle, From C:/Program Files (x86)/Epic Games/4.14/Engine/Plugins/Online/Android/OnlineSubsystemGameCircle/OnlineSubsystemGameCircle.uplugin
LogPluginManager: Loaded Plugin OnlineSubsystemGooglePlay, From C:/Program Files (x86)/Epic Games/4.14/Engine/Plugins/Online/Android/OnlineSubsystemGooglePlay/OnlineSubsystemGooglePlay.uplugin
LogPluginManager: Loaded Plugin OnlineSubsystemIOS, From C:/Program Files (x86)/Epic Games/4.14/Engine/Plugins/Online/IOS/OnlineSubsystemIOS/OnlineSubsystemIOS.uplugin
LogPluginManager: Loaded Plugin OnlineFramework, From C:/Program Files (x86)/Epic Games/4.14/Engine/Plugins/Online/OnlineFramework/OnlineFramework.uplugin
LogPluginManager: Loaded Plugin OnlineSubsystem, From C:/Program Files (x86)/Epic Games/4.14/Engine/Plugins/Online/OnlineSubsystem/OnlineSubsystem.uplugin
LogPluginManager: Loaded Plugin OnlineSubsystemAmazon, From C:/Program Files (x86)/Epic Games/4.14/Engine/Plugins/Online/OnlineSubsystemAmazon/OnlineSubsystemAmazon.uplugin
LogPluginManager: Loaded Plugin OnlineSubsystemFacebook, From C:/Program Files (x86)/Epic Games/4.14/Engine/Plugins/Online/OnlineSubsystemFacebook/OnlineSubsystemFacebook.uplugin
LogPluginManager: Loaded Plugin OnlineSubsystemNull, From C:/Program Files (x86)/Epic Games/4.14/Engine/Plugins/Online/OnlineSubsystemNull/OnlineSubsystemNull.uplugin
LogPluginManager: Loaded Plugin OnlineSubsystemOculus, From C:/Program Files (x86)/Epic Games/4.14/Engine/Plugins/Online/OnlineSubsystemOculus/OnlineSubsystemOculus.uplugin
LogPluginManager: Loaded Plugin OnlineSubsystemSteam, From C:/Program Files (x86)/Epic Games/4.14/Engine/Plugins/Online/OnlineSubsystemSteam/OnlineSubsystemSteam.uplugin
LogPluginManager: Loaded Plugin OnlineSubsystemUtils, From C:/Program Files (x86)/Epic Games/4.14/Engine/Plugins/Online/OnlineSubsystemUtils/OnlineSubsystemUtils.uplugin
LogPluginManager: Loaded Plugin IOSTapJoy, From C:/Program Files (x86)/Epic Games/4.14/Engine/Plugins/Runtime/Advertising/IOSTapJoy/IOSTapJoy.uplugin
LogPluginManager: Loaded Plugin AnalyticsBlueprintLibrary, From C:/Program Files (x86)/Epic Games/4.14/Engine/Plugins/Runtime/Analytics/AnalyticsBlueprintLibrary/AnalyticsBlueprintLibrary.uplugin
LogPluginManager: Loaded Plugin AnalyticsMulticast, From C:/Program Files (x86)/Epic Games/4.14/Engine/Plugins/Runtime/Analytics/AnalyticsMulticast/AnalyticsMulticast.uplugin
LogPluginManager: Loaded Plugin Apsalar, From C:/Program Files (x86)/Epic Games/4.14/Engine/Plugins/Runtime/Analytics/Apsalar/Apsalar.uplugin
LogPluginManager: Loaded Plugin FileLogging, From C:/Program Files (x86)/Epic Games/4.14/Engine/Plugins/Runtime/Analytics/FileLogging/FileLogging.uplugin
LogPluginManager: Loaded Plugin Flurry, From C:/Program Files (x86)/Epic Games/4.14/Engine/Plugins/Runtime/Analytics/Flurry/Flurry.uplugin
LogPluginManager: Loaded Plugin AndroidDeviceProfileSelector, From C:/Program Files (x86)/Epic Games/4.14/Engine/Plugins/Runtime/AndroidDeviceProfileSelector/AndroidDeviceProfileSelector.uplugin
LogPluginManager: Loaded Plugin AndroidMoviePlayer, From C:/Program Files (x86)/Epic Games/4.14/Engine/Plugins/Runtime/AndroidMoviePlayer/AndroidMoviePlayer.uplugin
LogPluginManager: Loaded Plugin AppleMoviePlayer, From C:/Program Files (x86)/Epic Games/4.14/Engine/Plugins/Runtime/AppleMoviePlayer/AppleMoviePlayer.uplugin
LogPluginManager: Loaded Plugin ArchVisCharacter, From C:/Program Files (x86)/Epic Games/4.14/Engine/Plugins/Runtime/ArchVisCharacter/ArchVisCharacter.uplugin
LogPluginManager: Loaded Plugin CableComponent, From C:/Program Files (x86)/Epic Games/4.14/Engine/Plugins/Runtime/CableComponent/CableComponent.uplugin
LogPluginManager: Loaded Plugin CustomMeshComponent, From C:/Program Files (x86)/Epic Games/4.14/Engine/Plugins/Runtime/CustomMeshComponent/CustomMeshComponent.uplugin
LogPluginManager: Loaded Plugin ExampleDeviceProfileSelector, From C:/Program Files (x86)/Epic Games/4.14/Engine/Plugins/Runtime/ExampleDeviceProfileSelector/ExampleDeviceProfileSelector.uplugin
LogPluginManager: Loaded Plugin GearVR, From C:/Program Files (x86)/Epic Games/4.14/Engine/Plugins/Runtime/GearVR/GearVR.uplugin
LogPluginManager: Loaded Plugin GoogleVRController, From C:/Program Files (x86)/Epic Games/4.14/Engine/Plugins/Runtime/GoogleVR/GoogleVRController/GoogleVRController.uplugin
LogPluginManager: Loaded Plugin GoogleVRHMD, From C:/Program Files (x86)/Epic Games/4.14/Engine/Plugins/Runtime/GoogleVR/GoogleVRHMD/GoogleVRHMD.uplugin
LogPluginManager: Loaded Plugin IOSDeviceProfileSelector, From C:/Program Files (x86)/Epic Games/4.14/Engine/Plugins/Runtime/IOSDeviceProfileSelector/IOSDeviceProfileSelector.uplugin
LogPluginManager: Loaded Plugin LeapMotion, From C:/Program Files (x86)/Epic Games/4.14/Engine/Plugins/Runtime/LeapMotion/LeapMotion.uplugin
LogPluginManager: Loaded Plugin LinuxDeviceProfileSelector, From C:/Program Files (x86)/Epic Games/4.14/Engine/Plugins/Runtime/LinuxDeviceProfileSelector/LinuxDeviceProfileSelector.uplugin
LogPluginManager: Loaded Plugin MIDIDevice, From C:/Program Files (x86)/Epic Games/4.14/Engine/Plugins/Runtime/MIDIDevice/MIDIDevice.uplugin
LogPluginManager: Loaded Plugin MobilePatchingUtils, From C:/Program Files (x86)/Epic Games/4.14/Engine/Plugins/Runtime/MobilePatchingUtils/MobilePatchingUtils.uplugin
LogPluginManager: Loaded Plugin Ansel, From C:/Program Files (x86)/Epic Games/4.14/Engine/Plugins/Runtime/Nvidia/Ansel/Ansel.uplugin
LogPluginManager: Loaded Plugin OculusAudio, From C:/Program Files (x86)/Epic Games/4.14/Engine/Plugins/Runtime/OculusAudio/OculusAudio.uplugin
LogPluginManager: Loaded Plugin OculusInput, From C:/Program Files (x86)/Epic Games/4.14/Engine/Plugins/Runtime/OculusInput/OculusInput.uplugin
LogPluginManager: Loaded Plugin OculusLibrary, From C:/Program Files (x86)/Epic Games/4.14/Engine/Plugins/Runtime/OculusLibrary/OculusLibrary.uplugin
LogPluginManager: Loaded Plugin OculusRift, From C:/Program Files (x86)/Epic Games/4.14/Engine/Plugins/Runtime/OculusRift/OculusRift.uplugin
LogPluginManager: Loaded Plugin Oodle, From C:/Program Files (x86)/Epic Games/4.14/Engine/Plugins/Runtime/PacketHandlers/CompressionComponents/Oodle/Oodle.uplugin
LogPluginManager: Loaded Plugin ProceduralMeshComponent, From C:/Program Files (x86)/Epic Games/4.14/Engine/Plugins/Runtime/ProceduralMeshComponent/ProceduralMeshComponent.uplugin
LogPluginManager: Loaded Plugin SoundMod, From C:/Program Files (x86)/Epic Games/4.14/Engine/Plugins/Runtime/SoundMod/SoundMod.uplugin
LogPluginManager: Loaded Plugin SoundVisualizations, From C:/Program Files (x86)/Epic Games/4.14/Engine/Plugins/Runtime/SoundVisualizations/SoundVisualizations.uplugin
LogPluginManager: Loaded Plugin SteamController, From C:/Program Files (x86)/Epic Games/4.14/Engine/Plugins/Runtime/Steam/SteamController/SteamController.uplugin
LogPluginManager: Loaded Plugin SteamVR, From C:/Program Files (x86)/Epic Games/4.14/Engine/Plugins/Runtime/Steam/SteamVR/SteamVR.uplugin
LogPluginManager: Loaded Plugin WebBrowserWidget, From C:/Program Files (x86)/Epic Games/4.14/Engine/Plugins/Runtime/WebBrowserWidget/WebBrowserWidget.uplugin
LogPluginManager: Loaded Plugin WindowsDeviceProfileSelector, From C:/Program Files (x86)/Epic Games/4.14/Engine/Plugins/Runtime/WindowsDeviceProfileSelector/WindowsDeviceProfileSelector.uplugin
LogPluginManager: Loaded Plugin WindowsMoviePlayer, From C:/Program Files (x86)/Epic Games/4.14/Engine/Plugins/Runtime/WindowsMoviePlayer/WindowsMoviePlayer.uplugin
LogPluginManager: Loaded Plugin ScriptPlugin, From C:/Program Files (x86)/Epic Games/4.14/Engine/Plugins/ScriptPlugin/ScriptPlugin.uplugin
LogPluginManager: Loaded Plugin SlateRemote, From C:/Program Files (x86)/Epic Games/4.14/Engine/Plugins/Slate/SlateRemote/SlateRemote.uplugin
LogPluginManager: Loaded Plugin EditorTests, From C:/Program Files (x86)/Epic Games/4.14/Engine/Plugins/Tests/EditorTests/EditorTests.uplugin
LogPluginManager: Loaded Plugin FbxAutomationTestBuilder, From C:/Program Files (x86)/Epic Games/4.14/Engine/Plugins/Tests/FbxAutomationTestBuilder/FbxAutomationTestBuilder.uplugin
LogPluginManager: Loaded Plugin FunctionalTestingEditor, From C:/Program Files (x86)/Epic Games/4.14/Engine/Plugins/Tests/FunctionalTestingEditor/FunctionalTestingEditor.uplugin
LogPluginManager: Loaded Plugin RuntimeTests, From C:/Program Files (x86)/Epic Games/4.14/Engine/Plugins/Tests/RuntimeTests/RuntimeTests.uplugin
LogPluginManager: Loaded Plugin ScreenshotTools, From C:/Program Files (x86)/Epic Games/4.14/Engine/Plugins/Tests/ScreenshotTools/ScreenshotTools.uplugin
LogInit: Using libcurl 7.47.1
LogInit:  - built for x86_64-pc-win32
LogInit:  - supports SSL with OpenSSL/1.0.2g
LogInit:  - supports HTTP deflate (compression) using libz 1.2.8
LogInit:  - other features:
LogInit:      CURL_VERSION_SSL
LogInit:      CURL_VERSION_LIBZ
LogInit:      CURL_VERSION_IPV6
LogInit:      CURL_VERSION_ASYNCHDNS
LogInit:      CURL_VERSION_LARGEFILE
LogInit:      CURL_VERSION_IDN
LogInit:  CurlRequestOptions (configurable via config and command line):
LogInit:  - bVerifyPeer = false  - Libcurl will NOT verify peer certificate
LogInit:  - bUseHttpProxy = false  - Libcurl will NOT use HTTP proxy
LogInit:  - bDontReuseConnections = false  - Libcurl will reuse connections
LogInit:  - CertBundlePath = nullptr  - Libcurl will use whatever was configured at build time.
LogOnline:Display: STEAM: Loading Steam SDK 1.32
LogOnline:Warning: STEAM: Steam API disabled!
LogOnline:Display: STEAM: OnlineSubsystemSteam::Shutdown()
LogInit: WinSock: version 1.1 (2.2), MaxSocks=32767, MaxUdp=65467
OCULUS: Info: [CAPI] LibOVR module is located at C:\Program Files\Oculus\Support\oculus-runtime\LibOVRRT64_1.dll
OCULUS: Debug: Connected to the server running version (prod = 1).1.10.2(build = 321138) feature version = 0. Client runs version (prod = 1).1.10.2(build = 321138) feature version = 0
LogInit: Build: ++UE4+Release-4.14-CL-3249277
LogInit: Engine Version: 4.14.3-3249277+++UE4+Release-4.14
LogInit: Compatible Engine Version: 4.14.0-3195953+++UE4+Release-4.14
LogInit: Net CL: 3195953
LogDevObjectVersion: Number of dev versions registered: 13
LogDevObjectVersion:   Dev-Blueprints (B0D832E4-1F89-4F0D-ACCF-7EB736FD4AA2): 7
LogDevObjectVersion:   Dev-Build (E1C64328-A22C-4D53-A36C-8E866417BD8C): 0
LogDevObjectVersion:   Dev-Core (375EC13C-06E4-48FB-B500-84F0262A717E): 1
LogDevObjectVersion:   Dev-Editor (E4B068ED-F494-42E9-A231-DA0B2E46BB41): 8
LogDevObjectVersion:   Dev-Framework (CFFC743F-43B0-4480-9391-14DF171D2073): 17
LogDevObjectVersion:   Dev-Mobile (B02B49B5-BB20-44E9-A304-32B752E40360): 0
LogDevObjectVersion:   Dev-Networking (A4E4105C-59A1-49B5-A7C5-40C4547EDFEE): 0
LogDevObjectVersion:   Dev-Online (39C831C9-5AE6-47DC-9A44-9C173E1C8E7C): 0
LogDevObjectVersion:   Dev-Physics (78F01B33-EBEA-4F98-B9B4-84EACCB95AA2): 0
LogDevObjectVersion:   Dev-Platform (6631380F-2D4D-43E0-8009-CF276956A95A): 0
LogDevObjectVersion:   Dev-Rendering (12F88B9F-8875-4AFC-A67C-D90C383ABD29): 12
LogDevObjectVersion:   Dev-Sequencer (7B5AE74C-D270-4C10-A958-57980B212A5A): 1
LogDevObjectVersion:   Dev-VR (D7296918-1DD6-4BDD-9DE2-64A83CC13884): 0
LogInit: Compiled (64-bit): Jan  6 2017 10:49:43
LogInit: Compiled with Visual C++: 19.00.23026.00
LogInit: Build Configuration: Development
LogInit: Branch Name: ++UE4+Release-4.14
LogInit: Command line:  
LogInit: Base directory: C:/Program Files (x86)/Epic Games/4.14/Engine/Binaries/Win64/
LogInit: Installed Engine Build: 1
LogInit: Presizing for max 8388607 objects, including 0 objects not considered by GC, pre-allocating 0 bytes for permanent pool.
LogInit: Object subsystem initialized
[2017.03.22-14.59.23:714][  0]LogInit: Selected Device Profile: [Windows]
[2017.03.22-14.59.23:714][  0]LogInit: Applying CVar settings loaded from the selected device profile: [Windows]
[2017.03.22-14.59.23:762][  0]LogInit: Computer: SIGLAB-VR5
[2017.03.22-14.59.23:762][  0]LogInit: User: SIG
[2017.03.22-14.59.23:762][  0]LogInit: CPU Page size=65536, Cores=4
[2017.03.22-14.59.23:762][  0]LogInit: High frequency timer resolution =3.604934 MHz
[2017.03.22-14.59.23:762][  0]LogMemory: Memory total: Physical=31.9GB (32GB approx)
[2017.03.22-14.59.23:762][  0]LogMemory: Platform Memory Stats for Windows
[2017.03.22-14.59.23:762][  0]LogMemory: Process Physical Memory: 277.15 MB used, 277.15 MB peak
[2017.03.22-14.59.23:762][  0]LogMemory: Process Virtual Memory: 270.28 MB used, 270.28 MB peak
[2017.03.22-14.59.23:762][  0]LogMemory: Physical Memory: 3331.88 MB used,  29358.42 MB free, 32690.30 MB total
[2017.03.22-14.59.23:762][  0]LogMemory: Virtual Memory: 731.89 MB used,  29358.42 MB free, 134217728.00 MB total
[2017.03.22-14.59.24:134][  0]LogTextLocalizationManager: No specific translations for ('en-US') exist, so ('en') translations will be used.
[2017.03.22-14.59.26:819][  0]LogD3D11RHI: D3D11 adapters:
[2017.03.22-14.59.26:859][  0]LogD3D11RHI:    0. 'NVIDIA GeForce GTX 1070' (Feature Level 11_0)
[2017.03.22-14.59.26:859][  0]LogD3D11RHI:       8120/0/16345 MB DedicatedVideo/DedicatedSystem/SharedSystem, Outputs:2, VendorId:0x10de
[2017.03.22-14.59.26:861][  0]LogD3D11RHI:    1. 'Microsoft Basic Render Driver' (Feature Level 11_0)
[2017.03.22-14.59.26:861][  0]LogD3D11RHI:       0/0/16345 MB DedicatedVideo/DedicatedSystem/SharedSystem, Outputs:0, VendorId:0x1414
[2017.03.22-14.59.26:861][  0]LogD3D11RHI: Chosen D3D11 Adapter: 0
[2017.03.22-14.59.26:867][  0]LogD3D11RHI: Creating new Direct3DDevice
[2017.03.22-14.59.26:868][  0]LogD3D11RHI:     GPU DeviceId: 0x1b81 (for the marketing name, search the web for "GPU Device Id")
[2017.03.22-14.59.26:868][  0]LogWindows: EnumDisplayDevices:
[2017.03.22-14.59.26:868][  0]LogWindows:    0. 'NVIDIA GeForce GTX 1070' (P:0 D:1)
[2017.03.22-14.59.26:868][  0]LogWindows:    1. 'NVIDIA GeForce GTX 1070' (P:1 D:1)
[2017.03.22-14.59.26:868][  0]LogWindows:    2. 'NVIDIA GeForce GTX 1070' (P:0 D:0)
[2017.03.22-14.59.26:868][  0]LogWindows:    3. 'NVIDIA GeForce GTX 1070' (P:0 D:0)
[2017.03.22-14.59.26:868][  0]LogWindows: DebugString: FoundDriverCount:4 
[2017.03.22-14.59.26:868][  0]LogD3D11RHI:     Adapter Name: NVIDIA GeForce GTX 1070
[2017.03.22-14.59.26:868][  0]LogD3D11RHI:   Driver Version: 378.49 (internal:21.21.13.7849, unified:378.49)
[2017.03.22-14.59.26:868][  0]LogD3D11RHI:      Driver Date: 1-20-2017
[2017.03.22-14.59.26:869][  0]LogRHI: Texture pool is 1361 MB (70% of 1945 MB)
[2017.03.22-14.59.26:886][  0]LogD3D11RHI: Async texture creation enabled
[2017.03.22-14.59.26:919][  0]LogD3D11RHI: GPU Timing Frequency: 1000.000000 (Debug: 2 1)
[2017.03.22-14.59.26:926][  0]LogShaderCompilers: Guid format shader working directory is -24 characters bigger than the processId version (../../../../../../Users/SIG/Desktop/unreal-project-vry-paint-mar20.1/Intermediate/Shaders/WorkingDirectory/6304/).
[2017.03.22-14.59.26:926][  0]LogShaderCompilers: Cleaned the shader compiler working directory 'C:/Users/SIG/AppData/Local/Temp/UnrealShaderWorkingDir/80632AE04E8B4DE42446B29E09534CCF/'.
[2017.03.22-14.59.26:926][  0]LogShaderCompilers:Display: Using Local Shader Compiler.
[2017.03.22-14.59.30:400][  0]LogTemp:Display: Loaded TP AllDesktopTargetPlatform
[2017.03.22-14.59.30:470][  0]LogTemp:Display: Loaded TP MacClientTargetPlatform
[2017.03.22-14.59.30:532][  0]LogTemp:Display: Loaded TP MacNoEditorTargetPlatform
[2017.03.22-14.59.30:610][  0]LogTemp:Display: Loaded TP MacServerTargetPlatform
[2017.03.22-14.59.30:675][  0]LogTemp:Display: Loaded TP MacTargetPlatform
[2017.03.22-14.59.30:731][  0]LogTemp:Display: Loaded TP WindowsClientTargetPlatform
[2017.03.22-14.59.30:785][  0]LogTemp:Display: Loaded TP WindowsNoEditorTargetPlatform
[2017.03.22-14.59.30:842][  0]LogTemp:Display: Loaded TP WindowsServerTargetPlatform
[2017.03.22-14.59.30:893][  0]LogTemp:Display: Loaded TP WindowsTargetPlatform
[2017.03.22-14.59.30:947][  0]LogTemp:Display: Loaded TP AndroidTargetPlatform
[2017.03.22-14.59.31:005][  0]LogTemp:Display: Loaded TP Android_ASTCTargetPlatform
[2017.03.22-14.59.31:062][  0]LogTemp:Display: Loaded TP Android_ATCTargetPlatform
[2017.03.22-14.59.31:121][  0]LogTemp:Display: Loaded TP Android_DXTTargetPlatform
[2017.03.22-14.59.31:181][  0]LogTemp:Display: Loaded TP Android_ETC1TargetPlatform
[2017.03.22-14.59.31:242][  0]LogTemp:Display: Loaded TP Android_ETC2TargetPlatform
[2017.03.22-14.59.31:364][  0]LogTemp:Display: Loaded TP Android_MultiTargetPlatform
[2017.03.22-14.59.31:364][  0]LogTemp:Display: Loaded TP Android_PVRTCTargetPlatform
[2017.03.22-14.59.31:406][  0]LogTemp:Display: Loaded TP HTML5TargetPlatform
[2017.03.22-14.59.31:526][  0]LogTemp:Display: Loaded TP IOSTargetPlatform
[2017.03.22-14.59.31:570][  0]LogTemp:Display: Loaded TP TVOSTargetPlatform
[2017.03.22-14.59.31:642][  0]LogTemp:Display: Loaded TP LinuxClientTargetPlatform
[2017.03.22-14.59.31:717][  0]LogTemp:Display: Loaded TP LinuxNoEditorTargetPlatform
[2017.03.22-14.59.31:787][  0]LogTemp:Display: Loaded TP LinuxServerTargetPlatform
[2017.03.22-14.59.31:858][  0]LogTemp:Display: Loaded TP LinuxTargetPlatform
[2017.03.22-14.59.31:858][  0]LogTargetPlatformManager:Display: Building Assets For Windows
[2017.03.22-14.59.32:614][  0]LogDerivedDataCache:Display: Max Cache Size: 512 MB
[2017.03.22-14.59.32:662][  0]LogDerivedDataCache: Loaded boot cache 0.05s 7MB C:/Users/SIG/AppData/Local/UnrealEngine/4.14/DerivedDataCache/Boot.ddc.
[2017.03.22-14.59.32:662][  0]LogDerivedDataCache:Display: Loaded Boot cache: C:/Users/SIG/AppData/Local/UnrealEngine/4.14/DerivedDataCache/Boot.ddc
[2017.03.22-14.59.32:662][  0]LogDerivedDataCache: FDerivedDataBackendGraph:  Pak pak cache file ../../../../../../Users/SIG/Desktop/unreal-project-vry-paint-mar20.1/DerivedDataCache/DDC.ddp not found, will not use a pak cache.
[2017.03.22-14.59.32:662][  0]LogDerivedDataCache: Unable to find inner node Pak for hierarchical cache Hierarchy.
[2017.03.22-14.59.32:662][  0]LogDerivedDataCache: FDerivedDataBackendGraph:  CompressedPak pak cache file ../../../../../../Users/SIG/Desktop/unreal-project-vry-paint-mar20.1/DerivedDataCache/Compressed.ddp not found, will not use a pak cache.
[2017.03.22-14.59.32:662][  0]LogDerivedDataCache: Unable to find inner node CompressedPak for hierarchical cache Hierarchy.
[2017.03.22-14.59.32:690][  0]LogDerivedDataCache:Display: Pak cache opened for reading ../../../Engine/DerivedDataCache/Compressed.ddp.
[2017.03.22-14.59.32:703][  0]LogDerivedDataCache: Using Local data cache path C:/Users/SIG/AppData/Local/UnrealEngine/Common/DerivedDataCache: Writable
[2017.03.22-14.59.36:222][  0]LogInit: Selected Device Profile: [Windows]
[2017.03.22-14.59.36:233][  0]LogContentStreaming: Texture pool size is 0.00 MB
[2017.03.22-14.59.36:540][  0]LogMeshUtilities: Using QuadricMeshReduction for automatic static mesh reduction
[2017.03.22-14.59.36:610][  0]LogSimplygon: Simplygon DLL not present - disabling.
[2017.03.22-14.59.36:665][  0]LogMeshUtilities: Using SimplygonSwarm for distributed automatic mesh merging
[2017.03.22-14.59.36:665][  0]LogMeshUtilities: No automatic skeletal mesh reduction module available
[2017.03.22-14.59.36:665][  0]LogMeshUtilities: No automatic mesh merging module available
[2017.03.22-14.59.38:683][  0]LogNetVersion: GetLocalNetworkVersion: CL: 3195953, ProjectName: cis568vrypaint_mp, ProjectVersion: , EngineNetworkVersion: 2, GameNetworkVersion: 0, NetworkChecksum: 3560575784
[2017.03.22-14.59.38:770][  0]LogAssetRegistry: FAssetRegistry took 0.0237 seconds to start up
[2017.03.22-14.59.38:836][  0]LogPackageLocalizationCache: Processed 3 localized package path(s) for 2 prioritized culture(s) in 0.038944 seconds
[2017.03.22-14.59.38:843][  0]LogUObjectArray: 31953 objects as part of root set at end of initial load.
[2017.03.22-14.59.38:843][  0]LogUObjectAllocator: 7149672 out of 0 bytes used by permanent object pool.
[2017.03.22-14.59.38:843][  0]LogUObjectArray: CloseDisregardForGC: 0/0 objects in disregard for GC pool
[2017.03.22-14.59.40:082][  0]LogSlate: Using Freetype 2.6.0
[2017.03.22-14.59.40:100][  0]LogSlate: SlateFontCache - WITH_FREETYPE: 1, WITH_HARFBUZZ: 1
[2017.03.22-14.59.40:100][  0]LogSlate: SlateFontCache - WITH_FREETYPE: 1, WITH_HARFBUZZ: 1
[2017.03.22-14.59.42:559][  0]LogSubstanceCoreModule: Substance [CPU] Engine Loaded, Max Texture Size = 2048
[2017.03.22-14.59.42:591][  0]LogTcpMessaging: Initializing TcpMessaging bridge
[2017.03.22-14.59.42:638][  0]LogUdpMessaging: Initializing bridge on interface 0.0.0.0:0 to multicast group 230.0.0.1:6666.
[2017.03.22-14.59.43:049][  0]LogMaterial: Uniform references updated for custom material expression Custom.
[2017.03.22-14.59.43:524][  0]SourceControl: Info Source control is disabled
[2017.03.22-14.59.43:577][  0]SourceControl: Info Source control is disabled
[2017.03.22-14.59.43:628][  0]SourceControl: Info Source control is disabled
[2017.03.22-14.59.43:672][  0]SourceControl: Info Source control is disabled
[2017.03.22-14.59.45:082][  0]LogEngine: Initializing Engine...
[2017.03.22-14.59.46:282][  0]OCULUS: Info: [HMDState] Requested to SetForegroundWindow(203b4ll)
[2017.03.22-14.59.46:282][  0]OCULUS: Info: [HMDState] Requested to SetForegroundWindow(203b4ll)
[2017.03.22-14.59.46:282][  0]LogHMD: Failed to initialize OpenVR with code 108
[2017.03.22-14.59.46:285][  0]LogHMD: Oculus plugin initialized. Version: 4.14.3-3249277+++UE4+Release-4.14, LibOVR: 1.10.2, SDK: 1.8.0, built Jan  6 2017, 10:50:26
[2017.03.22-14.59.46:758][  0]LogAIModule: Creating AISystem for world Untitled
[2017.03.22-14.59.46:777][  0]LogInit: XAudio2 using 'Speakers / Headphones (Realtek High Definition Audio)' : 2 channels at 48 kHz using 32 bits per sample (channel mask 0x3)
[2017.03.22-14.59.46:935][  0]LogInit: FAudioDevice initialized.
[2017.03.22-14.59.46:958][  0]LogDerivedDataCache: Saved boot cache 0.02s 52MB C:/Users/SIG/AppData/Local/UnrealEngine/4.14/DerivedDataCache/Boot.ddc.
[2017.03.22-14.59.46:968][  0]LogInit: Texture streaming: Enabled
[2017.03.22-14.59.47:248][  0]LogInit: Transaction tracking system initialized
[2017.03.22-14.59.47:456][  0]OCULUS: Info: [HMDState] Requested to SetForegroundWindow(203b4ll)
[2017.03.22-14.59.47:748][  0]BlueprintLog: New page: Editor Load
[2017.03.22-14.59.48:741][  0]LocalizationService: Info Localization service is disabled
[2017.03.22-14.59.49:412][  0]LogConsoleResponse:Display: 
[2017.03.22-14.59.49:888][  0]LogCook:Display: Max memory allowance for cook 16384mb min free memory 0mb
[2017.03.22-14.59.49:888][  0]LogCook:Display: Mobile HDR setting 1
[2017.03.22-14.59.51:047][  0]LogFileCache: Scanning file cache for directory 'C:/Users/SIG/Desktop/unreal-project-vry-paint-mar20.1/Content/' took 0.02s
[2017.03.22-14.59.51:133][  0]SourceControl: Info Source control is disabled
[2017.03.22-14.59.51:134][  0]Cmd: MAP LOAD FILE="../../../../../../Users/SIG/Desktop/unreal-project-vry-paint-mar20.1/Content/FirstPersonBP/Maps/Lobby.umap" TEMPLATE=0 SHOWPROGRESS=1 FEATURELEVEL=3
[2017.03.22-14.59.51:140][  0]LightingResults: New page: Lighting Build
[2017.03.22-14.59.51:205][  0]MapCheck: New page: Map Check
[2017.03.22-14.59.51:205][  0]LightingResults: New page: Lighting Build
[2017.03.22-14.59.51:535][  0]LogAIModule: Creating AISystem for world Lobby
[2017.03.22-14.59.51:660][  0]LogEditorServer: Finished looking for orphan Actors (0.000 secs)
[2017.03.22-14.59.51:662][  0]Cmd: MAP CHECKDEP NOCLEARLOG
[2017.03.22-14.59.51:701][  0]MapCheck: Info Map check complete: 0 Error(s), 0 Warning(s), took 39.038ms to complete.
[2017.03.22-14.59.51:701][  0]LogFileHelpers: Loading map 'Lobby' took 0.567
[2017.03.22-14.59.51:915][  0]LogCollectionManager: Loaded 1 collections in 0.005470 seconds
[2017.03.22-14.59.52:011][  0]LogFileCache: Scanning file cache for directory 'C:/Users/SIG/Desktop/unreal-project-vry-paint-mar20.1/Saved/Collections/' took 0.01s
[2017.03.22-14.59.52:011][  0]LogFileCache: Scanning file cache for directory 'C:/Users/SIG/Desktop/unreal-project-vry-paint-mar20.1/Content/Developers/SIG/Collections/' took 0.01s
[2017.03.22-14.59.52:011][  0]LogFileCache: Scanning file cache for directory 'C:/Users/SIG/Desktop/unreal-project-vry-paint-mar20.1/Content/Collections/' took 0.01s
[2017.03.22-14.59.52:011][  0]LogCollectionManager: Rebuilt the GUID cache for 1 collections in 0.000004 seconds
[2017.03.22-14.59.52:012][  0]LogCollectionManager: Rebuilt the hierarchy cache for 1 collections in 0.000001 seconds
[2017.03.22-14.59.52:022][  0]LogContentBrowser: Native class hierarchy populated in 0.0081 seconds. Added 2206 classes and 437 folders.
[2017.03.22-14.59.52:065][  0]LogStats: UGameplayTagsManager::ConstructGameplayTagTree: Construct from data asset -  0.000 s
[2017.03.22-14.59.52:065][  0]LogStats: UGameplayTagsManager::ConstructGameplayTagTree: GameplayTagTreeChangedEvent.Broadcast -  0.000 s
[2017.03.22-14.59.52:066][  0]LogContentBrowser: Native class hierarchy updated for 'GameplayTags' in 0.0005 seconds. Added 13 classes and 0 folders.
[2017.03.22-14.59.52:127][  0]LogContentBrowser: Native class hierarchy updated for 'WidgetCarousel' in 0.0004 seconds. Added 0 classes and 0 folders.
[2017.03.22-14.59.52:443][  0]LogContentBrowser: Native class hierarchy updated for 'AddContentDialog' in 0.0005 seconds. Added 0 classes and 0 folders.
[2017.03.22-14.59.52:491][  0]LogContentBrowser: Native class hierarchy updated for 'SceneOutliner' in 0.0005 seconds. Added 1 classes and 2 folders.
[2017.03.22-14.59.52:659][  0]LogCrashTracker: Crashtracker disabled due to settings.
[2017.03.22-14.59.52:672][  0]LogUObjectGlobals:Warning: Failed to find object 'Class None.'
[2017.03.22-14.59.52:741][  0]LogContentBrowser: Native class hierarchy updated for 'HierarchicalLODOutliner' in 0.0005 seconds. Added 1 classes and 2 folders.
[2017.03.22-14.59.52:741][  0]LogLoad: (Engine Initialization) Total time: 33.93 seconds
[2017.03.22-14.59.52:741][  0]LogLoad: (Engine Initialization) Total Blueprint compile time: 0.18 seconds
[2017.03.22-14.59.52:741][  0]LogExternalProfiler: Found external profiler: VSPerf
[2017.03.22-14.59.52:741][  0]LogExternalProfiler: Using external profiler: VSPerf
[2017.03.22-14.59.53:082][  0]LogOcInput: OculusInput pre-init called
[2017.03.22-14.59.53:097][  0]LogOcInput: OculusInput is initialized. Init status 0. Runtime version: 1.10.2
[2017.03.22-14.59.53:122][  0]LogContentStreaming: Texture pool size now 1000 MB
[2017.03.22-14.59.53:324][  1]LogRenderer: Reallocating scene render targets to support 1240x568 NumSamples 1 (Frame:2).
[2017.03.22-14.59.53:432][  1]LogAssetRegistry: Asset discovery search completed in 14.6839 seconds
[2017.03.22-14.59.53:432][  1]LogCollectionManager: Rebuilt the object cache for 1 collections in 0.000007 seconds (found 0 objects)
[2017.03.22-14.59.53:432][  1]LogCollectionManager: Fixed up redirectors for 1 collections in 0.000022 seconds (updated 0 objects)
[2017.03.22-15.01.09:556][507]LogEditorViewport: Clicking on Actor (context menu): StaticMeshActor (Floor)
[2017.03.22-15.01.10:737][632]LogEditorViewport: Clicking on Actor (LMB): StaticMeshActor (Floor)
[2017.03.22-15.01.16:183][284]LogEditorViewport: Clicking on Actor (LMB): SinglePlayercube_C (SinglePlayercube)
[2017.03.22-15.01.32:835][845]LogRenderer: Reallocating scene render targets to support 1240x580 NumSamples 1 (Frame:9704).
[2017.03.22-15.03.47:518][752]LogContentBrowser: Native class hierarchy updated for 'BlueprintGraph' in 0.0007 seconds. Added 111 classes and 0 folders.
[2017.03.22-15.03.51:038][862]PIE:Warning: Warning Invalid Simulate Options: Body (ArrowBP_C_1.Capsule) is set to simulate physics but Collision Enabled is incompatible
[2017.03.22-15.03.51:038][862]PIE:Warning: Warning Invalid Simulate Options: Body (ArrowBP_C_1.Capsule) is set to simulate physics but Collision Enabled is incompatible
[2017.03.22-15.06.57:223][768]LogSavePackage: Save=93.81ms
[2017.03.22-15.06.57:223][768]LogSavePackage: Moving '../../../../../../Users/SIG/Desktop/unreal-project-vry-paint-mar20.1/Saved/UEDPCLobby48E8EE444601087888E8E59A6FEDF453.tmp' to '../../../../../../Users/SIG/Desktop/unreal-project-vry-paint-mar20.1/Saved/Autosaves/Game/FirstPersonBP/Maps/UEDPCLobby.umap'
[2017.03.22-15.06.57:224][768]LogSavePackage:Display: Finished SavePackage ../../../../../../Users/SIG/Desktop/unreal-project-vry-paint-mar20.1/Saved/Autosaves/Game/FirstPersonBP/Maps/UEDPCLobby.umap
[2017.03.22-15.06.57:268][768]LogSavePackage: Save=27.85ms
[2017.03.22-15.06.57:269][768]LogSavePackage: Moving '../../../../../../Users/SIG/Desktop/unreal-project-vry-paint-mar20.1/Saved/Lobby_BuiltData97BC913E44E0A0A29C4B799BDAE219BE.tmp' to '../../../../../../Users/SIG/Desktop/unreal-project-vry-paint-mar20.1/Content/FirstPersonBP/Maps/Lobby_BuiltData.uasset'
[2017.03.22-15.06.57:270][768]LogSavePackage:Display: Finished SavePackage ../../../../../../Users/SIG/Desktop/unreal-project-vry-paint-mar20.1/Content/FirstPersonBP/Maps/Lobby_BuiltData.uasset
[2017.03.22-15.06.57:272][768]LogEditorTransaction: Undo Spawn Play From Here Start
[2017.03.22-15.06.59:098][904]OCULUS: Info: [HMDState] Requested to SetForegroundWindow(6035cll)
[2017.03.22-15.07.14:203][234]OCULUS: Info: [HMDState] Requested to SetForegroundWindow(304ball)
[2017.03.22-15.07.30:063][500]LogBlueprintUserMessages: Early PlayInEditor Detection: Level '/Game/FirstPersonBP/Maps/Lobby.Lobby:PersistentLevel' has LevelScriptBlueprint '/Game/FirstPersonBP/Maps/Lobby.Lobby:PersistentLevel.Lobby' with GeneratedClass '/Game/FirstPersonBP/Maps/Lobby.Lobby_C' with ClassGeneratedBy '/Game/FirstPersonBP/Maps/Lobby.Lobby:PersistentLevel.Lobby'
[2017.03.22-15.07.30:064][500]LogPlayLevel: PlayLevel: No blueprints needed recompiling
[2017.03.22-15.07.30:064][500]LogOnline:Display: NULL: FOnlineSubsystemNull::Shutdown()
[2017.03.22-15.07.30:065][500]LogOnline:Warning: STEAM: Steam API disabled!
[2017.03.22-15.07.30:065][500]LogOnline:Display: STEAM: OnlineSubsystemSteam::Shutdown()
[2017.03.22-15.07.30:082][500]PIE: New page: PIE session: Lobby (Mar 22, 2017, 7:07:30 AM)
[2017.03.22-15.07.30:082][500]LogPlayLevel: Creating play world package: /Game/FirstPersonBP/Maps/UEDPIE_1_Lobby
[2017.03.22-15.07.30:085][500]LogPlayLevel: PIE: StaticDuplicateObject took: (0.002591s)
[2017.03.22-15.07.30:085][500]LogAIModule: Creating AISystem for world Lobby
[2017.03.22-15.07.30:086][500]LogPlayLevel: PIE: World Init took: (0.001018s)
[2017.03.22-15.07.30:086][500]LogPlayLevel: PIE: Created PIE world by copying editor world from /Game/FirstPersonBP/Maps/Lobby.Lobby to /Game/FirstPersonBP/Maps/UEDPIE_1_Lobby.Lobby (0.004083s)
[2017.03.22-15.07.30:109][500]LogInit: XAudio2 using 'Speakers / Headphones (Realtek High Definition Audio)' : 2 channels at 48 kHz using 32 bits per sample (channel mask 0x3)
[2017.03.22-15.07.30:118][500]LogInit: FAudioDevice initialized.
[2017.03.22-15.07.30:151][500]LogStats:Warning: MetaData mismatch. Did you assign a stat to two groups? New //STATGROUP_Threads//OnlineAsyncTaskThreadNull DefaultInstance///Thread_1bc8_0///####STATCAT_Advanced#### old //STATGROUP_Threads//OnlineAsyncTaskThreadNull DefaultInstance///Thread_da0_0///####STATCAT_Advanced####
[2017.03.22-15.07.30:319][500]LogLoad: Game class is 'LobbyGameMode_C'
[2017.03.22-15.07.30:321][500]LogWorld: Bringing World /Game/FirstPersonBP/Maps/UEDPIE_1_Lobby.Lobby up for play (max tick rate 0) at 2017.03.22-11.07.30
[2017.03.22-15.07.30:321][500]LogWorld: Bringing up level for play took: 0.001252
[2017.03.22-15.07.30:391][500]LogContentBrowser: Native class hierarchy updated for 'MovieSceneCapture' in 0.0006 seconds. Added 11 classes and 0 folders.
[2017.03.22-15.07.30:393][500]LogInit: WinSock: Socket queue 131072 / 131072
[2017.03.22-15.07.30:394][500]LogInit: WinSock: I am SIGLAB-VR5 (169.254.80.80:0)
[2017.03.22-15.07.30:394][500]PacketHandlerLog: Loaded PacketHandler component: Engine.EngineHandlerComponentFactory (StatelessConnectHandlerComponent)
[2017.03.22-15.07.30:394][500]LogNet: GameNetDriver IpNetDriver_0 IpNetDriver listening on port 7777
[2017.03.22-15.07.30:401][500]PIE: Info Play in editor start time for /Game/FirstPersonBP/Maps/UEDPIE_1_Lobby 1.084
[2017.03.22-15.07.30:406][500]PIE: New page: PIE session: Lobby (Mar 22, 2017, 7:07:30 AM)
[2017.03.22-15.07.30:456][500]LogNet: Browse: 127.0.0.1//Game/FirstPersonBP/Maps/Lobby
[2017.03.22-15.07.30:456][500]LogInit: WinSock: Socket queue 32768 / 32768
[2017.03.22-15.07.30:457][500]PacketHandlerLog: Loaded PacketHandler component: Engine.EngineHandlerComponentFactory (StatelessConnectHandlerComponent)
[2017.03.22-15.07.30:457][500]LogNet: Game client on port 7777, rate 10000
[2017.03.22-15.07.30:457][500]LogNetVersion: GetLocalNetworkVersion: CL: 3195953, ProjectName: cis568vrypaint_mp, ProjectVersion: 1.0.0.0, EngineNetworkVersion: 2, GameNetworkVersion: 0, NetworkChecksum: 2701095029
[2017.03.22-15.07.30:458][500]LogNet: UPendingNetGame::InitNetDriver: Sending hello. [UNetConnection] RemoteAddr: 127.0.0.1:7777, Name: IpConnection_0, Driver: PendingNetDriver IpNetDriver_1, IsServer: NO, PC: NULL, Owner: NULL
[2017.03.22-15.07.30:465][500]PIE: Info Play in editor start time for /Game/FirstPersonBP/Maps/Lobby 1.148
[2017.03.22-15.07.30:476][500]LogBlueprintUserMessages: Late PlayInEditor Detection: Level '/Game/FirstPersonBP/Maps/Lobby.Lobby:PersistentLevel' has LevelScriptBlueprint '/Game/FirstPersonBP/Maps/Lobby.Lobby:PersistentLevel.Lobby' with GeneratedClass '/Game/FirstPersonBP/Maps/Lobby.Lobby_C' with ClassGeneratedBy '/Game/FirstPersonBP/Maps/Lobby.Lobby:PersistentLevel.Lobby'
[2017.03.22-15.07.30:477][500]LogHandshake: SendConnectChallenge. Timestamp: 0.011690, Cookie: 007243144089044002011196185221039102134152082192183149020158
[2017.03.22-15.07.30:502][500]LogHandshake: SendChallengeResponse. Timestamp: 0.011690, Cookie: 007243144089044002011196185221039102134152082192183149020158
[2017.03.22-15.07.30:531][500]LogRenderer: Reallocating scene render targets to support 1292x756 NumSamples 1 (Frame:16480).
[2017.03.22-15.07.30:596][501]LogNet: Server accepting post-challenge connection from: 127.0.0.1:50121
[2017.03.22-15.07.30:597][501]PacketHandlerLog: Loaded PacketHandler component: Engine.EngineHandlerComponentFactory (StatelessConnectHandlerComponent)
[2017.03.22-15.07.30:597][501]LogNet: NotifyAcceptedConnection: Name: Lobby, TimeStamp: 03/22/17 11:07:30, [UNetConnection] RemoteAddr: 127.0.0.1:50121, Name: IpConnection_1, Driver: GameNetDriver IpNetDriver_0, IsServer: YES, PC: NULL, Owner: NULL
[2017.03.22-15.07.30:597][501]LogNet: AddClientConnection: Added client connection: [UNetConnection] RemoteAddr: 127.0.0.1:50121, Name: IpConnection_1, Driver: GameNetDriver IpNetDriver_0, IsServer: YES, PC: NULL, Owner: NULL
[2017.03.22-15.07.30:651][503]LogNet: NotifyAcceptingChannel Control 0 server World /Game/FirstPersonBP/Maps/UEDPIE_1_Lobby.Lobby: Accepted
[2017.03.22-15.07.30:651][503]LogNet: Remote platform little endian=1
[2017.03.22-15.07.30:651][503]LogNet: This platform little endian=1
[2017.03.22-15.07.30:677][504]LogNet: Login request: /Game/FirstPersonBP/Maps/Lobby?Name=SIGLAB-VR5-31C7D9004812B9AE50E3B5AA7AA7152C userId: SIGLAB-VR5-31C7D9004812B9AE50E3B5AA7AA7152C
[2017.03.22-15.07.30:678][504]LogNet: Welcomed by server (Level: /Game/FirstPersonBP/Maps/UEDPIE_1_Lobby, Game: /Game/FirstPersonBP/Blueprints/Lobby/LobbyGameMode.LobbyGameMode_C)
[2017.03.22-15.07.30:678][504]LogLoadingSplash: Loading begins
[2017.03.22-15.07.30:678][504]LogHMD: FOculusRiftSplash::PushBlackFrame
[2017.03.22-15.07.30:678][504]LogHMD: FOculusRiftSplash::Show
[2017.03.22-15.07.30:678][504]LogLoad: LoadMap: 127.0.0.1//Game/FirstPersonBP/Maps/UEDPIE_1_Lobby?game=/Game/FirstPersonBP/Blueprints/Lobby/LobbyGameMode.LobbyGameMode_C
[2017.03.22-15.07.30:696][504]Cmd: MEM
[2017.03.22-15.07.30:711][504]LogMemory: Platform Memory Stats for Windows
[2017.03.22-15.07.30:711][504]LogMemory: Process Physical Memory: 1546.95 MB used, 1546.95 MB peak
[2017.03.22-15.07.30:711][504]LogMemory: Process Virtual Memory: 2612.45 MB used, 2616.49 MB peak
[2017.03.22-15.07.30:711][504]LogMemory: Physical Memory: 5919.81 MB used,  26770.49 MB free, 32690.30 MB total
[2017.03.22-15.07.30:711][504]LogMemory: Virtual Memory: 3530.96 MB used,  26770.49 MB free, 134217728.00 MB total
[2017.03.22-15.07.30:711][504]LogMemory: 
[2017.03.22-15.07.30:711][504]Allocator Stats for TBB: (not implemented)
[2017.03.22-15.07.30:714][504]LogAIModule: Creating AISystem for world Lobby
[2017.03.22-15.07.30:716][504]LogWorld: Bringing World /Game/FirstPersonBP/Maps/UEDPIE_2_Lobby.Lobby up for play (max tick rate 0) at 2017.03.22-11.07.30
[2017.03.22-15.07.30:717][504]LogWorld: Bringing up level for play took: 0.001357
[2017.03.22-15.07.30:717][504]LogLoadingSplash: Loading ends
[2017.03.22-15.07.30:717][504]LogHMD: FOculusRiftSplash::Hide
[2017.03.22-15.07.30:717][504]LogHMD: FOculusRiftSplash::PushBlackFrame
[2017.03.22-15.07.30:717][504]LogLoad: Took 0.038857 seconds to LoadMap(/Game/FirstPersonBP/Maps/UEDPIE_1_Lobby)
[2017.03.22-15.07.30:740][505]LogNet: Client netspeed is 10000
[2017.03.22-15.07.30:740][505]LogNet: Join request: /Game/FirstPersonBP/Maps/Lobby?Name=SIGLAB-VR5-31C7D9004812B9AE50E3B5AA7AA7152C?SplitscreenCount=1
[2017.03.22-15.07.30:740][505]LogOnline:Warning: NULL: No game present to join for session (Game)
[2017.03.22-15.07.30:744][505]LogNet: Join succeeded: SIGLAB-VR5-31C7D9004
[2017.03.22-15.07.30:831][510]LogOnline:Warning: NULL: No game present to join for session (Game)
[2017.03.22-15.07.30:924][515]LogOnline:Warning: NULL: No game present to join for session (Game)
[2017.03.22-15.07.33:945][697]PIE:Warning: Warning Invalid Simulate Options: Body (ArrowLobby_C_0.Capsule) is set to simulate physics but Collision Enabled is incompatible
[2017.03.22-15.07.33:945][697]PIE:Warning: Warning Invalid Simulate Options: Body (ArrowLobby_C_0.Capsule) is set to simulate physics but Collision Enabled is incompatible
[2017.03.22-15.07.35:012][763]PIE:Warning: Warning Invalid Simulate Options: Body (ArrowLobby_C_1.Capsule) is set to simulate physics but Collision Enabled is incompatible
[2017.03.22-15.07.35:013][763]PIE:Warning: Warning Invalid Simulate Options: Body (ArrowLobby_C_1.Capsule) is set to simulate physics but Collision Enabled is incompatible
[2017.03.22-15.07.35:078][767]LogBlueprintUserMessages: [HostCube_66] Client 1: Hello
[2017.03.22-15.07.35:097][768]LogNet: Browse: /Game/FirstPersonBP/Maps/FirstPersonExampleMap?listen
[2017.03.22-15.07.35:097][768]LogLoadingSplash: Loading begins
[2017.03.22-15.07.35:097][768]LogHMD: FOculusRiftSplash::PushBlackFrame
[2017.03.22-15.07.35:097][768]LogHMD: FOculusRiftSplash::Show
[2017.03.22-15.07.35:097][768]LogLoad: LoadMap: /Game/FirstPersonBP/Maps/FirstPersonExampleMap?listen
[2017.03.22-15.07.35:097][768]LogNet: World NetDriver shutdown IpNetDriver_1 [GameNetDriver]
[2017.03.22-15.07.35:097][768]LogNet: DestroyNamedNetDriver IpNetDriver_1 [GameNetDriver]
[2017.03.22-15.07.35:097][768]LogNet: UNetConnection::Close: [UNetConnection] RemoteAddr: 127.0.0.1:7777, Name: IpConnection_0, Driver: GameNetDriver IpNetDriver_1, IsServer: NO, PC: PlayerController_1, Owner: PlayerController_1, Channels: 15, Time: 2017.03.22-15.07.35
[2017.03.22-15.07.35:097][768]LogNet: UChannel::Close: Sending CloseBunch. ChIndex == 0. Name: [UChannel] ChIndex: 0, Closing: 0 [UNetConnection] RemoteAddr: 127.0.0.1:7777, Name: IpConnection_0, Driver: GameNetDriver IpNetDriver_1, IsServer: NO, PC: PlayerController_1, Owner: PlayerController_1
[2017.03.22-15.07.35:097][768]LogExit: GameNetDriver IpNetDriver_1 shut down
[2017.03.22-15.07.35:117][768]Cmd: MEM
[2017.03.22-15.07.35:132][768]LogMemory: Platform Memory Stats for Windows
[2017.03.22-15.07.35:132][768]LogMemory: Process Physical Memory: 1574.62 MB used, 1597.18 MB peak
[2017.03.22-15.07.35:132][768]LogMemory: Process Virtual Memory: 2493.28 MB used, 2639.38 MB peak
[2017.03.22-15.07.35:132][768]LogMemory: Physical Memory: 5953.74 MB used,  26736.56 MB free, 32690.30 MB total
[2017.03.22-15.07.35:132][768]LogMemory: Virtual Memory: 3483.84 MB used,  26736.56 MB free, 134217728.00 MB total
[2017.03.22-15.07.35:132][768]LogMemory: 
[2017.03.22-15.07.35:132][768]Allocator Stats for TBB: (not implemented)
[2017.03.22-15.07.38:765][768]LogAIModule: Creating AISystem for world FirstPersonExampleMap
[2017.03.22-15.07.38:765][768]LogLoad: Game class is 'FirstPersonGameMode_C'
[2017.03.22-15.07.38:765][768]LogInit: WinSock: Socket queue 131072 / 131072
[2017.03.22-15.07.38:766][768]PacketHandlerLog: Loaded PacketHandler component: Engine.EngineHandlerComponentFactory (StatelessConnectHandlerComponent)
[2017.03.22-15.07.38:766][768]LogNet: GameNetDriver IpNetDriver_2 IpNetDriver listening on port 7778
[2017.03.22-15.07.38:897][768]LogWorld: Bringing World /Game/FirstPersonBP/Maps/UEDPIE_2_FirstPersonExampleMap.FirstPersonExampleMap up for play (max tick rate 0) at 2017.03.22-11.07.38
[2017.03.22-15.07.38:898][768]LogWorld: Bringing up level for play took: 0.131062
[2017.03.22-15.07.38:898][768]LogLongPackageNames:Warning: URL: :7778//Game/FirstPersonBP/Maps/FirstPersonExampleMap: Name may not contain the following characters: :
[2017.03.22-15.07.40:319][768]LogLoadingSplash: Loading ends
[2017.03.22-15.07.40:319][768]LogHMD: FOculusRiftSplash::Hide
[2017.03.22-15.07.40:320][768]LogHMD: FOculusRiftSplash::PushBlackFrame
[2017.03.22-15.07.40:320][768]LogLoad: Took 5.222753 seconds to LoadMap(/Game/FirstPersonBP/Maps/FirstPersonExampleMap)
[2017.03.22-15.07.41:416][769]LogNet: UNetDriver::TickDispatch: Very long time between ticks. DeltaTime: 6.28, Realtime: 6.32. IpNetDriver_0
[2017.03.22-15.07.41:416][769]LogNet: UChannel::ReceivedSequencedBunch: Bunch.bClose == true. ChIndex == 0. Calling ConditionalCleanUp.
[2017.03.22-15.07.41:417][769]LogNet: UChannel::CleanUp: ChIndex == 0. Closing connection. [UChannel] ChIndex: 0, Closing: 0 [UNetConnection] RemoteAddr: 127.0.0.1:50121, Name: IpConnection_1, Driver: GameNetDriver IpNetDriver_0, IsServer: YES, PC: PlayerController_1, Owner: PlayerController_1
[2017.03.22-15.07.41:417][769]LogNet: UNetConnection::Close: [UNetConnection] RemoteAddr: 127.0.0.1:50121, Name: IpConnection_1, Driver: GameNetDriver IpNetDriver_0, IsServer: YES, PC: PlayerController_1, Owner: PlayerController_1, Channels: 15, Time: 2017.03.22-15.07.41
[2017.03.22-15.07.41:417][769]LogNet: UChannel::Close: Sending CloseBunch. ChIndex == 0. Name: [UChannel] ChIndex: 0, Closing: 0 [UNetConnection] RemoteAddr: 127.0.0.1:50121, Name: IpConnection_1, Driver: GameNetDriver IpNetDriver_0, IsServer: YES, PC: PlayerController_1, Owner: PlayerController_1
[2017.03.22-15.07.41:562][769]LogOnline:Warning: NULL: No game present to leave for session (Game)
[2017.03.22-15.07.41:563][769]LogNet: UNetDriver::TickDispatch: Very long time between ticks. DeltaTime: 6.28, Realtime: 1.24. IpNetDriver_2
[2017.03.22-15.07.45:812][863]PIE:Warning: Warning Invalid Simulate Options: Body (ArrowLobby_C_0.Capsule) is set to simulate physics but Collision Enabled is incompatible
[2017.03.22-15.07.45:812][863]PIE:Warning: Warning Invalid Simulate Options: Body (ArrowLobby_C_0.Capsule) is set to simulate physics but Collision Enabled is incompatible
[2017.03.22-15.07.48:436][983]PIE:Warning: Warning Invalid Simulate Options: Body (ArrowLobby_C_1.Capsule) is set to simulate physics but Collision Enabled is incompatible
[2017.03.22-15.07.48:436][983]PIE:Warning: Warning Invalid Simulate Options: Body (ArrowLobby_C_1.Capsule) is set to simulate physics but Collision Enabled is incompatible
[2017.03.22-15.07.48:457][984]LogOnline:Warning: NULL: Ignoring game search request while one is pending
[2017.03.22-15.07.48:877][  3]PIE:Warning: Warning Invalid Simulate Options: Body (ArrowLobby_C_2.Capsule) is set to simulate physics but Collision Enabled is incompatible
[2017.03.22-15.07.48:877][  3]PIE:Warning: Warning Invalid Simulate Options: Body (ArrowLobby_C_2.Capsule) is set to simulate physics but Collision Enabled is incompatible
[2017.03.22-15.07.48:946][  6]LogOnline:Warning: NULL: Ignoring game search request while one is pending
[2017.03.22-15.07.49:079][ 12]PIE:Warning: Warning Invalid Simulate Options: Body (ArrowLobby_C_3.Capsule) is set to simulate physics but Collision Enabled is incompatible
[2017.03.22-15.07.49:079][ 12]PIE:Warning: Warning Invalid Simulate Options: Body (ArrowLobby_C_3.Capsule) is set to simulate physics but Collision Enabled is incompatible
[2017.03.22-15.07.49:123][ 14]LogOnline:Warning: NULL: Ignoring game search request while one is pending
[2017.03.22-15.07.49:252][ 20]PIE:Warning: Warning Invalid Simulate Options: Body (ArrowLobby_C_4.Capsule) is set to simulate physics but Collision Enabled is incompatible
[2017.03.22-15.07.49:252][ 20]PIE:Warning: Warning Invalid Simulate Options: Body (ArrowLobby_C_4.Capsule) is set to simulate physics but Collision Enabled is incompatible
[2017.03.22-15.07.49:296][ 22]LogOnline:Warning: NULL: Ignoring game search request while one is pending
[2017.03.22-15.07.50:722][ 87]PIE:Warning: Warning Invalid Simulate Options: Body (ArrowLobby_C_5.Capsule) is set to simulate physics but Collision Enabled is incompatible
[2017.03.22-15.07.50:722][ 87]PIE:Warning: Warning Invalid Simulate Options: Body (ArrowLobby_C_5.Capsule) is set to simulate physics but Collision Enabled is incompatible
[2017.03.22-15.07.50:894][ 95]LogOnline:Warning: NULL: Ignoring game search request while one is pending
[2017.03.22-15.07.50:981][ 99]PIE:Warning: Warning Invalid Simulate Options: Body (ArrowLobby_C_6.Capsule) is set to simulate physics but Collision Enabled is incompatible
[2017.03.22-15.07.50:981][ 99]PIE:Warning: Warning Invalid Simulate Options: Body (ArrowLobby_C_6.Capsule) is set to simulate physics but Collision Enabled is incompatible
[2017.03.22-15.07.51:199][109]PIE:Warning: Warning Invalid Simulate Options: Body (ArrowLobby_C_7.Capsule) is set to simulate physics but Collision Enabled is incompatible
[2017.03.22-15.07.51:199][109]PIE:Warning: Warning Invalid Simulate Options: Body (ArrowLobby_C_7.Capsule) is set to simulate physics but Collision Enabled is incompatible
[2017.03.22-15.07.51:481][122]PIE:Warning: Warning Invalid Simulate Options: Body (ArrowLobby_C_8.Capsule) is set to simulate physics but Collision Enabled is incompatible
[2017.03.22-15.07.51:481][122]PIE:Warning: Warning Invalid Simulate Options: Body (ArrowLobby_C_8.Capsule) is set to simulate physics but Collision Enabled is incompatible
[2017.03.22-15.07.51:593][127]LogOnline:Warning: NULL: Ignoring game search request while one is pending
[2017.03.22-15.07.51:895][141]PIE:Warning: Warning Invalid Simulate Options: Body (ArrowLobby_C_9.Capsule) is set to simulate physics but Collision Enabled is incompatible
[2017.03.22-15.07.51:895][141]PIE:Warning: Warning Invalid Simulate Options: Body (ArrowLobby_C_9.Capsule) is set to simulate physics but Collision Enabled is incompatible
[2017.03.22-15.07.51:938][143]LogOnline:Warning: NULL: Ignoring game search request while one is pending
[2017.03.22-15.07.52:025][147]PIE:Warning: Warning Invalid Simulate Options: Body (ArrowLobby_C_10.Capsule) is set to simulate physics but Collision Enabled is incompatible
[2017.03.22-15.07.52:025][147]PIE:Warning: Warning Invalid Simulate Options: Body (ArrowLobby_C_10.Capsule) is set to simulate physics but Collision Enabled is incompatible
[2017.03.22-15.07.52:113][151]LogOnline:Warning: NULL: Ignoring game search request while one is pending
[2017.03.22-15.07.52:222][156]PIE:Warning: Warning Invalid Simulate Options: Body (ArrowLobby_C_11.Capsule) is set to simulate physics but Collision Enabled is incompatible
[2017.03.22-15.07.52:222][156]PIE:Warning: Warning Invalid Simulate Options: Body (ArrowLobby_C_11.Capsule) is set to simulate physics but Collision Enabled is incompatible
[2017.03.22-15.07.52:287][159]LogOnline:Warning: NULL: Ignoring game search request while one is pending
[2017.03.22-15.07.52:420][165]PIE:Warning: Warning Invalid Simulate Options: Body (ArrowLobby_C_12.Capsule) is set to simulate physics but Collision Enabled is incompatible
[2017.03.22-15.07.52:420][165]PIE:Warning: Warning Invalid Simulate Options: Body (ArrowLobby_C_12.Capsule) is set to simulate physics but Collision Enabled is incompatible
[2017.03.22-15.07.52:465][167]LogOnline:Warning: NULL: Ignoring game search request while one is pending
[2017.03.22-15.07.52:881][185]PIE:Warning: Warning Invalid Simulate Options: Body (ArrowLobby_C_13.Capsule) is set to simulate physics but Collision Enabled is incompatible
[2017.03.22-15.07.52:881][185]PIE:Warning: Warning Invalid Simulate Options: Body (ArrowLobby_C_13.Capsule) is set to simulate physics but Collision Enabled is incompatible
[2017.03.22-15.07.52:954][188]LogOnline:Warning: NULL: Ignoring game search request while one is pending
[2017.03.22-15.07.53:189][198]PIE:Warning: Warning Invalid Simulate Options: Body (ArrowLobby_C_14.Capsule) is set to simulate physics but Collision Enabled is incompatible
[2017.03.22-15.07.53:189][198]PIE:Warning: Warning Invalid Simulate Options: Body (ArrowLobby_C_14.Capsule) is set to simulate physics but Collision Enabled is incompatible
[2017.03.22-15.07.53:410][208]LogOnline:Warning: NULL: Ignoring game search request while one is pending
[2017.03.22-15.07.53:756][224]PIE:Warning: Warning Invalid Simulate Options: Body (ArrowLobby_C_15.Capsule) is set to simulate physics but Collision Enabled is incompatible
[2017.03.22-15.07.53:756][224]PIE:Warning: Warning Invalid Simulate Options: Body (ArrowLobby_C_15.Capsule) is set to simulate physics but Collision Enabled is incompatible
[2017.03.22-15.07.53:844][228]LogOnline:Warning: NULL: Ignoring game search request while one is pending
[2017.03.22-15.07.55:391][299]PIE:Warning: Warning Invalid Simulate Options: Body (ArrowLobby_C_16.Capsule) is set to simulate physics but Collision Enabled is incompatible
[2017.03.22-15.07.55:391][299]PIE:Warning: Warning Invalid Simulate Options: Body (ArrowLobby_C_16.Capsule) is set to simulate physics but Collision Enabled is incompatible
[2017.03.22-15.07.55:527][305]LogBlueprintUserMessages: [JoinCube_C_0] Server: Hello
[2017.03.22-15.07.55:548][306]LogNet: Browse: 169.254.80.80:7778//Game/FirstPersonBP/Maps/Lobby
[2017.03.22-15.07.55:548][306]LogNet: World NetDriver shutdown IpNetDriver_0 [GameNetDriver]
[2017.03.22-15.07.55:548][306]LogNet: DestroyNamedNetDriver IpNetDriver_0 [GameNetDriver]
[2017.03.22-15.07.55:548][306]LogExit: GameNetDriver IpNetDriver_0 shut down
[2017.03.22-15.07.55:548][306]LogInit: WinSock: Socket queue 32768 / 32768
[2017.03.22-15.07.55:548][306]PacketHandlerLog: Loaded PacketHandler component: Engine.EngineHandlerComponentFactory (StatelessConnectHandlerComponent)
[2017.03.22-15.07.55:548][306]LogNet: Game client on port 7778, rate 10000
[2017.03.22-15.07.55:549][306]LogNet: UPendingNetGame::InitNetDriver: Sending hello. [UNetConnection] RemoteAddr: 169.254.80.80:7778, Name: IpConnection_2, Driver: PendingNetDriver IpNetDriver_3, IsServer: NO, PC: NULL, Owner: NULL
[2017.03.22-15.07.55:549][306]LogHandshake: SendConnectChallenge. Timestamp: 20.471169, Cookie: 176024220042032044065237013029138075177185252253015022241206
[2017.03.22-15.07.55:574][307]LogHandshake: SendChallengeResponse. Timestamp: 20.471169, Cookie: 176024220042032044065237013029138075177185252253015022241206
[2017.03.22-15.07.55:575][307]LogNet: Server accepting post-challenge connection from: 169.254.80.80:54625
[2017.03.22-15.07.55:575][307]PacketHandlerLog: Loaded PacketHandler component: Engine.EngineHandlerComponentFactory (StatelessConnectHandlerComponent)
[2017.03.22-15.07.55:575][307]LogNet: NotifyAcceptedConnection: Name: FirstPersonExampleMap, TimeStamp: 03/22/17 11:07:55, [UNetConnection] RemoteAddr: 169.254.80.80:54625, Name: IpConnection_3, Driver: GameNetDriver IpNetDriver_2, IsServer: YES, PC: NULL, Owner: NULL
[2017.03.22-15.07.55:575][307]LogNet: AddClientConnection: Added client connection: [UNetConnection] RemoteAddr: 169.254.80.80:54625, Name: IpConnection_3, Driver: GameNetDriver IpNetDriver_2, IsServer: YES, PC: NULL, Owner: NULL
[2017.03.22-15.07.55:794][317]LogNet: NotifyAcceptingChannel Control 0 server World /Game/FirstPersonBP/Maps/UEDPIE_2_FirstPersonExampleMap.FirstPersonExampleMap: Accepted
[2017.03.22-15.07.55:794][317]LogNet: Remote platform little endian=1
[2017.03.22-15.07.55:794][317]LogNet: This platform little endian=1
[2017.03.22-15.07.55:815][318]LogNet: Login request: /Game/FirstPersonBP/Maps/Lobby?Name=SIGLAB-VR5-7F4809BF4AD9BF5E52B5D1A47A30463D userId: SIGLAB-VR5-7F4809BF4AD9BF5E52B5D1A47A30463D
[2017.03.22-15.07.55:835][319]LogNet: Welcomed by server (Level: /Game/FirstPersonBP/Maps/UEDPIE_2_FirstPersonExampleMap, Game: /Game/FirstPersonBP/Blueprints/FirstPersonGameMode.FirstPersonGameMode_C)
[2017.03.22-15.07.55:836][319]LogLoadingSplash: Loading begins
[2017.03.22-15.07.55:836][319]LogHMD: FOculusRiftSplash::PushBlackFrame
[2017.03.22-15.07.55:836][319]LogHMD: FOculusRiftSplash::Show
[2017.03.22-15.07.55:836][319]LogLoad: LoadMap: 169.254.80.80:7778//Game/FirstPersonBP/Maps/UEDPIE_2_FirstPersonExampleMap?game=/Game/FirstPersonBP/Blueprints/FirstPersonGameMode.FirstPersonGameMode_C
[2017.03.22-15.07.55:887][319]Cmd: MEM
[2017.03.22-15.07.55:906][319]LogMemory: Platform Memory Stats for Windows
[2017.03.22-15.07.55:906][319]LogMemory: Process Physical Memory: 2521.57 MB used, 2644.89 MB peak
[2017.03.22-15.07.55:906][319]LogMemory: Process Virtual Memory: 3517.53 MB used, 3715.73 MB peak
[2017.03.22-15.07.55:906][319]LogMemory: Physical Memory: 6882.39 MB used,  25807.91 MB free, 32690.30 MB total
[2017.03.22-15.07.55:906][319]LogMemory: Virtual Memory: 4536.77 MB used,  25807.91 MB free, 134217728.00 MB total
[2017.03.22-15.07.55:906][319]LogMemory: 
[2017.03.22-15.07.55:906][319]Allocator Stats for TBB: (not implemented)
[2017.03.22-15.07.56:230][319]LogAIModule: Creating AISystem for world FirstPersonExampleMap
[2017.03.22-15.07.56:345][319]LogWorld: Bringing World /Game/FirstPersonBP/Maps/UEDPIE_1_FirstPersonExampleMap.FirstPersonExampleMap up for play (max tick rate 0) at 2017.03.22-11.07.56
[2017.03.22-15.07.56:345][319]LogWorld: Bringing up level for play took: 0.113543
[2017.03.22-15.07.56:346][319]LogLoadingSplash: Loading ends
[2017.03.22-15.07.56:346][319]LogHMD: FOculusRiftSplash::Hide
[2017.03.22-15.07.56:346][319]LogHMD: FOculusRiftSplash::PushBlackFrame
[2017.03.22-15.07.56:346][319]LogLoad: Took 0.510137 seconds to LoadMap(/Game/FirstPersonBP/Maps/UEDPIE_2_FirstPersonExampleMap)
[2017.03.22-15.07.56:347][319]LogNet: Client netspeed is 10000
[2017.03.22-15.07.56:347][319]LogNet: Join request: /Game/FirstPersonBP/Maps/Lobby?Name=SIGLAB-VR5-7F4809BF4AD9BF5E52B5D1A47A30463D?SplitscreenCount=1
[2017.03.22-15.07.56:350][319]LogNet: Join succeeded: SIGLAB-VR5-7F4809BF4
[2017.03.22-15.07.56:496][321]LogNetPackageMap:Warning: FNetGUIDCache::SupportsObject: StaticMeshComponent /Game/FirstPersonBP/Maps/UEDPIE_2_FirstPersonExampleMap.FirstPersonExampleMap:PersistentLevel.FirstPersonCharacter_C_28.StaticMeshComponent_5 NOT Supported.
[2017.03.22-15.07.56:496][321]LogNetPackageMap:Warning: FNetGUIDCache::SupportsObject: DrawFrustumComponent /Game/FirstPersonBP/Maps/UEDPIE_2_FirstPersonExampleMap.FirstPersonExampleMap:PersistentLevel.FirstPersonCharacter_C_28.DrawFrustumComponent_4 NOT Supported.
[2017.03.22-15.07.56:536][322]LogNetPackageMap:Warning: SerializeNewActor: Static actor failed to load: FullNetGuidPath: [25]/Game/FirstPersonBP/Maps/UEDPIE_1_FirstPersonExampleMap.[23]FirstPersonExampleMap.[21]PersistentLevel.[79]Bow_GEN_VARIABLE_Bow_C_CAT_1, Channel: 13
[2017.03.22-15.07.56:536][322]LogNet:Warning: UActorChannel::ProcessBunch: SerializeNewActor failed to find/spawn actor. Actor: NULL, Channel: 13
[2017.03.22-15.07.56:538][322]LogNet: Server connection received: ActorChannelFailure
[2017.03.22-15.07.56:712][328]LogCharacterMovement:Warning: GetSimulationTimeStep() - Max iterations 8 hit while remaining time 15.262768 > MaxSimulationTimeStep (0.050) for 'FirstPersonCharacter_C_28', movement 'Falling'
[2017.03.22-15.07.56:724][328]LogWindows: Windows GetLastError: The operation completed successfully. (0)
