Log file open, 03/20/17 18:23:50
LogInit:Display: Running engine for game: CIS568VRYPaint_mp
LogPlatformFile: Not using cached read wrapper
LogInit:Display: RandInit(570796271) SRandInit(570796271).
LogTaskGraph: Started task graph with 5 named threads and 8 total threads with 1 sets of task threads.
LogStats: Stats thread started at 0.080511
LogPluginManager: Loaded Plugin Paper2D, From C:/Program Files (x86)/Epic Games/4.14/Engine/Plugins/2D/Paper2D/Paper2D.uplugin
LogPluginManager: Loaded Plugin LightPropagationVolume, From C:/Program Files (x86)/Epic Games/4.14/Engine/Plugins/Blendables/LightPropagationVolume/LightPropagationVolume.uplugin
LogPluginManager: Loaded Plugin BlankPlugin, From C:/Program Files (x86)/Epic Games/4.14/Engine/Plugins/Developer/BlankPlugin/BlankPlugin.uplugin
LogPluginManager: Loaded Plugin CodeLiteSourceCodeAccess, From C:/Program Files (x86)/Epic Games/4.14/Engine/Plugins/Developer/CodeLiteSourceCodeAccess/CodeLiteSourceCodeAccess.uplugin
LogPluginManager: Loaded Plugin GitSourceControl, From C:/Program Files (x86)/Epic Games/4.14/Engine/Plugins/Developer/GitSourceControl/GitSourceControl.uplugin
LogPluginManager: Loaded Plugin KDevelopSourceCodeAccess, From C:/Program Files (x86)/Epic Games/4.14/Engine/Plugins/Developer/KDevelopSourceCodeAccess/KDevelopSourceCodeAccess.uplugin
LogPluginManager: Loaded Plugin NullSourceCodeAccess, From C:/Program Files (x86)/Epic Games/4.14/Engine/Plugins/Developer/NullSourceCodeAccess/NullSourceCodeAccess.uplugin
LogPluginManager: Loaded Plugin OneSkyLocalizationService, From C:/Program Files (x86)/Epic Games/4.14/Engine/Plugins/Developer/OneSkyLocalizationService/OneSkyLocalizationService.uplugin
LogPluginManager: Loaded Plugin PerforceSourceControl, From C:/Program Files (x86)/Epic Games/4.14/Engine/Plugins/Developer/PerforceSourceControl/PerforceSourceControl.uplugin
LogPluginManager: Loaded Plugin SubversionSourceControl, From C:/Program Files (x86)/Epic Games/4.14/Engine/Plugins/Developer/SubversionSourceControl/SubversionSourceControl.uplugin
LogPluginManager: Loaded Plugin UObjectPlugin, From C:/Program Files (x86)/Epic Games/4.14/Engine/Plugins/Developer/UObjectPlugin/UObjectPlugin.uplugin
LogPluginManager: Loaded Plugin VisualStudioSourceCodeAccess, From C:/Program Files (x86)/Epic Games/4.14/Engine/Plugins/Developer/VisualStudioSourceCodeAccess/VisualStudioSourceCodeAccess.uplugin
LogPluginManager: Loaded Plugin XCodeSourceCodeAccess, From C:/Program Files (x86)/Epic Games/4.14/Engine/Plugins/Developer/XCodeSourceCodeAccess/XCodeSourceCodeAccess.uplugin
LogPluginManager: Loaded Plugin AudioCapture, From C:/Program Files (x86)/Epic Games/4.14/Engine/Plugins/Editor/AudioCapture/AudioCapture.uplugin
LogPluginManager: Loaded Plugin EpicSurvey, From C:/Program Files (x86)/Epic Games/4.14/Engine/Plugins/Editor/EpicSurvey/EpicSurvey.uplugin
LogPluginManager: Loaded Plugin MacGraphicsSwitching, From C:/Program Files (x86)/Epic Games/4.14/Engine/Plugins/Editor/MacGraphicsSwitching/MacGraphicsSwitching.uplugin
LogPluginManager: Loaded Plugin MobileLauncherProfileWizard, From C:/Program Files (x86)/Epic Games/4.14/Engine/Plugins/Editor/MobileLauncherProfileWizard/MobileLauncherProfileWizard.uplugin
LogPluginManager: Loaded Plugin PluginBrowser, From C:/Program Files (x86)/Epic Games/4.14/Engine/Plugins/Editor/PluginBrowser/PluginBrowser.uplugin
LogPluginManager: Loaded Plugin SpeedTreeImporter, From C:/Program Files (x86)/Epic Games/4.14/Engine/Plugins/Editor/SpeedTreeImporter/SpeedTreeImporter.uplugin
LogPluginManager: Loaded Plugin SuperSearchEditor, From C:/Program Files (x86)/Epic Games/4.14/Engine/Plugins/Editor/SuperSearchEditor/SuperSearchEditor.uplugin
LogPluginManager: Loaded Plugin AlembicImporter, From C:/Program Files (x86)/Epic Games/4.14/Engine/Plugins/Experimental/AlembicImporter/AlembicImporter.uplugin
LogPluginManager: Loaded Plugin BlueprintStats, From C:/Program Files (x86)/Epic Games/4.14/Engine/Plugins/Experimental/BlueprintStats/BlueprintStats.uplugin
LogPluginManager: Loaded Plugin CharacterAI, From C:/Program Files (x86)/Epic Games/4.14/Engine/Plugins/Experimental/CharacterAI/CharacterAI.uplugin
LogPluginManager: Loaded Plugin CodeEditor, From C:/Program Files (x86)/Epic Games/4.14/Engine/Plugins/Experimental/CodeEditor/CodeEditor.uplugin
LogPluginManager: Loaded Plugin CodeView, From C:/Program Files (x86)/Epic Games/4.14/Engine/Plugins/Experimental/CodeView/CodeView.uplugin
LogPluginManager: Loaded Plugin HTML5Networking, From C:/Program Files (x86)/Epic Games/4.14/Engine/Plugins/Experimental/HTML5Networking/HTML5Networking.uplugin
LogPluginManager: Loaded Plugin OSVR, From C:/Program Files (x86)/Epic Games/4.14/Engine/Plugins/Experimental/OSVR/OSVR.uplugin
LogPluginManager: Loaded Plugin Phya, From C:/Program Files (x86)/Epic Games/4.14/Engine/Plugins/Experimental/Phya/Phya.uplugin
LogPluginManager: Loaded Plugin SignificanceManager, From C:/Program Files (x86)/Epic Games/4.14/Engine/Plugins/Experimental/SignificanceManager/SignificanceManager.uplugin
LogPluginManager: Loaded Plugin SimpleHMD, From C:/Program Files (x86)/Epic Games/4.14/Engine/Plugins/Experimental/SimpleHMD/SimpleHMD.uplugin
LogPluginManager: Loaded Plugin StereoPanorama, From C:/Program Files (x86)/Epic Games/4.14/Engine/Plugins/Experimental/StereoPanorama/StereoPanorama.uplugin
LogPluginManager: Loaded Plugin StructBox, From C:/Program Files (x86)/Epic Games/4.14/Engine/Plugins/Experimental/StructBox/StructBox.uplugin
LogPluginManager: Loaded Plugin Substance, From C:/Program Files (x86)/Epic Games/4.14/Engine/Plugins/Marketplace/Substance/Substance.uplugin
LogPluginManager: Loaded Plugin AndroidMedia, From C:/Program Files (x86)/Epic Games/4.14/Engine/Plugins/Media/AndroidMedia/AndroidMedia.uplugin
LogPluginManager: Loaded Plugin AvfMedia, From C:/Program Files (x86)/Epic Games/4.14/Engine/Plugins/Media/AvfMedia/AvfMedia.uplugin
LogPluginManager: Loaded Plugin MediaPlayerEditor, From C:/Program Files (x86)/Epic Games/4.14/Engine/Plugins/Media/MediaPlayerEditor/MediaPlayerEditor.uplugin
LogPluginManager: Loaded Plugin WmfMedia, From C:/Program Files (x86)/Epic Games/4.14/Engine/Plugins/Media/WmfMedia/WmfMedia.uplugin
LogPluginManager: Loaded Plugin MessagingDebugger, From C:/Program Files (x86)/Epic Games/4.14/Engine/Plugins/Messaging/MessagingDebugger/MessagingDebugger.uplugin
LogPluginManager: Loaded Plugin TcpMessaging, From C:/Program Files (x86)/Epic Games/4.14/Engine/Plugins/Messaging/TcpMessaging/TcpMessaging.uplugin
LogPluginManager: Loaded Plugin UdpMessaging, From C:/Program Files (x86)/Epic Games/4.14/Engine/Plugins/Messaging/UdpMessaging/UdpMessaging.uplugin
LogPluginManager: Loaded Plugin LevelSequenceEditor, From C:/Program Files (x86)/Epic Games/4.14/Engine/Plugins/MovieScene/LevelSequenceEditor/LevelSequenceEditor.uplugin
LogPluginManager: Loaded Plugin MatineeToLevelSequence, From C:/Program Files (x86)/Epic Games/4.14/Engine/Plugins/MovieScene/MatineeToLevelSequence/MatineeToLevelSequence.uplugin
LogPluginManager: Loaded Plugin NetcodeUnitTest, From C:/Program Files (x86)/Epic Games/4.14/Engine/Plugins/NetcodeUnitTest/NetcodeUnitTest/NetcodeUnitTest.uplugin
LogPluginManager: Loaded Plugin NUTUnrealEngine4, From C:/Program Files (x86)/Epic Games/4.14/Engine/Plugins/NetcodeUnitTest/NUTUnrealEngine4/NUTUnrealEngine4.uplugin
LogPluginManager: Loaded Plugin OnlineSubsystemGameCircle, From C:/Program Files (x86)/Epic Games/4.14/Engine/Plugins/Online/Android/OnlineSubsystemGameCircle/OnlineSubsystemGameCircle.uplugin
LogPluginManager: Loaded Plugin OnlineSubsystemGooglePlay, From C:/Program Files (x86)/Epic Games/4.14/Engine/Plugins/Online/Android/OnlineSubsystemGooglePlay/OnlineSubsystemGooglePlay.uplugin
LogPluginManager: Loaded Plugin OnlineSubsystemIOS, From C:/Program Files (x86)/Epic Games/4.14/Engine/Plugins/Online/IOS/OnlineSubsystemIOS/OnlineSubsystemIOS.uplugin
LogPluginManager: Loaded Plugin OnlineFramework, From C:/Program Files (x86)/Epic Games/4.14/Engine/Plugins/Online/OnlineFramework/OnlineFramework.uplugin
LogPluginManager: Loaded Plugin OnlineSubsystem, From C:/Program Files (x86)/Epic Games/4.14/Engine/Plugins/Online/OnlineSubsystem/OnlineSubsystem.uplugin
LogPluginManager: Loaded Plugin OnlineSubsystemAmazon, From C:/Program Files (x86)/Epic Games/4.14/Engine/Plugins/Online/OnlineSubsystemAmazon/OnlineSubsystemAmazon.uplugin
LogPluginManager: Loaded Plugin OnlineSubsystemFacebook, From C:/Program Files (x86)/Epic Games/4.14/Engine/Plugins/Online/OnlineSubsystemFacebook/OnlineSubsystemFacebook.uplugin
LogPluginManager: Loaded Plugin OnlineSubsystemNull, From C:/Program Files (x86)/Epic Games/4.14/Engine/Plugins/Online/OnlineSubsystemNull/OnlineSubsystemNull.uplugin
LogPluginManager: Loaded Plugin OnlineSubsystemOculus, From C:/Program Files (x86)/Epic Games/4.14/Engine/Plugins/Online/OnlineSubsystemOculus/OnlineSubsystemOculus.uplugin
LogPluginManager: Loaded Plugin OnlineSubsystemSteam, From C:/Program Files (x86)/Epic Games/4.14/Engine/Plugins/Online/OnlineSubsystemSteam/OnlineSubsystemSteam.uplugin
LogPluginManager: Loaded Plugin OnlineSubsystemUtils, From C:/Program Files (x86)/Epic Games/4.14/Engine/Plugins/Online/OnlineSubsystemUtils/OnlineSubsystemUtils.uplugin
LogPluginManager: Loaded Plugin IOSTapJoy, From C:/Program Files (x86)/Epic Games/4.14/Engine/Plugins/Runtime/Advertising/IOSTapJoy/IOSTapJoy.uplugin
LogPluginManager: Loaded Plugin AnalyticsBlueprintLibrary, From C:/Program Files (x86)/Epic Games/4.14/Engine/Plugins/Runtime/Analytics/AnalyticsBlueprintLibrary/AnalyticsBlueprintLibrary.uplugin
LogPluginManager: Loaded Plugin AnalyticsMulticast, From C:/Program Files (x86)/Epic Games/4.14/Engine/Plugins/Runtime/Analytics/AnalyticsMulticast/AnalyticsMulticast.uplugin
LogPluginManager: Loaded Plugin Apsalar, From C:/Program Files (x86)/Epic Games/4.14/Engine/Plugins/Runtime/Analytics/Apsalar/Apsalar.uplugin
LogPluginManager: Loaded Plugin FileLogging, From C:/Program Files (x86)/Epic Games/4.14/Engine/Plugins/Runtime/Analytics/FileLogging/FileLogging.uplugin
LogPluginManager: Loaded Plugin Flurry, From C:/Program Files (x86)/Epic Games/4.14/Engine/Plugins/Runtime/Analytics/Flurry/Flurry.uplugin
LogPluginManager: Loaded Plugin AndroidDeviceProfileSelector, From C:/Program Files (x86)/Epic Games/4.14/Engine/Plugins/Runtime/AndroidDeviceProfileSelector/AndroidDeviceProfileSelector.uplugin
LogPluginManager: Loaded Plugin AndroidMoviePlayer, From C:/Program Files (x86)/Epic Games/4.14/Engine/Plugins/Runtime/AndroidMoviePlayer/AndroidMoviePlayer.uplugin
LogPluginManager: Loaded Plugin AppleMoviePlayer, From C:/Program Files (x86)/Epic Games/4.14/Engine/Plugins/Runtime/AppleMoviePlayer/AppleMoviePlayer.uplugin
LogPluginManager: Loaded Plugin ArchVisCharacter, From C:/Program Files (x86)/Epic Games/4.14/Engine/Plugins/Runtime/ArchVisCharacter/ArchVisCharacter.uplugin
LogPluginManager: Loaded Plugin CableComponent, From C:/Program Files (x86)/Epic Games/4.14/Engine/Plugins/Runtime/CableComponent/CableComponent.uplugin
LogPluginManager: Loaded Plugin CustomMeshComponent, From C:/Program Files (x86)/Epic Games/4.14/Engine/Plugins/Runtime/CustomMeshComponent/CustomMeshComponent.uplugin
LogPluginManager: Loaded Plugin ExampleDeviceProfileSelector, From C:/Program Files (x86)/Epic Games/4.14/Engine/Plugins/Runtime/ExampleDeviceProfileSelector/ExampleDeviceProfileSelector.uplugin
LogPluginManager: Loaded Plugin GearVR, From C:/Program Files (x86)/Epic Games/4.14/Engine/Plugins/Runtime/GearVR/GearVR.uplugin
LogPluginManager: Loaded Plugin GoogleVRController, From C:/Program Files (x86)/Epic Games/4.14/Engine/Plugins/Runtime/GoogleVR/GoogleVRController/GoogleVRController.uplugin
LogPluginManager: Loaded Plugin GoogleVRHMD, From C:/Program Files (x86)/Epic Games/4.14/Engine/Plugins/Runtime/GoogleVR/GoogleVRHMD/GoogleVRHMD.uplugin
LogPluginManager: Loaded Plugin IOSDeviceProfileSelector, From C:/Program Files (x86)/Epic Games/4.14/Engine/Plugins/Runtime/IOSDeviceProfileSelector/IOSDeviceProfileSelector.uplugin
LogPluginManager: Loaded Plugin LeapMotion, From C:/Program Files (x86)/Epic Games/4.14/Engine/Plugins/Runtime/LeapMotion/LeapMotion.uplugin
LogPluginManager: Loaded Plugin LinuxDeviceProfileSelector, From C:/Program Files (x86)/Epic Games/4.14/Engine/Plugins/Runtime/LinuxDeviceProfileSelector/LinuxDeviceProfileSelector.uplugin
LogPluginManager: Loaded Plugin MIDIDevice, From C:/Program Files (x86)/Epic Games/4.14/Engine/Plugins/Runtime/MIDIDevice/MIDIDevice.uplugin
LogPluginManager: Loaded Plugin MobilePatchingUtils, From C:/Program Files (x86)/Epic Games/4.14/Engine/Plugins/Runtime/MobilePatchingUtils/MobilePatchingUtils.uplugin
LogPluginManager: Loaded Plugin Ansel, From C:/Program Files (x86)/Epic Games/4.14/Engine/Plugins/Runtime/Nvidia/Ansel/Ansel.uplugin
LogPluginManager: Loaded Plugin OculusAudio, From C:/Program Files (x86)/Epic Games/4.14/Engine/Plugins/Runtime/OculusAudio/OculusAudio.uplugin
LogPluginManager: Loaded Plugin OculusInput, From C:/Program Files (x86)/Epic Games/4.14/Engine/Plugins/Runtime/OculusInput/OculusInput.uplugin
LogPluginManager: Loaded Plugin OculusLibrary, From C:/Program Files (x86)/Epic Games/4.14/Engine/Plugins/Runtime/OculusLibrary/OculusLibrary.uplugin
LogPluginManager: Loaded Plugin OculusRift, From C:/Program Files (x86)/Epic Games/4.14/Engine/Plugins/Runtime/OculusRift/OculusRift.uplugin
LogPluginManager: Loaded Plugin Oodle, From C:/Program Files (x86)/Epic Games/4.14/Engine/Plugins/Runtime/PacketHandlers/CompressionComponents/Oodle/Oodle.uplugin
LogPluginManager: Loaded Plugin ProceduralMeshComponent, From C:/Program Files (x86)/Epic Games/4.14/Engine/Plugins/Runtime/ProceduralMeshComponent/ProceduralMeshComponent.uplugin
LogPluginManager: Loaded Plugin SoundMod, From C:/Program Files (x86)/Epic Games/4.14/Engine/Plugins/Runtime/SoundMod/SoundMod.uplugin
LogPluginManager: Loaded Plugin SoundVisualizations, From C:/Program Files (x86)/Epic Games/4.14/Engine/Plugins/Runtime/SoundVisualizations/SoundVisualizations.uplugin
LogPluginManager: Loaded Plugin SteamController, From C:/Program Files (x86)/Epic Games/4.14/Engine/Plugins/Runtime/Steam/SteamController/SteamController.uplugin
LogPluginManager: Loaded Plugin SteamVR, From C:/Program Files (x86)/Epic Games/4.14/Engine/Plugins/Runtime/Steam/SteamVR/SteamVR.uplugin
LogPluginManager: Loaded Plugin WebBrowserWidget, From C:/Program Files (x86)/Epic Games/4.14/Engine/Plugins/Runtime/WebBrowserWidget/WebBrowserWidget.uplugin
LogPluginManager: Loaded Plugin WindowsDeviceProfileSelector, From C:/Program Files (x86)/Epic Games/4.14/Engine/Plugins/Runtime/WindowsDeviceProfileSelector/WindowsDeviceProfileSelector.uplugin
LogPluginManager: Loaded Plugin WindowsMoviePlayer, From C:/Program Files (x86)/Epic Games/4.14/Engine/Plugins/Runtime/WindowsMoviePlayer/WindowsMoviePlayer.uplugin
LogPluginManager: Loaded Plugin ScriptPlugin, From C:/Program Files (x86)/Epic Games/4.14/Engine/Plugins/ScriptPlugin/ScriptPlugin.uplugin
LogPluginManager: Loaded Plugin SlateRemote, From C:/Program Files (x86)/Epic Games/4.14/Engine/Plugins/Slate/SlateRemote/SlateRemote.uplugin
LogPluginManager: Loaded Plugin EditorTests, From C:/Program Files (x86)/Epic Games/4.14/Engine/Plugins/Tests/EditorTests/EditorTests.uplugin
LogPluginManager: Loaded Plugin FbxAutomationTestBuilder, From C:/Program Files (x86)/Epic Games/4.14/Engine/Plugins/Tests/FbxAutomationTestBuilder/FbxAutomationTestBuilder.uplugin
LogPluginManager: Loaded Plugin FunctionalTestingEditor, From C:/Program Files (x86)/Epic Games/4.14/Engine/Plugins/Tests/FunctionalTestingEditor/FunctionalTestingEditor.uplugin
LogPluginManager: Loaded Plugin RuntimeTests, From C:/Program Files (x86)/Epic Games/4.14/Engine/Plugins/Tests/RuntimeTests/RuntimeTests.uplugin
LogPluginManager: Loaded Plugin ScreenshotTools, From C:/Program Files (x86)/Epic Games/4.14/Engine/Plugins/Tests/ScreenshotTools/ScreenshotTools.uplugin
LogInit: Using libcurl 7.47.1
LogInit:  - built for x86_64-pc-win32
LogInit:  - supports SSL with OpenSSL/1.0.2g
LogInit:  - supports HTTP deflate (compression) using libz 1.2.8
LogInit:  - other features:
LogInit:      CURL_VERSION_SSL
LogInit:      CURL_VERSION_LIBZ
LogInit:      CURL_VERSION_IPV6
LogInit:      CURL_VERSION_ASYNCHDNS
LogInit:      CURL_VERSION_LARGEFILE
LogInit:      CURL_VERSION_IDN
LogInit:  CurlRequestOptions (configurable via config and command line):
LogInit:  - bVerifyPeer = false  - Libcurl will NOT verify peer certificate
LogInit:  - bUseHttpProxy = false  - Libcurl will NOT use HTTP proxy
LogInit:  - bDontReuseConnections = false  - Libcurl will reuse connections
LogInit:  - CertBundlePath = nullptr  - Libcurl will use whatever was configured at build time.
LogModuleManager:Warning: No filename provided for module OnlineSubsystemSteam
LogModuleManager:Warning: ModuleManager: Unable to load module 'OnlineSubsystemSteam' because the file 'C:/Program Files (x86)/Epic Games/4.14/Engine/Binaries/Win64/' was not found.
LogInit: WinSock: version 1.1 (2.2), MaxSocks=32767, MaxUdp=65467
OCULUS: Info: [CAPI] LibOVR module is located at C:\Program Files\Oculus\Support\oculus-runtime\LibOVRRT64_1.dll
OCULUS: Debug: Connected to the server running version (prod = 1).1.10.2(build = 321138) feature version = 0. Client runs version (prod = 1).1.10.2(build = 321138) feature version = 0
LogInit: Build: ++UE4+Release-4.14-CL-3249277
LogInit: Engine Version: 4.14.3-3249277+++UE4+Release-4.14
LogInit: Compatible Engine Version: 4.14.0-3195953+++UE4+Release-4.14
LogInit: Net CL: 3195953
LogDevObjectVersion: Number of dev versions registered: 13
LogDevObjectVersion:   Dev-Blueprints (B0D832E4-1F89-4F0D-ACCF-7EB736FD4AA2): 7
LogDevObjectVersion:   Dev-Build (E1C64328-A22C-4D53-A36C-8E866417BD8C): 0
LogDevObjectVersion:   Dev-Core (375EC13C-06E4-48FB-B500-84F0262A717E): 1
LogDevObjectVersion:   Dev-Editor (E4B068ED-F494-42E9-A231-DA0B2E46BB41): 8
LogDevObjectVersion:   Dev-Framework (CFFC743F-43B0-4480-9391-14DF171D2073): 17
LogDevObjectVersion:   Dev-Mobile (B02B49B5-BB20-44E9-A304-32B752E40360): 0
LogDevObjectVersion:   Dev-Networking (A4E4105C-59A1-49B5-A7C5-40C4547EDFEE): 0
LogDevObjectVersion:   Dev-Online (39C831C9-5AE6-47DC-9A44-9C173E1C8E7C): 0
LogDevObjectVersion:   Dev-Physics (78F01B33-EBEA-4F98-B9B4-84EACCB95AA2): 0
LogDevObjectVersion:   Dev-Platform (6631380F-2D4D-43E0-8009-CF276956A95A): 0
LogDevObjectVersion:   Dev-Rendering (12F88B9F-8875-4AFC-A67C-D90C383ABD29): 12
LogDevObjectVersion:   Dev-Sequencer (7B5AE74C-D270-4C10-A958-57980B212A5A): 1
LogDevObjectVersion:   Dev-VR (D7296918-1DD6-4BDD-9DE2-64A83CC13884): 0
LogInit: Compiled (64-bit): Jan  6 2017 10:49:43
LogInit: Compiled with Visual C++: 19.00.23026.00
LogInit: Build Configuration: Development
LogInit: Branch Name: ++UE4+Release-4.14
LogInit: Command line:  
LogInit: Base directory: C:/Program Files (x86)/Epic Games/4.14/Engine/Binaries/Win64/
LogInit: Installed Engine Build: 1
LogInit: Presizing for max 8388607 objects, including 0 objects not considered by GC, pre-allocating 0 bytes for permanent pool.
LogInit: Object subsystem initialized
[2017.03.20-22.23.51:839][  0]LogInit: Selected Device Profile: [Windows]
[2017.03.20-22.23.51:839][  0]LogInit: Applying CVar settings loaded from the selected device profile: [Windows]
[2017.03.20-22.23.51:850][  0]LogInit: Computer: SIGLAB-VR5
[2017.03.20-22.23.51:850][  0]LogInit: User: SIG
[2017.03.20-22.23.51:850][  0]LogInit: CPU Page size=65536, Cores=4
[2017.03.20-22.23.51:850][  0]LogInit: High frequency timer resolution =3.604931 MHz
[2017.03.20-22.23.51:850][  0]LogMemory: Memory total: Physical=31.9GB (32GB approx)
[2017.03.20-22.23.51:850][  0]LogMemory: Platform Memory Stats for Windows
[2017.03.20-22.23.51:850][  0]LogMemory: Process Physical Memory: 275.91 MB used, 275.91 MB peak
[2017.03.20-22.23.51:850][  0]LogMemory: Process Virtual Memory: 270.24 MB used, 270.24 MB peak
[2017.03.20-22.23.51:850][  0]LogMemory: Physical Memory: 6370.11 MB used,  26320.19 MB free, 32690.30 MB total
[2017.03.20-22.23.51:850][  0]LogMemory: Virtual Memory: 725.36 MB used,  26320.19 MB free, 134217728.00 MB total
[2017.03.20-22.23.51:875][  0]LogTextLocalizationManager: No specific translations for ('en-US') exist, so ('en') translations will be used.
[2017.03.20-22.23.52:404][  0]LogD3D11RHI: D3D11 adapters:
[2017.03.20-22.23.52:434][  0]LogD3D11RHI:    0. 'NVIDIA GeForce GTX 1070' (Feature Level 11_0)
[2017.03.20-22.23.52:434][  0]LogD3D11RHI:       8120/0/16345 MB DedicatedVideo/DedicatedSystem/SharedSystem, Outputs:2, VendorId:0x10de
[2017.03.20-22.23.52:435][  0]LogD3D11RHI:    1. 'Microsoft Basic Render Driver' (Feature Level 11_0)
[2017.03.20-22.23.52:435][  0]LogD3D11RHI:       0/0/16345 MB DedicatedVideo/DedicatedSystem/SharedSystem, Outputs:0, VendorId:0x1414
[2017.03.20-22.23.52:435][  0]LogD3D11RHI: Chosen D3D11 Adapter: 0
[2017.03.20-22.23.52:440][  0]LogD3D11RHI: Creating new Direct3DDevice
[2017.03.20-22.23.52:440][  0]LogD3D11RHI:     GPU DeviceId: 0x1b81 (for the marketing name, search the web for "GPU Device Id")
[2017.03.20-22.23.52:440][  0]LogWindows: EnumDisplayDevices:
[2017.03.20-22.23.52:440][  0]LogWindows:    0. 'NVIDIA GeForce GTX 1070' (P:0 D:1)
[2017.03.20-22.23.52:440][  0]LogWindows:    1. 'NVIDIA GeForce GTX 1070' (P:1 D:1)
[2017.03.20-22.23.52:440][  0]LogWindows:    2. 'NVIDIA GeForce GTX 1070' (P:0 D:0)
[2017.03.20-22.23.52:441][  0]LogWindows:    3. 'NVIDIA GeForce GTX 1070' (P:0 D:0)
[2017.03.20-22.23.52:441][  0]LogWindows: DebugString: FoundDriverCount:4 
[2017.03.20-22.23.52:441][  0]LogD3D11RHI:     Adapter Name: NVIDIA GeForce GTX 1070
[2017.03.20-22.23.52:441][  0]LogD3D11RHI:   Driver Version: 378.49 (internal:21.21.13.7849, unified:378.49)
[2017.03.20-22.23.52:441][  0]LogD3D11RHI:      Driver Date: 1-20-2017
[2017.03.20-22.23.52:441][  0]LogRHI: Texture pool is 1361 MB (70% of 1945 MB)
[2017.03.20-22.23.52:452][  0]LogD3D11RHI: Async texture creation enabled
[2017.03.20-22.23.52:462][  0]LogD3D11RHI: GPU Timing Frequency: 1000.000000 (Debug: 2 1)
[2017.03.20-22.23.52:462][  0]LogShaderCompilers: Guid format shader working directory is 3 characters bigger than the processId version (../../../../../../Users/SIG/Desktop/Mar1/Intermediate/Shaders/WorkingDirectory/12064/).
[2017.03.20-22.23.52:462][  0]LogShaderCompilers: Cleaned the shader compiler working directory 'C:/Users/SIG/AppData/Local/Temp/UnrealShaderWorkingDir/F714B3E24135975C02A488AC84ED5052/'.
[2017.03.20-22.23.52:462][  0]LogShaderCompilers:Display: Using Local Shader Compiler.
[2017.03.20-22.23.53:390][  0]LogTemp:Display: Loaded TP AllDesktopTargetPlatform
[2017.03.20-22.23.53:441][  0]LogTemp:Display: Loaded TP MacClientTargetPlatform
[2017.03.20-22.23.53:493][  0]LogTemp:Display: Loaded TP MacNoEditorTargetPlatform
[2017.03.20-22.23.53:544][  0]LogTemp:Display: Loaded TP MacServerTargetPlatform
[2017.03.20-22.23.53:596][  0]LogTemp:Display: Loaded TP MacTargetPlatform
[2017.03.20-22.23.53:649][  0]LogTemp:Display: Loaded TP WindowsClientTargetPlatform
[2017.03.20-22.23.53:701][  0]LogTemp:Display: Loaded TP WindowsNoEditorTargetPlatform
[2017.03.20-22.23.53:752][  0]LogTemp:Display: Loaded TP WindowsServerTargetPlatform
[2017.03.20-22.23.53:795][  0]LogTemp:Display: Loaded TP WindowsTargetPlatform
[2017.03.20-22.23.53:845][  0]LogTemp:Display: Loaded TP AndroidTargetPlatform
[2017.03.20-22.23.53:896][  0]LogTemp:Display: Loaded TP Android_ASTCTargetPlatform
[2017.03.20-22.23.53:946][  0]LogTemp:Display: Loaded TP Android_ATCTargetPlatform
[2017.03.20-22.23.53:996][  0]LogTemp:Display: Loaded TP Android_DXTTargetPlatform
[2017.03.20-22.23.54:046][  0]LogTemp:Display: Loaded TP Android_ETC1TargetPlatform
[2017.03.20-22.23.54:096][  0]LogTemp:Display: Loaded TP Android_ETC2TargetPlatform
[2017.03.20-22.23.54:196][  0]LogTemp:Display: Loaded TP Android_MultiTargetPlatform
[2017.03.20-22.23.54:196][  0]LogTemp:Display: Loaded TP Android_PVRTCTargetPlatform
[2017.03.20-22.23.54:233][  0]LogTemp:Display: Loaded TP HTML5TargetPlatform
[2017.03.20-22.23.54:314][  0]LogTemp:Display: Loaded TP IOSTargetPlatform
[2017.03.20-22.23.54:346][  0]LogTemp:Display: Loaded TP TVOSTargetPlatform
[2017.03.20-22.23.54:397][  0]LogTemp:Display: Loaded TP LinuxClientTargetPlatform
[2017.03.20-22.23.54:446][  0]LogTemp:Display: Loaded TP LinuxNoEditorTargetPlatform
[2017.03.20-22.23.54:494][  0]LogTemp:Display: Loaded TP LinuxServerTargetPlatform
[2017.03.20-22.23.54:543][  0]LogTemp:Display: Loaded TP LinuxTargetPlatform
[2017.03.20-22.23.54:543][  0]LogTargetPlatformManager:Display: Building Assets For Windows
[2017.03.20-22.23.54:925][  0]LogDerivedDataCache:Display: Max Cache Size: 512 MB
[2017.03.20-22.23.54:979][  0]LogDerivedDataCache: Loaded boot cache 0.05s 50MB C:/Users/SIG/AppData/Local/UnrealEngine/4.14/DerivedDataCache/Boot.ddc.
[2017.03.20-22.23.54:979][  0]LogDerivedDataCache:Display: Loaded Boot cache: C:/Users/SIG/AppData/Local/UnrealEngine/4.14/DerivedDataCache/Boot.ddc
[2017.03.20-22.23.54:979][  0]LogDerivedDataCache: FDerivedDataBackendGraph:  Pak pak cache file ../../../../../../Users/SIG/Desktop/Mar1/DerivedDataCache/DDC.ddp not found, will not use a pak cache.
[2017.03.20-22.23.54:979][  0]LogDerivedDataCache: Unable to find inner node Pak for hierarchical cache Hierarchy.
[2017.03.20-22.23.54:979][  0]LogDerivedDataCache: FDerivedDataBackendGraph:  CompressedPak pak cache file ../../../../../../Users/SIG/Desktop/Mar1/DerivedDataCache/Compressed.ddp not found, will not use a pak cache.
[2017.03.20-22.23.54:979][  0]LogDerivedDataCache: Unable to find inner node CompressedPak for hierarchical cache Hierarchy.
[2017.03.20-22.23.54:994][  0]LogDerivedDataCache:Display: Pak cache opened for reading ../../../Engine/DerivedDataCache/Compressed.ddp.
[2017.03.20-22.23.55:007][  0]LogDerivedDataCache: Using Local data cache path C:/Users/SIG/AppData/Local/UnrealEngine/Common/DerivedDataCache: Writable
[2017.03.20-22.23.55:176][  0]LogInit: Selected Device Profile: [Windows]
[2017.03.20-22.23.55:179][  0]LogContentStreaming: Texture pool size is 0.00 MB
[2017.03.20-22.23.55:369][  0]LogMeshUtilities: Using QuadricMeshReduction for automatic static mesh reduction
[2017.03.20-22.23.55:411][  0]LogSimplygon: Simplygon DLL not present - disabling.
[2017.03.20-22.23.55:457][  0]LogMeshUtilities: Using SimplygonSwarm for distributed automatic mesh merging
[2017.03.20-22.23.55:457][  0]LogMeshUtilities: No automatic skeletal mesh reduction module available
[2017.03.20-22.23.55:457][  0]LogMeshUtilities: No automatic mesh merging module available
[2017.03.20-22.23.55:916][  0]LogNetVersion: GetLocalNetworkVersion: CL: 3195953, ProjectName: cis568vrypaint_mp, ProjectVersion: , EngineNetworkVersion: 2, GameNetworkVersion: 0, NetworkChecksum: 3560575784
[2017.03.20-22.23.55:972][  0]LogAssetRegistry: FAssetRegistry took 0.0220 seconds to start up
[2017.03.20-22.23.56:020][  0]LogPackageLocalizationCache: Processed 3 localized package path(s) for 2 prioritized culture(s) in 0.024303 seconds
[2017.03.20-22.23.56:025][  0]LogUObjectArray: 31946 objects as part of root set at end of initial load.
[2017.03.20-22.23.56:025][  0]LogUObjectAllocator: 6935840 out of 0 bytes used by permanent object pool.
[2017.03.20-22.23.56:025][  0]LogUObjectArray: CloseDisregardForGC: 0/0 objects in disregard for GC pool
[2017.03.20-22.23.56:837][  0]LogSlate: Using Freetype 2.6.0
[2017.03.20-22.23.56:838][  0]LogSlate: SlateFontCache - WITH_FREETYPE: 1, WITH_HARFBUZZ: 1
[2017.03.20-22.23.56:838][  0]LogSlate: SlateFontCache - WITH_FREETYPE: 1, WITH_HARFBUZZ: 1
[2017.03.20-22.23.57:562][  0]LogSubstanceCoreModule: Substance [CPU] Engine Loaded, Max Texture Size = 2048
[2017.03.20-22.23.57:589][  0]LogTcpMessaging: Initializing TcpMessaging bridge
[2017.03.20-22.23.57:629][  0]LogUdpMessaging: Initializing bridge on interface 0.0.0.0:0 to multicast group 230.0.0.1:6666.
[2017.03.20-22.23.57:923][  0]LogMaterial: Uniform references updated for custom material expression Custom.
[2017.03.20-22.23.58:282][  0]SourceControl: Info Source control is disabled
[2017.03.20-22.23.58:307][  0]SourceControl: Info Source control is disabled
[2017.03.20-22.23.58:352][  0]SourceControl: Info Source control is disabled
[2017.03.20-22.23.58:397][  0]SourceControl: Info Source control is disabled
[2017.03.20-22.23.59:654][  0]LogEngine: Initializing Engine...
[2017.03.20-22.23.59:674][  0]LogHMD: Failed to initialize OpenVR with code 108
[2017.03.20-22.23.59:674][  0]LogHMD: Oculus plugin initialized. Version: 4.14.3-3249277+++UE4+Release-4.14, LibOVR: 1.10.2, SDK: 1.8.0, built Jan  6 2017, 10:50:26
[2017.03.20-22.23.59:896][  0]LogAIModule: Creating AISystem for world Untitled
[2017.03.20-22.23.59:907][  0]LogInit: XAudio2 using 'Speakers / Headphones (Realtek High Definition Audio)' : 2 channels at 48 kHz using 32 bits per sample (channel mask 0x3)
[2017.03.20-22.24.00:021][  0]LogInit: FAudioDevice initialized.
[2017.03.20-22.24.00:046][  0]LogDerivedDataCache: Saved boot cache 0.02s 50MB C:/Users/SIG/AppData/Local/UnrealEngine/4.14/DerivedDataCache/Boot.ddc.
[2017.03.20-22.24.00:053][  0]LogInit: Texture streaming: Enabled
[2017.03.20-22.24.00:273][  0]LogInit: Transaction tracking system initialized
[2017.03.20-22.24.00:661][  0]BlueprintLog: New page: Editor Load
[2017.03.20-22.24.01:732][  0]LocalizationService: Info Localization service is disabled
[2017.03.20-22.24.02:477][  0]LogConsoleResponse:Display: 
[2017.03.20-22.24.02:599][  0]LogCook:Display: Max memory allowance for cook 16384mb min free memory 0mb
[2017.03.20-22.24.02:599][  0]LogCook:Display: Mobile HDR setting 1
[2017.03.20-22.24.02:799][  0]LogFileCache: Scanning file cache for directory 'C:/Users/SIG/Desktop/Mar1/Content/' took 0.02s
[2017.03.20-22.24.03:634][  0]SourceControl: Info Source control is disabled
[2017.03.20-22.24.03:634][  0]Cmd: MAP LOAD FILE="../../../../../../Users/SIG/Desktop/Mar1/Content/FirstPersonBP/Maps/Lobby.umap" TEMPLATE=0 SHOWPROGRESS=1 FEATURELEVEL=3
[2017.03.20-22.24.03:635][  0]LightingResults: New page: Lighting Build
[2017.03.20-22.24.03:677][  0]MapCheck: New page: Map Check
[2017.03.20-22.24.03:677][  0]LightingResults: New page: Lighting Build
[2017.03.20-22.24.03:881][  0]LogAIModule: Creating AISystem for world Lobby
[2017.03.20-22.24.03:886][  0]LogEditorServer: Finished looking for orphan Actors (0.000 secs)
[2017.03.20-22.24.03:886][  0]Cmd: MAP CHECKDEP NOCLEARLOG
[2017.03.20-22.24.03:925][  0]MapCheck: Info Map check complete: 0 Error(s), 0 Warning(s), took 39.061ms to complete.
[2017.03.20-22.24.03:925][  0]LogFileHelpers: Loading map 'Lobby' took 0.291
[2017.03.20-22.24.04:060][  0]LogCollectionManager: Loaded 1 collections in 0.002246 seconds
[2017.03.20-22.24.04:140][  0]LogFileCache: Scanning file cache for directory 'C:/Users/SIG/Desktop/Mar1/Saved/Collections/' took 0.01s
[2017.03.20-22.24.04:140][  0]LogFileCache: Scanning file cache for directory 'C:/Users/SIG/Desktop/Mar1/Content/Developers/SIG/Collections/' took 0.01s
[2017.03.20-22.24.04:140][  0]LogFileCache: Scanning file cache for directory 'C:/Users/SIG/Desktop/Mar1/Content/Collections/' took 0.01s
[2017.03.20-22.24.04:140][  0]LogCollectionManager: Rebuilt the GUID cache for 1 collections in 0.000004 seconds
[2017.03.20-22.24.04:140][  0]LogCollectionManager: Rebuilt the hierarchy cache for 1 collections in 0.000000 seconds
[2017.03.20-22.24.04:147][  0]LogContentBrowser: Native class hierarchy populated in 0.0073 seconds. Added 2204 classes and 434 folders.
[2017.03.20-22.24.04:190][  0]LogStats: UGameplayTagsManager::ConstructGameplayTagTree: Construct from data asset -  0.000 s
[2017.03.20-22.24.04:190][  0]LogStats: UGameplayTagsManager::ConstructGameplayTagTree: GameplayTagTreeChangedEvent.Broadcast -  0.000 s
[2017.03.20-22.24.04:191][  0]LogContentBrowser: Native class hierarchy updated for 'GameplayTags' in 0.0005 seconds. Added 13 classes and 0 folders.
[2017.03.20-22.24.04:251][  0]LogContentBrowser: Native class hierarchy updated for 'WidgetCarousel' in 0.0004 seconds. Added 0 classes and 0 folders.
[2017.03.20-22.24.04:285][  0]LogContentBrowser: Native class hierarchy updated for 'AddContentDialog' in 0.0004 seconds. Added 0 classes and 0 folders.
[2017.03.20-22.24.04:328][  0]LogContentBrowser: Native class hierarchy updated for 'SceneOutliner' in 0.0005 seconds. Added 1 classes and 2 folders.
[2017.03.20-22.24.04:397][  0]LogCrashTracker: Crashtracker disabled due to settings.
[2017.03.20-22.24.04:401][  0]LogUObjectGlobals:Warning: Failed to find object 'Class None.'
[2017.03.20-22.24.04:465][  0]LogContentBrowser: Native class hierarchy updated for 'HierarchicalLODOutliner' in 0.0005 seconds. Added 1 classes and 2 folders.
[2017.03.20-22.24.04:465][  0]LogLoad: (Engine Initialization) Total time: 14.78 seconds
[2017.03.20-22.24.04:465][  0]LogLoad: (Engine Initialization) Total Blueprint compile time: 0.12 seconds
[2017.03.20-22.24.04:465][  0]LogExternalProfiler: Found external profiler: VSPerf
[2017.03.20-22.24.04:465][  0]LogExternalProfiler: Using external profiler: VSPerf
[2017.03.20-22.24.04:804][  0]LogOcInput: OculusInput pre-init called
[2017.03.20-22.24.04:814][  0]LogOcInput: OculusInput is initialized. Init status 0. Runtime version: 1.10.2
[2017.03.20-22.24.04:833][  0]LogContentStreaming: Texture pool size now 1000 MB
[2017.03.20-22.24.05:146][  1]LogRenderer: Reallocating scene render targets to support 1216x568 NumSamples 1 (Frame:2).
[2017.03.20-22.24.05:146][  1]LogAssetRegistry: Asset discovery search completed in 9.1957 seconds
[2017.03.20-22.24.05:146][  1]LogCollectionManager: Rebuilt the object cache for 1 collections in 0.000006 seconds (found 0 objects)
[2017.03.20-22.24.05:146][  1]LogCollectionManager: Fixed up redirectors for 1 collections in 0.000020 seconds (updated 0 objects)
[2017.03.20-22.24.59:514][673]LogContentBrowser: Native class hierarchy updated for 'BlueprintGraph' in 0.0008 seconds. Added 111 classes and 0 folders.
[2017.03.20-22.25.00:179][673]LogRenderer: Reallocating scene render targets to support 1260x720 NumSamples 1 (Frame:4267).
[2017.03.20-22.25.24:971][  4]LogEditorTransaction: Undo Add Component
[2017.03.20-22.25.25:635][ 69]LogSavePackage: Save=9.48ms
[2017.03.20-22.25.25:635][ 69]LogSavePackage: Moving '../../../../../../Users/SIG/Desktop/Mar1/Saved/FindSessionCube1B8B044349389C526D5F3F99C3A18985.tmp' to '../../../../../../Users/SIG/Desktop/Mar1/Content/FirstPersonBP/Blueprints/Lobby/FindSessionCube.uasset'
[2017.03.20-22.25.25:638][ 69]LogSavePackage:Display: Finished SavePackage ../../../../../../Users/SIG/Desktop/Mar1/Content/FirstPersonBP/Blueprints/Lobby/FindSessionCube.uasset
[2017.03.20-22.25.41:125][633]LogActorComponent: UnregisterComponent: (/Engine/Transient.EditorFloorComp) Not registered. Aborting.
[2017.03.20-22.25.41:599][633]LogObjectTools:Warning: ForceReplaceReferences replaced references for a transient object 'DEADCLASS_FindSessionCube_C_0' or package '/Engine/Transient'.
[2017.03.20-22.25.41:599][633]LogObjectTools:Warning: ForceReplaceReferences replaced references for a transient object 'DEADCLASS_FindSessionCube_C_1' or package '/Engine/Transient'.
[2017.03.20-22.25.41:599][633]LogObjectTools:Warning: ForceReplaceReferences replaced references for a transient object 'REINST_SKEL_FindSessionCube_C_56' or package '/Engine/Transient'.
[2017.03.20-22.25.41:599][633]LogObjectTools:Warning: ForceReplaceReferences replaced references for a transient object 'REINST_FindSessionCube_C_55' or package '/Engine/Transient'.
[2017.03.20-22.25.49:464][524]LogMetaData: Removing '/Game/FirstPersonBP/Blueprints/Lobby/FindSessionCube.SKEL_FindSessionCube_C' ref from Metadata '/Game/FirstPersonBP/Blueprints/Lobby/HostCube_2.PackageMetaData'
[2017.03.20-22.25.49:464][524]LogMetaData: Removing '/Game/FirstPersonBP/Blueprints/Lobby/FindSessionCube.FindSessionCube_C' ref from Metadata '/Game/FirstPersonBP/Blueprints/Lobby/HostCube_2.PackageMetaData'
[2017.03.20-22.25.49:499][524]LogSavePackage: Save=16.58ms
[2017.03.20-22.25.49:499][524]LogSavePackage: Moving '../../../../../../Users/SIG/Desktop/Mar1/Saved/FindSessionCubeA90929DA45224DC106D5EA8A36E7BF20.tmp' to '../../../../../../Users/SIG/Desktop/Mar1/Content/FirstPersonBP/Blueprints/Lobby/FindSessionCube.uasset'
[2017.03.20-22.25.49:501][524]LogSavePackage:Display: Finished SavePackage ../../../../../../Users/SIG/Desktop/Mar1/Content/FirstPersonBP/Blueprints/Lobby/FindSessionCube.uasset
[2017.03.20-22.26.32:358][102]LogSavePackage: Save=13.15ms
[2017.03.20-22.26.32:358][102]LogSavePackage: Moving '../../../../../../Users/SIG/Desktop/Mar1/Saved/FindSessionCube3BC773BE4F2166C5DB11C5BD1E70498D.tmp' to '../../../../../../Users/SIG/Desktop/Mar1/Content/FirstPersonBP/Blueprints/Lobby/FindSessionCube.uasset'
[2017.03.20-22.26.32:361][102]LogSavePackage:Display: Finished SavePackage ../../../../../../Users/SIG/Desktop/Mar1/Content/FirstPersonBP/Blueprints/Lobby/FindSessionCube.uasset
[2017.03.20-22.26.57:680][768]BlueprintLog: New page: Compile FindSessionCube
[2017.03.20-22.27.23:153][544]LogBlueprint:Warning: [FindSessionCube] 'Sessions' variable not found. Base class was probably changed.
[2017.03.20-22.27.23:153][544]LogBlueprint:Warning: [FindSessionCube] 'Sessions' variable not found. Base class was probably changed.
[2017.03.20-22.27.39:560][361]LogSavePackage: Save=18.98ms
[2017.03.20-22.27.39:560][361]LogSavePackage: Moving '../../../../../../Users/SIG/Desktop/Mar1/Saved/FindSessionCube888092F54C1A3149A9F6A28F9BCAD49A.tmp' to '../../../../../../Users/SIG/Desktop/Mar1/Content/FirstPersonBP/Blueprints/Lobby/FindSessionCube.uasset'
[2017.03.20-22.27.39:562][361]LogSavePackage:Display: Finished SavePackage ../../../../../../Users/SIG/Desktop/Mar1/Content/FirstPersonBP/Blueprints/Lobby/FindSessionCube.uasset
[2017.03.20-22.27.40:466][460]BlueprintLog: New page: Compile FindSessionCube
[2017.03.20-22.27.40:478][460]LogBlueprint:Warning: [Compiler FindSessionCube] Warning Could not find a variable named "Sessions" in 'FindSessionCube_C'.
Make sure 'FindSessionCube_C' has been compiled for  K2Node_VariableGet_29
[2017.03.20-22.27.40:478][460]LogBlueprint:Warning: [Compiler FindSessionCube] Warning Could not find a variable named "Sessions" in 'FindSessionCube_C'.
Make sure 'FindSessionCube_C' has been compiled for  K2Node_VariableGet_24
[2017.03.20-22.27.40:479][460]LogBlueprint:Error: [Compiler FindSessionCube] Error The property associated with  Sessions  could not be found
[2017.03.20-22.27.40:479][460]LogBlueprint:Error: [Compiler FindSessionCube] Error The property associated with  Sessions  could not be found
[2017.03.20-22.27.40:633][460]BlueprintEditorCompileResults:Warning: Warning Could not find a variable named "Sessions" in 'FindSessionCube_C'.
Make sure 'FindSessionCube_C' has been compiled for  K2Node_VariableGet_29
[2017.03.20-22.27.40:633][460]BlueprintEditorCompileResults:Warning: Warning Could not find a variable named "Sessions" in 'FindSessionCube_C'.
Make sure 'FindSessionCube_C' has been compiled for  K2Node_VariableGet_24
[2017.03.20-22.27.40:633][460]BlueprintEditorCompileResults:Error: Error The property associated with  Sessions  could not be found
[2017.03.20-22.27.40:633][460]BlueprintEditorCompileResults:Error: Error The property associated with  Sessions  could not be found
[2017.03.20-22.27.40:633][460]LogBlueprint:Warning: [Compiler FindSessionCube] Warning [0230.95] Compile of FindSessionCube failed. 2 Fatal Issue(s) 2 Warning(s) [in 166 ms] (/Game/FirstPersonBP/Blueprints/Lobby/FindSessionCube.FindSessionCube)
[2017.03.20-22.28.05:641][ 35]LogSavePackage: Save=18.36ms
[2017.03.20-22.28.05:641][ 35]LogSavePackage: Moving '../../../../../../Users/SIG/Desktop/Mar1/Saved/FindSessionCube04A60BF84200112476EE149481878DCB.tmp' to '../../../../../../Users/SIG/Desktop/Mar1/Content/FirstPersonBP/Blueprints/Lobby/FindSessionCube.uasset'
[2017.03.20-22.28.05:643][ 35]LogSavePackage:Display: Finished SavePackage ../../../../../../Users/SIG/Desktop/Mar1/Content/FirstPersonBP/Blueprints/Lobby/FindSessionCube.uasset
[2017.03.20-22.28.10:993][538]BlueprintLog: New page: Compile FindSessionCube
[2017.03.20-22.28.19:243][435]LogEditorTransaction: Undo Delete current selection
[2017.03.20-22.28.22:989][847]BlueprintLog: New page: Compile Lobby
[2017.03.20-22.29.22:311][377]LogSavePackage: Save=19.98ms
[2017.03.20-22.29.22:311][377]LogSavePackage: Moving '../../../../../../Users/SIG/Desktop/Mar1/Saved/FindSessionCube4EB3568C494BF813BB5F5B8FCA35F0F9.tmp' to '../../../../../../Users/SIG/Desktop/Mar1/Content/FirstPersonBP/Blueprints/Lobby/FindSessionCube.uasset'
[2017.03.20-22.29.22:314][377]LogSavePackage:Display: Finished SavePackage ../../../../../../Users/SIG/Desktop/Mar1/Content/FirstPersonBP/Blueprints/Lobby/FindSessionCube.uasset
[2017.03.20-22.29.30:673][181]LogEditorViewport: Clicking on Actor (LMB): FindSessionCube_C (FindSessionCube)
[2017.03.20-22.29.55:374][365]Cmd: OBJ SAVEPACKAGE PACKAGE="/Game/FirstPersonBP/Maps/Lobby" FILE="../../../../../../Users/SIG/Desktop/Mar1/Content/FirstPersonBP/Maps/Lobby.umap" SILENT=true AUTOSAVING=false KEEPDIRTY=false
[2017.03.20-22.29.55:485][365]LogSavePackage: Save=82.81ms
[2017.03.20-22.29.55:485][365]LogSavePackage: Moving '../../../../../../Users/SIG/Desktop/Mar1/Saved/Lobby695723DE4F958679A925939733EA381A.tmp' to '../../../../../../Users/SIG/Desktop/Mar1/Content/FirstPersonBP/Maps/Lobby.umap'
[2017.03.20-22.29.55:487][365]LogSavePackage:Display: Finished SavePackage ../../../../../../Users/SIG/Desktop/Mar1/Content/FirstPersonBP/Maps/Lobby.umap
[2017.03.20-22.29.55:527][365]Cmd: OBJ SAVEPACKAGE PACKAGE="/Game/FirstPersonBP/Maps/Lobby_BuiltData" FILE="../../../../../../Users/SIG/Desktop/Mar1/Content/FirstPersonBP/Maps/Lobby_BuiltData.uasset" SILENT=true
[2017.03.20-22.29.55:559][365]LogSavePackage: Save=21.66ms
[2017.03.20-22.29.55:559][365]LogSavePackage: Moving '../../../../../../Users/SIG/Desktop/Mar1/Saved/Lobby_BuiltDataAE966CA5450E54C3C09412B0C51BE01E.tmp' to '../../../../../../Users/SIG/Desktop/Mar1/Content/FirstPersonBP/Maps/Lobby_BuiltData.uasset'
[2017.03.20-22.29.55:560][365]LogSavePackage:Display: Finished SavePackage ../../../../../../Users/SIG/Desktop/Mar1/Content/FirstPersonBP/Maps/Lobby_BuiltData.uasset
[2017.03.20-22.32.27:364][  2]Cmd: OBJ SAVEPACKAGE PACKAGE="/Game/FirstPersonBP/Maps/Lobby" FILE="../../../../../../Users/SIG/Desktop/Mar1/Content/FirstPersonBP/Maps/Lobby.umap" SILENT=true AUTOSAVING=false KEEPDIRTY=false
[2017.03.20-22.32.27:472][  2]LogSavePackage: Save=85.15ms
[2017.03.20-22.32.27:472][  2]LogSavePackage: Moving '../../../../../../Users/SIG/Desktop/Mar1/Saved/Lobby193EF3F04E134618F85062BDB3123AA4.tmp' to '../../../../../../Users/SIG/Desktop/Mar1/Content/FirstPersonBP/Maps/Lobby.umap'
[2017.03.20-22.32.27:474][  2]LogSavePackage:Display: Finished SavePackage ../../../../../../Users/SIG/Desktop/Mar1/Content/FirstPersonBP/Maps/Lobby.umap
[2017.03.20-22.32.27:511][  2]Cmd: OBJ SAVEPACKAGE PACKAGE="/Game/FirstPersonBP/Maps/Lobby_BuiltData" FILE="../../../../../../Users/SIG/Desktop/Mar1/Content/FirstPersonBP/Maps/Lobby_BuiltData.uasset" SILENT=true
[2017.03.20-22.32.27:538][  2]LogSavePackage: Save=20.46ms
[2017.03.20-22.32.27:538][  2]LogSavePackage: Moving '../../../../../../Users/SIG/Desktop/Mar1/Saved/Lobby_BuiltDataB22990384C3AFC1F4D5F45A255E81B3A.tmp' to '../../../../../../Users/SIG/Desktop/Mar1/Content/FirstPersonBP/Maps/Lobby_BuiltData.uasset'
[2017.03.20-22.32.27:539][  2]LogSavePackage:Display: Finished SavePackage ../../../../../../Users/SIG/Desktop/Mar1/Content/FirstPersonBP/Maps/Lobby_BuiltData.uasset
[2017.03.20-22.33.51:769][586]Cmd: OBJ SAVEPACKAGE PACKAGE="/Game/FirstPersonBP/Maps/Lobby" FILE="../../../../../../Users/SIG/Desktop/Mar1/Content/FirstPersonBP/Maps/Lobby.umap" SILENT=true AUTOSAVING=false KEEPDIRTY=false
[2017.03.20-22.33.51:875][586]LogSavePackage: Save=82.72ms
[2017.03.20-22.33.51:875][586]LogSavePackage: Moving '../../../../../../Users/SIG/Desktop/Mar1/Saved/Lobby873AAEE44EEC7877C8907492DD213E9F.tmp' to '../../../../../../Users/SIG/Desktop/Mar1/Content/FirstPersonBP/Maps/Lobby.umap'
[2017.03.20-22.33.51:877][586]LogSavePackage:Display: Finished SavePackage ../../../../../../Users/SIG/Desktop/Mar1/Content/FirstPersonBP/Maps/Lobby.umap
[2017.03.20-22.33.51:915][586]Cmd: OBJ SAVEPACKAGE PACKAGE="/Game/FirstPersonBP/Maps/Lobby_BuiltData" FILE="../../../../../../Users/SIG/Desktop/Mar1/Content/FirstPersonBP/Maps/Lobby_BuiltData.uasset" SILENT=true
[2017.03.20-22.33.51:942][586]LogSavePackage: Save=20.64ms
[2017.03.20-22.33.51:942][586]LogSavePackage: Moving '../../../../../../Users/SIG/Desktop/Mar1/Saved/Lobby_BuiltDataFE8040D448553D240663079FEA9A0893.tmp' to '../../../../../../Users/SIG/Desktop/Mar1/Content/FirstPersonBP/Maps/Lobby_BuiltData.uasset'
[2017.03.20-22.33.51:943][586]LogSavePackage:Display: Finished SavePackage ../../../../../../Users/SIG/Desktop/Mar1/Content/FirstPersonBP/Maps/Lobby_BuiltData.uasset
[2017.03.20-22.34.09:048][979]Cmd: OBJ SAVEPACKAGE PACKAGE="/Game/FirstPersonBP/Maps/Lobby" FILE="../../../../../../Users/SIG/Desktop/Mar1/Content/FirstPersonBP/Maps/Lobby.umap" SILENT=true AUTOSAVING=false KEEPDIRTY=false
[2017.03.20-22.34.09:151][979]LogSavePackage: Save=81.71ms
[2017.03.20-22.34.09:151][979]LogSavePackage: Moving '../../../../../../Users/SIG/Desktop/Mar1/Saved/Lobby439BA2FA46A690CF76084DB806F1940D.tmp' to '../../../../../../Users/SIG/Desktop/Mar1/Content/FirstPersonBP/Maps/Lobby.umap'
[2017.03.20-22.34.09:154][979]LogSavePackage:Display: Finished SavePackage ../../../../../../Users/SIG/Desktop/Mar1/Content/FirstPersonBP/Maps/Lobby.umap
[2017.03.20-22.34.09:192][979]Cmd: OBJ SAVEPACKAGE PACKAGE="/Game/FirstPersonBP/Maps/Lobby_BuiltData" FILE="../../../../../../Users/SIG/Desktop/Mar1/Content/FirstPersonBP/Maps/Lobby_BuiltData.uasset" SILENT=true
[2017.03.20-22.34.09:220][979]LogSavePackage: Save=21.36ms
[2017.03.20-22.34.09:220][979]LogSavePackage: Moving '../../../../../../Users/SIG/Desktop/Mar1/Saved/Lobby_BuiltData1638CFF6401EDD2DB0031E99C27280D8.tmp' to '../../../../../../Users/SIG/Desktop/Mar1/Content/FirstPersonBP/Maps/Lobby_BuiltData.uasset'
[2017.03.20-22.34.09:221][979]LogSavePackage:Display: Finished SavePackage ../../../../../../Users/SIG/Desktop/Mar1/Content/FirstPersonBP/Maps/Lobby_BuiltData.uasset
[2017.03.20-22.34.10:488][ 73]Cmd: OBJ SAVEPACKAGE PACKAGE="/Game/FirstPersonBP/Maps/Lobby" FILE="../../../../../../Users/SIG/Desktop/Mar1/Content/FirstPersonBP/Maps/Lobby.umap" SILENT=true AUTOSAVING=false KEEPDIRTY=false
[2017.03.20-22.34.10:589][ 73]LogSavePackage: Save=81.95ms
[2017.03.20-22.34.10:590][ 73]LogSavePackage: Moving '../../../../../../Users/SIG/Desktop/Mar1/Saved/Lobby91B5EDAA48BBC236AE365F8D715611CD.tmp' to '../../../../../../Users/SIG/Desktop/Mar1/Content/FirstPersonBP/Maps/Lobby.umap'
[2017.03.20-22.34.10:591][ 73]LogSavePackage:Display: Finished SavePackage ../../../../../../Users/SIG/Desktop/Mar1/Content/FirstPersonBP/Maps/Lobby.umap
[2017.03.20-22.34.10:627][ 73]Cmd: OBJ SAVEPACKAGE PACKAGE="/Game/FirstPersonBP/Maps/Lobby_BuiltData" FILE="../../../../../../Users/SIG/Desktop/Mar1/Content/FirstPersonBP/Maps/Lobby_BuiltData.uasset" SILENT=true
[2017.03.20-22.34.10:654][ 73]LogSavePackage: Save=20.67ms
[2017.03.20-22.34.10:654][ 73]LogSavePackage: Moving '../../../../../../Users/SIG/Desktop/Mar1/Saved/Lobby_BuiltDataD1B91BD441CCE42AFD985AB1FCD3057E.tmp' to '../../../../../../Users/SIG/Desktop/Mar1/Content/FirstPersonBP/Maps/Lobby_BuiltData.uasset'
[2017.03.20-22.34.10:655][ 73]LogSavePackage:Display: Finished SavePackage ../../../../../../Users/SIG/Desktop/Mar1/Content/FirstPersonBP/Maps/Lobby_BuiltData.uasset
[2017.03.20-22.36.33:655][395]Cmd: OBJ SAVEPACKAGE PACKAGE="/Game/FirstPersonBP/Blueprints/Lobby/HostCube_2" FILE="../../../../../../Users/SIG/Desktop/Mar1/Content/FirstPersonBP/Blueprints/Lobby/HostCube_2.uasset" SILENT=true
[2017.03.20-22.36.33:661][395]LogSavePackage: Save=3.86ms
[2017.03.20-22.36.33:661][395]LogSavePackage: Moving '../../../../../../Users/SIG/Desktop/Mar1/Saved/HostCube_2DA4A297746F3C38B6D345E971AB90361.tmp' to '../../../../../../Users/SIG/Desktop/Mar1/Content/FirstPersonBP/Blueprints/Lobby/HostCube_2.uasset'
[2017.03.20-22.36.33:664][395]LogSavePackage:Display: Finished SavePackage ../../../../../../Users/SIG/Desktop/Mar1/Content/FirstPersonBP/Blueprints/Lobby/HostCube_2.uasset
[2017.03.20-22.36.33:866][395]LogWindowsTextInputMethodSystem:Display: IME system now deactivated.
[2017.03.20-22.36.34:055][396]Cmd: QUIT_EDITOR
[2017.03.20-22.36.34:112][396]LogExit: Preparing to exit.
[2017.03.20-22.36.34:994][396]LogDirectoryWatcher: A directory notification for 'C:/Users/SIG/Desktop/Mar1/Content/' was aborted.
[2017.03.20-22.36.35:025][396]LogExit: Editor shut down
[2017.03.20-22.36.35:026][396]LogExit: Transaction tracking system shut down
[2017.03.20-22.36.35:118][396]LogObj: Freed 0b from 0 cluster array pools.
[2017.03.20-22.36.35:118][396]LogExit: Object subsystem successfully closed.
[2017.03.20-22.36.35:142][396]LogD3D11RHI: Shutdown
[2017.03.20-22.36.35:142][396]LogD3D11RHI: CleanupD3DDevice
[2017.03.20-22.36.35:248][396]LogD3D11RHI: ~FD3D11DynamicRHI
[2017.03.20-22.36.35:260][396]LogHttp:Display: Http module shutting down, but needs to wait on 1 outstanding Http requests:
[2017.03.20-22.36.35:260][396]LogHttp:Display: 	verb=[POST] url=[https://datarouter.ol.epicgames.com/datarouter/api/v1/public/data?SessionID=%7B19B89599-4CB7-8C8D-13F5-2AA9586D6C31%7D&AppID=UEEditor.Rocket.Release&AppVersion=4.14.3-3249277%2B%2B%2BUE4%2BRelease-4.14&UserID=e39357c64ff4c0113b938aab5c671f29%7C593f397c90d04df9bf9acb715709aceb%7C0c9e8fbc-430d-4232-9a6e-cf58865a8fca&AppEnvironment=datacollector-binary&UploadType=eteventstream] status=Processing
[2017.03.20-22.36.35:284][396]LogModuleManager: Shutting down and abandoning module BlueprintGraph (246)
[2017.03.20-22.36.35:284][396]LogModuleManager: Shutting down and abandoning module BlueprintProfiler (245)
[2017.03.20-22.36.35:284][396]LogModuleManager: Shutting down and abandoning module HierarchicalLODOutliner (244)
[2017.03.20-22.36.35:284][396]LogModuleManager: Shutting down and abandoning module CrashTracker (243)
[2017.03.20-22.36.35:284][396]LogModuleManager: Shutting down and abandoning module SceneOutliner (242)
[2017.03.20-22.36.35:284][396]LogModuleManager: Shutting down and abandoning module WidgetCarousel (241)
[2017.03.20-22.36.35:284][396]LogModuleManager: Shutting down and abandoning module AddContentDialog (240)
[2017.03.20-22.36.35:284][396]LogDirectoryWatcher: A directory notification for 'C:/Program Files (x86)/Epic Games/4.14/FeaturePacks/' was aborted.
[2017.03.20-22.36.35:285][396]LogModuleManager: Shutting down and abandoning module GameplayTags (239)
[2017.03.20-22.36.35:285][396]LogModuleManager: Shutting down and abandoning module EditorWidgets (238)
[2017.03.20-22.36.35:285][396]LogModuleManager: Shutting down and abandoning module CollectionManager (237)
[2017.03.20-22.36.35:285][396]LogDirectoryWatcher: A directory notification for 'C:/Users/SIG/Desktop/Mar1/Content/Collections/' was aborted.
[2017.03.20-22.36.35:285][396]LogDirectoryWatcher: A directory notification for 'C:/Users/SIG/Desktop/Mar1/Content/Developers/SIG/Collections/' was aborted.
[2017.03.20-22.36.35:285][396]LogDirectoryWatcher: A directory notification for 'C:/Users/SIG/Desktop/Mar1/Saved/Collections/' was aborted.
[2017.03.20-22.36.35:285][396]LogModuleManager: Shutting down and abandoning module StatsViewer (236)
[2017.03.20-22.36.35:285][396]LogModuleManager: Shutting down and abandoning module FoliageEdit (235)
[2017.03.20-22.36.35:285][396]LogModuleManager: Shutting down and abandoning module LandscapeEditor (234)
[2017.03.20-22.36.35:285][396]LogModuleManager: Shutting down and abandoning module SceneDepthPickerMode (233)
[2017.03.20-22.36.35:285][396]LogModuleManager: Shutting down and abandoning module ActorPickerMode (232)
[2017.03.20-22.36.35:285][396]LogModuleManager: Shutting down and abandoning module GeometryMode (231)
[2017.03.20-22.36.35:285][396]LogModuleManager: Shutting down and abandoning module TextureAlignMode (230)
[2017.03.20-22.36.35:285][396]LogModuleManager: Shutting down and abandoning module BspMode (229)
[2017.03.20-22.36.35:285][396]LogModuleManager: Shutting down and abandoning module HardwareSurvey (228)
[2017.03.20-22.36.35:285][396]LogModuleManager: Shutting down and abandoning module SequenceRecorderSections (227)
[2017.03.20-22.36.35:285][396]LogModuleManager: Shutting down and abandoning module AutomationWorker (226)
[2017.03.20-22.36.35:285][396]LogModuleManager: Shutting down and abandoning module MatineeToLevelSequence (225)
[2017.03.20-22.36.35:285][396]LogModuleManager: Shutting down and abandoning module PlacementMode (224)
[2017.03.20-22.36.35:285][396]LogModuleManager: Shutting down and abandoning module LevelSequenceEditor (223)
[2017.03.20-22.36.35:285][396]LogModuleManager: Shutting down and abandoning module WmfMediaFactory (222)
[2017.03.20-22.36.35:285][396]LogModuleManager: Shutting down and abandoning module WmfMediaEditor (221)
[2017.03.20-22.36.35:285][396]LogModuleManager: Shutting down and abandoning module AvfMediaFactory (220)
[2017.03.20-22.36.35:285][396]LogModuleManager: Shutting down and abandoning module AvfMediaEditor (219)
[2017.03.20-22.36.35:285][396]LogModuleManager: Shutting down and abandoning module Media (218)
[2017.03.20-22.36.35:285][396]LogModuleManager: Shutting down and abandoning module AndroidMediaFactory (217)
[2017.03.20-22.36.35:285][396]LogModuleManager: Shutting down and abandoning module AndroidMediaEditor (216)
[2017.03.20-22.36.35:285][396]LogModuleManager: Shutting down and abandoning module CharacterAI (215)
[2017.03.20-22.36.35:285][396]LogModuleManager: Shutting down and abandoning module SequenceRecorder (214)
[2017.03.20-22.36.35:285][396]LogModuleManager: Shutting down and abandoning module AudioCapture (213)
[2017.03.20-22.36.35:285][396]LogModuleManager: Shutting down and abandoning module SmartSnapping (212)
[2017.03.20-22.36.35:285][396]LogModuleManager: Shutting down and abandoning module SessionServices (211)
[2017.03.20-22.36.35:285][396]LogModuleManager: Shutting down and abandoning module ViewportSnapping (210)
[2017.03.20-22.36.35:285][396]LogModuleManager: Shutting down and abandoning module ViewportInteraction (209)
[2017.03.20-22.36.35:285][396]LogModuleManager: Shutting down and abandoning module LogVisualizer (208)
[2017.03.20-22.36.35:285][396]LogModuleManager: Shutting down and abandoning module GameProjectGeneration (207)
[2017.03.20-22.36.35:285][396]LogModuleManager: Shutting down and abandoning module IntroTutorials (206)
[2017.03.20-22.36.35:285][396]LogModuleManager: Shutting down and abandoning module EditorLiveStreaming (205)
[2017.03.20-22.36.35:285][396]LogModuleManager: Shutting down and abandoning module IOSPlatformEditor (204)
[2017.03.20-22.36.35:285][396]LogModuleManager: Shutting down and abandoning module HTML5PlatformEditor (203)
[2017.03.20-22.36.35:285][396]LogModuleManager: Shutting down and abandoning module AndroidDeviceDetection (202)
[2017.03.20-22.36.35:510][396]LogModuleManager: Shutting down and abandoning module AndroidPlatformEditor (201)
[2017.03.20-22.36.35:510][396]LogModuleManager: Shutting down and abandoning module IOSRuntimeSettings (200)
[2017.03.20-22.36.35:510][396]LogModuleManager: Shutting down and abandoning module AndroidRuntimeSettings (199)
[2017.03.20-22.36.35:510][396]LogModuleManager: Shutting down and abandoning module InputBindingEditor (198)
[2017.03.20-22.36.35:510][396]LogModuleManager: Shutting down and abandoning module NiagaraEditor (197)
[2017.03.20-22.36.35:510][396]LogModuleManager: Shutting down and abandoning module MergeActors (196)
[2017.03.20-22.36.35:510][396]LogModuleManager: Shutting down and abandoning module SizeMap (195)
[2017.03.20-22.36.35:510][396]LogModuleManager: Shutting down and abandoning module TreeMap (194)
[2017.03.20-22.36.35:510][396]LogModuleManager: Shutting down and abandoning module ReferenceViewer (193)
[2017.03.20-22.36.35:510][396]LogModuleManager: Shutting down and abandoning module LocalizationService (192)
[2017.03.20-22.36.35:510][396]LogModuleManager: Shutting down and abandoning module LocalizationDashboard (191)
[2017.03.20-22.36.35:510][396]LogModuleManager: Shutting down and abandoning module HardwareTargeting (190)
[2017.03.20-22.36.35:510][396]LogModuleManager: Shutting down and abandoning module DeviceProfileEditor (189)
[2017.03.20-22.36.35:510][396]LogModuleManager: Shutting down and abandoning module UndoHistory (188)
[2017.03.20-22.36.35:510][396]LogModuleManager: Shutting down and abandoning module UserFeedback (187)
[2017.03.20-22.36.35:510][396]LogModuleManager: Shutting down and abandoning module XmlParser (186)
[2017.03.20-22.36.35:510][396]LogModuleManager: Shutting down and abandoning module Blutility (185)
[2017.03.20-22.36.35:510][396]LogModuleManager: Shutting down and abandoning module ProjectTargetPlatformEditor (184)
[2017.03.20-22.36.35:510][396]LogModuleManager: Shutting down and abandoning module ProjectSettingsViewer (183)
[2017.03.20-22.36.35:510][396]LogModuleManager: Shutting down and abandoning module EditorSettingsViewer (182)
[2017.03.20-22.36.35:511][396]LogModuleManager: Shutting down and abandoning module SettingsEditor (181)
[2017.03.20-22.36.35:511][396]LogModuleManager: Shutting down and abandoning module ProjectLauncher (180)
[2017.03.20-22.36.35:511][396]LogModuleManager: Shutting down and abandoning module SessionFrontend (179)
[2017.03.20-22.36.35:511][396]LogModuleManager: Shutting down and abandoning module ProfilerClient (178)
[2017.03.20-22.36.35:511][396]LogModuleManager: Shutting down and abandoning module TargetDeviceServices (177)
[2017.03.20-22.36.35:511][396]LogModuleManager: Shutting down and abandoning module DeviceManager (176)
[2017.03.20-22.36.35:555][396]LogModuleManager: Shutting down and abandoning module AutomationController (175)
[2017.03.20-22.36.35:555][396]LogModuleManager: Shutting down and abandoning module AutomationWindow (174)
[2017.03.20-22.36.35:555][396]LogModuleManager: Shutting down and abandoning module Layers (173)
[2017.03.20-22.36.35:555][396]LogModuleManager: Shutting down and abandoning module ComponentVisualizers (172)
[2017.03.20-22.36.35:555][396]LogModuleManager: Shutting down and abandoning module DetailCustomizations (171)
[2017.03.20-22.36.35:555][396]LogModuleManager: Shutting down and abandoning module PackagesDialog (170)
[2017.03.20-22.36.35:555][396]LogModuleManager: Shutting down and abandoning module AnimGraph (169)
[2017.03.20-22.36.35:555][396]LogModuleManager: Shutting down and abandoning module Persona (168)
[2017.03.20-22.36.35:555][396]LogModuleManager: Shutting down and abandoning module Kismet (167)
[2017.03.20-22.36.35:560][396]LogModuleManager: Shutting down and abandoning module GraphEditor (166)
[2017.03.20-22.36.35:560][396]LogModuleManager: Shutting down and abandoning module ClassViewer (165)
[2017.03.20-22.36.35:561][396]LogModuleManager: Shutting down and abandoning module Toolbox (164)
[2017.03.20-22.36.35:561][396]LogModuleManager: Shutting down and abandoning module ModuleUI (163)
[2017.03.20-22.36.35:561][396]LogModuleManager: Shutting down and abandoning module MovieSceneTools (162)
[2017.03.20-22.36.35:561][396]LogModuleManager: Shutting down and abandoning module OutputLog (161)
[2017.03.20-22.36.35:561][396]LogModuleManager: Shutting down and abandoning module GammaUI (160)
[2017.03.20-22.36.35:561][396]LogModuleManager: Shutting down and abandoning module Documentation (159)
[2017.03.20-22.36.35:561][396]LogModuleManager: Shutting down and abandoning module Niagara (158)
[2017.03.20-22.36.35:561][396]LogModuleManager: Shutting down and abandoning module StreamingPauseRendering (157)
[2017.03.20-22.36.35:561][396]LogModuleManager: Shutting down and abandoning module AnalyticsET (156)
[2017.03.20-22.36.35:561][396]LogModuleManager: Shutting down and abandoning module PortalServices (155)
[2017.03.20-22.36.35:561][396]LogModuleManager: Shutting down and abandoning module PortalRpc (154)
[2017.03.20-22.36.35:561][396]LogModuleManager: Shutting down and abandoning module MessagingRpc (153)
[2017.03.20-22.36.35:561][396]LogModuleManager: Shutting down and abandoning module GameplayDebugger (152)
[2017.03.20-22.36.35:561][396]LogModuleManager: Shutting down and abandoning module AITestSuite (151)
[2017.03.20-22.36.35:561][396]LogModuleManager: Shutting down and abandoning module AIModule (150)
[2017.03.20-22.36.35:561][396]LogModuleManager: Shutting down and abandoning module ProfilerService (149)
[2017.03.20-22.36.35:713][396]LogModuleManager: Shutting down and abandoning module TaskGraph (148)
[2017.03.20-22.36.35:713][396]LogModuleManager: Shutting down and abandoning module SubstanceEditor (147)
[2017.03.20-22.36.35:713][396]LogModuleManager: Shutting down and abandoning module SlateRemote (146)
[2017.03.20-22.36.35:713][396]LogModuleManager: Shutting down and abandoning module SteamVRController (145)
[2017.03.20-22.36.35:713][396]LogModuleManager: Shutting down and abandoning module SteamVR (144)
[2017.03.20-22.36.35:713][396]LogModuleManager: Shutting down and abandoning module ProceduralMeshComponentEditor (143)
[2017.03.20-22.36.35:713][396]LogModuleManager: Shutting down and abandoning module ProceduralMeshComponent (142)
[2017.03.20-22.36.35:713][396]LogModuleManager: Shutting down and abandoning module OculusLibrary (141)
[2017.03.20-22.36.35:713][396]LogModuleManager: Shutting down and abandoning module OculusInput (140)
[2017.03.20-22.36.35:713][396]LogModuleManager: Shutting down and abandoning module MobilePatchingUtils (139)
[2017.03.20-22.36.35:713][396]LogModuleManager: Shutting down and abandoning module CustomMeshComponent (138)
[2017.03.20-22.36.35:713][396]LogModuleManager: Shutting down and abandoning module CableComponent (137)
[2017.03.20-22.36.35:713][396]LogModuleManager: Shutting down and abandoning module ArchVisCharacter (136)
[2017.03.20-22.36.35:713][396]LogModuleManager: Shutting down and abandoning module MediaPlayerEditor (135)
[2017.03.20-22.36.35:713][396]LogModuleManager: Shutting down and abandoning module HTML5Networking (134)
[2017.03.20-22.36.35:713][396]LogModuleManager: Shutting down and abandoning module GeometryCacheEd (133)
[2017.03.20-22.36.35:713][396]LogModuleManager: Shutting down and abandoning module GeometryCache (132)
[2017.03.20-22.36.35:713][396]LogModuleManager: Shutting down and abandoning module AlembicLibrary (131)
[2017.03.20-22.36.35:713][396]LogModuleManager: Shutting down and abandoning module AlembicImporter (130)
[2017.03.20-22.36.35:713][396]LogModuleManager: Shutting down and abandoning module SuperSearch (129)
[2017.03.20-22.36.35:713][396]LogModuleManager: Shutting down and abandoning module SuperSearchEditor (128)
[2017.03.20-22.36.35:713][396]LogModuleManager: Shutting down and abandoning module SpeedTreeImporter (127)
[2017.03.20-22.36.35:713][396]LogModuleManager: Shutting down and abandoning module PluginBrowser (126)
[2017.03.20-22.36.35:713][396]LogModuleManager: Shutting down and abandoning module MobileLauncherProfileWizard (125)
[2017.03.20-22.36.35:713][396]LogModuleManager: Shutting down and abandoning module EpicSurvey (124)
[2017.03.20-22.36.35:713][396]LogModuleManager: Shutting down and abandoning module DesktopPlatform (123)
[2017.03.20-22.36.35:713][396]LogModuleManager: Shutting down and abandoning module VisualStudioSourceCodeAccess (122)
[2017.03.20-22.36.35:713][396]LogModuleManager: Shutting down and abandoning module UObjectPlugin (121)
[2017.03.20-22.36.35:713][396]LogModuleManager: Shutting down and abandoning module SubversionSourceControl (120)
[2017.03.20-22.36.35:713][396]LogModuleManager: Shutting down and abandoning module PerforceSourceControl (119)
[2017.03.20-22.36.35:713][396]LogModuleManager: Shutting down and abandoning module SourceControl (118)
[2017.03.20-22.36.35:713][396]LogModuleManager: Shutting down and abandoning module GitSourceControl (117)
[2017.03.20-22.36.35:713][396]LogModuleManager: Shutting down and abandoning module LightPropagationVolumeEditor (116)
[2017.03.20-22.36.35:713][396]LogModuleManager: Shutting down and abandoning module PaperTiledImporter (115)
[2017.03.20-22.36.35:714][396]LogModuleManager: Shutting down and abandoning module PaperSpriteSheetImporter (114)
[2017.03.20-22.36.35:714][396]LogModuleManager: Shutting down and abandoning module MeshPaint (113)
[2017.03.20-22.36.35:714][396]LogModuleManager: Shutting down and abandoning module PixelInspectorModule (112)
[2017.03.20-22.36.35:714][396]LogModuleManager: Shutting down and abandoning module HotReload (111)
[2017.03.20-22.36.35:714][396]LogModuleManager: Shutting down and abandoning module MainFrame (110)
[2017.03.20-22.36.35:714][396]LogModuleManager: Shutting down and abandoning module LevelEditor (109)
[2017.03.20-22.36.35:715][396]LogModuleManager: Shutting down and abandoning module ContentBrowser (108)
[2017.03.20-22.36.35:715][396]LogModuleManager: Shutting down and abandoning module Paper2DEditor (107)
[2017.03.20-22.36.35:715][396]LogModuleManager: Shutting down and abandoning module UdpMessaging (106)
[2017.03.20-22.36.35:816][396]LogModuleManager: Shutting down and abandoning module TcpMessaging (105)
[2017.03.20-22.36.35:917][396]LogModuleManager: Shutting down and abandoning module SubstanceCore (104)
[2017.03.20-22.36.35:917][396]LogModuleManager: Shutting down and abandoning module LightPropagationVolumeRuntime (103)
[2017.03.20-22.36.35:917][396]LogModuleManager: Shutting down and abandoning module Paper2D (102)
[2017.03.20-22.36.35:917][396]LogModuleManager: Shutting down and abandoning module WindowsMoviePlayer (101)
[2017.03.20-22.36.35:917][396]LogModuleManager: Shutting down and abandoning module WmfMedia (100)
[2017.03.20-22.36.35:917][396]LogModuleManager: Shutting down and abandoning module MediaAssets (99)
[2017.03.20-22.36.35:917][396]LogModuleManager: Shutting down and abandoning module GameLiveStreaming (98)
[2017.03.20-22.36.35:917][396]LogModuleManager: Shutting down and abandoning module GameplayTagsEditor (97)
[2017.03.20-22.36.35:917][396]LogModuleManager: Shutting down and abandoning module VREditor (96)
[2017.03.20-22.36.35:917][396]LogModuleManager: Shutting down and abandoning module GameplayTasksEditor (95)
[2017.03.20-22.36.35:917][396]LogModuleManager: Shutting down and abandoning module BehaviorTreeEditor (94)
[2017.03.20-22.36.35:917][396]LogModuleManager: Shutting down and abandoning module FunctionalTesting (93)
[2017.03.20-22.36.35:917][396]LogModuleManager: Shutting down and abandoning module CollisionAnalyzer (92)
[2017.03.20-22.36.35:917][396]LogModuleManager: Shutting down and abandoning module Sequencer (91)
[2017.03.20-22.36.35:917][396]LogModuleManager: Shutting down and abandoning module WorkspaceMenuStructure (90)
[2017.03.20-22.36.35:917][396]LogModuleManager: Shutting down and abandoning module MessageLog (89)
[2017.03.20-22.36.35:917][396]LogModuleManager: Shutting down and abandoning module AssetTools (88)
[2017.03.20-22.36.35:917][396]LogModuleManager: Shutting down and abandoning module UMGEditor (87)
[2017.03.20-22.36.35:917][396]LogModuleManager: Shutting down and abandoning module UMG (86)
[2017.03.20-22.36.35:917][396]LogModuleManager: Shutting down and abandoning module SlateReflector (85)
[2017.03.20-22.36.35:917][396]LogModuleManager: Shutting down and abandoning module Slate (84)
[2017.03.20-22.36.35:917][396]LogModuleManager: Shutting down and abandoning module EditorStyle (83)
[2017.03.20-22.36.35:919][396]LogModuleManager: Shutting down and abandoning module SourceCodeAccess (82)
[2017.03.20-22.36.35:919][396]LogModuleManager: Shutting down and abandoning module HeadMountedDisplay (81)
[2017.03.20-22.36.35:919][396]LogModuleManager: Shutting down and abandoning module XAudio2 (80)
[2017.03.20-22.36.35:919][396]LogModuleManager: Shutting down and abandoning module Networking (79)
[2017.03.20-22.36.35:919][396]LogModuleManager: Shutting down and abandoning module Core (78)
[2017.03.20-22.36.35:919][396]LogModuleManager: Shutting down and abandoning module DirectoryWatcher (77)
[2017.03.20-22.36.35:919][396]LogDirectoryWatcher: A directory notification for '../../../Engine/Content/' was aborted.
[2017.03.20-22.36.35:919][396]LogDirectoryWatcher: A directory notification for '../../../../../../Users/SIG/Desktop/Mar1/Content/' was aborted.
[2017.03.20-22.36.35:920][396]LogDirectoryWatcher: A directory notification for '../../../Engine/Plugins/2D/Paper2D/Content/' was aborted.
[2017.03.20-22.36.35:922][396]LogModuleManager: Shutting down and abandoning module AssetRegistry (76)
[2017.03.20-22.36.36:089][396]LogModuleManager: Shutting down and abandoning module KismetCompiler (75)
[2017.03.20-22.36.36:089][396]LogModuleManager: Shutting down and abandoning module PhysXFormats (74)
[2017.03.20-22.36.36:089][396]LogModuleManager: Shutting down and abandoning module SimplygonSwarm (73)
[2017.03.20-22.36.36:089][396]LogModuleManager: Shutting down and abandoning module SimplygonMeshReduction (72)
[2017.03.20-22.36.36:089][396]LogModuleManager: Shutting down and abandoning module QuadricMeshReduction (71)
[2017.03.20-22.36.36:089][396]LogModuleManager: Shutting down and abandoning module PropertyEditor (70)
[2017.03.20-22.36.36:089][396]LogModuleManager: Shutting down and abandoning module MeshUtilities (69)
[2017.03.20-22.36.36:089][396]LogModuleManager: Shutting down and abandoning module DerivedDataCache (68)
[2017.03.20-22.36.36:093][396]LogDerivedDataCache: Shutdown
[2017.03.20-22.36.36:093][396]LogModuleManager: Shutting down and abandoning module VulkanShaderFormat (67)
[2017.03.20-22.36.36:093][396]LogModuleManager: Shutting down and abandoning module ShaderFormatOpenGL (66)
[2017.03.20-22.36.36:093][396]LogModuleManager: Shutting down and abandoning module ShaderFormatD3D (65)
[2017.03.20-22.36.36:093][396]LogModuleManager: Shutting down and abandoning module MetalShaderFormat (64)
[2017.03.20-22.36.36:093][396]LogModuleManager: Shutting down and abandoning module TextureFormatUncompressed (63)
[2017.03.20-22.36.36:093][396]LogModuleManager: Shutting down and abandoning module TextureFormatPVR (62)
[2017.03.20-22.36.36:093][396]LogModuleManager: Shutting down and abandoning module TextureFormatDXT (61)
[2017.03.20-22.36.36:093][396]LogModuleManager: Shutting down and abandoning module TextureFormatIntelISPCTexComp (60)
[2017.03.20-22.36.36:093][396]LogModuleManager: Shutting down and abandoning module ImageWrapper (59)
[2017.03.20-22.36.36:093][396]LogModuleManager: Shutting down and abandoning module TextureFormatASTC (58)
[2017.03.20-22.36.36:093][396]LogModuleManager: Shutting down and abandoning module TextureFormatAndroid (57)
[2017.03.20-22.36.36:093][396]LogModuleManager: Shutting down and abandoning module AudioFormatOpus (56)
[2017.03.20-22.36.36:093][396]LogModuleManager: Shutting down and abandoning module AudioFormatOgg (55)
[2017.03.20-22.36.36:093][396]LogModuleManager: Shutting down and abandoning module AudioFormatADPCM (54)
[2017.03.20-22.36.36:093][396]LogModuleManager: Shutting down and abandoning module LinuxTargetPlatform (53)
[2017.03.20-22.36.36:093][396]LogModuleManager: Shutting down and abandoning module LinuxServerTargetPlatform (52)
[2017.03.20-22.36.36:093][396]LogModuleManager: Shutting down and abandoning module LinuxNoEditorTargetPlatform (51)
[2017.03.20-22.36.36:093][396]LogModuleManager: Shutting down and abandoning module LinuxClientTargetPlatform (50)
[2017.03.20-22.36.36:093][396]LogModuleManager: Shutting down and abandoning module TVOSTargetPlatform (49)
[2017.03.20-22.36.36:093][396]LogModuleManager: Shutting down and abandoning module Messaging (48)
[2017.03.20-22.36.36:093][396]LogModuleManager: Shutting down and abandoning module IOSTargetPlatform (47)
[2017.03.20-22.36.36:093][396]LogModuleManager: Shutting down and abandoning module HTML5TargetPlatform (46)
[2017.03.20-22.36.36:093][396]LogModuleManager: Shutting down and abandoning module Android_PVRTCTargetPlatform (45)
[2017.03.20-22.36.36:093][396]LogModuleManager: Shutting down and abandoning module Android_MultiTargetPlatform (44)
[2017.03.20-22.36.36:094][396]LogModuleManager: Shutting down and abandoning module Android_ETC2TargetPlatform (43)
[2017.03.20-22.36.36:094][396]LogModuleManager: Shutting down and abandoning module Android_ETC1TargetPlatform (42)
[2017.03.20-22.36.36:094][396]LogModuleManager: Shutting down and abandoning module Android_DXTTargetPlatform (41)
[2017.03.20-22.36.36:094][396]LogModuleManager: Shutting down and abandoning module Android_ATCTargetPlatform (40)
[2017.03.20-22.36.36:094][396]LogModuleManager: Shutting down and abandoning module Android_ASTCTargetPlatform (39)
[2017.03.20-22.36.36:094][396]LogModuleManager: Shutting down and abandoning module AndroidTargetPlatform (38)
[2017.03.20-22.36.36:094][396]LogModuleManager: Shutting down and abandoning module WindowsTargetPlatform (37)
[2017.03.20-22.36.36:094][396]LogModuleManager: Shutting down and abandoning module WindowsServerTargetPlatform (36)
[2017.03.20-22.36.36:094][396]LogModuleManager: Shutting down and abandoning module WindowsNoEditorTargetPlatform (35)
[2017.03.20-22.36.36:094][396]LogModuleManager: Shutting down and abandoning module WindowsClientTargetPlatform (34)
[2017.03.20-22.36.36:094][396]LogModuleManager: Shutting down and abandoning module MacTargetPlatform (33)
[2017.03.20-22.36.36:094][396]LogModuleManager: Shutting down and abandoning module MacServerTargetPlatform (32)
[2017.03.20-22.36.36:094][396]LogModuleManager: Shutting down and abandoning module MacNoEditorTargetPlatform (31)
[2017.03.20-22.36.36:094][396]LogModuleManager: Shutting down and abandoning module MacClientTargetPlatform (30)
[2017.03.20-22.36.36:094][396]LogModuleManager: Shutting down and abandoning module AllDesktopTargetPlatform (29)
[2017.03.20-22.36.36:094][396]LogModuleManager: Shutting down and abandoning module TargetPlatform (28)
[2017.03.20-22.36.36:094][396]LogModuleManager: Shutting down and abandoning module InputCore (27)
[2017.03.20-22.36.36:094][396]LogModuleManager: Shutting down and abandoning module Settings (26)
[2017.03.20-22.36.36:094][396]LogModuleManager: Shutting down and abandoning module OculusRift (25)
[2017.03.20-22.36.36:094][396]LogHMD: Oculus shutdown.
[2017.03.20-22.36.36:094][396]LogModuleManager: Shutting down and abandoning module ExampleDeviceProfileSelector (24)
[2017.03.20-22.36.36:094][396]LogModuleManager: Shutting down and abandoning module OnlineBlueprintSupport (23)
[2017.03.20-22.36.36:094][396]LogModuleManager: Shutting down and abandoning module OnlineSubsystem (18)
[2017.03.20-22.36.36:094][396]LogOnline:Display: NULL: FOnlineSubsystemNull::Shutdown()
[2017.03.20-22.36.36:095][396]LogOnline:Display: Unloading online subsystem: NULL
[2017.03.20-22.36.36:095][396]LogModuleManager: Shutting down and abandoning module SSL (17)
[2017.03.20-22.36.36:096][396]LogModuleManager: Shutting down and abandoning module HTTP (16)
[2017.03.20-22.36.36:096][396]LogModuleManager: Shutting down and abandoning module XMPP (15)
[2017.03.20-22.36.36:096][396]LogModuleManager: Shutting down and abandoning module TextureCompressor (14)
[2017.03.20-22.36.36:096][396]LogModuleManager: Shutting down and abandoning module ShaderCore (13)
[2017.03.20-22.36.36:096][396]LogModuleManager: Shutting down and abandoning module Landscape (12)
[2017.03.20-22.36.36:096][396]LogModuleManager: Shutting down and abandoning module SlateRHIRenderer (11)
[2017.03.20-22.36.36:098][396]LogModuleManager: Shutting down and abandoning module OpenGLDrv (10)
[2017.03.20-22.36.36:098][396]LogModuleManager: Shutting down and abandoning module D3D11RHI (9)
[2017.03.20-22.36.36:098][396]LogModuleManager: Shutting down and abandoning module AnimGraphRuntime (8)
[2017.03.20-22.36.36:098][396]LogModuleManager: Shutting down and abandoning module Renderer (7)
[2017.03.20-22.36.36:098][396]LogModuleManager: Shutting down and abandoning module Engine (6)
[2017.03.20-22.36.36:098][396]LogModuleManager: Shutting down and abandoning module CoreUObject (5)
[2017.03.20-22.36.36:098][396]LogModuleManager: Shutting down and abandoning module NetworkFile (4)
[2017.03.20-22.36.36:098][396]LogModuleManager: Shutting down and abandoning module StreamingFile (3)
[2017.03.20-22.36.36:098][396]LogModuleManager: Shutting down and abandoning module SandboxFile (2)
[2017.03.20-22.36.36:098][396]LogModuleManager: Shutting down and abandoning module PakFile (1)
[2017.03.20-22.36.36:100][396]LogExit: Exiting.
[2017.03.20-22.36.36:118][396]Log file closed, 03/20/17 18:36:36
