Log file open, 02/27/17 22:20:10
LogInit:Display: Running engine for game: CIS568VRYPaint_mp
LogPlatformFile: Not using cached read wrapper
LogInit:Display: RandInit(-190506781) SRandInit(-190506781).
LogTaskGraph: Started task graph with 5 named threads and 8 total threads with 1 sets of task threads.
LogStats: Stats thread started at 0.077050
LogPluginManager: Loaded Plugin Paper2D, From C:/Program Files/Epic Games/UE_4.14/Engine/Plugins/2D/Paper2D/Paper2D.uplugin
LogPluginManager: Loaded Plugin LightPropagationVolume, From C:/Program Files/Epic Games/UE_4.14/Engine/Plugins/Blendables/LightPropagationVolume/LightPropagationVolume.uplugin
LogPluginManager: Loaded Plugin BlankPlugin, From C:/Program Files/Epic Games/UE_4.14/Engine/Plugins/Developer/BlankPlugin/BlankPlugin.uplugin
LogPluginManager: Loaded Plugin CodeLiteSourceCodeAccess, From C:/Program Files/Epic Games/UE_4.14/Engine/Plugins/Developer/CodeLiteSourceCodeAccess/CodeLiteSourceCodeAccess.uplugin
LogPluginManager: Loaded Plugin GitSourceControl, From C:/Program Files/Epic Games/UE_4.14/Engine/Plugins/Developer/GitSourceControl/GitSourceControl.uplugin
LogPluginManager: Loaded Plugin KDevelopSourceCodeAccess, From C:/Program Files/Epic Games/UE_4.14/Engine/Plugins/Developer/KDevelopSourceCodeAccess/KDevelopSourceCodeAccess.uplugin
LogPluginManager: Loaded Plugin NullSourceCodeAccess, From C:/Program Files/Epic Games/UE_4.14/Engine/Plugins/Developer/NullSourceCodeAccess/NullSourceCodeAccess.uplugin
LogPluginManager: Loaded Plugin OneSkyLocalizationService, From C:/Program Files/Epic Games/UE_4.14/Engine/Plugins/Developer/OneSkyLocalizationService/OneSkyLocalizationService.uplugin
LogPluginManager: Loaded Plugin PerforceSourceControl, From C:/Program Files/Epic Games/UE_4.14/Engine/Plugins/Developer/PerforceSourceControl/PerforceSourceControl.uplugin
LogPluginManager: Loaded Plugin SubversionSourceControl, From C:/Program Files/Epic Games/UE_4.14/Engine/Plugins/Developer/SubversionSourceControl/SubversionSourceControl.uplugin
LogPluginManager: Loaded Plugin UObjectPlugin, From C:/Program Files/Epic Games/UE_4.14/Engine/Plugins/Developer/UObjectPlugin/UObjectPlugin.uplugin
LogPluginManager: Loaded Plugin VisualStudioSourceCodeAccess, From C:/Program Files/Epic Games/UE_4.14/Engine/Plugins/Developer/VisualStudioSourceCodeAccess/VisualStudioSourceCodeAccess.uplugin
LogPluginManager: Loaded Plugin XCodeSourceCodeAccess, From C:/Program Files/Epic Games/UE_4.14/Engine/Plugins/Developer/XCodeSourceCodeAccess/XCodeSourceCodeAccess.uplugin
LogPluginManager: Loaded Plugin AudioCapture, From C:/Program Files/Epic Games/UE_4.14/Engine/Plugins/Editor/AudioCapture/AudioCapture.uplugin
LogPluginManager: Loaded Plugin EpicSurvey, From C:/Program Files/Epic Games/UE_4.14/Engine/Plugins/Editor/EpicSurvey/EpicSurvey.uplugin
LogPluginManager: Loaded Plugin MacGraphicsSwitching, From C:/Program Files/Epic Games/UE_4.14/Engine/Plugins/Editor/MacGraphicsSwitching/MacGraphicsSwitching.uplugin
LogPluginManager: Loaded Plugin MobileLauncherProfileWizard, From C:/Program Files/Epic Games/UE_4.14/Engine/Plugins/Editor/MobileLauncherProfileWizard/MobileLauncherProfileWizard.uplugin
LogPluginManager: Loaded Plugin PluginBrowser, From C:/Program Files/Epic Games/UE_4.14/Engine/Plugins/Editor/PluginBrowser/PluginBrowser.uplugin
LogPluginManager: Loaded Plugin SpeedTreeImporter, From C:/Program Files/Epic Games/UE_4.14/Engine/Plugins/Editor/SpeedTreeImporter/SpeedTreeImporter.uplugin
LogPluginManager: Loaded Plugin SuperSearchEditor, From C:/Program Files/Epic Games/UE_4.14/Engine/Plugins/Editor/SuperSearchEditor/SuperSearchEditor.uplugin
LogPluginManager: Loaded Plugin AlembicImporter, From C:/Program Files/Epic Games/UE_4.14/Engine/Plugins/Experimental/AlembicImporter/AlembicImporter.uplugin
LogPluginManager: Loaded Plugin BlueprintStats, From C:/Program Files/Epic Games/UE_4.14/Engine/Plugins/Experimental/BlueprintStats/BlueprintStats.uplugin
LogPluginManager: Loaded Plugin CharacterAI, From C:/Program Files/Epic Games/UE_4.14/Engine/Plugins/Experimental/CharacterAI/CharacterAI.uplugin
LogPluginManager: Loaded Plugin CodeEditor, From C:/Program Files/Epic Games/UE_4.14/Engine/Plugins/Experimental/CodeEditor/CodeEditor.uplugin
LogPluginManager: Loaded Plugin CodeView, From C:/Program Files/Epic Games/UE_4.14/Engine/Plugins/Experimental/CodeView/CodeView.uplugin
LogPluginManager: Loaded Plugin HTML5Networking, From C:/Program Files/Epic Games/UE_4.14/Engine/Plugins/Experimental/HTML5Networking/HTML5Networking.uplugin
LogPluginManager: Loaded Plugin OSVR, From C:/Program Files/Epic Games/UE_4.14/Engine/Plugins/Experimental/OSVR/OSVR.uplugin
LogPluginManager: Loaded Plugin Phya, From C:/Program Files/Epic Games/UE_4.14/Engine/Plugins/Experimental/Phya/Phya.uplugin
LogPluginManager: Loaded Plugin SignificanceManager, From C:/Program Files/Epic Games/UE_4.14/Engine/Plugins/Experimental/SignificanceManager/SignificanceManager.uplugin
LogPluginManager: Loaded Plugin SimpleHMD, From C:/Program Files/Epic Games/UE_4.14/Engine/Plugins/Experimental/SimpleHMD/SimpleHMD.uplugin
LogPluginManager: Loaded Plugin StereoPanorama, From C:/Program Files/Epic Games/UE_4.14/Engine/Plugins/Experimental/StereoPanorama/StereoPanorama.uplugin
LogPluginManager: Loaded Plugin StructBox, From C:/Program Files/Epic Games/UE_4.14/Engine/Plugins/Experimental/StructBox/StructBox.uplugin
LogPluginManager: Loaded Plugin Substance, From C:/Program Files/Epic Games/UE_4.14/Engine/Plugins/Marketplace/Substance/Substance.uplugin
LogPluginManager: Loaded Plugin AndroidMedia, From C:/Program Files/Epic Games/UE_4.14/Engine/Plugins/Media/AndroidMedia/AndroidMedia.uplugin
LogPluginManager: Loaded Plugin AvfMedia, From C:/Program Files/Epic Games/UE_4.14/Engine/Plugins/Media/AvfMedia/AvfMedia.uplugin
LogPluginManager: Loaded Plugin MediaPlayerEditor, From C:/Program Files/Epic Games/UE_4.14/Engine/Plugins/Media/MediaPlayerEditor/MediaPlayerEditor.uplugin
LogPluginManager: Loaded Plugin WmfMedia, From C:/Program Files/Epic Games/UE_4.14/Engine/Plugins/Media/WmfMedia/WmfMedia.uplugin
LogPluginManager: Loaded Plugin MessagingDebugger, From C:/Program Files/Epic Games/UE_4.14/Engine/Plugins/Messaging/MessagingDebugger/MessagingDebugger.uplugin
LogPluginManager: Loaded Plugin TcpMessaging, From C:/Program Files/Epic Games/UE_4.14/Engine/Plugins/Messaging/TcpMessaging/TcpMessaging.uplugin
LogPluginManager: Loaded Plugin UdpMessaging, From C:/Program Files/Epic Games/UE_4.14/Engine/Plugins/Messaging/UdpMessaging/UdpMessaging.uplugin
LogPluginManager: Loaded Plugin LevelSequenceEditor, From C:/Program Files/Epic Games/UE_4.14/Engine/Plugins/MovieScene/LevelSequenceEditor/LevelSequenceEditor.uplugin
LogPluginManager: Loaded Plugin MatineeToLevelSequence, From C:/Program Files/Epic Games/UE_4.14/Engine/Plugins/MovieScene/MatineeToLevelSequence/MatineeToLevelSequence.uplugin
LogPluginManager: Loaded Plugin NetcodeUnitTest, From C:/Program Files/Epic Games/UE_4.14/Engine/Plugins/NetcodeUnitTest/NetcodeUnitTest/NetcodeUnitTest.uplugin
LogPluginManager: Loaded Plugin NUTUnrealEngine4, From C:/Program Files/Epic Games/UE_4.14/Engine/Plugins/NetcodeUnitTest/NUTUnrealEngine4/NUTUnrealEngine4.uplugin
LogPluginManager: Loaded Plugin OnlineSubsystemGameCircle, From C:/Program Files/Epic Games/UE_4.14/Engine/Plugins/Online/Android/OnlineSubsystemGameCircle/OnlineSubsystemGameCircle.uplugin
LogPluginManager: Loaded Plugin OnlineSubsystemGooglePlay, From C:/Program Files/Epic Games/UE_4.14/Engine/Plugins/Online/Android/OnlineSubsystemGooglePlay/OnlineSubsystemGooglePlay.uplugin
LogPluginManager: Loaded Plugin OnlineSubsystemIOS, From C:/Program Files/Epic Games/UE_4.14/Engine/Plugins/Online/IOS/OnlineSubsystemIOS/OnlineSubsystemIOS.uplugin
LogPluginManager: Loaded Plugin OnlineFramework, From C:/Program Files/Epic Games/UE_4.14/Engine/Plugins/Online/OnlineFramework/OnlineFramework.uplugin
LogPluginManager: Loaded Plugin OnlineSubsystem, From C:/Program Files/Epic Games/UE_4.14/Engine/Plugins/Online/OnlineSubsystem/OnlineSubsystem.uplugin
LogPluginManager: Loaded Plugin OnlineSubsystemAmazon, From C:/Program Files/Epic Games/UE_4.14/Engine/Plugins/Online/OnlineSubsystemAmazon/OnlineSubsystemAmazon.uplugin
LogPluginManager: Loaded Plugin OnlineSubsystemFacebook, From C:/Program Files/Epic Games/UE_4.14/Engine/Plugins/Online/OnlineSubsystemFacebook/OnlineSubsystemFacebook.uplugin
LogPluginManager: Loaded Plugin OnlineSubsystemNull, From C:/Program Files/Epic Games/UE_4.14/Engine/Plugins/Online/OnlineSubsystemNull/OnlineSubsystemNull.uplugin
LogPluginManager: Loaded Plugin OnlineSubsystemOculus, From C:/Program Files/Epic Games/UE_4.14/Engine/Plugins/Online/OnlineSubsystemOculus/OnlineSubsystemOculus.uplugin
LogPluginManager: Loaded Plugin OnlineSubsystemSteam, From C:/Program Files/Epic Games/UE_4.14/Engine/Plugins/Online/OnlineSubsystemSteam/OnlineSubsystemSteam.uplugin
LogPluginManager: Loaded Plugin OnlineSubsystemUtils, From C:/Program Files/Epic Games/UE_4.14/Engine/Plugins/Online/OnlineSubsystemUtils/OnlineSubsystemUtils.uplugin
LogPluginManager: Loaded Plugin IOSTapJoy, From C:/Program Files/Epic Games/UE_4.14/Engine/Plugins/Runtime/Advertising/IOSTapJoy/IOSTapJoy.uplugin
LogPluginManager: Loaded Plugin AnalyticsBlueprintLibrary, From C:/Program Files/Epic Games/UE_4.14/Engine/Plugins/Runtime/Analytics/AnalyticsBlueprintLibrary/AnalyticsBlueprintLibrary.uplugin
LogPluginManager: Loaded Plugin AnalyticsMulticast, From C:/Program Files/Epic Games/UE_4.14/Engine/Plugins/Runtime/Analytics/AnalyticsMulticast/AnalyticsMulticast.uplugin
LogPluginManager: Loaded Plugin Apsalar, From C:/Program Files/Epic Games/UE_4.14/Engine/Plugins/Runtime/Analytics/Apsalar/Apsalar.uplugin
LogPluginManager: Loaded Plugin FileLogging, From C:/Program Files/Epic Games/UE_4.14/Engine/Plugins/Runtime/Analytics/FileLogging/FileLogging.uplugin
LogPluginManager: Loaded Plugin Flurry, From C:/Program Files/Epic Games/UE_4.14/Engine/Plugins/Runtime/Analytics/Flurry/Flurry.uplugin
LogPluginManager: Loaded Plugin AndroidDeviceProfileSelector, From C:/Program Files/Epic Games/UE_4.14/Engine/Plugins/Runtime/AndroidDeviceProfileSelector/AndroidDeviceProfileSelector.uplugin
LogPluginManager: Loaded Plugin AndroidMoviePlayer, From C:/Program Files/Epic Games/UE_4.14/Engine/Plugins/Runtime/AndroidMoviePlayer/AndroidMoviePlayer.uplugin
LogPluginManager: Loaded Plugin AppleMoviePlayer, From C:/Program Files/Epic Games/UE_4.14/Engine/Plugins/Runtime/AppleMoviePlayer/AppleMoviePlayer.uplugin
LogPluginManager: Loaded Plugin ArchVisCharacter, From C:/Program Files/Epic Games/UE_4.14/Engine/Plugins/Runtime/ArchVisCharacter/ArchVisCharacter.uplugin
LogPluginManager: Loaded Plugin CableComponent, From C:/Program Files/Epic Games/UE_4.14/Engine/Plugins/Runtime/CableComponent/CableComponent.uplugin
LogPluginManager: Loaded Plugin CustomMeshComponent, From C:/Program Files/Epic Games/UE_4.14/Engine/Plugins/Runtime/CustomMeshComponent/CustomMeshComponent.uplugin
LogPluginManager: Loaded Plugin ExampleDeviceProfileSelector, From C:/Program Files/Epic Games/UE_4.14/Engine/Plugins/Runtime/ExampleDeviceProfileSelector/ExampleDeviceProfileSelector.uplugin
LogPluginManager: Loaded Plugin GearVR, From C:/Program Files/Epic Games/UE_4.14/Engine/Plugins/Runtime/GearVR/GearVR.uplugin
LogPluginManager: Loaded Plugin GoogleVRController, From C:/Program Files/Epic Games/UE_4.14/Engine/Plugins/Runtime/GoogleVR/GoogleVRController/GoogleVRController.uplugin
LogPluginManager: Loaded Plugin GoogleVRHMD, From C:/Program Files/Epic Games/UE_4.14/Engine/Plugins/Runtime/GoogleVR/GoogleVRHMD/GoogleVRHMD.uplugin
LogPluginManager: Loaded Plugin IOSDeviceProfileSelector, From C:/Program Files/Epic Games/UE_4.14/Engine/Plugins/Runtime/IOSDeviceProfileSelector/IOSDeviceProfileSelector.uplugin
LogPluginManager: Loaded Plugin LeapMotion, From C:/Program Files/Epic Games/UE_4.14/Engine/Plugins/Runtime/LeapMotion/LeapMotion.uplugin
LogPluginManager: Loaded Plugin LinuxDeviceProfileSelector, From C:/Program Files/Epic Games/UE_4.14/Engine/Plugins/Runtime/LinuxDeviceProfileSelector/LinuxDeviceProfileSelector.uplugin
LogPluginManager: Loaded Plugin MIDIDevice, From C:/Program Files/Epic Games/UE_4.14/Engine/Plugins/Runtime/MIDIDevice/MIDIDevice.uplugin
LogPluginManager: Loaded Plugin MobilePatchingUtils, From C:/Program Files/Epic Games/UE_4.14/Engine/Plugins/Runtime/MobilePatchingUtils/MobilePatchingUtils.uplugin
LogPluginManager: Loaded Plugin Ansel, From C:/Program Files/Epic Games/UE_4.14/Engine/Plugins/Runtime/Nvidia/Ansel/Ansel.uplugin
LogPluginManager: Loaded Plugin OculusAudio, From C:/Program Files/Epic Games/UE_4.14/Engine/Plugins/Runtime/OculusAudio/OculusAudio.uplugin
LogPluginManager: Loaded Plugin OculusInput, From C:/Program Files/Epic Games/UE_4.14/Engine/Plugins/Runtime/OculusInput/OculusInput.uplugin
LogPluginManager: Loaded Plugin OculusLibrary, From C:/Program Files/Epic Games/UE_4.14/Engine/Plugins/Runtime/OculusLibrary/OculusLibrary.uplugin
LogPluginManager: Loaded Plugin OculusRift, From C:/Program Files/Epic Games/UE_4.14/Engine/Plugins/Runtime/OculusRift/OculusRift.uplugin
LogPluginManager: Loaded Plugin Oodle, From C:/Program Files/Epic Games/UE_4.14/Engine/Plugins/Runtime/PacketHandlers/CompressionComponents/Oodle/Oodle.uplugin
LogPluginManager: Loaded Plugin ProceduralMeshComponent, From C:/Program Files/Epic Games/UE_4.14/Engine/Plugins/Runtime/ProceduralMeshComponent/ProceduralMeshComponent.uplugin
LogPluginManager: Loaded Plugin SoundMod, From C:/Program Files/Epic Games/UE_4.14/Engine/Plugins/Runtime/SoundMod/SoundMod.uplugin
LogPluginManager: Loaded Plugin SoundVisualizations, From C:/Program Files/Epic Games/UE_4.14/Engine/Plugins/Runtime/SoundVisualizations/SoundVisualizations.uplugin
LogPluginManager: Loaded Plugin SteamController, From C:/Program Files/Epic Games/UE_4.14/Engine/Plugins/Runtime/Steam/SteamController/SteamController.uplugin
LogPluginManager: Loaded Plugin SteamVR, From C:/Program Files/Epic Games/UE_4.14/Engine/Plugins/Runtime/Steam/SteamVR/SteamVR.uplugin
LogPluginManager: Loaded Plugin WebBrowserWidget, From C:/Program Files/Epic Games/UE_4.14/Engine/Plugins/Runtime/WebBrowserWidget/WebBrowserWidget.uplugin
LogPluginManager: Loaded Plugin WindowsDeviceProfileSelector, From C:/Program Files/Epic Games/UE_4.14/Engine/Plugins/Runtime/WindowsDeviceProfileSelector/WindowsDeviceProfileSelector.uplugin
LogPluginManager: Loaded Plugin WindowsMoviePlayer, From C:/Program Files/Epic Games/UE_4.14/Engine/Plugins/Runtime/WindowsMoviePlayer/WindowsMoviePlayer.uplugin
LogPluginManager: Loaded Plugin ScriptPlugin, From C:/Program Files/Epic Games/UE_4.14/Engine/Plugins/ScriptPlugin/ScriptPlugin.uplugin
LogPluginManager: Loaded Plugin SlateRemote, From C:/Program Files/Epic Games/UE_4.14/Engine/Plugins/Slate/SlateRemote/SlateRemote.uplugin
LogPluginManager: Loaded Plugin EditorTests, From C:/Program Files/Epic Games/UE_4.14/Engine/Plugins/Tests/EditorTests/EditorTests.uplugin
LogPluginManager: Loaded Plugin FbxAutomationTestBuilder, From C:/Program Files/Epic Games/UE_4.14/Engine/Plugins/Tests/FbxAutomationTestBuilder/FbxAutomationTestBuilder.uplugin
LogPluginManager: Loaded Plugin FunctionalTestingEditor, From C:/Program Files/Epic Games/UE_4.14/Engine/Plugins/Tests/FunctionalTestingEditor/FunctionalTestingEditor.uplugin
LogPluginManager: Loaded Plugin RuntimeTests, From C:/Program Files/Epic Games/UE_4.14/Engine/Plugins/Tests/RuntimeTests/RuntimeTests.uplugin
LogPluginManager: Loaded Plugin ScreenshotTools, From C:/Program Files/Epic Games/UE_4.14/Engine/Plugins/Tests/ScreenshotTools/ScreenshotTools.uplugin
LogInit: Using libcurl 7.47.1
LogInit:  - built for x86_64-pc-win32
LogInit:  - supports SSL with OpenSSL/1.0.2g
LogInit:  - supports HTTP deflate (compression) using libz 1.2.8
LogInit:  - other features:
LogInit:      CURL_VERSION_SSL
LogInit:      CURL_VERSION_LIBZ
LogInit:      CURL_VERSION_IPV6
LogInit:      CURL_VERSION_ASYNCHDNS
LogInit:      CURL_VERSION_LARGEFILE
LogInit:      CURL_VERSION_IDN
LogInit:  CurlRequestOptions (configurable via config and command line):
LogInit:  - bVerifyPeer = false  - Libcurl will NOT verify peer certificate
LogInit:  - bUseHttpProxy = false  - Libcurl will NOT use HTTP proxy
LogInit:  - bDontReuseConnections = false  - Libcurl will reuse connections
LogInit:  - CertBundlePath = nullptr  - Libcurl will use whatever was configured at build time.
LogOnline:Display: STEAM: Loading Steam SDK 1.32
LogOnline:Warning: STEAM: Steam API disabled!
LogOnline:Display: STEAM: OnlineSubsystemSteam::Shutdown()
LogInit: WinSock: version 1.1 (2.2), MaxSocks=32767, MaxUdp=65467
OCULUS: Info: [CAPI] LibOVR module is located at C:\Program Files\Oculus\Support\oculus-runtime\LibOVRRT64_1.dll
OCULUS: Debug: Connected to the server running version (prod = 1).1.12.0(build = 347531) feature version = 0. Client runs version (prod = 1).1.12.0(build = 347531) feature version = 0
LogInit: Build: ++UE4+Release-4.14-CL-3249277
LogInit: Engine Version: 4.14.3-3249277+++UE4+Release-4.14
LogInit: Compatible Engine Version: 4.14.0-3195953+++UE4+Release-4.14
LogInit: Net CL: 3195953
LogDevObjectVersion: Number of dev versions registered: 13
LogDevObjectVersion:   Dev-Blueprints (B0D832E4-1F89-4F0D-ACCF-7EB736FD4AA2): 7
LogDevObjectVersion:   Dev-Build (E1C64328-A22C-4D53-A36C-8E866417BD8C): 0
LogDevObjectVersion:   Dev-Core (375EC13C-06E4-48FB-B500-84F0262A717E): 1
LogDevObjectVersion:   Dev-Editor (E4B068ED-F494-42E9-A231-DA0B2E46BB41): 8
LogDevObjectVersion:   Dev-Framework (CFFC743F-43B0-4480-9391-14DF171D2073): 17
LogDevObjectVersion:   Dev-Mobile (B02B49B5-BB20-44E9-A304-32B752E40360): 0
LogDevObjectVersion:   Dev-Networking (A4E4105C-59A1-49B5-A7C5-40C4547EDFEE): 0
LogDevObjectVersion:   Dev-Online (39C831C9-5AE6-47DC-9A44-9C173E1C8E7C): 0
LogDevObjectVersion:   Dev-Physics (78F01B33-EBEA-4F98-B9B4-84EACCB95AA2): 0
LogDevObjectVersion:   Dev-Platform (6631380F-2D4D-43E0-8009-CF276956A95A): 0
LogDevObjectVersion:   Dev-Rendering (12F88B9F-8875-4AFC-A67C-D90C383ABD29): 12
LogDevObjectVersion:   Dev-Sequencer (7B5AE74C-D270-4C10-A958-57980B212A5A): 1
LogDevObjectVersion:   Dev-VR (D7296918-1DD6-4BDD-9DE2-64A83CC13884): 0
LogInit: Compiled (64-bit): Jan  6 2017 10:49:43
LogInit: Compiled with Visual C++: 19.00.23026.00
LogInit: Build Configuration: Development
LogInit: Branch Name: ++UE4+Release-4.14
LogInit: Command line:  
LogInit: Base directory: C:/Program Files/Epic Games/UE_4.14/Engine/Binaries/Win64/
LogInit: Installed Engine Build: 1
LogInit: Presizing for max 8388607 objects, including 0 objects not considered by GC, pre-allocating 0 bytes for permanent pool.
LogInit: Object subsystem initialized
[2017.02.28-03.20.11:126][  0]LogInit: Selected Device Profile: [Windows]
[2017.02.28-03.20.11:126][  0]LogInit: Applying CVar settings loaded from the selected device profile: [Windows]
[2017.02.28-03.20.11:136][  0]LogInit: Computer: SIGLAB-VR2
[2017.02.28-03.20.11:136][  0]LogInit: User: SIG
[2017.02.28-03.20.11:136][  0]LogInit: CPU Page size=65536, Cores=4
[2017.02.28-03.20.11:136][  0]LogInit: High frequency timer resolution =3.604928 MHz
[2017.02.28-03.20.11:136][  0]LogMemory: Memory total: Physical=31.9GB (32GB approx)
[2017.02.28-03.20.11:136][  0]LogMemory: Platform Memory Stats for Windows
[2017.02.28-03.20.11:136][  0]LogMemory: Process Physical Memory: 271.63 MB used, 271.63 MB peak
[2017.02.28-03.20.11:136][  0]LogMemory: Process Virtual Memory: 266.21 MB used, 266.21 MB peak
[2017.02.28-03.20.11:136][  0]LogMemory: Physical Memory: 3432.52 MB used,  29257.88 MB free, 32690.41 MB total
[2017.02.28-03.20.11:136][  0]LogMemory: Virtual Memory: 717.04 MB used,  29257.88 MB free, 134217728.00 MB total
[2017.02.28-03.20.11:159][  0]LogTextLocalizationManager: No specific translations for ('en-US') exist, so ('en') translations will be used.
[2017.02.28-03.20.11:713][  0]LogD3D11RHI: D3D11 adapters:
[2017.02.28-03.20.11:736][  0]LogD3D11RHI:    0. 'NVIDIA GeForce GTX 1070' (Feature Level 11_0)
[2017.02.28-03.20.11:736][  0]LogD3D11RHI:       8120/0/16345 MB DedicatedVideo/DedicatedSystem/SharedSystem, Outputs:2, VendorId:0x10de
[2017.02.28-03.20.11:737][  0]LogD3D11RHI:    1. 'Microsoft Basic Render Driver' (Feature Level 11_0)
[2017.02.28-03.20.11:737][  0]LogD3D11RHI:       0/0/16345 MB DedicatedVideo/DedicatedSystem/SharedSystem, Outputs:0, VendorId:0x1414
[2017.02.28-03.20.11:737][  0]LogD3D11RHI: Chosen D3D11 Adapter: 0
[2017.02.28-03.20.11:741][  0]LogD3D11RHI: Creating new Direct3DDevice
[2017.02.28-03.20.11:741][  0]LogD3D11RHI:     GPU DeviceId: 0x1b81 (for the marketing name, search the web for "GPU Device Id")
[2017.02.28-03.20.11:741][  0]LogWindows: EnumDisplayDevices:
[2017.02.28-03.20.11:741][  0]LogWindows:    0. 'NVIDIA GeForce GTX 1070' (P:1 D:1)
[2017.02.28-03.20.11:741][  0]LogWindows:    1. 'NVIDIA GeForce GTX 1070' (P:0 D:1)
[2017.02.28-03.20.11:741][  0]LogWindows:    2. 'NVIDIA GeForce GTX 1070' (P:0 D:0)
[2017.02.28-03.20.11:741][  0]LogWindows:    3. 'NVIDIA GeForce GTX 1070' (P:0 D:0)
[2017.02.28-03.20.11:741][  0]LogWindows: DebugString: FoundDriverCount:4 
[2017.02.28-03.20.11:741][  0]LogD3D11RHI:     Adapter Name: NVIDIA GeForce GTX 1070
[2017.02.28-03.20.11:741][  0]LogD3D11RHI:   Driver Version: 378.49 (internal:21.21.13.7849, unified:378.49)
[2017.02.28-03.20.11:741][  0]LogD3D11RHI:      Driver Date: 1-20-2017
[2017.02.28-03.20.11:741][  0]LogRHI: Texture pool is 1361 MB (70% of 1945 MB)
[2017.02.28-03.20.11:754][  0]LogD3D11RHI: Async texture creation enabled
[2017.02.28-03.20.11:764][  0]LogD3D11RHI: GPU Timing Frequency: 1000.000000 (Debug: 2 1)
[2017.02.28-03.20.11:764][  0]LogShaderCompilers: Guid format shader working directory is -32 characters bigger than the processId version (../../../../../../Users/SIG/Desktop/unreal-project-vry-paint-multiplayerHenry/Intermediate/Shaders/WorkingDirectory/532/).
[2017.02.28-03.20.11:765][  0]LogShaderCompilers: Cleaned the shader compiler working directory 'C:/Users/SIG/AppData/Local/Temp/UnrealShaderWorkingDir/19AED6D144EED89C1E83068269C0928E/'.
[2017.02.28-03.20.11:765][  0]LogShaderCompilers:Display: Using Local Shader Compiler.
[2017.02.28-03.20.12:690][  0]LogTemp:Display: Loaded TP AllDesktopTargetPlatform
[2017.02.28-03.20.12:736][  0]LogTemp:Display: Loaded TP MacClientTargetPlatform
[2017.02.28-03.20.12:782][  0]LogTemp:Display: Loaded TP MacNoEditorTargetPlatform
[2017.02.28-03.20.12:830][  0]LogTemp:Display: Loaded TP MacServerTargetPlatform
[2017.02.28-03.20.12:879][  0]LogTemp:Display: Loaded TP MacTargetPlatform
[2017.02.28-03.20.12:928][  0]LogTemp:Display: Loaded TP WindowsClientTargetPlatform
[2017.02.28-03.20.12:978][  0]LogTemp:Display: Loaded TP WindowsNoEditorTargetPlatform
[2017.02.28-03.20.13:025][  0]LogTemp:Display: Loaded TP WindowsServerTargetPlatform
[2017.02.28-03.20.13:062][  0]LogTemp:Display: Loaded TP WindowsTargetPlatform
[2017.02.28-03.20.13:108][  0]LogTemp:Display: Loaded TP AndroidTargetPlatform
[2017.02.28-03.20.13:154][  0]LogTemp:Display: Loaded TP Android_ASTCTargetPlatform
[2017.02.28-03.20.13:199][  0]LogTemp:Display: Loaded TP Android_ATCTargetPlatform
[2017.02.28-03.20.13:245][  0]LogTemp:Display: Loaded TP Android_DXTTargetPlatform
[2017.02.28-03.20.13:290][  0]LogTemp:Display: Loaded TP Android_ETC1TargetPlatform
[2017.02.28-03.20.13:336][  0]LogTemp:Display: Loaded TP Android_ETC2TargetPlatform
[2017.02.28-03.20.13:424][  0]LogTemp:Display: Loaded TP Android_MultiTargetPlatform
[2017.02.28-03.20.13:424][  0]LogTemp:Display: Loaded TP Android_PVRTCTargetPlatform
[2017.02.28-03.20.13:457][  0]LogTemp:Display: Loaded TP HTML5TargetPlatform
[2017.02.28-03.20.13:530][  0]LogTemp:Display: Loaded TP IOSTargetPlatform
[2017.02.28-03.20.13:560][  0]LogTemp:Display: Loaded TP TVOSTargetPlatform
[2017.02.28-03.20.13:606][  0]LogTemp:Display: Loaded TP LinuxClientTargetPlatform
[2017.02.28-03.20.13:650][  0]LogTemp:Display: Loaded TP LinuxNoEditorTargetPlatform
[2017.02.28-03.20.13:694][  0]LogTemp:Display: Loaded TP LinuxServerTargetPlatform
[2017.02.28-03.20.13:739][  0]LogTemp:Display: Loaded TP LinuxTargetPlatform
[2017.02.28-03.20.13:739][  0]LogTargetPlatformManager:Display: Building Assets For Windows
[2017.02.28-03.20.14:083][  0]LogDerivedDataCache:Display: Max Cache Size: 512 MB
[2017.02.28-03.20.14:137][  0]LogDerivedDataCache: Loaded boot cache 0.05s 52MB C:/Users/SIG/AppData/Local/UnrealEngine/4.14/DerivedDataCache/Boot.ddc.
[2017.02.28-03.20.14:137][  0]LogDerivedDataCache:Display: Loaded Boot cache: C:/Users/SIG/AppData/Local/UnrealEngine/4.14/DerivedDataCache/Boot.ddc
[2017.02.28-03.20.14:138][  0]LogDerivedDataCache: FDerivedDataBackendGraph:  Pak pak cache file ../../../../../../Users/SIG/Desktop/unreal-project-vry-paint-multiplayerHenry/DerivedDataCache/DDC.ddp not found, will not use a pak cache.
[2017.02.28-03.20.14:138][  0]LogDerivedDataCache: Unable to find inner node Pak for hierarchical cache Hierarchy.
[2017.02.28-03.20.14:138][  0]LogDerivedDataCache: FDerivedDataBackendGraph:  CompressedPak pak cache file ../../../../../../Users/SIG/Desktop/unreal-project-vry-paint-multiplayerHenry/DerivedDataCache/Compressed.ddp not found, will not use a pak cache.
[2017.02.28-03.20.14:138][  0]LogDerivedDataCache: Unable to find inner node CompressedPak for hierarchical cache Hierarchy.
[2017.02.28-03.20.14:153][  0]LogDerivedDataCache:Display: Pak cache opened for reading ../../../Engine/DerivedDataCache/Compressed.ddp.
[2017.02.28-03.20.14:165][  0]LogDerivedDataCache: Using Local data cache path C:/Users/SIG/AppData/Local/UnrealEngine/Common/DerivedDataCache: Writable
[2017.02.28-03.20.14:335][  0]LogInit: Selected Device Profile: [Windows]
[2017.02.28-03.20.14:337][  0]LogContentStreaming: Texture pool size is 0.00 MB
[2017.02.28-03.20.14:526][  0]LogMeshUtilities: Using QuadricMeshReduction for automatic static mesh reduction
[2017.02.28-03.20.14:562][  0]LogSimplygon: Simplygon DLL not present - disabling.
[2017.02.28-03.20.14:603][  0]LogMeshUtilities: Using SimplygonSwarm for distributed automatic mesh merging
[2017.02.28-03.20.14:603][  0]LogMeshUtilities: No automatic skeletal mesh reduction module available
[2017.02.28-03.20.14:603][  0]LogMeshUtilities: No automatic mesh merging module available
[2017.02.28-03.20.15:033][  0]LogNetVersion: GetLocalNetworkVersion: CL: 3195953, ProjectName: cis568vrypaint_mp, ProjectVersion: , EngineNetworkVersion: 2, GameNetworkVersion: 0, NetworkChecksum: 3560575784
[2017.02.28-03.20.15:084][  0]LogAssetRegistry: FAssetRegistry took 0.0222 seconds to start up
[2017.02.28-03.20.15:129][  0]LogPackageLocalizationCache: Processed 3 localized package path(s) for 2 prioritized culture(s) in 0.024347 seconds
[2017.02.28-03.20.15:134][  0]LogUObjectArray: 31953 objects as part of root set at end of initial load.
[2017.02.28-03.20.15:134][  0]LogUObjectAllocator: 7149672 out of 0 bytes used by permanent object pool.
[2017.02.28-03.20.15:134][  0]LogUObjectArray: CloseDisregardForGC: 0/0 objects in disregard for GC pool
[2017.02.28-03.20.15:796][  0]LogSlate: Using Freetype 2.6.0
[2017.02.28-03.20.15:796][  0]LogSlate: SlateFontCache - WITH_FREETYPE: 1, WITH_HARFBUZZ: 1
[2017.02.28-03.20.15:796][  0]LogSlate: SlateFontCache - WITH_FREETYPE: 1, WITH_HARFBUZZ: 1
[2017.02.28-03.20.16:483][  0]LogSubstanceCoreModule: Substance [CPU] Engine Loaded, Max Texture Size = 2048
[2017.02.28-03.20.16:508][  0]LogTcpMessaging: Initializing TcpMessaging bridge
[2017.02.28-03.20.16:544][  0]LogUdpMessaging: Initializing bridge on interface 0.0.0.0:0 to multicast group 230.0.0.1:6666.
[2017.02.28-03.20.16:814][  0]LogMaterial: Uniform references updated for custom material expression Custom.
[2017.02.28-03.20.17:144][  0]SourceControl: Info Source control is disabled
[2017.02.28-03.20.17:165][  0]SourceControl: Info Source control is disabled
[2017.02.28-03.20.17:206][  0]SourceControl: Info Source control is disabled
[2017.02.28-03.20.17:246][  0]SourceControl: Info Source control is disabled
[2017.02.28-03.20.18:346][  0]LogEngine: Initializing Engine...
[2017.02.28-03.20.18:364][  0]LogHMD: SteamVR initialized.  Driver: lighthouse  Display: LHR-8813B57A
[2017.02.28-03.20.18:572][  0]LogAIModule: Creating AISystem for world Untitled
[2017.02.28-03.20.18:588][  0]LogInit: XAudio2 using 'Speakers (2- USB Audio Device)' : 2 channels at 44.1 kHz using 16 bits per sample (channel mask 0x3)
[2017.02.28-03.20.18:612][  0]LogInit: FAudioDevice initialized.
[2017.02.28-03.20.18:636][  0]LogDerivedDataCache: Saved boot cache 0.02s 52MB C:/Users/SIG/AppData/Local/UnrealEngine/4.14/DerivedDataCache/Boot.ddc.
[2017.02.28-03.20.18:644][  0]LogInit: Texture streaming: Enabled
[2017.02.28-03.20.18:801][  0]LogInit: Transaction tracking system initialized
[2017.02.28-03.20.19:098][  0]BlueprintLog: New page: Editor Load
[2017.02.28-03.20.19:852][  0]LocalizationService: Info Localization service is disabled
[2017.02.28-03.20.20:417][  0]LogConsoleResponse:Display: 
[2017.02.28-03.20.20:529][  0]LogCook:Display: Max memory allowance for cook 16384mb min free memory 0mb
[2017.02.28-03.20.20:529][  0]LogCook:Display: Mobile HDR setting 1
[2017.02.28-03.20.20:783][  0]LogFileCache: Scanning file cache for directory 'C:/Users/SIG/Desktop/unreal-project-vry-paint-multiplayerHenry/Content/' took 0.02s
[2017.02.28-03.20.21:336][  0]SourceControl: Info Source control is disabled
[2017.02.28-03.20.21:336][  0]Cmd: MAP LOAD FILE="../../../../../../Users/SIG/Desktop/unreal-project-vry-paint-multiplayerHenry/Content/FirstPersonBP/Maps/Lobby.umap" TEMPLATE=0 SHOWPROGRESS=1 FEATURELEVEL=3
[2017.02.28-03.20.21:336][  0]LightingResults: New page: Lighting Build
[2017.02.28-03.20.21:369][  0]MapCheck: New page: Map Check
[2017.02.28-03.20.21:369][  0]LightingResults: New page: Lighting Build
[2017.02.28-03.20.21:606][  0]LogAIModule: Creating AISystem for world Lobby
[2017.02.28-03.20.21:611][  0]LogEditorServer: Finished looking for orphan Actors (0.000 secs)
[2017.02.28-03.20.21:612][  0]Cmd: MAP CHECKDEP NOCLEARLOG
[2017.02.28-03.20.21:648][  0]MapCheck: Info Map check complete: 0 Error(s), 0 Warning(s), took 35.955ms to complete.
[2017.02.28-03.20.21:648][  0]LogFileHelpers: Loading map 'Lobby' took 0.312
[2017.02.28-03.20.21:715][  0]LogWindowsTextInputMethodSystem:Display: IME system now deactivated.
[2017.02.28-03.20.21:784][  0]LogCollectionManager: Loaded 1 collections in 0.002074 seconds
[2017.02.28-03.20.21:857][  0]LogFileCache: Scanning file cache for directory 'C:/Users/SIG/Desktop/unreal-project-vry-paint-multiplayerHenry/Saved/Collections/' took 0.01s
[2017.02.28-03.20.21:857][  0]LogFileCache: Scanning file cache for directory 'C:/Users/SIG/Desktop/unreal-project-vry-paint-multiplayerHenry/Content/Developers/SIG/Collections/' took 0.01s
[2017.02.28-03.20.21:857][  0]LogFileCache: Scanning file cache for directory 'C:/Users/SIG/Desktop/unreal-project-vry-paint-multiplayerHenry/Content/Collections/' took 0.01s
[2017.02.28-03.20.21:857][  0]LogCollectionManager: Rebuilt the GUID cache for 1 collections in 0.000019 seconds
[2017.02.28-03.20.21:857][  0]LogCollectionManager: Rebuilt the hierarchy cache for 1 collections in 0.000000 seconds
[2017.02.28-03.20.21:865][  0]LogContentBrowser: Native class hierarchy populated in 0.0078 seconds. Added 2206 classes and 437 folders.
[2017.02.28-03.20.21:900][  0]LogStats: UGameplayTagsManager::ConstructGameplayTagTree: Construct from data asset -  0.000 s
[2017.02.28-03.20.21:900][  0]LogStats: UGameplayTagsManager::ConstructGameplayTagTree: GameplayTagTreeChangedEvent.Broadcast -  0.000 s
[2017.02.28-03.20.21:900][  0]LogContentBrowser: Native class hierarchy updated for 'GameplayTags' in 0.0005 seconds. Added 13 classes and 0 folders.
[2017.02.28-03.20.21:954][  0]LogContentBrowser: Native class hierarchy updated for 'WidgetCarousel' in 0.0004 seconds. Added 0 classes and 0 folders.
[2017.02.28-03.20.21:986][  0]LogContentBrowser: Native class hierarchy updated for 'AddContentDialog' in 0.0004 seconds. Added 0 classes and 0 folders.
[2017.02.28-03.20.22:022][  0]LogContentBrowser: Native class hierarchy updated for 'SceneOutliner' in 0.0005 seconds. Added 1 classes and 2 folders.
[2017.02.28-03.20.22:090][  0]LogCrashTracker: Crashtracker disabled due to settings.
[2017.02.28-03.20.22:094][  0]LogUObjectGlobals:Warning: Failed to find object 'Class None.'
[2017.02.28-03.20.22:153][  0]LogContentBrowser: Native class hierarchy updated for 'HierarchicalLODOutliner' in 0.0004 seconds. Added 1 classes and 2 folders.
[2017.02.28-03.20.22:153][  0]LogLoad: (Engine Initialization) Total time: 12.97 seconds
[2017.02.28-03.20.22:153][  0]LogLoad: (Engine Initialization) Total Blueprint compile time: 0.11 seconds
[2017.02.28-03.20.22:153][  0]LogExternalProfiler: Found external profiler: VSPerf
[2017.02.28-03.20.22:153][  0]LogExternalProfiler: Using external profiler: VSPerf
[2017.02.28-03.20.22:162][  0]LogOcInput: OculusInput pre-init called
[2017.02.28-03.20.22:172][  0]LogOcInput: OculusInput is initialized. Init status 0. Runtime version: 1.12.0
[2017.02.28-03.20.22:191][  0]LogContentStreaming: Texture pool size now 1000 MB
[2017.02.28-03.20.22:320][  0]LogRenderer: Reallocating scene render targets to support 1208x580 NumSamples 1 (Frame:2).
[2017.02.28-03.20.22:374][  1]LogAssetRegistry: Asset discovery search completed in 7.3118 seconds
[2017.02.28-03.20.22:374][  1]LogCollectionManager: Rebuilt the object cache for 1 collections in 0.000006 seconds (found 0 objects)
[2017.02.28-03.20.22:374][  1]LogCollectionManager: Fixed up redirectors for 1 collections in 0.000017 seconds (updated 0 objects)
[2017.02.28-03.20.27:380][437]LogSpawn:Warning: UWorld::DestroyActor: World has no context! World: SinglePlayer, Actor: /Game/FirstPersonBP/Maps/SinglePlayer.SinglePlayer:PersistentLevel.DESTROYED_Bow_C_CHILDACTOR_22
[2017.02.28-03.20.27:380][437]LogSpawn:Warning: UWorld::DestroyActor: World has no context! World: SinglePlayer, Actor: /Game/FirstPersonBP/Maps/SinglePlayer.SinglePlayer:PersistentLevel.DESTROYED_Bow_C_CHILDACTOR_23
[2017.02.28-03.20.27:417][437]LogAIModule: Creating AISystem for world SinglePlayer
[2017.02.28-03.20.27:458][437]LogSpawn:Warning: UWorld::DestroyActor: World has no context! World: SinglePlayer, Actor: /Game/FirstPersonBP/Maps/SinglePlayer.SinglePlayer:PersistentLevel.DESTROYED_Bow_C_CHILDACTOR_26
[2017.02.28-03.20.27:459][437]LogSpawn:Warning: UWorld::DestroyActor: World has no context! World: SinglePlayer, Actor: /Game/FirstPersonBP/Maps/SinglePlayer.SinglePlayer:PersistentLevel.DESTROYED_Bow_C_CHILDACTOR_27
[2017.02.28-03.20.27:494][437]Cmd: MAP LOAD FILE="../../../../../../Users/SIG/Desktop/unreal-project-vry-paint-multiplayerHenry/Content/FirstPersonBP/Maps/SinglePlayer.umap" TEMPLATE=0 SHOWPROGRESS=1 FEATURELEVEL=3
[2017.02.28-03.20.27:494][437]LightingResults: New page: Lighting Build
[2017.02.28-03.20.27:495][437]LoadErrors: New page: Loading map: SinglePlayer.umap
[2017.02.28-03.20.27:495][437]MapCheck: New page: Map Check
[2017.02.28-03.20.27:496][437]LightingResults: New page: Lighting Build
[2017.02.28-03.20.27:671][437]LogEditorServer: Finished looking for orphan Actors (0.000 secs)
[2017.02.28-03.20.27:706][437]Cmd: MAP CHECKDEP NOCLEARLOG
[2017.02.28-03.20.27:765][437]MapCheck: Info Map check complete: 0 Error(s), 0 Warning(s), took 59.185ms to complete.
[2017.02.28-03.20.27:765][437]LogFileHelpers: Loading map 'SinglePlayer' took 0.271
[2017.02.28-03.20.36:684][409]LogContentBrowser: Native class hierarchy updated for 'BlueprintGraph' in 0.0008 seconds. Added 111 classes and 0 folders.
[2017.02.28-03.20.57:618][378]BlueprintLog: New page: Compile SinglePlayer
[2017.02.28-03.21.01:989][801]LogTemp: Repeting last play command: VR Preview
[2017.02.28-03.21.02:010][801]LogBlueprintUserMessages: Early PlayInEditor Detection: Level '/Game/FirstPersonBP/Maps/SinglePlayer.SinglePlayer:PersistentLevel' has LevelScriptBlueprint '/Game/FirstPersonBP/Maps/SinglePlayer.SinglePlayer:PersistentLevel.SinglePlayer' with GeneratedClass '/Game/FirstPersonBP/Maps/SinglePlayer.SinglePlayer_C' with ClassGeneratedBy '/Game/FirstPersonBP/Maps/SinglePlayer.SinglePlayer:PersistentLevel.SinglePlayer'
[2017.02.28-03.21.02:010][801]LogPlayLevel: PlayLevel: No blueprints needed recompiling
[2017.02.28-03.21.02:010][801]LogOnline:Display: NULL: FOnlineSubsystemNull::Shutdown()
[2017.02.28-03.21.02:011][801]LogOnline:Warning: STEAM: Steam API disabled!
[2017.02.28-03.21.02:011][801]LogOnline:Display: STEAM: OnlineSubsystemSteam::Shutdown()
[2017.02.28-03.21.02:022][801]PIE: New page: PIE session: SinglePlayer (Feb 27, 2017, 5:21:02 PM)
[2017.02.28-03.21.02:022][801]LogPlayLevel: Creating play world package: /Game/FirstPersonBP/Maps/UEDPIE_0_SinglePlayer
[2017.02.28-03.21.02:060][801]LogPlayLevel: PIE: StaticDuplicateObject took: (0.038034s)
[2017.02.28-03.21.02:061][801]LogAIModule: Creating AISystem for world SinglePlayer
[2017.02.28-03.21.02:061][801]LogPlayLevel: PIE: World Init took: (0.000658s)
[2017.02.28-03.21.02:061][801]LogPlayLevel: PIE: Created PIE world by copying editor world from /Game/FirstPersonBP/Maps/SinglePlayer.SinglePlayer to /Game/FirstPersonBP/Maps/UEDPIE_0_SinglePlayer.SinglePlayer (0.039072s)
[2017.02.28-03.21.02:089][801]LogInit: XAudio2 using 'Speakers (2- USB Audio Device)' : 2 channels at 44.1 kHz using 16 bits per sample (channel mask 0x3)
[2017.02.28-03.21.02:094][801]LogInit: FAudioDevice initialized.
[2017.02.28-03.21.02:129][801]LogStats:Warning: MetaData mismatch. Did you assign a stat to two groups? New //STATGROUP_Threads//OnlineAsyncTaskThreadNull DefaultInstance///Thread_d88_0///####STATCAT_Advanced#### old //STATGROUP_Threads//OnlineAsyncTaskThreadNull DefaultInstance///Thread_1610_0///####STATCAT_Advanced####
[2017.02.28-03.21.02:205][801]LogLoad: Game class is 'FirstPersonGameMode_C'
[2017.02.28-03.21.02:242][801]LogWorld: Bringing World /Game/FirstPersonBP/Maps/UEDPIE_0_SinglePlayer.SinglePlayer up for play (max tick rate 0) at 2017.02.27-22.21.02
[2017.02.28-03.21.02:243][801]LogWorld: Bringing up level for play took: 0.037002
[2017.02.28-03.21.02:306][801]LogContentBrowser: Native class hierarchy updated for 'MovieSceneCapture' in 0.0005 seconds. Added 11 classes and 0 folders.
[2017.02.28-03.21.02:977][801]PIE: Info Play in editor start time for /Game/FirstPersonBP/Maps/UEDPIE_0_SinglePlayer 1.904
[2017.02.28-03.21.02:978][801]LogBlueprintUserMessages: Late PlayInEditor Detection: Level '/Game/FirstPersonBP/Maps/SinglePlayer.SinglePlayer:PersistentLevel' has LevelScriptBlueprint '/Game/FirstPersonBP/Maps/SinglePlayer.SinglePlayer:PersistentLevel.SinglePlayer' with GeneratedClass '/Game/FirstPersonBP/Maps/SinglePlayer.SinglePlayer_C' with ClassGeneratedBy '/Game/FirstPersonBP/Maps/SinglePlayer.SinglePlayer:PersistentLevel.SinglePlayer'
[2017.02.28-03.21.03:160][803]LogRenderer: Reallocating scene render targets to support 3024x1680 NumSamples 1 (Frame:3345).
[2017.02.28-03.21.28:277][809]PIE:Warning: Warning Invalid Simulate Options: Body (ArrowBP_C_0.Capsule) is set to simulate physics but Collision Enabled is incompatible
[2017.02.28-03.21.28:277][809]PIE:Warning: Warning Invalid Simulate Options: Body (ArrowBP_C_0.Capsule) is set to simulate physics but Collision Enabled is incompatible
[2017.02.28-03.21.36:319][129]PIE:Warning: Warning Invalid Simulate Options: Body (ArrowBP_C_1.Capsule) is set to simulate physics but Collision Enabled is incompatible
[2017.02.28-03.21.36:319][129]PIE:Warning: Warning Invalid Simulate Options: Body (ArrowBP_C_1.Capsule) is set to simulate physics but Collision Enabled is incompatible
[2017.02.28-03.21.40:698][265]LogScript:Warning: Accessed None trying to read property K2Node_DynamicCast_AsFirst_Person_Character
	ArrowBPTeleport_C /Game/FirstPersonBP/Maps/UEDPIE_0_SinglePlayer.SinglePlayer:PersistentLevel.ArrowBPTeleport_C_0
	Function /Game/FirstPersonBP/Blueprints/Arrow/ArrowBPTeleport.ArrowBPTeleport_C:ExecuteUbergraph_ArrowBPTeleport:0181
[2017.02.28-03.21.40:698][265]PIE:Error: Error Blueprint Runtime Error: Accessed None trying to read property K2Node_DynamicCast_AsFirst_Person_Character from function: 'ExecuteUbergraph_ArrowBPTeleport' from node: Set TeleportArrowPresent in graph: EventGraph in object: ArrowBPTeleport with description: Accessed None trying to read property K2Node_DynamicCast_AsFirst_Person_Character
[2017.02.28-03.21.44:156][418]PIE:Warning: Warning Invalid Simulate Options: Body (ArrowBP_C_2.Capsule) is set to simulate physics but Collision Enabled is incompatible
[2017.02.28-03.21.44:156][418]PIE:Warning: Warning Invalid Simulate Options: Body (ArrowBP_C_2.Capsule) is set to simulate physics but Collision Enabled is incompatible
[2017.02.28-03.21.44:468][432]PIE:Warning: Warning ArrowBP_C_2.Capsule has to have 'CollisionEnabled' set to 'Query and Physics' or 'Physics only' if you'd like to AddImpulse. 
[2017.02.28-03.21.45:955][485]LogScript:Warning: Accessed None trying to read property K2Node_DynamicCast_AsFirst_Person_Character
	ArrowBPTeleport_C /Game/FirstPersonBP/Maps/UEDPIE_0_SinglePlayer.SinglePlayer:PersistentLevel.ArrowBPTeleport_C_1
	Function /Game/FirstPersonBP/Blueprints/Arrow/ArrowBPTeleport.ArrowBPTeleport_C:ExecuteUbergraph_ArrowBPTeleport:0181
[2017.02.28-03.21.45:955][485]PIE:Error: Error Blueprint Runtime Error: Accessed None trying to read property K2Node_DynamicCast_AsFirst_Person_Character from function: 'ExecuteUbergraph_ArrowBPTeleport' from node: Set TeleportArrowPresent in graph: EventGraph in object: ArrowBPTeleport with description: Accessed None trying to read property K2Node_DynamicCast_AsFirst_Person_Character
[2017.02.28-03.21.58:390][ 27]LogScript:Warning: Accessed None trying to read property K2Node_DynamicCast_AsFirst_Person_Character
	ArrowBPTeleport_C /Game/FirstPersonBP/Maps/UEDPIE_0_SinglePlayer.SinglePlayer:PersistentLevel.ArrowBPTeleport_C_2
	Function /Game/FirstPersonBP/Blueprints/Arrow/ArrowBPTeleport.ArrowBPTeleport_C:ExecuteUbergraph_ArrowBPTeleport:0181
[2017.02.28-03.21.58:391][ 27]PIE:Error: Error Blueprint Runtime Error: Accessed None trying to read property K2Node_DynamicCast_AsFirst_Person_Character from function: 'ExecuteUbergraph_ArrowBPTeleport' from node: Set TeleportArrowPresent in graph: EventGraph in object: ArrowBPTeleport with description: Accessed None trying to read property K2Node_DynamicCast_AsFirst_Person_Character
[2017.02.28-03.21.59:110][ 59]PIE:Warning: Warning Invalid Simulate Options: Body (ArrowBP_C_3.Capsule) is set to simulate physics but Collision Enabled is incompatible
[2017.02.28-03.21.59:110][ 59]PIE:Warning: Warning Invalid Simulate Options: Body (ArrowBP_C_3.Capsule) is set to simulate physics but Collision Enabled is incompatible
[2017.02.28-03.22.00:640][127]PIE:Warning: Warning Invalid Simulate Options: Body (ArrowBP_C_4.Capsule) is set to simulate physics but Collision Enabled is incompatible
[2017.02.28-03.22.00:640][127]PIE:Warning: Warning Invalid Simulate Options: Body (ArrowBP_C_4.Capsule) is set to simulate physics but Collision Enabled is incompatible
[2017.02.28-03.22.01:089][147]PIE:Warning: Warning ArrowBP_C_4.Capsule has to have 'CollisionEnabled' set to 'Query and Physics' or 'Physics only' if you'd like to AddImpulse. 
[2017.02.28-03.22.02:407][206]PIE:Warning: Warning Invalid Simulate Options: Body (ArrowBP_C_5.Capsule) is set to simulate physics but Collision Enabled is incompatible
[2017.02.28-03.22.02:407][206]PIE:Warning: Warning Invalid Simulate Options: Body (ArrowBP_C_5.Capsule) is set to simulate physics but Collision Enabled is incompatible
[2017.02.28-03.22.03:539][256]PIE:Warning: Warning Invalid Simulate Options: Body (ArrowBP_C_6.Capsule) is set to simulate physics but Collision Enabled is incompatible
[2017.02.28-03.22.03:539][256]PIE:Warning: Warning Invalid Simulate Options: Body (ArrowBP_C_6.Capsule) is set to simulate physics but Collision Enabled is incompatible
[2017.02.28-03.22.05:042][321]PIE:Warning: Warning Invalid Simulate Options: Body (ArrowBP_C_7.Capsule) is set to simulate physics but Collision Enabled is incompatible
[2017.02.28-03.22.05:042][321]PIE:Warning: Warning Invalid Simulate Options: Body (ArrowBP_C_7.Capsule) is set to simulate physics but Collision Enabled is incompatible
[2017.02.28-03.22.06:943][406]PIE:Warning: Warning Invalid Simulate Options: Body (ArrowBP_C_8.Capsule) is set to simulate physics but Collision Enabled is incompatible
[2017.02.28-03.22.06:943][406]PIE:Warning: Warning Invalid Simulate Options: Body (ArrowBP_C_8.Capsule) is set to simulate physics but Collision Enabled is incompatible
[2017.02.28-03.22.09:116][503]PIE:Warning: Warning Invalid Simulate Options: Body (ArrowBP_C_9.Capsule) is set to simulate physics but Collision Enabled is incompatible
[2017.02.28-03.22.09:116][503]PIE:Warning: Warning Invalid Simulate Options: Body (ArrowBP_C_9.Capsule) is set to simulate physics but Collision Enabled is incompatible
[2017.02.28-03.22.11:908][628]PIE:Warning: Warning Invalid Simulate Options: Body (ArrowBP_C_10.Capsule) is set to simulate physics but Collision Enabled is incompatible
[2017.02.28-03.22.11:908][628]PIE:Warning: Warning Invalid Simulate Options: Body (ArrowBP_C_10.Capsule) is set to simulate physics but Collision Enabled is incompatible
[2017.02.28-03.22.20:712][ 22]LogScript:Warning: Accessed None trying to read property K2Node_DynamicCast_AsFirst_Person_Character
	ArrowBPTeleport_C /Game/FirstPersonBP/Maps/UEDPIE_0_SinglePlayer.SinglePlayer:PersistentLevel.ArrowBPTeleport_C_3
	Function /Game/FirstPersonBP/Blueprints/Arrow/ArrowBPTeleport.ArrowBPTeleport_C:ExecuteUbergraph_ArrowBPTeleport:0181
[2017.02.28-03.22.20:712][ 22]PIE:Error: Error Blueprint Runtime Error: Accessed None trying to read property K2Node_DynamicCast_AsFirst_Person_Character from function: 'ExecuteUbergraph_ArrowBPTeleport' from node: Set TeleportArrowPresent in graph: EventGraph in object: ArrowBPTeleport with description: Accessed None trying to read property K2Node_DynamicCast_AsFirst_Person_Character
[2017.02.28-03.22.25:200][223]PIE:Warning: Warning Invalid Simulate Options: Body (ArrowBP_C_11.Capsule) is set to simulate physics but Collision Enabled is incompatible
[2017.02.28-03.22.25:201][223]PIE:Warning: Warning Invalid Simulate Options: Body (ArrowBP_C_11.Capsule) is set to simulate physics but Collision Enabled is incompatible
[2017.02.28-03.22.25:558][239]PIE:Warning: Warning ArrowBP_C_11.Capsule has to have 'CollisionEnabled' set to 'Query and Physics' or 'Physics only' if you'd like to AddImpulse. 
[2017.02.28-03.22.25:915][255]PIE:Warning: Warning Invalid Simulate Options: Body (ArrowBP_C_12.Capsule) is set to simulate physics but Collision Enabled is incompatible
[2017.02.28-03.22.25:915][255]PIE:Warning: Warning Invalid Simulate Options: Body (ArrowBP_C_12.Capsule) is set to simulate physics but Collision Enabled is incompatible
[2017.02.28-03.22.27:615][331]PIE:Warning: Warning Invalid Simulate Options: Body (ArrowBP_C_13.Capsule) is set to simulate physics but Collision Enabled is incompatible
[2017.02.28-03.22.27:615][331]PIE:Warning: Warning Invalid Simulate Options: Body (ArrowBP_C_13.Capsule) is set to simulate physics but Collision Enabled is incompatible
[2017.02.28-03.22.29:845][431]PIE:Warning: Warning Invalid Simulate Options: Body (ArrowBP_C_14.Capsule) is set to simulate physics but Collision Enabled is incompatible
[2017.02.28-03.22.29:845][431]PIE:Warning: Warning Invalid Simulate Options: Body (ArrowBP_C_14.Capsule) is set to simulate physics but Collision Enabled is incompatible
[2017.02.28-03.22.32:330][542]PIE:Warning: Warning Invalid Simulate Options: Body (ArrowBP_C_15.Capsule) is set to simulate physics but Collision Enabled is incompatible
[2017.02.28-03.22.32:330][542]PIE:Warning: Warning Invalid Simulate Options: Body (ArrowBP_C_15.Capsule) is set to simulate physics but Collision Enabled is incompatible
[2017.02.28-03.22.41:733][963]PIE:Warning: Warning Invalid Simulate Options: Body (ArrowBP_C_16.Capsule) is set to simulate physics but Collision Enabled is incompatible
[2017.02.28-03.22.41:733][963]PIE:Warning: Warning Invalid Simulate Options: Body (ArrowBP_C_16.Capsule) is set to simulate physics but Collision Enabled is incompatible
[2017.02.28-03.22.44:483][ 86]PIE:Warning: Warning Invalid Simulate Options: Body (ArrowBP_C_17.Capsule) is set to simulate physics but Collision Enabled is incompatible
[2017.02.28-03.22.44:483][ 86]PIE:Warning: Warning Invalid Simulate Options: Body (ArrowBP_C_17.Capsule) is set to simulate physics but Collision Enabled is incompatible
[2017.02.28-03.22.46:470][175]PIE:Warning: Warning Invalid Simulate Options: Body (ArrowBP_C_18.Capsule) is set to simulate physics but Collision Enabled is incompatible
[2017.02.28-03.22.46:470][175]PIE:Warning: Warning Invalid Simulate Options: Body (ArrowBP_C_18.Capsule) is set to simulate physics but Collision Enabled is incompatible
[2017.02.28-03.22.48:680][274]PIE:Warning: Warning Invalid Simulate Options: Body (ArrowBP_C_19.Capsule) is set to simulate physics but Collision Enabled is incompatible
[2017.02.28-03.22.48:680][274]PIE:Warning: Warning Invalid Simulate Options: Body (ArrowBP_C_19.Capsule) is set to simulate physics but Collision Enabled is incompatible
[2017.02.28-03.22.51:432][397]PIE:Warning: Warning Invalid Simulate Options: Body (ArrowBP_C_20.Capsule) is set to simulate physics but Collision Enabled is incompatible
[2017.02.28-03.22.51:432][397]PIE:Warning: Warning Invalid Simulate Options: Body (ArrowBP_C_20.Capsule) is set to simulate physics but Collision Enabled is incompatible
[2017.02.28-03.22.53:125][473]PIE:Warning: Warning Invalid Simulate Options: Body (ArrowBP_C_21.Capsule) is set to simulate physics but Collision Enabled is incompatible
[2017.02.28-03.22.53:125][473]PIE:Warning: Warning Invalid Simulate Options: Body (ArrowBP_C_21.Capsule) is set to simulate physics but Collision Enabled is incompatible
[2017.02.28-03.22.55:118][562]PIE:Warning: Warning Invalid Simulate Options: Body (ArrowBP_C_22.Capsule) is set to simulate physics but Collision Enabled is incompatible
[2017.02.28-03.22.55:118][562]PIE:Warning: Warning Invalid Simulate Options: Body (ArrowBP_C_22.Capsule) is set to simulate physics but Collision Enabled is incompatible
[2017.02.28-03.22.58:330][706]LogScript:Warning: Accessed None trying to read property K2Node_DynamicCast_AsFirst_Person_Character
	ArrowBPTeleport_C /Game/FirstPersonBP/Maps/UEDPIE_0_SinglePlayer.SinglePlayer:PersistentLevel.ArrowBPTeleport_C_4
	Function /Game/FirstPersonBP/Blueprints/Arrow/ArrowBPTeleport.ArrowBPTeleport_C:ExecuteUbergraph_ArrowBPTeleport:0181
[2017.02.28-03.22.58:330][706]PIE:Error: Error Blueprint Runtime Error: Accessed None trying to read property K2Node_DynamicCast_AsFirst_Person_Character from function: 'ExecuteUbergraph_ArrowBPTeleport' from node: Set TeleportArrowPresent in graph: EventGraph in object: ArrowBPTeleport with description: Accessed None trying to read property K2Node_DynamicCast_AsFirst_Person_Character
[2017.02.28-03.23.01:394][843]LogScript:Warning: Accessed None trying to read property K2Node_DynamicCast_AsFirst_Person_Character
	ArrowBPTeleport_C /Game/FirstPersonBP/Maps/UEDPIE_0_SinglePlayer.SinglePlayer:PersistentLevel.ArrowBPTeleport_C_5
	Function /Game/FirstPersonBP/Blueprints/Arrow/ArrowBPTeleport.ArrowBPTeleport_C:ExecuteUbergraph_ArrowBPTeleport:0181
[2017.02.28-03.23.01:394][843]PIE:Error: Error Blueprint Runtime Error: Accessed None trying to read property K2Node_DynamicCast_AsFirst_Person_Character from function: 'ExecuteUbergraph_ArrowBPTeleport' from node: Set TeleportArrowPresent in graph: EventGraph in object: ArrowBPTeleport with description: Accessed None trying to read property K2Node_DynamicCast_AsFirst_Person_Character
[2017.02.28-03.23.04:121][965]PIE:Warning: Warning Invalid Simulate Options: Body (ArrowBP_C_23.Capsule) is set to simulate physics but Collision Enabled is incompatible
[2017.02.28-03.23.04:121][965]PIE:Warning: Warning Invalid Simulate Options: Body (ArrowBP_C_23.Capsule) is set to simulate physics but Collision Enabled is incompatible
[2017.02.28-03.23.05:880][ 44]PIE:Warning: Warning Invalid Simulate Options: Body (ArrowBP_C_24.Capsule) is set to simulate physics but Collision Enabled is incompatible
[2017.02.28-03.23.05:880][ 44]PIE:Warning: Warning Invalid Simulate Options: Body (ArrowBP_C_24.Capsule) is set to simulate physics but Collision Enabled is incompatible
[2017.02.28-03.23.05:969][ 48]PIE:Warning: Warning ArrowBP_C_24.Capsule has to have 'CollisionEnabled' set to 'Query and Physics' or 'Physics only' if you'd like to AddImpulse. 
[2017.02.28-03.23.07:869][133]PIE:Warning: Warning Invalid Simulate Options: Body (ArrowBP_C_25.Capsule) is set to simulate physics but Collision Enabled is incompatible
[2017.02.28-03.23.07:869][133]PIE:Warning: Warning Invalid Simulate Options: Body (ArrowBP_C_25.Capsule) is set to simulate physics but Collision Enabled is incompatible
[2017.02.28-03.23.10:238][239]PIE:Warning: Warning Invalid Simulate Options: Body (ArrowBP_C_26.Capsule) is set to simulate physics but Collision Enabled is incompatible
[2017.02.28-03.23.10:238][239]PIE:Warning: Warning Invalid Simulate Options: Body (ArrowBP_C_26.Capsule) is set to simulate physics but Collision Enabled is incompatible
[2017.02.28-03.23.11:757][307]PIE:Warning: Warning Invalid Simulate Options: Body (ArrowBP_C_27.Capsule) is set to simulate physics but Collision Enabled is incompatible
[2017.02.28-03.23.11:758][307]PIE:Warning: Warning Invalid Simulate Options: Body (ArrowBP_C_27.Capsule) is set to simulate physics but Collision Enabled is incompatible
[2017.02.28-03.23.13:321][377]LogScript:Warning: Accessed None trying to read property K2Node_DynamicCast_AsFirst_Person_Character
	ArrowBPTeleport_C /Game/FirstPersonBP/Maps/UEDPIE_0_SinglePlayer.SinglePlayer:PersistentLevel.ArrowBPTeleport_C_6
	Function /Game/FirstPersonBP/Blueprints/Arrow/ArrowBPTeleport.ArrowBPTeleport_C:ExecuteUbergraph_ArrowBPTeleport:0181
[2017.02.28-03.23.13:321][377]PIE:Error: Error Blueprint Runtime Error: Accessed None trying to read property K2Node_DynamicCast_AsFirst_Person_Character from function: 'ExecuteUbergraph_ArrowBPTeleport' from node: Set TeleportArrowPresent in graph: EventGraph in object: ArrowBPTeleport with description: Accessed None trying to read property K2Node_DynamicCast_AsFirst_Person_Character
[2017.02.28-03.23.48:818][966]LogScript:Warning: Accessed None trying to read property K2Node_DynamicCast_AsFirst_Person_Character
	ArrowBPTeleport_C /Game/FirstPersonBP/Maps/UEDPIE_0_SinglePlayer.SinglePlayer:PersistentLevel.ArrowBPTeleport_C_7
	Function /Game/FirstPersonBP/Blueprints/Arrow/ArrowBPTeleport.ArrowBPTeleport_C:ExecuteUbergraph_ArrowBPTeleport:0181
[2017.02.28-03.23.48:818][966]PIE:Error: Error Blueprint Runtime Error: Accessed None trying to read property K2Node_DynamicCast_AsFirst_Person_Character from function: 'ExecuteUbergraph_ArrowBPTeleport' from node: Set TeleportArrowPresent in graph: EventGraph in object: ArrowBPTeleport with description: Accessed None trying to read property K2Node_DynamicCast_AsFirst_Person_Character
[2017.02.28-03.23.50:180][ 27]PIE:Warning: Warning Invalid Simulate Options: Body (ArrowBP_C_28.Capsule) is set to simulate physics but Collision Enabled is incompatible
[2017.02.28-03.23.50:180][ 27]PIE:Warning: Warning Invalid Simulate Options: Body (ArrowBP_C_28.Capsule) is set to simulate physics but Collision Enabled is incompatible
[2017.02.28-03.23.51:589][ 90]PIE:Warning: Warning Invalid Simulate Options: Body (ArrowBP_C_29.Capsule) is set to simulate physics but Collision Enabled is incompatible
[2017.02.28-03.23.51:589][ 90]PIE:Warning: Warning Invalid Simulate Options: Body (ArrowBP_C_29.Capsule) is set to simulate physics but Collision Enabled is incompatible
[2017.02.28-03.23.53:330][168]PIE:Warning: Warning Invalid Simulate Options: Body (ArrowBP_C_30.Capsule) is set to simulate physics but Collision Enabled is incompatible
[2017.02.28-03.23.53:330][168]PIE:Warning: Warning Invalid Simulate Options: Body (ArrowBP_C_30.Capsule) is set to simulate physics but Collision Enabled is incompatible
[2017.02.28-03.23.54:849][236]PIE:Warning: Warning Invalid Simulate Options: Body (ArrowBP_C_31.Capsule) is set to simulate physics but Collision Enabled is incompatible
[2017.02.28-03.23.54:849][236]PIE:Warning: Warning Invalid Simulate Options: Body (ArrowBP_C_31.Capsule) is set to simulate physics but Collision Enabled is incompatible
[2017.02.28-03.24.00:659][496]PIE:Warning: Warning Invalid Simulate Options: Body (ArrowBP_C_32.Capsule) is set to simulate physics but Collision Enabled is incompatible
[2017.02.28-03.24.00:659][496]PIE:Warning: Warning Invalid Simulate Options: Body (ArrowBP_C_32.Capsule) is set to simulate physics but Collision Enabled is incompatible
[2017.02.28-03.24.02:773][590]PIE:Warning: Warning Invalid Simulate Options: Body (ArrowBP_C_33.Capsule) is set to simulate physics but Collision Enabled is incompatible
[2017.02.28-03.24.02:773][590]PIE:Warning: Warning Invalid Simulate Options: Body (ArrowBP_C_33.Capsule) is set to simulate physics but Collision Enabled is incompatible
[2017.02.28-03.24.02:977][599]PIE:Warning: Warning ArrowBP_C_33.Capsule has to have 'CollisionEnabled' set to 'Query and Physics' or 'Physics only' if you'd like to AddImpulse. 
[2017.02.28-03.24.06:185][743]PIE:Warning: Warning Invalid Simulate Options: Body (ArrowBP_C_34.Capsule) is set to simulate physics but Collision Enabled is incompatible
[2017.02.28-03.24.06:185][743]PIE:Warning: Warning Invalid Simulate Options: Body (ArrowBP_C_34.Capsule) is set to simulate physics but Collision Enabled is incompatible
[2017.02.28-03.24.07:166][787]PIE:Warning: Warning Invalid Simulate Options: Body (ArrowBP_C_35.Capsule) is set to simulate physics but Collision Enabled is incompatible
[2017.02.28-03.24.07:166][787]PIE:Warning: Warning Invalid Simulate Options: Body (ArrowBP_C_35.Capsule) is set to simulate physics but Collision Enabled is incompatible
[2017.02.28-03.24.08:150][831]PIE:Warning: Warning Invalid Simulate Options: Body (ArrowBP_C_36.Capsule) is set to simulate physics but Collision Enabled is incompatible
[2017.02.28-03.24.08:150][831]PIE:Warning: Warning Invalid Simulate Options: Body (ArrowBP_C_36.Capsule) is set to simulate physics but Collision Enabled is incompatible
[2017.02.28-03.24.09:425][888]PIE:Warning: Warning Invalid Simulate Options: Body (ArrowBP_C_37.Capsule) is set to simulate physics but Collision Enabled is incompatible
[2017.02.28-03.24.09:426][888]PIE:Warning: Warning Invalid Simulate Options: Body (ArrowBP_C_37.Capsule) is set to simulate physics but Collision Enabled is incompatible
[2017.02.28-03.24.10:793][949]PIE:Warning: Warning Invalid Simulate Options: Body (ArrowBP_C_38.Capsule) is set to simulate physics but Collision Enabled is incompatible
[2017.02.28-03.24.10:793][949]PIE:Warning: Warning Invalid Simulate Options: Body (ArrowBP_C_38.Capsule) is set to simulate physics but Collision Enabled is incompatible
[2017.02.28-03.24.12:136][  9]PIE:Warning: Warning Invalid Simulate Options: Body (ArrowBP_C_39.Capsule) is set to simulate physics but Collision Enabled is incompatible
[2017.02.28-03.24.12:136][  9]PIE:Warning: Warning Invalid Simulate Options: Body (ArrowBP_C_39.Capsule) is set to simulate physics but Collision Enabled is incompatible
[2017.02.28-03.24.13:909][ 88]PIE:Warning: Warning Invalid Simulate Options: Body (ArrowBP_C_40.Capsule) is set to simulate physics but Collision Enabled is incompatible
[2017.02.28-03.24.13:909][ 88]PIE:Warning: Warning Invalid Simulate Options: Body (ArrowBP_C_40.Capsule) is set to simulate physics but Collision Enabled is incompatible
[2017.02.28-03.24.17:418][245]PIE:Warning: Warning Invalid Simulate Options: Body (ArrowBP_C_41.Capsule) is set to simulate physics but Collision Enabled is incompatible
[2017.02.28-03.24.17:419][245]PIE:Warning: Warning Invalid Simulate Options: Body (ArrowBP_C_41.Capsule) is set to simulate physics but Collision Enabled is incompatible
[2017.02.28-03.24.22:139][456]PIE:Warning: Warning Invalid Simulate Options: Body (ArrowBP_C_42.Capsule) is set to simulate physics but Collision Enabled is incompatible
[2017.02.28-03.24.22:139][456]PIE:Warning: Warning Invalid Simulate Options: Body (ArrowBP_C_42.Capsule) is set to simulate physics but Collision Enabled is incompatible
[2017.02.28-03.24.22:207][459]PIE:Warning: Warning ArrowBP_C_42.Capsule has to have 'CollisionEnabled' set to 'Query and Physics' or 'Physics only' if you'd like to AddImpulse. 
[2017.02.28-03.24.24:618][567]PIE:Warning: Warning Invalid Simulate Options: Body (ArrowBP_C_43.Capsule) is set to simulate physics but Collision Enabled is incompatible
[2017.02.28-03.24.24:618][567]PIE:Warning: Warning Invalid Simulate Options: Body (ArrowBP_C_43.Capsule) is set to simulate physics but Collision Enabled is incompatible
[2017.02.28-03.24.26:319][643]PIE:Warning: Warning Invalid Simulate Options: Body (ArrowBP_C_44.Capsule) is set to simulate physics but Collision Enabled is incompatible
[2017.02.28-03.24.26:319][643]PIE:Warning: Warning Invalid Simulate Options: Body (ArrowBP_C_44.Capsule) is set to simulate physics but Collision Enabled is incompatible
[2017.02.28-03.24.32:359][913]PIE:Warning: Warning Invalid Simulate Options: Body (ArrowBP_C_45.Capsule) is set to simulate physics but Collision Enabled is incompatible
[2017.02.28-03.24.32:359][913]PIE:Warning: Warning Invalid Simulate Options: Body (ArrowBP_C_45.Capsule) is set to simulate physics but Collision Enabled is incompatible
[2017.02.28-03.24.47:724][601]PIE:Warning: Warning Invalid Simulate Options: Body (ArrowBP_C_46.Capsule) is set to simulate physics but Collision Enabled is incompatible
[2017.02.28-03.24.47:724][601]PIE:Warning: Warning Invalid Simulate Options: Body (ArrowBP_C_46.Capsule) is set to simulate physics but Collision Enabled is incompatible
[2017.02.28-03.24.48:871][652]PIE:Warning: Warning Invalid Simulate Options: Body (ArrowBP_C_47.Capsule) is set to simulate physics but Collision Enabled is incompatible
[2017.02.28-03.24.48:871][652]PIE:Warning: Warning Invalid Simulate Options: Body (ArrowBP_C_47.Capsule) is set to simulate physics but Collision Enabled is incompatible
[2017.02.28-03.24.49:989][702]PIE:Warning: Warning Invalid Simulate Options: Body (ArrowBP_C_48.Capsule) is set to simulate physics but Collision Enabled is incompatible
[2017.02.28-03.24.49:989][702]PIE:Warning: Warning Invalid Simulate Options: Body (ArrowBP_C_48.Capsule) is set to simulate physics but Collision Enabled is incompatible
[2017.02.28-03.24.51:142][750]PIE:Warning: Warning Invalid Simulate Options: Body (ArrowBP_C_49.Capsule) is set to simulate physics but Collision Enabled is incompatible
[2017.02.28-03.24.51:142][750]PIE:Warning: Warning Invalid Simulate Options: Body (ArrowBP_C_49.Capsule) is set to simulate physics but Collision Enabled is incompatible
[2017.02.28-03.24.52:188][795]PIE:Warning: Warning Invalid Simulate Options: Body (ArrowBP_C_50.Capsule) is set to simulate physics but Collision Enabled is incompatible
[2017.02.28-03.24.52:188][795]PIE:Warning: Warning Invalid Simulate Options: Body (ArrowBP_C_50.Capsule) is set to simulate physics but Collision Enabled is incompatible
[2017.02.28-03.24.55:520][942]PIE:Warning: Warning Invalid Simulate Options: Body (ArrowBP_C_51.Capsule) is set to simulate physics but Collision Enabled is incompatible
[2017.02.28-03.24.55:520][942]PIE:Warning: Warning Invalid Simulate Options: Body (ArrowBP_C_51.Capsule) is set to simulate physics but Collision Enabled is incompatible
[2017.02.28-03.24.56:653][991]PIE:Warning: Warning Invalid Simulate Options: Body (ArrowBP_C_52.Capsule) is set to simulate physics but Collision Enabled is incompatible
[2017.02.28-03.24.56:654][991]PIE:Warning: Warning Invalid Simulate Options: Body (ArrowBP_C_52.Capsule) is set to simulate physics but Collision Enabled is incompatible
[2017.02.28-03.24.57:728][ 36]PIE:Warning: Warning Invalid Simulate Options: Body (ArrowBP_C_53.Capsule) is set to simulate physics but Collision Enabled is incompatible
[2017.02.28-03.24.57:728][ 36]PIE:Warning: Warning Invalid Simulate Options: Body (ArrowBP_C_53.Capsule) is set to simulate physics but Collision Enabled is incompatible
[2017.02.28-03.24.59:303][106]PIE:Warning: Warning Invalid Simulate Options: Body (ArrowBP_C_54.Capsule) is set to simulate physics but Collision Enabled is incompatible
[2017.02.28-03.24.59:303][106]PIE:Warning: Warning Invalid Simulate Options: Body (ArrowBP_C_54.Capsule) is set to simulate physics but Collision Enabled is incompatible
[2017.02.28-03.25.09:569][565]PIE:Warning: Warning Invalid Simulate Options: Body (ArrowBP_C_55.Capsule) is set to simulate physics but Collision Enabled is incompatible
[2017.02.28-03.25.09:569][565]PIE:Warning: Warning Invalid Simulate Options: Body (ArrowBP_C_55.Capsule) is set to simulate physics but Collision Enabled is incompatible
[2017.02.28-03.25.11:379][646]PIE:Warning: Warning Invalid Simulate Options: Body (ArrowBP_C_56.Capsule) is set to simulate physics but Collision Enabled is incompatible
[2017.02.28-03.25.11:379][646]PIE:Warning: Warning Invalid Simulate Options: Body (ArrowBP_C_56.Capsule) is set to simulate physics but Collision Enabled is incompatible
[2017.02.28-03.25.22:360][137]LogOnline:Warning: NULL: Can't destroy a null online session (Game)
[2017.02.28-03.32.17:582][723]LogBlueprintUserMessages: Early EndPlayMap Detection: Level '/Game/FirstPersonBP/Maps/SinglePlayer.SinglePlayer:PersistentLevel' has LevelScriptBlueprint '/Game/FirstPersonBP/Maps/SinglePlayer.SinglePlayer:PersistentLevel.SinglePlayer' with GeneratedClass '/Game/FirstPersonBP/Maps/SinglePlayer.SinglePlayer_C' with ClassGeneratedBy '/Game/FirstPersonBP/Maps/SinglePlayer.SinglePlayer:PersistentLevel.SinglePlayer'
[2017.02.28-03.32.17:792][723]LogOnline:Display: NULL: FOnlineSubsystemNull::Shutdown()
[2017.02.28-03.32.17:792][723]LogPlayLevel:Display: Shutting down PIE online subsystems
[2017.02.28-03.32.17:793][723]LogBlueprintUserMessages: Late EndPlayMap Detection: Level '/Game/FirstPersonBP/Maps/SinglePlayer.SinglePlayer:PersistentLevel' has LevelScriptBlueprint '/Game/FirstPersonBP/Maps/SinglePlayer.SinglePlayer:PersistentLevel.SinglePlayer' with GeneratedClass '/Game/FirstPersonBP/Maps/SinglePlayer.SinglePlayer_C' with ClassGeneratedBy '/Game/FirstPersonBP/Maps/SinglePlayer.SinglePlayer:PersistentLevel.SinglePlayer'
[2017.02.28-03.32.17:946][724]LogPlayLevel:Display: Destroying online subsystem :Context_12
[2017.02.28-03.32.17:946][724]LogOnline:Display: NULL: FOnlineSubsystemNull::Shutdown()
[2017.02.28-03.32.29:405][ 14]LogAIModule: Creating AISystem for world Lobby
[2017.02.28-03.32.32:993][ 14]LogSavePackage: Save=327.12ms
[2017.02.28-03.32.32:993][ 14]LogSavePackage: Moving '../../../../../../Users/SIG/Desktop/unreal-project-vry-paint-multiplayerHenry/Saved/SinglePlayer6EABF59048D0FD148E997FA69235822C.tmp' to '../../../../../../Users/SIG/Desktop/unreal-project-vry-paint-multiplayerHenry/Content/FirstPersonBP/Maps/SinglePlayer.umap'
[2017.02.28-03.32.32:998][ 14]LogSavePackage:Display: Finished SavePackage ../../../../../../Users/SIG/Desktop/unreal-project-vry-paint-multiplayerHenry/Content/FirstPersonBP/Maps/SinglePlayer.umap
[2017.02.28-03.32.33:036][ 14]LogFileHelpers: Saving map 'SinglePlayer' took 0.466
[2017.02.28-03.32.33:037][ 14]Cmd: MAP LOAD FILE="../../../../../../Users/SIG/Desktop/unreal-project-vry-paint-multiplayerHenry/Content/FirstPersonBP/Maps/Lobby.umap" TEMPLATE=0 SHOWPROGRESS=1 FEATURELEVEL=3
[2017.02.28-03.32.33:037][ 14]LightingResults: New page: Lighting Build
[2017.02.28-03.32.33:038][ 14]LoadErrors: New page: Loading map: Lobby.umap
[2017.02.28-03.32.33:083][ 14]MapCheck: New page: Map Check
[2017.02.28-03.32.33:083][ 14]LightingResults: New page: Lighting Build
[2017.02.28-03.32.33:168][ 14]LogEditorServer: Finished looking for orphan Actors (0.000 secs)
[2017.02.28-03.32.33:201][ 14]Cmd: MAP CHECKDEP NOCLEARLOG
