Log file open, 02/26/17 23:48:08
LogInit:Display: Running engine for game: CIS568VRYPaint_mp
LogPlatformFile: Not using cached read wrapper
LogInit:Display: RandInit(-583593595) SRandInit(-583593595).
LogTaskGraph: Started task graph with 5 named threads and 8 total threads with 1 sets of task threads.
LogStats: Stats thread started at 0.076877
LogPluginManager: Loaded Plugin Paper2D, From C:/Program Files/Epic Games/UE_4.14/Engine/Plugins/2D/Paper2D/Paper2D.uplugin
LogPluginManager: Loaded Plugin LightPropagationVolume, From C:/Program Files/Epic Games/UE_4.14/Engine/Plugins/Blendables/LightPropagationVolume/LightPropagationVolume.uplugin
LogPluginManager: Loaded Plugin BlankPlugin, From C:/Program Files/Epic Games/UE_4.14/Engine/Plugins/Developer/BlankPlugin/BlankPlugin.uplugin
LogPluginManager: Loaded Plugin CodeLiteSourceCodeAccess, From C:/Program Files/Epic Games/UE_4.14/Engine/Plugins/Developer/CodeLiteSourceCodeAccess/CodeLiteSourceCodeAccess.uplugin
LogPluginManager: Loaded Plugin GitSourceControl, From C:/Program Files/Epic Games/UE_4.14/Engine/Plugins/Developer/GitSourceControl/GitSourceControl.uplugin
LogPluginManager: Loaded Plugin KDevelopSourceCodeAccess, From C:/Program Files/Epic Games/UE_4.14/Engine/Plugins/Developer/KDevelopSourceCodeAccess/KDevelopSourceCodeAccess.uplugin
LogPluginManager: Loaded Plugin NullSourceCodeAccess, From C:/Program Files/Epic Games/UE_4.14/Engine/Plugins/Developer/NullSourceCodeAccess/NullSourceCodeAccess.uplugin
LogPluginManager: Loaded Plugin OneSkyLocalizationService, From C:/Program Files/Epic Games/UE_4.14/Engine/Plugins/Developer/OneSkyLocalizationService/OneSkyLocalizationService.uplugin
LogPluginManager: Loaded Plugin PerforceSourceControl, From C:/Program Files/Epic Games/UE_4.14/Engine/Plugins/Developer/PerforceSourceControl/PerforceSourceControl.uplugin
LogPluginManager: Loaded Plugin SubversionSourceControl, From C:/Program Files/Epic Games/UE_4.14/Engine/Plugins/Developer/SubversionSourceControl/SubversionSourceControl.uplugin
LogPluginManager: Loaded Plugin UObjectPlugin, From C:/Program Files/Epic Games/UE_4.14/Engine/Plugins/Developer/UObjectPlugin/UObjectPlugin.uplugin
LogPluginManager: Loaded Plugin VisualStudioSourceCodeAccess, From C:/Program Files/Epic Games/UE_4.14/Engine/Plugins/Developer/VisualStudioSourceCodeAccess/VisualStudioSourceCodeAccess.uplugin
LogPluginManager: Loaded Plugin XCodeSourceCodeAccess, From C:/Program Files/Epic Games/UE_4.14/Engine/Plugins/Developer/XCodeSourceCodeAccess/XCodeSourceCodeAccess.uplugin
LogPluginManager: Loaded Plugin AudioCapture, From C:/Program Files/Epic Games/UE_4.14/Engine/Plugins/Editor/AudioCapture/AudioCapture.uplugin
LogPluginManager: Loaded Plugin EpicSurvey, From C:/Program Files/Epic Games/UE_4.14/Engine/Plugins/Editor/EpicSurvey/EpicSurvey.uplugin
LogPluginManager: Loaded Plugin MacGraphicsSwitching, From C:/Program Files/Epic Games/UE_4.14/Engine/Plugins/Editor/MacGraphicsSwitching/MacGraphicsSwitching.uplugin
LogPluginManager: Loaded Plugin MobileLauncherProfileWizard, From C:/Program Files/Epic Games/UE_4.14/Engine/Plugins/Editor/MobileLauncherProfileWizard/MobileLauncherProfileWizard.uplugin
LogPluginManager: Loaded Plugin PluginBrowser, From C:/Program Files/Epic Games/UE_4.14/Engine/Plugins/Editor/PluginBrowser/PluginBrowser.uplugin
LogPluginManager: Loaded Plugin SpeedTreeImporter, From C:/Program Files/Epic Games/UE_4.14/Engine/Plugins/Editor/SpeedTreeImporter/SpeedTreeImporter.uplugin
LogPluginManager: Loaded Plugin SuperSearchEditor, From C:/Program Files/Epic Games/UE_4.14/Engine/Plugins/Editor/SuperSearchEditor/SuperSearchEditor.uplugin
LogPluginManager: Loaded Plugin AlembicImporter, From C:/Program Files/Epic Games/UE_4.14/Engine/Plugins/Experimental/AlembicImporter/AlembicImporter.uplugin
LogPluginManager: Loaded Plugin BlueprintStats, From C:/Program Files/Epic Games/UE_4.14/Engine/Plugins/Experimental/BlueprintStats/BlueprintStats.uplugin
LogPluginManager: Loaded Plugin CharacterAI, From C:/Program Files/Epic Games/UE_4.14/Engine/Plugins/Experimental/CharacterAI/CharacterAI.uplugin
LogPluginManager: Loaded Plugin CodeEditor, From C:/Program Files/Epic Games/UE_4.14/Engine/Plugins/Experimental/CodeEditor/CodeEditor.uplugin
LogPluginManager: Loaded Plugin CodeView, From C:/Program Files/Epic Games/UE_4.14/Engine/Plugins/Experimental/CodeView/CodeView.uplugin
LogPluginManager: Loaded Plugin HTML5Networking, From C:/Program Files/Epic Games/UE_4.14/Engine/Plugins/Experimental/HTML5Networking/HTML5Networking.uplugin
LogPluginManager: Loaded Plugin OSVR, From C:/Program Files/Epic Games/UE_4.14/Engine/Plugins/Experimental/OSVR/OSVR.uplugin
LogPluginManager: Loaded Plugin Phya, From C:/Program Files/Epic Games/UE_4.14/Engine/Plugins/Experimental/Phya/Phya.uplugin
LogPluginManager: Loaded Plugin SignificanceManager, From C:/Program Files/Epic Games/UE_4.14/Engine/Plugins/Experimental/SignificanceManager/SignificanceManager.uplugin
LogPluginManager: Loaded Plugin SimpleHMD, From C:/Program Files/Epic Games/UE_4.14/Engine/Plugins/Experimental/SimpleHMD/SimpleHMD.uplugin
LogPluginManager: Loaded Plugin StereoPanorama, From C:/Program Files/Epic Games/UE_4.14/Engine/Plugins/Experimental/StereoPanorama/StereoPanorama.uplugin
LogPluginManager: Loaded Plugin StructBox, From C:/Program Files/Epic Games/UE_4.14/Engine/Plugins/Experimental/StructBox/StructBox.uplugin
LogPluginManager: Loaded Plugin Substance, From C:/Program Files/Epic Games/UE_4.14/Engine/Plugins/Marketplace/Substance/Substance.uplugin
LogPluginManager: Loaded Plugin AndroidMedia, From C:/Program Files/Epic Games/UE_4.14/Engine/Plugins/Media/AndroidMedia/AndroidMedia.uplugin
LogPluginManager: Loaded Plugin AvfMedia, From C:/Program Files/Epic Games/UE_4.14/Engine/Plugins/Media/AvfMedia/AvfMedia.uplugin
LogPluginManager: Loaded Plugin MediaPlayerEditor, From C:/Program Files/Epic Games/UE_4.14/Engine/Plugins/Media/MediaPlayerEditor/MediaPlayerEditor.uplugin
LogPluginManager: Loaded Plugin WmfMedia, From C:/Program Files/Epic Games/UE_4.14/Engine/Plugins/Media/WmfMedia/WmfMedia.uplugin
LogPluginManager: Loaded Plugin MessagingDebugger, From C:/Program Files/Epic Games/UE_4.14/Engine/Plugins/Messaging/MessagingDebugger/MessagingDebugger.uplugin
LogPluginManager: Loaded Plugin TcpMessaging, From C:/Program Files/Epic Games/UE_4.14/Engine/Plugins/Messaging/TcpMessaging/TcpMessaging.uplugin
LogPluginManager: Loaded Plugin UdpMessaging, From C:/Program Files/Epic Games/UE_4.14/Engine/Plugins/Messaging/UdpMessaging/UdpMessaging.uplugin
LogPluginManager: Loaded Plugin LevelSequenceEditor, From C:/Program Files/Epic Games/UE_4.14/Engine/Plugins/MovieScene/LevelSequenceEditor/LevelSequenceEditor.uplugin
LogPluginManager: Loaded Plugin MatineeToLevelSequence, From C:/Program Files/Epic Games/UE_4.14/Engine/Plugins/MovieScene/MatineeToLevelSequence/MatineeToLevelSequence.uplugin
LogPluginManager: Loaded Plugin NetcodeUnitTest, From C:/Program Files/Epic Games/UE_4.14/Engine/Plugins/NetcodeUnitTest/NetcodeUnitTest/NetcodeUnitTest.uplugin
LogPluginManager: Loaded Plugin NUTUnrealEngine4, From C:/Program Files/Epic Games/UE_4.14/Engine/Plugins/NetcodeUnitTest/NUTUnrealEngine4/NUTUnrealEngine4.uplugin
LogPluginManager: Loaded Plugin OnlineSubsystemGameCircle, From C:/Program Files/Epic Games/UE_4.14/Engine/Plugins/Online/Android/OnlineSubsystemGameCircle/OnlineSubsystemGameCircle.uplugin
LogPluginManager: Loaded Plugin OnlineSubsystemGooglePlay, From C:/Program Files/Epic Games/UE_4.14/Engine/Plugins/Online/Android/OnlineSubsystemGooglePlay/OnlineSubsystemGooglePlay.uplugin
LogPluginManager: Loaded Plugin OnlineSubsystemIOS, From C:/Program Files/Epic Games/UE_4.14/Engine/Plugins/Online/IOS/OnlineSubsystemIOS/OnlineSubsystemIOS.uplugin
LogPluginManager: Loaded Plugin OnlineFramework, From C:/Program Files/Epic Games/UE_4.14/Engine/Plugins/Online/OnlineFramework/OnlineFramework.uplugin
LogPluginManager: Loaded Plugin OnlineSubsystem, From C:/Program Files/Epic Games/UE_4.14/Engine/Plugins/Online/OnlineSubsystem/OnlineSubsystem.uplugin
LogPluginManager: Loaded Plugin OnlineSubsystemAmazon, From C:/Program Files/Epic Games/UE_4.14/Engine/Plugins/Online/OnlineSubsystemAmazon/OnlineSubsystemAmazon.uplugin
LogPluginManager: Loaded Plugin OnlineSubsystemFacebook, From C:/Program Files/Epic Games/UE_4.14/Engine/Plugins/Online/OnlineSubsystemFacebook/OnlineSubsystemFacebook.uplugin
LogPluginManager: Loaded Plugin OnlineSubsystemNull, From C:/Program Files/Epic Games/UE_4.14/Engine/Plugins/Online/OnlineSubsystemNull/OnlineSubsystemNull.uplugin
LogPluginManager: Loaded Plugin OnlineSubsystemOculus, From C:/Program Files/Epic Games/UE_4.14/Engine/Plugins/Online/OnlineSubsystemOculus/OnlineSubsystemOculus.uplugin
LogPluginManager: Loaded Plugin OnlineSubsystemSteam, From C:/Program Files/Epic Games/UE_4.14/Engine/Plugins/Online/OnlineSubsystemSteam/OnlineSubsystemSteam.uplugin
LogPluginManager: Loaded Plugin OnlineSubsystemUtils, From C:/Program Files/Epic Games/UE_4.14/Engine/Plugins/Online/OnlineSubsystemUtils/OnlineSubsystemUtils.uplugin
LogPluginManager: Loaded Plugin IOSTapJoy, From C:/Program Files/Epic Games/UE_4.14/Engine/Plugins/Runtime/Advertising/IOSTapJoy/IOSTapJoy.uplugin
LogPluginManager: Loaded Plugin AnalyticsBlueprintLibrary, From C:/Program Files/Epic Games/UE_4.14/Engine/Plugins/Runtime/Analytics/AnalyticsBlueprintLibrary/AnalyticsBlueprintLibrary.uplugin
LogPluginManager: Loaded Plugin AnalyticsMulticast, From C:/Program Files/Epic Games/UE_4.14/Engine/Plugins/Runtime/Analytics/AnalyticsMulticast/AnalyticsMulticast.uplugin
LogPluginManager: Loaded Plugin Apsalar, From C:/Program Files/Epic Games/UE_4.14/Engine/Plugins/Runtime/Analytics/Apsalar/Apsalar.uplugin
LogPluginManager: Loaded Plugin FileLogging, From C:/Program Files/Epic Games/UE_4.14/Engine/Plugins/Runtime/Analytics/FileLogging/FileLogging.uplugin
LogPluginManager: Loaded Plugin Flurry, From C:/Program Files/Epic Games/UE_4.14/Engine/Plugins/Runtime/Analytics/Flurry/Flurry.uplugin
LogPluginManager: Loaded Plugin AndroidDeviceProfileSelector, From C:/Program Files/Epic Games/UE_4.14/Engine/Plugins/Runtime/AndroidDeviceProfileSelector/AndroidDeviceProfileSelector.uplugin
LogPluginManager: Loaded Plugin AndroidMoviePlayer, From C:/Program Files/Epic Games/UE_4.14/Engine/Plugins/Runtime/AndroidMoviePlayer/AndroidMoviePlayer.uplugin
LogPluginManager: Loaded Plugin AppleMoviePlayer, From C:/Program Files/Epic Games/UE_4.14/Engine/Plugins/Runtime/AppleMoviePlayer/AppleMoviePlayer.uplugin
LogPluginManager: Loaded Plugin ArchVisCharacter, From C:/Program Files/Epic Games/UE_4.14/Engine/Plugins/Runtime/ArchVisCharacter/ArchVisCharacter.uplugin
LogPluginManager: Loaded Plugin CableComponent, From C:/Program Files/Epic Games/UE_4.14/Engine/Plugins/Runtime/CableComponent/CableComponent.uplugin
LogPluginManager: Loaded Plugin CustomMeshComponent, From C:/Program Files/Epic Games/UE_4.14/Engine/Plugins/Runtime/CustomMeshComponent/CustomMeshComponent.uplugin
LogPluginManager: Loaded Plugin ExampleDeviceProfileSelector, From C:/Program Files/Epic Games/UE_4.14/Engine/Plugins/Runtime/ExampleDeviceProfileSelector/ExampleDeviceProfileSelector.uplugin
LogPluginManager: Loaded Plugin GearVR, From C:/Program Files/Epic Games/UE_4.14/Engine/Plugins/Runtime/GearVR/GearVR.uplugin
LogPluginManager: Loaded Plugin GoogleVRController, From C:/Program Files/Epic Games/UE_4.14/Engine/Plugins/Runtime/GoogleVR/GoogleVRController/GoogleVRController.uplugin
LogPluginManager: Loaded Plugin GoogleVRHMD, From C:/Program Files/Epic Games/UE_4.14/Engine/Plugins/Runtime/GoogleVR/GoogleVRHMD/GoogleVRHMD.uplugin
LogPluginManager: Loaded Plugin IOSDeviceProfileSelector, From C:/Program Files/Epic Games/UE_4.14/Engine/Plugins/Runtime/IOSDeviceProfileSelector/IOSDeviceProfileSelector.uplugin
LogPluginManager: Loaded Plugin LeapMotion, From C:/Program Files/Epic Games/UE_4.14/Engine/Plugins/Runtime/LeapMotion/LeapMotion.uplugin
LogPluginManager: Loaded Plugin LinuxDeviceProfileSelector, From C:/Program Files/Epic Games/UE_4.14/Engine/Plugins/Runtime/LinuxDeviceProfileSelector/LinuxDeviceProfileSelector.uplugin
LogPluginManager: Loaded Plugin MIDIDevice, From C:/Program Files/Epic Games/UE_4.14/Engine/Plugins/Runtime/MIDIDevice/MIDIDevice.uplugin
LogPluginManager: Loaded Plugin MobilePatchingUtils, From C:/Program Files/Epic Games/UE_4.14/Engine/Plugins/Runtime/MobilePatchingUtils/MobilePatchingUtils.uplugin
LogPluginManager: Loaded Plugin Ansel, From C:/Program Files/Epic Games/UE_4.14/Engine/Plugins/Runtime/Nvidia/Ansel/Ansel.uplugin
LogPluginManager: Loaded Plugin OculusAudio, From C:/Program Files/Epic Games/UE_4.14/Engine/Plugins/Runtime/OculusAudio/OculusAudio.uplugin
LogPluginManager: Loaded Plugin OculusInput, From C:/Program Files/Epic Games/UE_4.14/Engine/Plugins/Runtime/OculusInput/OculusInput.uplugin
LogPluginManager: Loaded Plugin OculusLibrary, From C:/Program Files/Epic Games/UE_4.14/Engine/Plugins/Runtime/OculusLibrary/OculusLibrary.uplugin
LogPluginManager: Loaded Plugin OculusRift, From C:/Program Files/Epic Games/UE_4.14/Engine/Plugins/Runtime/OculusRift/OculusRift.uplugin
LogPluginManager: Loaded Plugin Oodle, From C:/Program Files/Epic Games/UE_4.14/Engine/Plugins/Runtime/PacketHandlers/CompressionComponents/Oodle/Oodle.uplugin
LogPluginManager: Loaded Plugin ProceduralMeshComponent, From C:/Program Files/Epic Games/UE_4.14/Engine/Plugins/Runtime/ProceduralMeshComponent/ProceduralMeshComponent.uplugin
LogPluginManager: Loaded Plugin SoundMod, From C:/Program Files/Epic Games/UE_4.14/Engine/Plugins/Runtime/SoundMod/SoundMod.uplugin
LogPluginManager: Loaded Plugin SoundVisualizations, From C:/Program Files/Epic Games/UE_4.14/Engine/Plugins/Runtime/SoundVisualizations/SoundVisualizations.uplugin
LogPluginManager: Loaded Plugin SteamController, From C:/Program Files/Epic Games/UE_4.14/Engine/Plugins/Runtime/Steam/SteamController/SteamController.uplugin
LogPluginManager: Loaded Plugin SteamVR, From C:/Program Files/Epic Games/UE_4.14/Engine/Plugins/Runtime/Steam/SteamVR/SteamVR.uplugin
LogPluginManager: Loaded Plugin WebBrowserWidget, From C:/Program Files/Epic Games/UE_4.14/Engine/Plugins/Runtime/WebBrowserWidget/WebBrowserWidget.uplugin
LogPluginManager: Loaded Plugin WindowsDeviceProfileSelector, From C:/Program Files/Epic Games/UE_4.14/Engine/Plugins/Runtime/WindowsDeviceProfileSelector/WindowsDeviceProfileSelector.uplugin
LogPluginManager: Loaded Plugin WindowsMoviePlayer, From C:/Program Files/Epic Games/UE_4.14/Engine/Plugins/Runtime/WindowsMoviePlayer/WindowsMoviePlayer.uplugin
LogPluginManager: Loaded Plugin ScriptPlugin, From C:/Program Files/Epic Games/UE_4.14/Engine/Plugins/ScriptPlugin/ScriptPlugin.uplugin
LogPluginManager: Loaded Plugin SlateRemote, From C:/Program Files/Epic Games/UE_4.14/Engine/Plugins/Slate/SlateRemote/SlateRemote.uplugin
LogPluginManager: Loaded Plugin EditorTests, From C:/Program Files/Epic Games/UE_4.14/Engine/Plugins/Tests/EditorTests/EditorTests.uplugin
LogPluginManager: Loaded Plugin FbxAutomationTestBuilder, From C:/Program Files/Epic Games/UE_4.14/Engine/Plugins/Tests/FbxAutomationTestBuilder/FbxAutomationTestBuilder.uplugin
LogPluginManager: Loaded Plugin FunctionalTestingEditor, From C:/Program Files/Epic Games/UE_4.14/Engine/Plugins/Tests/FunctionalTestingEditor/FunctionalTestingEditor.uplugin
LogPluginManager: Loaded Plugin RuntimeTests, From C:/Program Files/Epic Games/UE_4.14/Engine/Plugins/Tests/RuntimeTests/RuntimeTests.uplugin
LogPluginManager: Loaded Plugin ScreenshotTools, From C:/Program Files/Epic Games/UE_4.14/Engine/Plugins/Tests/ScreenshotTools/ScreenshotTools.uplugin
LogInit: Using libcurl 7.47.1
LogInit:  - built for x86_64-pc-win32
LogInit:  - supports SSL with OpenSSL/1.0.2g
LogInit:  - supports HTTP deflate (compression) using libz 1.2.8
LogInit:  - other features:
LogInit:      CURL_VERSION_SSL
LogInit:      CURL_VERSION_LIBZ
LogInit:      CURL_VERSION_IPV6
LogInit:      CURL_VERSION_ASYNCHDNS
LogInit:      CURL_VERSION_LARGEFILE
LogInit:      CURL_VERSION_IDN
LogInit:  CurlRequestOptions (configurable via config and command line):
LogInit:  - bVerifyPeer = false  - Libcurl will NOT verify peer certificate
LogInit:  - bUseHttpProxy = false  - Libcurl will NOT use HTTP proxy
LogInit:  - bDontReuseConnections = false  - Libcurl will reuse connections
LogInit:  - CertBundlePath = nullptr  - Libcurl will use whatever was configured at build time.
LogOnline:Display: STEAM: Loading Steam SDK 1.32
LogOnline:Warning: STEAM: Steam API disabled!
LogOnline:Display: STEAM: OnlineSubsystemSteam::Shutdown()
LogInit: WinSock: version 1.1 (2.2), MaxSocks=32767, MaxUdp=65467
OCULUS: Info: [CAPI] LibOVR module is located at C:\Program Files\Oculus\Support\oculus-runtime\LibOVRRT64_1.dll
OCULUS: Debug: Connected to the server running version (prod = 1).1.11.0(build = 343615) feature version = 0. Client runs version (prod = 1).1.11.0(build = 343615) feature version = 0
LogInit: Build: ++UE4+Release-4.14-CL-3249277
LogInit: Engine Version: 4.14.3-3249277+++UE4+Release-4.14
LogInit: Compatible Engine Version: 4.14.0-3195953+++UE4+Release-4.14
LogInit: Net CL: 3195953
LogDevObjectVersion: Number of dev versions registered: 13
LogDevObjectVersion:   Dev-Blueprints (B0D832E4-1F89-4F0D-ACCF-7EB736FD4AA2): 7
LogDevObjectVersion:   Dev-Build (E1C64328-A22C-4D53-A36C-8E866417BD8C): 0
LogDevObjectVersion:   Dev-Core (375EC13C-06E4-48FB-B500-84F0262A717E): 1
LogDevObjectVersion:   Dev-Editor (E4B068ED-F494-42E9-A231-DA0B2E46BB41): 8
LogDevObjectVersion:   Dev-Framework (CFFC743F-43B0-4480-9391-14DF171D2073): 17
LogDevObjectVersion:   Dev-Mobile (B02B49B5-BB20-44E9-A304-32B752E40360): 0
LogDevObjectVersion:   Dev-Networking (A4E4105C-59A1-49B5-A7C5-40C4547EDFEE): 0
LogDevObjectVersion:   Dev-Online (39C831C9-5AE6-47DC-9A44-9C173E1C8E7C): 0
LogDevObjectVersion:   Dev-Physics (78F01B33-EBEA-4F98-B9B4-84EACCB95AA2): 0
LogDevObjectVersion:   Dev-Platform (6631380F-2D4D-43E0-8009-CF276956A95A): 0
LogDevObjectVersion:   Dev-Rendering (12F88B9F-8875-4AFC-A67C-D90C383ABD29): 12
LogDevObjectVersion:   Dev-Sequencer (7B5AE74C-D270-4C10-A958-57980B212A5A): 1
LogDevObjectVersion:   Dev-VR (D7296918-1DD6-4BDD-9DE2-64A83CC13884): 0
LogInit: Compiled (64-bit): Jan  6 2017 10:49:43
LogInit: Compiled with Visual C++: 19.00.23026.00
LogInit: Build Configuration: Development
LogInit: Branch Name: ++UE4+Release-4.14
LogInit: Command line:  
LogInit: Base directory: C:/Program Files/Epic Games/UE_4.14/Engine/Binaries/Win64/
LogInit: Installed Engine Build: 1
LogInit: Presizing for max 8388607 objects, including 0 objects not considered by GC, pre-allocating 0 bytes for permanent pool.
LogInit: Object subsystem initialized
[2017.02.27-04.48.09:124][  0]LogInit: Selected Device Profile: [Windows]
[2017.02.27-04.48.09:124][  0]LogInit: Applying CVar settings loaded from the selected device profile: [Windows]
[2017.02.27-04.48.09:135][  0]LogInit: Computer: SIGLAB-VR2
[2017.02.27-04.48.09:135][  0]LogInit: User: SIG
[2017.02.27-04.48.09:135][  0]LogInit: CPU Page size=65536, Cores=4
[2017.02.27-04.48.09:135][  0]LogInit: High frequency timer resolution =3.604928 MHz
[2017.02.27-04.48.09:135][  0]LogMemory: Memory total: Physical=31.9GB (32GB approx)
[2017.02.27-04.48.09:135][  0]LogMemory: Platform Memory Stats for Windows
[2017.02.27-04.48.09:135][  0]LogMemory: Process Physical Memory: 271.93 MB used, 271.93 MB peak
[2017.02.27-04.48.09:135][  0]LogMemory: Process Virtual Memory: 266.10 MB used, 266.10 MB peak
[2017.02.27-04.48.09:135][  0]LogMemory: Physical Memory: 5739.84 MB used,  26950.57 MB free, 32690.41 MB total
[2017.02.27-04.48.09:135][  0]LogMemory: Virtual Memory: 718.04 MB used,  26950.57 MB free, 134217728.00 MB total
[2017.02.27-04.48.09:162][  0]LogTextLocalizationManager: No specific translations for ('en-US') exist, so ('en') translations will be used.
[2017.02.27-04.48.09:724][  0]LogD3D11RHI: D3D11 adapters:
[2017.02.27-04.48.09:753][  0]LogD3D11RHI:    0. 'NVIDIA GeForce GTX 1070' (Feature Level 11_0)
[2017.02.27-04.48.09:753][  0]LogD3D11RHI:       8120/0/16345 MB DedicatedVideo/DedicatedSystem/SharedSystem, Outputs:2, VendorId:0x10de
[2017.02.27-04.48.09:754][  0]LogD3D11RHI:    1. 'Microsoft Basic Render Driver' (Feature Level 11_0)
[2017.02.27-04.48.09:754][  0]LogD3D11RHI:       0/0/16345 MB DedicatedVideo/DedicatedSystem/SharedSystem, Outputs:0, VendorId:0x1414
[2017.02.27-04.48.09:754][  0]LogD3D11RHI: Chosen D3D11 Adapter: 0
[2017.02.27-04.48.09:757][  0]LogD3D11RHI: Creating new Direct3DDevice
[2017.02.27-04.48.09:757][  0]LogD3D11RHI:     GPU DeviceId: 0x1b81 (for the marketing name, search the web for "GPU Device Id")
[2017.02.27-04.48.09:757][  0]LogWindows: EnumDisplayDevices:
[2017.02.27-04.48.09:757][  0]LogWindows:    0. 'NVIDIA GeForce GTX 1070' (P:1 D:1)
[2017.02.27-04.48.09:758][  0]LogWindows:    1. 'NVIDIA GeForce GTX 1070' (P:0 D:1)
[2017.02.27-04.48.09:758][  0]LogWindows:    2. 'NVIDIA GeForce GTX 1070' (P:0 D:0)
[2017.02.27-04.48.09:758][  0]LogWindows:    3. 'NVIDIA GeForce GTX 1070' (P:0 D:0)
[2017.02.27-04.48.09:758][  0]LogWindows: DebugString: FoundDriverCount:4 
[2017.02.27-04.48.09:758][  0]LogD3D11RHI:     Adapter Name: NVIDIA GeForce GTX 1070
[2017.02.27-04.48.09:758][  0]LogD3D11RHI:   Driver Version: 378.49 (internal:21.21.13.7849, unified:378.49)
[2017.02.27-04.48.09:758][  0]LogD3D11RHI:      Driver Date: 1-20-2017
[2017.02.27-04.48.09:758][  0]LogRHI: Texture pool is 1361 MB (70% of 1945 MB)
[2017.02.27-04.48.09:769][  0]LogD3D11RHI: Async texture creation enabled
[2017.02.27-04.48.09:779][  0]LogD3D11RHI: GPU Timing Frequency: 1000.000000 (Debug: 2 1)
[2017.02.27-04.48.09:779][  0]LogShaderCompilers: Guid format shader working directory is -32 characters bigger than the processId version (../../../../../../Users/SIG/Desktop/unreal-project-vry-paint-multiplayerHenry/Intermediate/Shaders/WorkingDirectory/828/).
[2017.02.27-04.48.09:779][  0]LogShaderCompilers: Cleaned the shader compiler working directory 'C:/Users/SIG/AppData/Local/Temp/UnrealShaderWorkingDir/8D86428A4167D2C6D761788501836A45/'.
[2017.02.27-04.48.09:779][  0]LogShaderCompilers:Display: Using Local Shader Compiler.
[2017.02.27-04.48.10:666][  0]LogTemp:Display: Loaded TP AllDesktopTargetPlatform
[2017.02.27-04.48.10:712][  0]LogTemp:Display: Loaded TP MacClientTargetPlatform
[2017.02.27-04.48.10:757][  0]LogTemp:Display: Loaded TP MacNoEditorTargetPlatform
[2017.02.27-04.48.10:803][  0]LogTemp:Display: Loaded TP MacServerTargetPlatform
[2017.02.27-04.48.10:849][  0]LogTemp:Display: Loaded TP MacTargetPlatform
[2017.02.27-04.48.10:894][  0]LogTemp:Display: Loaded TP WindowsClientTargetPlatform
[2017.02.27-04.48.10:939][  0]LogTemp:Display: Loaded TP WindowsNoEditorTargetPlatform
[2017.02.27-04.48.10:984][  0]LogTemp:Display: Loaded TP WindowsServerTargetPlatform
[2017.02.27-04.48.11:020][  0]LogTemp:Display: Loaded TP WindowsTargetPlatform
[2017.02.27-04.48.11:065][  0]LogTemp:Display: Loaded TP AndroidTargetPlatform
[2017.02.27-04.48.11:109][  0]LogTemp:Display: Loaded TP Android_ASTCTargetPlatform
[2017.02.27-04.48.11:152][  0]LogTemp:Display: Loaded TP Android_ATCTargetPlatform
[2017.02.27-04.48.11:196][  0]LogTemp:Display: Loaded TP Android_DXTTargetPlatform
[2017.02.27-04.48.11:240][  0]LogTemp:Display: Loaded TP Android_ETC1TargetPlatform
[2017.02.27-04.48.11:283][  0]LogTemp:Display: Loaded TP Android_ETC2TargetPlatform
[2017.02.27-04.48.11:370][  0]LogTemp:Display: Loaded TP Android_MultiTargetPlatform
[2017.02.27-04.48.11:370][  0]LogTemp:Display: Loaded TP Android_PVRTCTargetPlatform
[2017.02.27-04.48.11:401][  0]LogTemp:Display: Loaded TP HTML5TargetPlatform
[2017.02.27-04.48.11:474][  0]LogTemp:Display: Loaded TP IOSTargetPlatform
[2017.02.27-04.48.11:502][  0]LogTemp:Display: Loaded TP TVOSTargetPlatform
[2017.02.27-04.48.11:545][  0]LogTemp:Display: Loaded TP LinuxClientTargetPlatform
[2017.02.27-04.48.11:588][  0]LogTemp:Display: Loaded TP LinuxNoEditorTargetPlatform
[2017.02.27-04.48.11:631][  0]LogTemp:Display: Loaded TP LinuxServerTargetPlatform
[2017.02.27-04.48.11:674][  0]LogTemp:Display: Loaded TP LinuxTargetPlatform
[2017.02.27-04.48.11:674][  0]LogTargetPlatformManager:Display: Building Assets For Windows
[2017.02.27-04.48.12:004][  0]LogDerivedDataCache:Display: Max Cache Size: 512 MB
[2017.02.27-04.48.12:057][  0]LogDerivedDataCache: Loaded boot cache 0.05s 52MB C:/Users/SIG/AppData/Local/UnrealEngine/4.14/DerivedDataCache/Boot.ddc.
[2017.02.27-04.48.12:057][  0]LogDerivedDataCache:Display: Loaded Boot cache: C:/Users/SIG/AppData/Local/UnrealEngine/4.14/DerivedDataCache/Boot.ddc
[2017.02.27-04.48.12:057][  0]LogDerivedDataCache: FDerivedDataBackendGraph:  Pak pak cache file ../../../../../../Users/SIG/Desktop/unreal-project-vry-paint-multiplayerHenry/DerivedDataCache/DDC.ddp not found, will not use a pak cache.
[2017.02.27-04.48.12:057][  0]LogDerivedDataCache: Unable to find inner node Pak for hierarchical cache Hierarchy.
[2017.02.27-04.48.12:057][  0]LogDerivedDataCache: FDerivedDataBackendGraph:  CompressedPak pak cache file ../../../../../../Users/SIG/Desktop/unreal-project-vry-paint-multiplayerHenry/DerivedDataCache/Compressed.ddp not found, will not use a pak cache.
[2017.02.27-04.48.12:057][  0]LogDerivedDataCache: Unable to find inner node CompressedPak for hierarchical cache Hierarchy.
[2017.02.27-04.48.12:071][  0]LogDerivedDataCache:Display: Pak cache opened for reading ../../../Engine/DerivedDataCache/Compressed.ddp.
[2017.02.27-04.48.12:084][  0]LogDerivedDataCache: Using Local data cache path C:/Users/SIG/AppData/Local/UnrealEngine/Common/DerivedDataCache: Writable
[2017.02.27-04.48.12:246][  0]LogInit: Selected Device Profile: [Windows]
[2017.02.27-04.48.12:249][  0]LogContentStreaming: Texture pool size is 0.00 MB
[2017.02.27-04.48.12:422][  0]LogMeshUtilities: Using QuadricMeshReduction for automatic static mesh reduction
[2017.02.27-04.48.12:458][  0]LogSimplygon: Simplygon DLL not present - disabling.
[2017.02.27-04.48.12:497][  0]LogMeshUtilities: Using SimplygonSwarm for distributed automatic mesh merging
[2017.02.27-04.48.12:497][  0]LogMeshUtilities: No automatic skeletal mesh reduction module available
[2017.02.27-04.48.12:497][  0]LogMeshUtilities: No automatic mesh merging module available
[2017.02.27-04.48.12:908][  0]LogNetVersion: GetLocalNetworkVersion: CL: 3195953, ProjectName: cis568vrypaint_mp, ProjectVersion: , EngineNetworkVersion: 2, GameNetworkVersion: 0, NetworkChecksum: 3560575784
[2017.02.27-04.48.12:961][  0]LogAssetRegistry: FAssetRegistry took 0.0223 seconds to start up
[2017.02.27-04.48.13:003][  0]LogPackageLocalizationCache: Processed 3 localized package path(s) for 2 prioritized culture(s) in 0.023606 seconds
[2017.02.27-04.48.13:008][  0]LogUObjectArray: 31953 objects as part of root set at end of initial load.
[2017.02.27-04.48.13:008][  0]LogUObjectAllocator: 7149672 out of 0 bytes used by permanent object pool.
[2017.02.27-04.48.13:008][  0]LogUObjectArray: CloseDisregardForGC: 0/0 objects in disregard for GC pool
[2017.02.27-04.48.13:643][  0]LogSlate: Using Freetype 2.6.0
[2017.02.27-04.48.13:644][  0]LogSlate: SlateFontCache - WITH_FREETYPE: 1, WITH_HARFBUZZ: 1
[2017.02.27-04.48.13:644][  0]LogSlate: SlateFontCache - WITH_FREETYPE: 1, WITH_HARFBUZZ: 1
[2017.02.27-04.48.14:312][  0]LogSubstanceCoreModule: Substance [CPU] Engine Loaded, Max Texture Size = 2048
[2017.02.27-04.48.14:336][  0]LogTcpMessaging: Initializing TcpMessaging bridge
[2017.02.27-04.48.14:371][  0]LogUdpMessaging: Initializing bridge on interface 0.0.0.0:0 to multicast group 230.0.0.1:6666.
[2017.02.27-04.48.14:629][  0]LogMaterial: Uniform references updated for custom material expression Custom.
[2017.02.27-04.48.14:939][  0]SourceControl: Info Source control is disabled
[2017.02.27-04.48.14:960][  0]SourceControl: Info Source control is disabled
[2017.02.27-04.48.14:998][  0]SourceControl: Info Source control is disabled
[2017.02.27-04.48.15:034][  0]SourceControl: Info Source control is disabled
[2017.02.27-04.48.16:094][  0]LogEngine: Initializing Engine...
[2017.02.27-04.48.16:846][  0]OCULUS: Info: [HMDState] Requested to SetForegroundWindow(308c8ll)
[2017.02.27-04.48.16:846][  0]LogHMD: Failed to initialize OpenVR with code 108
[2017.02.27-04.48.16:847][  0]LogHMD: Oculus plugin initialized. Version: 4.14.3-3249277+++UE4+Release-4.14, LibOVR: 1.11.0, SDK: 1.8.0, built Jan  6 2017, 10:50:26
[2017.02.27-04.48.16:945][  0]OCULUS: Info: [HMDState] Requested to SetForegroundWindow(308c8ll)
[2017.02.27-04.48.17:043][  0]LogAIModule: Creating AISystem for world Untitled
[2017.02.27-04.48.17:056][  0]LogInit: XAudio2 using 'HTC-VIVE-0 (NVIDIA High Definition Audio)' : 2 channels at 48 kHz using 16 bits per sample (channel mask 0x3)
[2017.02.27-04.48.17:073][  0]LogInit: FAudioDevice initialized.
[2017.02.27-04.48.17:098][  0]LogDerivedDataCache: Saved boot cache 0.03s 52MB C:/Users/SIG/AppData/Local/UnrealEngine/4.14/DerivedDataCache/Boot.ddc.
[2017.02.27-04.48.17:106][  0]LogInit: Texture streaming: Enabled
[2017.02.27-04.48.17:258][  0]LogInit: Transaction tracking system initialized
[2017.02.27-04.48.17:536][  0]BlueprintLog: New page: Editor Load
[2017.02.27-04.48.18:249][  0]LocalizationService: Info Localization service is disabled
[2017.02.27-04.48.18:789][  0]LogConsoleResponse:Display: 
[2017.02.27-04.48.18:908][  0]LogCook:Display: Max memory allowance for cook 16384mb min free memory 0mb
[2017.02.27-04.48.18:908][  0]LogCook:Display: Mobile HDR setting 1
[2017.02.27-04.48.18:930][  0]LogFileCache: Scanning file cache for directory 'C:/Users/SIG/Desktop/unreal-project-vry-paint-multiplayerHenry/Content/' took 0.01s
[2017.02.27-04.48.19:778][  0]SourceControl: Info Source control is disabled
[2017.02.27-04.48.19:778][  0]Cmd: MAP LOAD FILE="../../../../../../Users/SIG/Desktop/unreal-project-vry-paint-multiplayerHenry/Content/FirstPersonBP/Maps/Lobby.umap" TEMPLATE=0 SHOWPROGRESS=1 FEATURELEVEL=3
[2017.02.27-04.48.19:779][  0]LightingResults: New page: Lighting Build
[2017.02.27-04.48.19:820][  0]MapCheck: New page: Map Check
[2017.02.27-04.48.19:820][  0]LightingResults: New page: Lighting Build
[2017.02.27-04.48.20:023][  0]OCULUS: Info: [HMDState] Requested to SetForegroundWindow(308c8ll)
[2017.02.27-04.48.20:051][  0]LogAIModule: Creating AISystem for world Lobby
[2017.02.27-04.48.20:055][  0]LogEditorServer: Finished looking for orphan Actors (0.000 secs)
[2017.02.27-04.48.20:056][  0]Cmd: MAP CHECKDEP NOCLEARLOG
[2017.02.27-04.48.20:089][  0]MapCheck: Info Map check complete: 0 Error(s), 0 Warning(s), took 32.951ms to complete.
[2017.02.27-04.48.20:089][  0]LogFileHelpers: Loading map 'Lobby' took 0.311
[2017.02.27-04.48.20:220][  0]LogCollectionManager: Loaded 1 collections in 0.002170 seconds
[2017.02.27-04.48.20:291][  0]LogFileCache: Scanning file cache for directory 'C:/Users/SIG/Desktop/unreal-project-vry-paint-multiplayerHenry/Saved/Collections/' took 0.01s
[2017.02.27-04.48.20:291][  0]LogFileCache: Scanning file cache for directory 'C:/Users/SIG/Desktop/unreal-project-vry-paint-multiplayerHenry/Content/Developers/SIG/Collections/' took 0.01s
[2017.02.27-04.48.20:291][  0]LogFileCache: Scanning file cache for directory 'C:/Users/SIG/Desktop/unreal-project-vry-paint-multiplayerHenry/Content/Collections/' took 0.01s
[2017.02.27-04.48.20:291][  0]LogCollectionManager: Rebuilt the GUID cache for 1 collections in 0.000004 seconds
[2017.02.27-04.48.20:291][  0]LogCollectionManager: Rebuilt the hierarchy cache for 1 collections in 0.000000 seconds
[2017.02.27-04.48.20:299][  0]LogContentBrowser: Native class hierarchy populated in 0.0073 seconds. Added 2206 classes and 437 folders.
[2017.02.27-04.48.20:332][  0]LogStats: UGameplayTagsManager::ConstructGameplayTagTree: Construct from data asset -  0.000 s
[2017.02.27-04.48.20:332][  0]LogStats: UGameplayTagsManager::ConstructGameplayTagTree: GameplayTagTreeChangedEvent.Broadcast -  0.000 s
[2017.02.27-04.48.20:333][  0]LogContentBrowser: Native class hierarchy updated for 'GameplayTags' in 0.0005 seconds. Added 13 classes and 0 folders.
[2017.02.27-04.48.20:383][  0]LogContentBrowser: Native class hierarchy updated for 'WidgetCarousel' in 0.0004 seconds. Added 0 classes and 0 folders.
[2017.02.27-04.48.20:414][  0]LogContentBrowser: Native class hierarchy updated for 'AddContentDialog' in 0.0004 seconds. Added 0 classes and 0 folders.
[2017.02.27-04.48.20:448][  0]LogContentBrowser: Native class hierarchy updated for 'SceneOutliner' in 0.0004 seconds. Added 1 classes and 2 folders.
[2017.02.27-04.48.20:514][  0]LogCrashTracker: Crashtracker disabled due to settings.
[2017.02.27-04.48.20:519][  0]LogUObjectGlobals:Warning: Failed to find object 'Class None.'
[2017.02.27-04.48.20:580][  0]LogContentBrowser: Native class hierarchy updated for 'HierarchicalLODOutliner' in 0.0005 seconds. Added 1 classes and 2 folders.
[2017.02.27-04.48.20:580][  0]LogLoad: (Engine Initialization) Total time: 13.38 seconds
[2017.02.27-04.48.20:580][  0]LogLoad: (Engine Initialization) Total Blueprint compile time: 0.11 seconds
[2017.02.27-04.48.20:580][  0]LogExternalProfiler: Found external profiler: VSPerf
[2017.02.27-04.48.20:580][  0]LogExternalProfiler: Using external profiler: VSPerf
[2017.02.27-04.48.20:919][  0]LogOcInput: OculusInput pre-init called
[2017.02.27-04.48.20:929][  0]LogOcInput: OculusInput is initialized. Init status 0. Runtime version: 1.11.0
[2017.02.27-04.48.20:948][  0]LogContentStreaming: Texture pool size now 1000 MB
[2017.02.27-04.48.21:080][  0]LogRenderer: Reallocating scene render targets to support 1208x580 NumSamples 1 (Frame:2).
[2017.02.27-04.48.21:260][  1]LogAssetRegistry: Asset discovery search completed in 8.3215 seconds
[2017.02.27-04.48.21:260][  1]LogCollectionManager: Rebuilt the object cache for 1 collections in 0.000004 seconds (found 0 objects)
[2017.02.27-04.48.21:260][  1]LogCollectionManager: Fixed up redirectors for 1 collections in 0.000015 seconds (updated 0 objects)
[2017.02.27-04.48.25:105][ 10]LogContentBrowser: Native class hierarchy updated for 'BlueprintGraph' in 0.0012 seconds. Added 111 classes and 0 folders.
[2017.02.27-04.48.26:908][ 10]LogContentBrowser: Native class hierarchy updated for 'DestructibleMeshEditor' in 0.0004 seconds. Added 1 classes and 2 folders.
[2017.02.27-04.48.27:506][ 10]PIE:Warning: Warning Invalid Simulate Options: Body (ArrowBP_C_0.Capsule) is set to simulate physics but Collision Enabled is incompatible
[2017.02.27-04.48.27:506][ 10]PIE:Warning: Warning Invalid Simulate Options: Body (ArrowBP_C_0.Capsule) is set to simulate physics but Collision Enabled is incompatible
[2017.02.27-04.48.27:964][ 46]OCULUS: Info: [HMDState] Requested to SetForegroundWindow(5604dall)
[2017.02.27-04.48.28:585][111]OCULUS: Info: [HMDState] Requested to SetForegroundWindow(5604dall)
[2017.02.27-04.48.37:987][909]OCULUS: Info: [HMDState] Requested to SetForegroundWindow(5604dall)
[2017.02.27-04.48.42:209][303]LogRenderer: Reallocating scene render targets to support 1208x932 NumSamples 1 (Frame:1642).
[2017.02.27-04.49.41:267][902]LogAssetTools:Warning: Failed to import 'C:\Users\SIG\Desktop\New folder (2)\Fruits.ma'. Unknown extension 'ma'.
[2017.02.27-04.50.01:061][201]LogFactory: FactoryCreateFile: StaticMesh with FbxFactory (0 0 C:\Users\SIG\Desktop\New folder (2)\TradeTent\TradeTent1.FBX)
[2017.02.27-04.50.01:085][201]LogFbx: ItemName: Model, ItemCount : 1
[2017.02.27-04.50.01:085][201]LogFbx: ItemName: Material, ItemCount : 4
[2017.02.27-04.50.01:085][201]LogFbx: ItemName: Texture, ItemCount : 4
[2017.02.27-04.50.01:085][201]LogFbx: ItemName: Video, ItemCount : 4
[2017.02.27-04.50.01:085][201]LogFbx: ItemName: SceneInfo, ItemCount : 1
[2017.02.27-04.50.01:085][201]LogFbx: ItemName: GlobalSettings, ItemCount : 1
[2017.02.27-04.50.01:089][201]LogFbx: Loading FBX Scene from C:\Users\SIG\Desktop\New folder (2)\TradeTent\TradeTent1.FBX
[2017.02.27-04.50.01:110][201]LogFbx: FBX Scene Loaded Succesfully
[2017.02.27-04.50.04:070][201]LogFbx: Loading FBX Scene from C:\Users\SIG\Desktop\New folder (2)\TradeTent\TradeTent1.FBX
[2017.02.27-04.50.04:093][201]LogFbx: FBX Scene Loaded Succesfully
[2017.02.27-04.50.04:095][201]LogLinker: Can't find file '/Game/FirstPersonBP/Blueprints/Assets/stall3/Wood1'
[2017.02.27-04.50.04:095][201]LogLinker: Can't find file '/Game/FirstPersonBP/Blueprints/Assets/stall3/Wood1'
[2017.02.27-04.50.04:112][201]LogTexture:Display: Building textures: Wood2 (AutoDXT)
[2017.02.27-04.50.04:342][201]LogMaterial: Missing cached shader map for material Wood1, compiling. 
[2017.02.27-04.50.04:365][201]LogLinker: Can't find file '/Game/FirstPersonBP/Blueprints/Assets/stall3/Flag'
[2017.02.27-04.50.04:365][201]LogLinker: Can't find file '/Game/FirstPersonBP/Blueprints/Assets/stall3/Flag'
[2017.02.27-04.50.04:383][201]LogTexture:Display: Building textures: Flag2 (AutoDXT)
[2017.02.27-04.50.04:664][201]LogMaterial: Missing cached shader map for material Flag, compiling. 
[2017.02.27-04.50.04:680][201]LogLinker: Can't find file '/Game/FirstPersonBP/Blueprints/Assets/stall3/Wood'
[2017.02.27-04.50.04:680][201]LogLinker: Can't find file '/Game/FirstPersonBP/Blueprints/Assets/stall3/Wood'
[2017.02.27-04.50.04:696][201]LogTexture:Display: Building textures: Wood (AutoDXT)
[2017.02.27-04.50.04:816][201]LogMaterial: Missing cached shader map for material Wood3, compiling. 
[2017.02.27-04.50.04:832][201]LogLinker: Can't find file '/Game/FirstPersonBP/Blueprints/Assets/stall3/Metal'
[2017.02.27-04.50.04:832][201]LogLinker: Can't find file '/Game/FirstPersonBP/Blueprints/Assets/stall3/Metal'
[2017.02.27-04.50.04:850][201]LogTexture:Display: Building textures: Metal2 (AutoDXT)
[2017.02.27-04.50.05:197][201]LogMaterial: Missing cached shader map for material Metal, compiling. 
[2017.02.27-04.50.05:220][201]LogFbx:Warning: Triangulating static mesh Box09
[2017.02.27-04.50.05:640][201]LogStaticMesh: Building static mesh TradeTent1...
[2017.02.27-04.50.05:804][201]LogStaticMesh: Built static mesh [0.16s] /Game/FirstPersonBP/Blueprints/Assets/stall3/TradeTent1.TradeTent1
[2017.02.27-04.50.05:813][201]LogStaticMesh:Warning: TradeTent1 has degenerate tangent bases which will result in incorrect shading.  MikkTSpace relies on tangent bases and may result in mesh corruption, consider disabling this option.
[2017.02.27-04.50.05:822][201]FBXImport:Warning: Warning TradeTent1 has degenerate tangent bases which will result in incorrect shading.  MikkTSpace relies on tangent bases and may result in mesh corruption, consider disabling this option. 
[2017.02.27-04.50.05:855][201]LogAssetTools:Warning: Failed to import 'C:\Users\SIG\Desktop\New folder (2)\TradeTent\TradeTent1.mtl'. Unknown extension 'mtl'.
[2017.02.27-04.50.05:859][201]LogFactory: FactoryCreateFile: StaticMesh with FbxFactory (0 0 C:\Users\SIG\Desktop\New folder (2)\TradeTent\TradeTent1.obj)
[2017.02.27-04.50.05:874][201]LogFbx: Loading FBX Scene from C:\Users\SIG\Desktop\New folder (2)\TradeTent\TradeTent1.obj
[2017.02.27-04.50.05:894][201]LogFbx: FBX Scene Loaded Succesfully
[2017.02.27-04.50.07:049][201]LogFbx: Loading FBX Scene from C:\Users\SIG\Desktop\New folder (2)\TradeTent\TradeTent1.obj
[2017.02.27-04.50.07:082][201]LogFbx: FBX Scene Loaded Succesfully
[2017.02.27-04.50.07:087][201]LogStreaming:Warning: Failed to read file 'C:\Users\Leandro\Desktop\TradeTent.fbm\Wood.tga' error.
[2017.02.27-04.50.07:087][201]LogStreaming:Warning: Failed to read file 'C:\Users\SIG\Desktop\New folder (2)\TradeTent/' error.
[2017.02.27-04.50.07:087][201]LogStreaming:Warning: Failed to read file 'C:\Users\SIG\Desktop\New folder (2)\TradeTent/' error.
[2017.02.27-04.50.07:087][201]LogFbxMaterialImport:Warning: Unable to find TEXTure file . Tried:
 - C:\Users\Leandro\Desktop\TradeTent.fbm\Wood.tga
 - C:\Users\SIG\Desktop\New folder (2)\TradeTent/
 - C:\Users\SIG\Desktop\New folder (2)\TradeTent/
[2017.02.27-04.50.07:089][201]LogMaterial: Missing cached shader map for material Wood4, compiling. 
[2017.02.27-04.50.07:106][201]LogFbx:Warning: Triangulating static mesh Tent
[2017.02.27-04.50.07:532][201]LogStaticMesh: Building static mesh TradeTent1_0...
[2017.02.27-04.50.07:537][201]LogMeshUtilities: Invalid vertex normals found for mesh. Forcing recomputation of vertex normals for MikkTSpace. Fix mesh or disable "Use MikkTSpace Tangent Space" to avoid forced recomputation of normals.
[2017.02.27-04.50.07:705][201]LogStaticMesh: Built static mesh [0.17s] /Game/FirstPersonBP/Blueprints/Assets/stall3/TradeTent1_0.TradeTent1_0
[2017.02.27-04.50.07:713][201]LogStaticMesh:Warning: TradeTent1_0 has degenerate tangent bases which will result in incorrect shading.  MikkTSpace relies on tangent bases and may result in mesh corruption, consider disabling this option.
[2017.02.27-04.50.07:720][201]FBXImport:Warning: Warning TradeTent1_0 has degenerate tangent bases which will result in incorrect shading.  MikkTSpace relies on tangent bases and may result in mesh corruption, consider disabling this option. 
[2017.02.27-04.50.07:737][201]LogWindows: Windows GetLastError: The operation completed successfully. (0)
[2017.02.27-04.50.07:969][202]LogCrashTracker: 


[2017.02.27-04.50.07:969][202]LogCrashTracker: 


[2017.02.27-04.50.07:969][202]LogWindows:Error: === Critical error: ===
[2017.02.27-04.50.07:969][202]LogWindows:Error: 
[2017.02.27-04.50.07:969][202]LogWindows:Error: Assertion failed: GetOuter()==NULL [File:D:\Build\++UE4+Release-4.14+Compile\Sync\Engine\Source\Runtime\CoreUObject\Private\UObject\Package.cpp] [Line: 151] 
[2017.02.27-04.50.07:969][202]LogWindows:Error: 
[2017.02.27-04.50.07:969][202]LogWindows:Error: 
[2017.02.27-04.50.07:969][202]LogWindows:Error: 
[2017.02.27-04.50.07:969][202]LogWindows:Error: Unhandled Exception: EXCEPTION_ACCESS_VIOLATION reading address 0xffffffff
[2017.02.27-04.50.07:969][202]LogWindows:Error: 
[2017.02.27-04.50.07:969][202]LogWindows:Error: 
[2017.02.27-04.50.07:969][202]LogWindows:Error: 
[2017.02.27-04.50.07:969][202]LogWindows:Error: 
[2017.02.27-04.50.07:969][202]LogWindows:Error: 
[2017.02.27-04.50.07:969][202]LogWindows:Error: 
[2017.02.27-04.50.07:969][202]LogWindows:Error: 
[2017.02.27-04.50.07:969][202]LogWindows:Error: 
[2017.02.27-04.50.07:969][202]LogWindows:Error: 
[2017.02.27-04.50.07:969][202]LogWindows:Error: 
[2017.02.27-04.50.07:969][202]LogWindows:Error: 
[2017.02.27-04.50.07:969][202]LogWindows:Error: 
[2017.02.27-04.50.07:969][202]LogWindows:Error: 
[2017.02.27-04.50.07:969][202]LogWindows:Error: 
[2017.02.27-04.50.07:969][202]LogWindows:Error: 
[2017.02.27-04.50.07:969][202]LogWindows:Error: 
[2017.02.27-04.50.07:997][202]LogExit: Executing StaticShutdownAfterError
[2017.02.27-04.50.08:008][202]LogWindows: FPlatformMisc::RequestExit(1)
[2017.02.27-04.50.08:008][202]Log file closed, 02/26/17 23:50:08
