Log file open, 02/20/17 17:25:41
LogInit:Display: Running engine for game: CIS568VRYPaint_lvl
LogPlatformFile: Not using cached read wrapper
LogInit:Display: RandInit(-2069588513) SRandInit(-2069588513).
LogTaskGraph: Started task graph with 5 named threads and 8 total threads with 1 sets of task threads.
LogStats: Stats thread started at 0.075570
LogPluginManager: Loaded Plugin Paper2D, From C:/Program Files/Epic Games/UE_4.14/Engine/Plugins/2D/Paper2D/Paper2D.uplugin
LogPluginManager: Loaded Plugin LightPropagationVolume, From C:/Program Files/Epic Games/UE_4.14/Engine/Plugins/Blendables/LightPropagationVolume/LightPropagationVolume.uplugin
LogPluginManager: Loaded Plugin BlankPlugin, From C:/Program Files/Epic Games/UE_4.14/Engine/Plugins/Developer/BlankPlugin/BlankPlugin.uplugin
LogPluginManager: Loaded Plugin CodeLiteSourceCodeAccess, From C:/Program Files/Epic Games/UE_4.14/Engine/Plugins/Developer/CodeLiteSourceCodeAccess/CodeLiteSourceCodeAccess.uplugin
LogPluginManager: Loaded Plugin GitSourceControl, From C:/Program Files/Epic Games/UE_4.14/Engine/Plugins/Developer/GitSourceControl/GitSourceControl.uplugin
LogPluginManager: Loaded Plugin KDevelopSourceCodeAccess, From C:/Program Files/Epic Games/UE_4.14/Engine/Plugins/Developer/KDevelopSourceCodeAccess/KDevelopSourceCodeAccess.uplugin
LogPluginManager: Loaded Plugin NullSourceCodeAccess, From C:/Program Files/Epic Games/UE_4.14/Engine/Plugins/Developer/NullSourceCodeAccess/NullSourceCodeAccess.uplugin
LogPluginManager: Loaded Plugin OneSkyLocalizationService, From C:/Program Files/Epic Games/UE_4.14/Engine/Plugins/Developer/OneSkyLocalizationService/OneSkyLocalizationService.uplugin
LogPluginManager: Loaded Plugin PerforceSourceControl, From C:/Program Files/Epic Games/UE_4.14/Engine/Plugins/Developer/PerforceSourceControl/PerforceSourceControl.uplugin
LogPluginManager: Loaded Plugin SubversionSourceControl, From C:/Program Files/Epic Games/UE_4.14/Engine/Plugins/Developer/SubversionSourceControl/SubversionSourceControl.uplugin
LogPluginManager: Loaded Plugin UObjectPlugin, From C:/Program Files/Epic Games/UE_4.14/Engine/Plugins/Developer/UObjectPlugin/UObjectPlugin.uplugin
LogPluginManager: Loaded Plugin VisualStudioSourceCodeAccess, From C:/Program Files/Epic Games/UE_4.14/Engine/Plugins/Developer/VisualStudioSourceCodeAccess/VisualStudioSourceCodeAccess.uplugin
LogPluginManager: Loaded Plugin XCodeSourceCodeAccess, From C:/Program Files/Epic Games/UE_4.14/Engine/Plugins/Developer/XCodeSourceCodeAccess/XCodeSourceCodeAccess.uplugin
LogPluginManager: Loaded Plugin AudioCapture, From C:/Program Files/Epic Games/UE_4.14/Engine/Plugins/Editor/AudioCapture/AudioCapture.uplugin
LogPluginManager: Loaded Plugin EpicSurvey, From C:/Program Files/Epic Games/UE_4.14/Engine/Plugins/Editor/EpicSurvey/EpicSurvey.uplugin
LogPluginManager: Loaded Plugin MacGraphicsSwitching, From C:/Program Files/Epic Games/UE_4.14/Engine/Plugins/Editor/MacGraphicsSwitching/MacGraphicsSwitching.uplugin
LogPluginManager: Loaded Plugin MobileLauncherProfileWizard, From C:/Program Files/Epic Games/UE_4.14/Engine/Plugins/Editor/MobileLauncherProfileWizard/MobileLauncherProfileWizard.uplugin
LogPluginManager: Loaded Plugin PluginBrowser, From C:/Program Files/Epic Games/UE_4.14/Engine/Plugins/Editor/PluginBrowser/PluginBrowser.uplugin
LogPluginManager: Loaded Plugin SpeedTreeImporter, From C:/Program Files/Epic Games/UE_4.14/Engine/Plugins/Editor/SpeedTreeImporter/SpeedTreeImporter.uplugin
LogPluginManager: Loaded Plugin SuperSearchEditor, From C:/Program Files/Epic Games/UE_4.14/Engine/Plugins/Editor/SuperSearchEditor/SuperSearchEditor.uplugin
LogPluginManager: Loaded Plugin AlembicImporter, From C:/Program Files/Epic Games/UE_4.14/Engine/Plugins/Experimental/AlembicImporter/AlembicImporter.uplugin
LogPluginManager: Loaded Plugin BlueprintStats, From C:/Program Files/Epic Games/UE_4.14/Engine/Plugins/Experimental/BlueprintStats/BlueprintStats.uplugin
LogPluginManager: Loaded Plugin CharacterAI, From C:/Program Files/Epic Games/UE_4.14/Engine/Plugins/Experimental/CharacterAI/CharacterAI.uplugin
LogPluginManager: Loaded Plugin CodeEditor, From C:/Program Files/Epic Games/UE_4.14/Engine/Plugins/Experimental/CodeEditor/CodeEditor.uplugin
LogPluginManager: Loaded Plugin CodeView, From C:/Program Files/Epic Games/UE_4.14/Engine/Plugins/Experimental/CodeView/CodeView.uplugin
LogPluginManager: Loaded Plugin HTML5Networking, From C:/Program Files/Epic Games/UE_4.14/Engine/Plugins/Experimental/HTML5Networking/HTML5Networking.uplugin
LogPluginManager: Loaded Plugin OSVR, From C:/Program Files/Epic Games/UE_4.14/Engine/Plugins/Experimental/OSVR/OSVR.uplugin
LogPluginManager: Loaded Plugin Phya, From C:/Program Files/Epic Games/UE_4.14/Engine/Plugins/Experimental/Phya/Phya.uplugin
LogPluginManager: Loaded Plugin SignificanceManager, From C:/Program Files/Epic Games/UE_4.14/Engine/Plugins/Experimental/SignificanceManager/SignificanceManager.uplugin
LogPluginManager: Loaded Plugin SimpleHMD, From C:/Program Files/Epic Games/UE_4.14/Engine/Plugins/Experimental/SimpleHMD/SimpleHMD.uplugin
LogPluginManager: Loaded Plugin StereoPanorama, From C:/Program Files/Epic Games/UE_4.14/Engine/Plugins/Experimental/StereoPanorama/StereoPanorama.uplugin
LogPluginManager: Loaded Plugin StructBox, From C:/Program Files/Epic Games/UE_4.14/Engine/Plugins/Experimental/StructBox/StructBox.uplugin
LogPluginManager: Loaded Plugin Substance, From C:/Program Files/Epic Games/UE_4.14/Engine/Plugins/Marketplace/Substance/Substance.uplugin
LogPluginManager: Loaded Plugin AndroidMedia, From C:/Program Files/Epic Games/UE_4.14/Engine/Plugins/Media/AndroidMedia/AndroidMedia.uplugin
LogPluginManager: Loaded Plugin AvfMedia, From C:/Program Files/Epic Games/UE_4.14/Engine/Plugins/Media/AvfMedia/AvfMedia.uplugin
LogPluginManager: Loaded Plugin MediaPlayerEditor, From C:/Program Files/Epic Games/UE_4.14/Engine/Plugins/Media/MediaPlayerEditor/MediaPlayerEditor.uplugin
LogPluginManager: Loaded Plugin WmfMedia, From C:/Program Files/Epic Games/UE_4.14/Engine/Plugins/Media/WmfMedia/WmfMedia.uplugin
LogPluginManager: Loaded Plugin MessagingDebugger, From C:/Program Files/Epic Games/UE_4.14/Engine/Plugins/Messaging/MessagingDebugger/MessagingDebugger.uplugin
LogPluginManager: Loaded Plugin TcpMessaging, From C:/Program Files/Epic Games/UE_4.14/Engine/Plugins/Messaging/TcpMessaging/TcpMessaging.uplugin
LogPluginManager: Loaded Plugin UdpMessaging, From C:/Program Files/Epic Games/UE_4.14/Engine/Plugins/Messaging/UdpMessaging/UdpMessaging.uplugin
LogPluginManager: Loaded Plugin LevelSequenceEditor, From C:/Program Files/Epic Games/UE_4.14/Engine/Plugins/MovieScene/LevelSequenceEditor/LevelSequenceEditor.uplugin
LogPluginManager: Loaded Plugin MatineeToLevelSequence, From C:/Program Files/Epic Games/UE_4.14/Engine/Plugins/MovieScene/MatineeToLevelSequence/MatineeToLevelSequence.uplugin
LogPluginManager: Loaded Plugin NetcodeUnitTest, From C:/Program Files/Epic Games/UE_4.14/Engine/Plugins/NetcodeUnitTest/NetcodeUnitTest/NetcodeUnitTest.uplugin
LogPluginManager: Loaded Plugin NUTUnrealEngine4, From C:/Program Files/Epic Games/UE_4.14/Engine/Plugins/NetcodeUnitTest/NUTUnrealEngine4/NUTUnrealEngine4.uplugin
LogPluginManager: Loaded Plugin OnlineSubsystemGameCircle, From C:/Program Files/Epic Games/UE_4.14/Engine/Plugins/Online/Android/OnlineSubsystemGameCircle/OnlineSubsystemGameCircle.uplugin
LogPluginManager: Loaded Plugin OnlineSubsystemGooglePlay, From C:/Program Files/Epic Games/UE_4.14/Engine/Plugins/Online/Android/OnlineSubsystemGooglePlay/OnlineSubsystemGooglePlay.uplugin
LogPluginManager: Loaded Plugin OnlineSubsystemIOS, From C:/Program Files/Epic Games/UE_4.14/Engine/Plugins/Online/IOS/OnlineSubsystemIOS/OnlineSubsystemIOS.uplugin
LogPluginManager: Loaded Plugin OnlineFramework, From C:/Program Files/Epic Games/UE_4.14/Engine/Plugins/Online/OnlineFramework/OnlineFramework.uplugin
LogPluginManager: Loaded Plugin OnlineSubsystem, From C:/Program Files/Epic Games/UE_4.14/Engine/Plugins/Online/OnlineSubsystem/OnlineSubsystem.uplugin
LogPluginManager: Loaded Plugin OnlineSubsystemAmazon, From C:/Program Files/Epic Games/UE_4.14/Engine/Plugins/Online/OnlineSubsystemAmazon/OnlineSubsystemAmazon.uplugin
LogPluginManager: Loaded Plugin OnlineSubsystemFacebook, From C:/Program Files/Epic Games/UE_4.14/Engine/Plugins/Online/OnlineSubsystemFacebook/OnlineSubsystemFacebook.uplugin
LogPluginManager: Loaded Plugin OnlineSubsystemNull, From C:/Program Files/Epic Games/UE_4.14/Engine/Plugins/Online/OnlineSubsystemNull/OnlineSubsystemNull.uplugin
LogPluginManager: Loaded Plugin OnlineSubsystemOculus, From C:/Program Files/Epic Games/UE_4.14/Engine/Plugins/Online/OnlineSubsystemOculus/OnlineSubsystemOculus.uplugin
LogPluginManager: Loaded Plugin OnlineSubsystemSteam, From C:/Program Files/Epic Games/UE_4.14/Engine/Plugins/Online/OnlineSubsystemSteam/OnlineSubsystemSteam.uplugin
LogPluginManager: Loaded Plugin OnlineSubsystemUtils, From C:/Program Files/Epic Games/UE_4.14/Engine/Plugins/Online/OnlineSubsystemUtils/OnlineSubsystemUtils.uplugin
LogPluginManager: Loaded Plugin IOSTapJoy, From C:/Program Files/Epic Games/UE_4.14/Engine/Plugins/Runtime/Advertising/IOSTapJoy/IOSTapJoy.uplugin
LogPluginManager: Loaded Plugin AnalyticsBlueprintLibrary, From C:/Program Files/Epic Games/UE_4.14/Engine/Plugins/Runtime/Analytics/AnalyticsBlueprintLibrary/AnalyticsBlueprintLibrary.uplugin
LogPluginManager: Loaded Plugin AnalyticsMulticast, From C:/Program Files/Epic Games/UE_4.14/Engine/Plugins/Runtime/Analytics/AnalyticsMulticast/AnalyticsMulticast.uplugin
LogPluginManager: Loaded Plugin Apsalar, From C:/Program Files/Epic Games/UE_4.14/Engine/Plugins/Runtime/Analytics/Apsalar/Apsalar.uplugin
LogPluginManager: Loaded Plugin FileLogging, From C:/Program Files/Epic Games/UE_4.14/Engine/Plugins/Runtime/Analytics/FileLogging/FileLogging.uplugin
LogPluginManager: Loaded Plugin Flurry, From C:/Program Files/Epic Games/UE_4.14/Engine/Plugins/Runtime/Analytics/Flurry/Flurry.uplugin
LogPluginManager: Loaded Plugin AndroidDeviceProfileSelector, From C:/Program Files/Epic Games/UE_4.14/Engine/Plugins/Runtime/AndroidDeviceProfileSelector/AndroidDeviceProfileSelector.uplugin
LogPluginManager: Loaded Plugin AndroidMoviePlayer, From C:/Program Files/Epic Games/UE_4.14/Engine/Plugins/Runtime/AndroidMoviePlayer/AndroidMoviePlayer.uplugin
LogPluginManager: Loaded Plugin AppleMoviePlayer, From C:/Program Files/Epic Games/UE_4.14/Engine/Plugins/Runtime/AppleMoviePlayer/AppleMoviePlayer.uplugin
LogPluginManager: Loaded Plugin ArchVisCharacter, From C:/Program Files/Epic Games/UE_4.14/Engine/Plugins/Runtime/ArchVisCharacter/ArchVisCharacter.uplugin
LogPluginManager: Loaded Plugin CableComponent, From C:/Program Files/Epic Games/UE_4.14/Engine/Plugins/Runtime/CableComponent/CableComponent.uplugin
LogPluginManager: Loaded Plugin CustomMeshComponent, From C:/Program Files/Epic Games/UE_4.14/Engine/Plugins/Runtime/CustomMeshComponent/CustomMeshComponent.uplugin
LogPluginManager: Loaded Plugin ExampleDeviceProfileSelector, From C:/Program Files/Epic Games/UE_4.14/Engine/Plugins/Runtime/ExampleDeviceProfileSelector/ExampleDeviceProfileSelector.uplugin
LogPluginManager: Loaded Plugin GearVR, From C:/Program Files/Epic Games/UE_4.14/Engine/Plugins/Runtime/GearVR/GearVR.uplugin
LogPluginManager: Loaded Plugin GoogleVRController, From C:/Program Files/Epic Games/UE_4.14/Engine/Plugins/Runtime/GoogleVR/GoogleVRController/GoogleVRController.uplugin
LogPluginManager: Loaded Plugin GoogleVRHMD, From C:/Program Files/Epic Games/UE_4.14/Engine/Plugins/Runtime/GoogleVR/GoogleVRHMD/GoogleVRHMD.uplugin
LogPluginManager: Loaded Plugin IOSDeviceProfileSelector, From C:/Program Files/Epic Games/UE_4.14/Engine/Plugins/Runtime/IOSDeviceProfileSelector/IOSDeviceProfileSelector.uplugin
LogPluginManager: Loaded Plugin LeapMotion, From C:/Program Files/Epic Games/UE_4.14/Engine/Plugins/Runtime/LeapMotion/LeapMotion.uplugin
LogPluginManager: Loaded Plugin LinuxDeviceProfileSelector, From C:/Program Files/Epic Games/UE_4.14/Engine/Plugins/Runtime/LinuxDeviceProfileSelector/LinuxDeviceProfileSelector.uplugin
LogPluginManager: Loaded Plugin MIDIDevice, From C:/Program Files/Epic Games/UE_4.14/Engine/Plugins/Runtime/MIDIDevice/MIDIDevice.uplugin
LogPluginManager: Loaded Plugin MobilePatchingUtils, From C:/Program Files/Epic Games/UE_4.14/Engine/Plugins/Runtime/MobilePatchingUtils/MobilePatchingUtils.uplugin
LogPluginManager: Loaded Plugin Ansel, From C:/Program Files/Epic Games/UE_4.14/Engine/Plugins/Runtime/Nvidia/Ansel/Ansel.uplugin
LogPluginManager: Loaded Plugin OculusAudio, From C:/Program Files/Epic Games/UE_4.14/Engine/Plugins/Runtime/OculusAudio/OculusAudio.uplugin
LogPluginManager: Loaded Plugin OculusInput, From C:/Program Files/Epic Games/UE_4.14/Engine/Plugins/Runtime/OculusInput/OculusInput.uplugin
LogPluginManager: Loaded Plugin OculusLibrary, From C:/Program Files/Epic Games/UE_4.14/Engine/Plugins/Runtime/OculusLibrary/OculusLibrary.uplugin
LogPluginManager: Loaded Plugin OculusRift, From C:/Program Files/Epic Games/UE_4.14/Engine/Plugins/Runtime/OculusRift/OculusRift.uplugin
LogPluginManager: Loaded Plugin Oodle, From C:/Program Files/Epic Games/UE_4.14/Engine/Plugins/Runtime/PacketHandlers/CompressionComponents/Oodle/Oodle.uplugin
LogPluginManager: Loaded Plugin ProceduralMeshComponent, From C:/Program Files/Epic Games/UE_4.14/Engine/Plugins/Runtime/ProceduralMeshComponent/ProceduralMeshComponent.uplugin
LogPluginManager: Loaded Plugin SoundMod, From C:/Program Files/Epic Games/UE_4.14/Engine/Plugins/Runtime/SoundMod/SoundMod.uplugin
LogPluginManager: Loaded Plugin SoundVisualizations, From C:/Program Files/Epic Games/UE_4.14/Engine/Plugins/Runtime/SoundVisualizations/SoundVisualizations.uplugin
LogPluginManager: Loaded Plugin SteamController, From C:/Program Files/Epic Games/UE_4.14/Engine/Plugins/Runtime/Steam/SteamController/SteamController.uplugin
LogPluginManager: Loaded Plugin SteamVR, From C:/Program Files/Epic Games/UE_4.14/Engine/Plugins/Runtime/Steam/SteamVR/SteamVR.uplugin
LogPluginManager: Loaded Plugin WebBrowserWidget, From C:/Program Files/Epic Games/UE_4.14/Engine/Plugins/Runtime/WebBrowserWidget/WebBrowserWidget.uplugin
LogPluginManager: Loaded Plugin WindowsDeviceProfileSelector, From C:/Program Files/Epic Games/UE_4.14/Engine/Plugins/Runtime/WindowsDeviceProfileSelector/WindowsDeviceProfileSelector.uplugin
LogPluginManager: Loaded Plugin WindowsMoviePlayer, From C:/Program Files/Epic Games/UE_4.14/Engine/Plugins/Runtime/WindowsMoviePlayer/WindowsMoviePlayer.uplugin
LogPluginManager: Loaded Plugin ScriptPlugin, From C:/Program Files/Epic Games/UE_4.14/Engine/Plugins/ScriptPlugin/ScriptPlugin.uplugin
LogPluginManager: Loaded Plugin SlateRemote, From C:/Program Files/Epic Games/UE_4.14/Engine/Plugins/Slate/SlateRemote/SlateRemote.uplugin
LogPluginManager: Loaded Plugin EditorTests, From C:/Program Files/Epic Games/UE_4.14/Engine/Plugins/Tests/EditorTests/EditorTests.uplugin
LogPluginManager: Loaded Plugin FbxAutomationTestBuilder, From C:/Program Files/Epic Games/UE_4.14/Engine/Plugins/Tests/FbxAutomationTestBuilder/FbxAutomationTestBuilder.uplugin
LogPluginManager: Loaded Plugin FunctionalTestingEditor, From C:/Program Files/Epic Games/UE_4.14/Engine/Plugins/Tests/FunctionalTestingEditor/FunctionalTestingEditor.uplugin
LogPluginManager: Loaded Plugin RuntimeTests, From C:/Program Files/Epic Games/UE_4.14/Engine/Plugins/Tests/RuntimeTests/RuntimeTests.uplugin
LogPluginManager: Loaded Plugin ScreenshotTools, From C:/Program Files/Epic Games/UE_4.14/Engine/Plugins/Tests/ScreenshotTools/ScreenshotTools.uplugin
LogInit: Using libcurl 7.47.1
LogInit:  - built for x86_64-pc-win32
LogInit:  - supports SSL with OpenSSL/1.0.2g
LogInit:  - supports HTTP deflate (compression) using libz 1.2.8
LogInit:  - other features:
LogInit:      CURL_VERSION_SSL
LogInit:      CURL_VERSION_LIBZ
LogInit:      CURL_VERSION_IPV6
LogInit:      CURL_VERSION_ASYNCHDNS
LogInit:      CURL_VERSION_LARGEFILE
LogInit:      CURL_VERSION_IDN
LogInit:  CurlRequestOptions (configurable via config and command line):
LogInit:  - bVerifyPeer = false  - Libcurl will NOT verify peer certificate
LogInit:  - bUseHttpProxy = false  - Libcurl will NOT use HTTP proxy
LogInit:  - bDontReuseConnections = false  - Libcurl will reuse connections
LogInit:  - CertBundlePath = nullptr  - Libcurl will use whatever was configured at build time.
OCULUS: Info: [CAPI] LibOVR module is located at C:\Program Files\Oculus\Support\oculus-runtime\LibOVRRT64_1.dll
OCULUS: Debug: Connected to the server running version (prod = 1).1.11.0(build = 343615) feature version = 0. Client runs version (prod = 1).1.11.0(build = 343615) feature version = 0
LogInit: Build: ++UE4+Release-4.14-CL-3249277
LogInit: Engine Version: 4.14.3-3249277+++UE4+Release-4.14
LogInit: Compatible Engine Version: 4.14.0-3195953+++UE4+Release-4.14
LogInit: Net CL: 3195953
LogDevObjectVersion: Number of dev versions registered: 13
LogDevObjectVersion:   Dev-Blueprints (B0D832E4-1F89-4F0D-ACCF-7EB736FD4AA2): 7
LogDevObjectVersion:   Dev-Build (E1C64328-A22C-4D53-A36C-8E866417BD8C): 0
LogDevObjectVersion:   Dev-Core (375EC13C-06E4-48FB-B500-84F0262A717E): 1
LogDevObjectVersion:   Dev-Editor (E4B068ED-F494-42E9-A231-DA0B2E46BB41): 8
LogDevObjectVersion:   Dev-Framework (CFFC743F-43B0-4480-9391-14DF171D2073): 17
LogDevObjectVersion:   Dev-Mobile (B02B49B5-BB20-44E9-A304-32B752E40360): 0
LogDevObjectVersion:   Dev-Networking (A4E4105C-59A1-49B5-A7C5-40C4547EDFEE): 0
LogDevObjectVersion:   Dev-Online (39C831C9-5AE6-47DC-9A44-9C173E1C8E7C): 0
LogDevObjectVersion:   Dev-Physics (78F01B33-EBEA-4F98-B9B4-84EACCB95AA2): 0
LogDevObjectVersion:   Dev-Platform (6631380F-2D4D-43E0-8009-CF276956A95A): 0
LogDevObjectVersion:   Dev-Rendering (12F88B9F-8875-4AFC-A67C-D90C383ABD29): 12
LogDevObjectVersion:   Dev-Sequencer (7B5AE74C-D270-4C10-A958-57980B212A5A): 1
LogDevObjectVersion:   Dev-VR (D7296918-1DD6-4BDD-9DE2-64A83CC13884): 0
LogInit: Compiled (64-bit): Jan  6 2017 10:49:43
LogInit: Compiled with Visual C++: 19.00.23026.00
LogInit: Build Configuration: Development
LogInit: Branch Name: ++UE4+Release-4.14
LogInit: Command line:  
LogInit: Base directory: C:/Program Files/Epic Games/UE_4.14/Engine/Binaries/Win64/
LogInit: Installed Engine Build: 1
LogInit: Presizing for max 8388607 objects, including 0 objects not considered by GC, pre-allocating 0 bytes for permanent pool.
LogInit: Object subsystem initialized
[2017.02.20-22.25.41:893][  0]LogInit: Selected Device Profile: [Windows]
[2017.02.20-22.25.41:893][  0]LogInit: Applying CVar settings loaded from the selected device profile: [Windows]
[2017.02.20-22.25.41:903][  0]LogInit: Computer: SIGLAB-VR2
[2017.02.20-22.25.41:903][  0]LogInit: User: SIG
[2017.02.20-22.25.41:903][  0]LogInit: CPU Page size=65536, Cores=4
[2017.02.20-22.25.41:903][  0]LogInit: High frequency timer resolution =3.604939 MHz
[2017.02.20-22.25.41:903][  0]LogMemory: Memory total: Physical=31.9GB (32GB approx)
[2017.02.20-22.25.41:903][  0]LogMemory: Platform Memory Stats for Windows
[2017.02.20-22.25.41:903][  0]LogMemory: Process Physical Memory: 269.59 MB used, 269.59 MB peak
[2017.02.20-22.25.41:903][  0]LogMemory: Process Virtual Memory: 265.94 MB used, 265.94 MB peak
[2017.02.20-22.25.41:903][  0]LogMemory: Physical Memory: 4414.38 MB used,  28276.03 MB free, 32690.41 MB total
[2017.02.20-22.25.41:903][  0]LogMemory: Virtual Memory: 714.67 MB used,  28276.03 MB free, 134217728.00 MB total
[2017.02.20-22.25.41:925][  0]LogTextLocalizationManager: No specific translations for ('en-US') exist, so ('en') translations will be used.
[2017.02.20-22.25.42:473][  0]LogD3D11RHI: D3D11 adapters:
[2017.02.20-22.25.42:504][  0]LogD3D11RHI:    0. 'NVIDIA GeForce GTX 1070' (Feature Level 11_0)
[2017.02.20-22.25.42:504][  0]LogD3D11RHI:       8120/0/16345 MB DedicatedVideo/DedicatedSystem/SharedSystem, Outputs:2, VendorId:0x10de
[2017.02.20-22.25.42:505][  0]LogD3D11RHI:    1. 'Microsoft Basic Render Driver' (Feature Level 11_0)
[2017.02.20-22.25.42:505][  0]LogD3D11RHI:       0/0/16345 MB DedicatedVideo/DedicatedSystem/SharedSystem, Outputs:0, VendorId:0x1414
[2017.02.20-22.25.42:505][  0]LogD3D11RHI: Chosen D3D11 Adapter: 0
[2017.02.20-22.25.42:509][  0]LogD3D11RHI: Creating new Direct3DDevice
[2017.02.20-22.25.42:509][  0]LogD3D11RHI:     GPU DeviceId: 0x1b81 (for the marketing name, search the web for "GPU Device Id")
[2017.02.20-22.25.42:509][  0]LogWindows: EnumDisplayDevices:
[2017.02.20-22.25.42:509][  0]LogWindows:    0. 'NVIDIA GeForce GTX 1070' (P:1 D:1)
[2017.02.20-22.25.42:509][  0]LogWindows:    1. 'NVIDIA GeForce GTX 1070' (P:0 D:1)
[2017.02.20-22.25.42:509][  0]LogWindows:    2. 'NVIDIA GeForce GTX 1070' (P:0 D:0)
[2017.02.20-22.25.42:509][  0]LogWindows:    3. 'NVIDIA GeForce GTX 1070' (P:0 D:0)
[2017.02.20-22.25.42:509][  0]LogWindows: DebugString: FoundDriverCount:4 
[2017.02.20-22.25.42:509][  0]LogD3D11RHI:     Adapter Name: NVIDIA GeForce GTX 1070
[2017.02.20-22.25.42:509][  0]LogD3D11RHI:   Driver Version: 378.49 (internal:21.21.13.7849, unified:378.49)
[2017.02.20-22.25.42:509][  0]LogD3D11RHI:      Driver Date: 1-20-2017
[2017.02.20-22.25.42:509][  0]LogRHI: Texture pool is 1361 MB (70% of 1945 MB)
[2017.02.20-22.25.42:529][  0]LogD3D11RHI: Async texture creation enabled
[2017.02.20-22.25.42:539][  0]LogD3D11RHI: GPU Timing Frequency: 1000.000000 (Debug: 2 1)
[2017.02.20-22.25.42:540][  0]LogShaderCompilers: Guid format shader working directory is -28 characters bigger than the processId version (../../../../../../Users/SIG/Documents/Unreal Projects/CIS568VRYPaint_lvl/Intermediate/Shaders/WorkingDirectory/4640/).
[2017.02.20-22.25.42:540][  0]LogShaderCompilers: Cleaned the shader compiler working directory 'C:/Users/SIG/AppData/Local/Temp/UnrealShaderWorkingDir/B165E4294E18B644E22B86B30F234DE4/'.
[2017.02.20-22.25.42:540][  0]LogShaderCompilers:Display: Using Local Shader Compiler.
[2017.02.20-22.25.43:471][  0]LogTemp:Display: Loaded TP AllDesktopTargetPlatform
[2017.02.20-22.25.43:518][  0]LogTemp:Display: Loaded TP MacClientTargetPlatform
[2017.02.20-22.25.43:565][  0]LogTemp:Display: Loaded TP MacNoEditorTargetPlatform
[2017.02.20-22.25.43:612][  0]LogTemp:Display: Loaded TP MacServerTargetPlatform
[2017.02.20-22.25.43:660][  0]LogTemp:Display: Loaded TP MacTargetPlatform
[2017.02.20-22.25.43:711][  0]LogTemp:Display: Loaded TP WindowsClientTargetPlatform
[2017.02.20-22.25.43:759][  0]LogTemp:Display: Loaded TP WindowsNoEditorTargetPlatform
[2017.02.20-22.25.43:809][  0]LogTemp:Display: Loaded TP WindowsServerTargetPlatform
[2017.02.20-22.25.43:848][  0]LogTemp:Display: Loaded TP WindowsTargetPlatform
[2017.02.20-22.25.43:895][  0]LogTemp:Display: Loaded TP AndroidTargetPlatform
[2017.02.20-22.25.43:941][  0]LogTemp:Display: Loaded TP Android_ASTCTargetPlatform
[2017.02.20-22.25.43:988][  0]LogTemp:Display: Loaded TP Android_ATCTargetPlatform
[2017.02.20-22.25.44:041][  0]LogTemp:Display: Loaded TP Android_DXTTargetPlatform
[2017.02.20-22.25.44:085][  0]LogTemp:Display: Loaded TP Android_ETC1TargetPlatform
[2017.02.20-22.25.44:133][  0]LogTemp:Display: Loaded TP Android_ETC2TargetPlatform
[2017.02.20-22.25.44:226][  0]LogTemp:Display: Loaded TP Android_MultiTargetPlatform
[2017.02.20-22.25.44:226][  0]LogTemp:Display: Loaded TP Android_PVRTCTargetPlatform
[2017.02.20-22.25.44:259][  0]LogTemp:Display: Loaded TP HTML5TargetPlatform
[2017.02.20-22.25.44:333][  0]LogTemp:Display: Loaded TP IOSTargetPlatform
[2017.02.20-22.25.44:364][  0]LogTemp:Display: Loaded TP TVOSTargetPlatform
[2017.02.20-22.25.44:410][  0]LogTemp:Display: Loaded TP LinuxClientTargetPlatform
[2017.02.20-22.25.44:458][  0]LogTemp:Display: Loaded TP LinuxNoEditorTargetPlatform
[2017.02.20-22.25.44:503][  0]LogTemp:Display: Loaded TP LinuxServerTargetPlatform
[2017.02.20-22.25.44:550][  0]LogTemp:Display: Loaded TP LinuxTargetPlatform
[2017.02.20-22.25.44:550][  0]LogTargetPlatformManager:Display: Building Assets For Windows
[2017.02.20-22.25.44:902][  0]LogDerivedDataCache:Display: Max Cache Size: 512 MB
[2017.02.20-22.25.44:955][  0]LogDerivedDataCache: Loaded boot cache 0.05s 50MB C:/Users/SIG/AppData/Local/UnrealEngine/4.14/DerivedDataCache/Boot.ddc.
[2017.02.20-22.25.44:955][  0]LogDerivedDataCache:Display: Loaded Boot cache: C:/Users/SIG/AppData/Local/UnrealEngine/4.14/DerivedDataCache/Boot.ddc
[2017.02.20-22.25.44:955][  0]LogDerivedDataCache: FDerivedDataBackendGraph:  Pak pak cache file ../../../../../../Users/SIG/Documents/Unreal Projects/CIS568VRYPaint_lvl/DerivedDataCache/DDC.ddp not found, will not use a pak cache.
[2017.02.20-22.25.44:955][  0]LogDerivedDataCache: Unable to find inner node Pak for hierarchical cache Hierarchy.
[2017.02.20-22.25.44:955][  0]LogDerivedDataCache: FDerivedDataBackendGraph:  CompressedPak pak cache file ../../../../../../Users/SIG/Documents/Unreal Projects/CIS568VRYPaint_lvl/DerivedDataCache/Compressed.ddp not found, will not use a pak cache.
[2017.02.20-22.25.44:955][  0]LogDerivedDataCache: Unable to find inner node CompressedPak for hierarchical cache Hierarchy.
[2017.02.20-22.25.44:970][  0]LogDerivedDataCache:Display: Pak cache opened for reading ../../../Engine/DerivedDataCache/Compressed.ddp.
[2017.02.20-22.25.44:982][  0]LogDerivedDataCache: Using Local data cache path C:/Users/SIG/AppData/Local/UnrealEngine/Common/DerivedDataCache: Writable
[2017.02.20-22.25.45:164][  0]LogInit: Selected Device Profile: [Windows]
[2017.02.20-22.25.45:166][  0]LogContentStreaming: Texture pool size is 0.00 MB
[2017.02.20-22.25.45:350][  0]LogMeshUtilities: Using QuadricMeshReduction for automatic static mesh reduction
[2017.02.20-22.25.45:388][  0]LogSimplygon: Simplygon DLL not present - disabling.
[2017.02.20-22.25.45:430][  0]LogMeshUtilities: Using SimplygonSwarm for distributed automatic mesh merging
[2017.02.20-22.25.45:430][  0]LogMeshUtilities: No automatic skeletal mesh reduction module available
[2017.02.20-22.25.45:430][  0]LogMeshUtilities: No automatic mesh merging module available
[2017.02.20-22.25.45:878][  0]LogNetVersion: GetLocalNetworkVersion: CL: 3195953, ProjectName: cis568vrypaint_lvl, ProjectVersion: , EngineNetworkVersion: 2, GameNetworkVersion: 0, NetworkChecksum: 1258645401
[2017.02.20-22.25.45:930][  0]LogAssetRegistry: FAssetRegistry took 0.0218 seconds to start up
[2017.02.20-22.25.45:974][  0]LogPackageLocalizationCache: Processed 3 localized package path(s) for 2 prioritized culture(s) in 0.023575 seconds
[2017.02.20-22.25.45:980][  0]LogUObjectArray: 31946 objects as part of root set at end of initial load.
[2017.02.20-22.25.45:980][  0]LogUObjectAllocator: 6935848 out of 0 bytes used by permanent object pool.
[2017.02.20-22.25.45:980][  0]LogUObjectArray: CloseDisregardForGC: 0/0 objects in disregard for GC pool
[2017.02.20-22.25.46:037][  0]LogInit: WinSock: version 1.1 (2.2), MaxSocks=32767, MaxUdp=65467
[2017.02.20-22.25.46:676][  0]LogSlate: Using Freetype 2.6.0
[2017.02.20-22.25.46:677][  0]LogSlate: SlateFontCache - WITH_FREETYPE: 1, WITH_HARFBUZZ: 1
[2017.02.20-22.25.46:677][  0]LogSlate: SlateFontCache - WITH_FREETYPE: 1, WITH_HARFBUZZ: 1
[2017.02.20-22.25.47:381][  0]LogSubstanceCoreModule: Substance [CPU] Engine Loaded, Max Texture Size = 2048
[2017.02.20-22.25.47:405][  0]LogTcpMessaging: Initializing TcpMessaging bridge
[2017.02.20-22.25.47:442][  0]LogUdpMessaging: Initializing bridge on interface 0.0.0.0:0 to multicast group 230.0.0.1:6666.
[2017.02.20-22.25.47:713][  0]LogMaterial: Uniform references updated for custom material expression Custom.
[2017.02.20-22.25.48:049][  0]SourceControl: Info Source control is disabled
[2017.02.20-22.25.48:072][  0]SourceControl: Info Source control is disabled
[2017.02.20-22.25.48:113][  0]SourceControl: Info Source control is disabled
[2017.02.20-22.25.48:152][  0]SourceControl: Info Source control is disabled
[2017.02.20-22.25.48:416][  0]LogLinker:Warning: Can't find file '/Game/Main_Blueprints/FirstPersonOverview'
[2017.02.20-22.25.48:416][  0]LogLinker:Warning: Can't find file '/Game/Main_Blueprints/FirstPersonOverview'
[2017.02.20-22.25.48:416][  0]LogUObjectGlobals:Warning: Failed to find object 'Class /Game/Main_Blueprints/FirstPersonOverview.FirstPersonOverview_C'
[2017.02.20-22.25.49:309][  0]LogEngine: Initializing Engine...
[2017.02.20-22.25.49:830][  0]LogHMD: Failed to initialize OpenVR with code 301
[2017.02.20-22.25.49:830][  0]LogHMD: Oculus plugin initialized. Version: 4.14.3-3249277+++UE4+Release-4.14, LibOVR: 1.11.0, SDK: 1.8.0, built Jan  6 2017, 10:50:26
[2017.02.20-22.25.50:045][  0]LogAIModule: Creating AISystem for world Untitled
[2017.02.20-22.25.50:061][  0]LogInit: XAudio2 using 'Speakers (2- USB Audio Device)' : 2 channels at 44.1 kHz using 16 bits per sample (channel mask 0x3)
[2017.02.20-22.25.50:071][  0]LogInit: FAudioDevice initialized.
[2017.02.20-22.25.50:096][  0]LogDerivedDataCache: Saved boot cache 0.03s 50MB C:/Users/SIG/AppData/Local/UnrealEngine/4.14/DerivedDataCache/Boot.ddc.
[2017.02.20-22.25.50:103][  0]LogInit: Texture streaming: Enabled
[2017.02.20-22.25.50:263][  0]LogInit: Transaction tracking system initialized
[2017.02.20-22.25.50:572][  0]BlueprintLog: New page: Editor Load
[2017.02.20-22.25.51:360][  0]LocalizationService: Info Localization service is disabled
[2017.02.20-22.25.51:933][  0]LogConsoleResponse:Display: 
[2017.02.20-22.25.52:054][  0]LogCook:Display: Max memory allowance for cook 16384mb min free memory 0mb
[2017.02.20-22.25.52:054][  0]LogCook:Display: Mobile HDR setting 1
[2017.02.20-22.25.52:897][  0]LogFileCache: Scanning file cache for directory 'C:/Users/SIG/Documents/Unreal Projects/CIS568VRYPaint_lvl/Content/' took 0.02s
[2017.02.20-22.25.52:897][  0]SourceControl: Info Source control is disabled
[2017.02.20-22.25.52:897][  0]Cmd: MAP LOAD FILE="../../../../../../Users/SIG/Documents/Unreal Projects/CIS568VRYPaint_lvl/Content/FirstPersonBP/Maps/FirstPersonExampleMap.umap" TEMPLATE=0 SHOWPROGRESS=1 FEATURELEVEL=3
[2017.02.20-22.25.52:898][  0]LightingResults: New page: Lighting Build
[2017.02.20-22.25.52:934][  0]MapCheck: New page: Map Check
[2017.02.20-22.25.52:934][  0]LightingResults: New page: Lighting Build
[2017.02.20-22.25.53:443][  0]LogSpawn:Warning: UWorld::DestroyActor: World has no context! World: FirstPersonExampleMap, Actor: /Game/FirstPersonBP/Maps/FirstPersonExampleMap.FirstPersonExampleMap:PersistentLevel.DESTROYED_Bow_C_CHILDACTOR_197
[2017.02.20-22.25.53:443][  0]LogSpawn:Warning: UWorld::DestroyActor: World has no context! World: FirstPersonExampleMap, Actor: /Game/FirstPersonBP/Maps/FirstPersonExampleMap.FirstPersonExampleMap:PersistentLevel.DESTROYED_Bow_C_CHILDACTOR_198
[2017.02.20-22.25.53:538][  0]LogAIModule: Creating AISystem for world FirstPersonExampleMap
[2017.02.20-22.25.53:555][  0]LogEditorServer: Finished looking for orphan Actors (0.000 secs)
[2017.02.20-22.25.53:556][  0]Cmd: MAP CHECKDEP NOCLEARLOG
[2017.02.20-22.25.53:599][  0]MapCheck: Info Map check complete: 0 Error(s), 0 Warning(s), took 43.068ms to complete.
[2017.02.20-22.25.53:599][  0]LogFileHelpers: Loading map 'FirstPersonExampleMap' took 0.701
[2017.02.20-22.25.53:653][  0]LogWindowsTextInputMethodSystem:Display: IME system now deactivated.
[2017.02.20-22.25.53:724][  0]LogCollectionManager: Loaded 0 collections in 0.002037 seconds
[2017.02.20-22.25.53:799][  0]LogFileCache: Scanning file cache for directory 'C:/Users/SIG/Documents/Unreal Projects/CIS568VRYPaint_lvl/Saved/Collections/' took 0.01s
[2017.02.20-22.25.53:799][  0]LogFileCache: Scanning file cache for directory 'C:/Users/SIG/Documents/Unreal Projects/CIS568VRYPaint_lvl/Content/Developers/SIG/Collections/' took 0.01s
[2017.02.20-22.25.53:799][  0]LogFileCache: Scanning file cache for directory 'C:/Users/SIG/Documents/Unreal Projects/CIS568VRYPaint_lvl/Content/Collections/' took 0.01s
[2017.02.20-22.25.53:799][  0]LogCollectionManager: Rebuilt the GUID cache for 0 collections in 0.000001 seconds
[2017.02.20-22.25.53:807][  0]LogContentBrowser: Native class hierarchy populated in 0.0079 seconds. Added 2204 classes and 434 folders.
[2017.02.20-22.25.53:843][  0]LogStats: UGameplayTagsManager::ConstructGameplayTagTree: Construct from data asset -  0.000 s
[2017.02.20-22.25.53:843][  0]LogStats: UGameplayTagsManager::ConstructGameplayTagTree: GameplayTagTreeChangedEvent.Broadcast -  0.000 s
[2017.02.20-22.25.53:844][  0]LogContentBrowser: Native class hierarchy updated for 'GameplayTags' in 0.0005 seconds. Added 13 classes and 0 folders.
[2017.02.20-22.25.53:898][  0]LogContentBrowser: Native class hierarchy updated for 'WidgetCarousel' in 0.0004 seconds. Added 0 classes and 0 folders.
[2017.02.20-22.25.53:930][  0]LogContentBrowser: Native class hierarchy updated for 'AddContentDialog' in 0.0005 seconds. Added 0 classes and 0 folders.
[2017.02.20-22.25.53:968][  0]LogContentBrowser: Native class hierarchy updated for 'SceneOutliner' in 0.0005 seconds. Added 1 classes and 2 folders.
[2017.02.20-22.25.54:064][  0]LogCrashTracker: Crashtracker disabled due to settings.
[2017.02.20-22.25.54:068][  0]LogUObjectGlobals:Warning: Failed to find object 'Class None.'
[2017.02.20-22.25.54:128][  0]LogContentBrowser: Native class hierarchy updated for 'HierarchicalLODOutliner' in 0.0005 seconds. Added 1 classes and 2 folders.
[2017.02.20-22.25.54:128][  0]LogLoad: (Engine Initialization) Total time: 14.07 seconds
[2017.02.20-22.25.54:128][  0]LogLoad: (Engine Initialization) Total Blueprint compile time: 0.22 seconds
[2017.02.20-22.25.54:128][  0]LogExternalProfiler: Found external profiler: VSPerf
[2017.02.20-22.25.54:128][  0]LogExternalProfiler: Using external profiler: VSPerf
[2017.02.20-22.25.54:137][  0]LogOcInput: OculusInput pre-init called
[2017.02.20-22.25.54:147][  0]LogOcInput: OculusInput is initialized. Init status 0. Runtime version: 1.11.0
[2017.02.20-22.25.54:170][  0]LogContentStreaming: Texture pool size now 1000 MB
[2017.02.20-22.25.54:311][  0]LogRenderer: Reallocating scene render targets to support 1208x580 NumSamples 1 (Frame:2).
[2017.02.20-22.25.54:368][  1]LogAssetRegistry: Asset discovery search completed in 8.4595 seconds
[2017.02.20-22.25.54:368][  1]LogCollectionManager: Rebuilt the object cache for 0 collections in 0.000001 seconds (found 0 objects)
[2017.02.20-22.25.54:368][  1]LogCollectionManager: Fixed up redirectors for 0 collections in 0.000019 seconds (updated 0 objects)
[2017.02.20-22.26.06:568][832]LogContentBrowser: Native class hierarchy updated for 'BlueprintGraph' in 0.0007 seconds. Added 111 classes and 0 folders.
[2017.02.20-22.27.51:371][621]LogBlueprint:Warning: [FirstPersonCharacter] 'ArrowIsSpawned' variable not found. Base class was probably changed.
[2017.02.20-22.27.51:371][621]LogBlueprint:Warning: [FirstPersonCharacter] 'ArrowIsSpawned' variable not found. Base class was probably changed.
[2017.02.20-22.27.51:393][621]LogBlueprint:Warning: [FirstPersonCharacter] 'ArrowIsSpawned' variable not found. Base class was probably changed.
[2017.02.20-22.27.51:393][621]LogBlueprint:Warning: [FirstPersonCharacter] 'StartArrowPos' variable not found. Base class was probably changed.
[2017.02.20-22.27.51:393][621]LogBlueprint:Warning: [FirstPersonCharacter] 'StartArrowPos' variable not found. Base class was probably changed.
[2017.02.20-22.27.51:394][621]LogBlueprint:Warning: [FirstPersonCharacter] 'ArrowIsSpawned' variable not found. Base class was probably changed.
[2017.02.20-22.27.51:394][621]LogBlueprint:Warning: [FirstPersonCharacter] 'ArrowIsSpawned' variable not found. Base class was probably changed.
[2017.02.20-22.27.51:394][621]LogBlueprint:Warning: [FirstPersonCharacter] 'StartArrowPos' variable not found. Base class was probably changed.
[2017.02.20-22.27.51:394][621]LogBlueprint:Warning: [FirstPersonCharacter] 'Arrow2' variable not found. Base class was probably changed.
[2017.02.20-22.27.55:674][872]LogEditorTransaction: Undo Paste clipboard contents
[2017.02.20-22.27.57:617][981]LogUObjectHash:Warning: Ambiguous search, could be K2Node_CallFunction /Game/FirstPersonBP/Blueprints/Bow/FirstPersonCharacter.FirstPersonCharacter:EventGraph.K2Node_CallFunction_603 or K2Node_CallFunction /Game/FirstPersonBP/Blueprints/Bow/FirstPersonCharacter.FirstPersonCharacter:EventGraph.K2Node_CallFunction_603
[2017.02.20-22.27.57:617][981]LogUObjectHash:Warning: Ambiguous search, could be K2Node_CallFunction /Game/FirstPersonBP/Blueprints/Bow/FirstPersonCharacter.FirstPersonCharacter:EventGraph.K2Node_CallFunction_602 or K2Node_CallFunction /Game/FirstPersonBP/Blueprints/Bow/FirstPersonCharacter.FirstPersonCharacter:EventGraph.K2Node_CallFunction_602
[2017.02.20-22.27.57:617][981]LogUObjectHash:Warning: Ambiguous search, could be K2Node_CallFunction /Game/FirstPersonBP/Blueprints/Bow/FirstPersonCharacter.FirstPersonCharacter:EventGraph.K2Node_CallFunction_604 or K2Node_CallFunction /Game/FirstPersonBP/Blueprints/Bow/FirstPersonCharacter.FirstPersonCharacter:EventGraph.K2Node_CallFunction_604
[2017.02.20-22.27.57:617][981]LogUObjectHash:Warning: Ambiguous search, could be K2Node_CallFunction /Game/FirstPersonBP/Blueprints/Bow/FirstPersonCharacter.FirstPersonCharacter:EventGraph.K2Node_CallFunction_596 or K2Node_CallFunction /Game/FirstPersonBP/Blueprints/Bow/FirstPersonCharacter.FirstPersonCharacter:EventGraph.K2Node_CallFunction_596
[2017.02.20-22.27.57:617][981]LogUObjectHash:Warning: Ambiguous search, could be K2Node_CallFunction /Game/FirstPersonBP/Blueprints/Bow/FirstPersonCharacter.FirstPersonCharacter:EventGraph.K2Node_CallFunction_597 or K2Node_CallFunction /Game/FirstPersonBP/Blueprints/Bow/FirstPersonCharacter.FirstPersonCharacter:EventGraph.K2Node_CallFunction_597
[2017.02.20-22.27.57:624][981]LogBlueprint:Warning: [FirstPersonCharacter] 'ArrowIsSpawned' variable not found. Base class was probably changed.
[2017.02.20-22.27.57:624][981]LogBlueprint:Warning: [FirstPersonCharacter] 'ArrowIsSpawned' variable not found. Base class was probably changed.
[2017.02.20-22.27.57:646][981]LogBlueprint:Warning: [FirstPersonCharacter] 'ArrowIsSpawned' variable not found. Base class was probably changed.
[2017.02.20-22.27.57:646][981]LogBlueprint:Warning: [FirstPersonCharacter] 'StartArrowPos' variable not found. Base class was probably changed.
[2017.02.20-22.27.57:646][981]LogBlueprint:Warning: [FirstPersonCharacter] 'StartArrowPos' variable not found. Base class was probably changed.
[2017.02.20-22.27.57:647][981]LogBlueprint:Warning: [FirstPersonCharacter] 'ArrowIsSpawned' variable not found. Base class was probably changed.
[2017.02.20-22.27.57:647][981]LogBlueprint:Warning: [FirstPersonCharacter] 'ArrowIsSpawned' variable not found. Base class was probably changed.
[2017.02.20-22.27.57:647][981]LogBlueprint:Warning: [FirstPersonCharacter] 'StartArrowPos' variable not found. Base class was probably changed.
[2017.02.20-22.27.57:647][981]LogBlueprint:Warning: [FirstPersonCharacter] 'Arrow2' variable not found. Base class was probably changed.
[2017.02.20-22.34.14:484][688]LogClass:Warning: Type mismatch in StartArrowDist of SKEL_FirstPersonCharacter_C - Previous (StructProperty) Current(FloatProperty) for package:  FObjectReader
[2017.02.20-22.36.13:684][470]LogRenderer: Reallocating scene render targets to support 1352x720 NumSamples 1 (Frame:29227).
[2017.02.20-22.36.31:971][331]BlueprintLog: New page: Compile FirstPersonCharacter
[2017.02.20-22.36.32:035][331]LogBlueprint:Warning: [Compiler FirstPersonCharacter] Warning Could not find a variable named "Arrow2" in 'FirstPersonCharacter_C'.
Make sure 'FirstPersonCharacter_C' has been compiled for  K2Node_VariableGet_943
[2017.02.20-22.36.32:035][331]LogBlueprint:Warning: [Compiler FirstPersonCharacter] Warning Could not find a variable named "ArrowIsSpawned" in 'FirstPersonCharacter_C'.
Make sure 'FirstPersonCharacter_C' has been compiled for  K2Node_VariableSet_1586
[2017.02.20-22.36.32:035][331]LogBlueprint:Warning: [Compiler FirstPersonCharacter] Warning Could not find a variable named "ArrowIsSpawned" in 'FirstPersonCharacter_C'.
Make sure 'FirstPersonCharacter_C' has been compiled for  K2Node_VariableGet_634
[2017.02.20-22.36.32:040][331]LogBlueprint:Error: [Compiler FirstPersonCharacter] Error The property associated with  ArrowIsSpawned  could not be found
[2017.02.20-22.36.32:040][331]LogBlueprint:Error: [Compiler FirstPersonCharacter] Error The property associated with  ArrowIsSpawned  could not be found
[2017.02.20-22.36.32:040][331]LogBlueprint:Error: [Compiler FirstPersonCharacter] Error The property associated with  Arrow2  could not be found
[2017.02.20-22.36.32:439][331]BlueprintEditorCompileResults:Warning: Warning Could not find a variable named "Arrow2" in 'FirstPersonCharacter_C'.
Make sure 'FirstPersonCharacter_C' has been compiled for  K2Node_VariableGet_943
[2017.02.20-22.36.32:439][331]BlueprintEditorCompileResults:Warning: Warning Could not find a variable named "ArrowIsSpawned" in 'FirstPersonCharacter_C'.
Make sure 'FirstPersonCharacter_C' has been compiled for  K2Node_VariableSet_1586
[2017.02.20-22.36.32:439][331]BlueprintEditorCompileResults:Warning: Warning Could not find a variable named "ArrowIsSpawned" in 'FirstPersonCharacter_C'.
Make sure 'FirstPersonCharacter_C' has been compiled for  K2Node_VariableGet_634
[2017.02.20-22.36.32:439][331]BlueprintEditorCompileResults:Error: Error The property associated with  ArrowIsSpawned  could not be found
[2017.02.20-22.36.32:439][331]BlueprintEditorCompileResults:Error: Error The property associated with  ArrowIsSpawned  could not be found
[2017.02.20-22.36.32:439][331]BlueprintEditorCompileResults:Error: Error The property associated with  Arrow2  could not be found
[2017.02.20-22.36.32:440][331]LogBlueprint:Warning: [Compiler FirstPersonCharacter] Warning [0652.38] Compile of FirstPersonCharacter failed. 3 Fatal Issue(s) 3 Warning(s) [in 468 ms] (/Game/FirstPersonBP/Blueprints/Bow/FirstPersonCharacter.FirstPersonCharacter)
[2017.02.20-22.36.57:100][265]BlueprintLog: New page: Compile FirstPersonCharacter
[2017.02.20-22.36.57:161][265]LogBlueprint:Warning: [Compiler FirstPersonCharacter] Warning Could not find a variable named "ArrowIsSpawned" in 'FirstPersonCharacter_C'.
Make sure 'FirstPersonCharacter_C' has been compiled for  K2Node_VariableSet_1586
[2017.02.20-22.36.57:161][265]LogBlueprint:Warning: [Compiler FirstPersonCharacter] Warning Could not find a variable named "ArrowIsSpawned" in 'FirstPersonCharacter_C'.
Make sure 'FirstPersonCharacter_C' has been compiled for  K2Node_VariableGet_634
[2017.02.20-22.36.57:165][265]LogBlueprint:Error: [Compiler FirstPersonCharacter] Error The property associated with  ArrowIsSpawned  could not be found
[2017.02.20-22.36.57:165][265]LogBlueprint:Error: [Compiler FirstPersonCharacter] Error The property associated with  ArrowIsSpawned  could not be found
[2017.02.20-22.36.57:358][265]BlueprintEditorCompileResults:Warning: Warning Could not find a variable named "ArrowIsSpawned" in 'FirstPersonCharacter_C'.
Make sure 'FirstPersonCharacter_C' has been compiled for  K2Node_VariableSet_1586
[2017.02.20-22.36.57:358][265]BlueprintEditorCompileResults:Warning: Warning Could not find a variable named "ArrowIsSpawned" in 'FirstPersonCharacter_C'.
Make sure 'FirstPersonCharacter_C' has been compiled for  K2Node_VariableGet_634
[2017.02.20-22.36.57:358][265]BlueprintEditorCompileResults:Error: Error The property associated with  ArrowIsSpawned  could not be found
[2017.02.20-22.36.57:358][265]BlueprintEditorCompileResults:Error: Error The property associated with  ArrowIsSpawned  could not be found
[2017.02.20-22.36.57:359][265]LogBlueprint:Warning: [Compiler FirstPersonCharacter] Warning [0677.30] Compile of FirstPersonCharacter failed. 2 Fatal Issue(s) 2 Warning(s) [in 258 ms] (/Game/FirstPersonBP/Blueprints/Bow/FirstPersonCharacter.FirstPersonCharacter)
[2017.02.20-22.37.15:692][797]LogEditorTransaction: Undo Move Node
[2017.02.20-22.37.28:859][923]BlueprintLog: New page: Compile FirstPersonCharacter
[2017.02.20-22.37.28:918][923]LogBlueprint:Warning: [Compiler FirstPersonCharacter] Warning Could not find a variable named "ArrowIsSpawned" in 'FirstPersonCharacter_C'.
Make sure 'FirstPersonCharacter_C' has been compiled for  K2Node_VariableSet_1586
[2017.02.20-22.37.28:923][923]LogBlueprint:Error: [Compiler FirstPersonCharacter] Error The property associated with  ArrowIsSpawned  could not be found
[2017.02.20-22.37.29:130][923]BlueprintEditorCompileResults:Warning: Warning Could not find a variable named "ArrowIsSpawned" in 'FirstPersonCharacter_C'.
Make sure 'FirstPersonCharacter_C' has been compiled for  K2Node_VariableSet_1586
[2017.02.20-22.37.29:130][923]BlueprintEditorCompileResults:Error: Error The property associated with  ArrowIsSpawned  could not be found
[2017.02.20-22.37.29:130][923]LogBlueprint:Warning: [Compiler FirstPersonCharacter] Warning [0709.08] Compile of FirstPersonCharacter failed. 1 Fatal Issue(s) 1 Warning(s) [in 271 ms] (/Game/FirstPersonBP/Blueprints/Bow/FirstPersonCharacter.FirstPersonCharacter)
[2017.02.20-22.39.06:009][376]LogSavePackage: Save=115.75ms
[2017.02.20-22.39.06:009][376]LogSavePackage: Moving '../../../../../../Users/SIG/Documents/Unreal Projects/CIS568VRYPaint_lvl/Saved/FirstPersonExampleMap_Auto15DD40B1845DE902D1D5374B24A8D209B.tmp' to '../../../../../../Users/SIG/Documents/Unreal Projects/CIS568VRYPaint_lvl/Saved/Autosaves/Game/FirstPersonBP/Maps/FirstPersonExampleMap_Auto1.umap'
[2017.02.20-22.39.06:011][376]LogSavePackage:Display: Finished SavePackage ../../../../../../Users/SIG/Documents/Unreal Projects/CIS568VRYPaint_lvl/Saved/Autosaves/Game/FirstPersonBP/Maps/FirstPersonExampleMap_Auto1.umap
[2017.02.20-22.39.06:013][376]LogFileHelpers: Editor autosave (incl. sublevels) for '/Game/FirstPersonBP/Maps/FirstPersonExampleMap' took 0.155
[2017.02.20-22.39.06:013][376]LogFileHelpers: Editor autosave (incl. sublevels) for all levels took 0.155
[2017.02.20-22.39.06:017][376]OBJ SavePackage: Generating thumbnails for [1] asset(s) in package [/Game/FirstPersonBP/Blueprints/Bow/FirstPersonCharacter] ([1] browsable assets)...
[2017.02.20-22.39.06:035][376]OBJ SavePackage:     Rendered thumbnail for [Blueprint /Game/FirstPersonBP/Blueprints/Bow/FirstPersonCharacter.FirstPersonCharacter]
[2017.02.20-22.39.06:035][376]OBJ SavePackage: Finished generating thumbnails for package [/Game/FirstPersonBP/Blueprints/Bow/FirstPersonCharacter]
[2017.02.20-22.39.06:128][376]LogSavePackage: Save=82.56ms
[2017.02.20-22.39.06:128][376]LogSavePackage: Moving '../../../../../../Users/SIG/Documents/Unreal Projects/CIS568VRYPaint_lvl/Saved/FirstPersonCharacter_Auto130195F334002161C7984C7B2F884326C.tmp' to '../../../../../../Users/SIG/Documents/Unreal Projects/CIS568VRYPaint_lvl/Saved/Autosaves/Game/FirstPersonBP/Blueprints/Bow/FirstPersonCharacter_Auto1.uasset'
[2017.02.20-22.39.06:130][376]LogSavePackage:Display: Finished SavePackage ../../../../../../Users/SIG/Documents/Unreal Projects/CIS568VRYPaint_lvl/Saved/Autosaves/Game/FirstPersonBP/Blueprints/Bow/FirstPersonCharacter_Auto1.uasset
[2017.02.20-22.39.06:130][376]LogFileHelpers: Auto-saving content packages took 0.114
[2017.02.20-22.44.28:851][935]BlueprintLog: New page: Compile FirstPersonCharacter
[2017.02.20-22.44.33:167][315]LogTemp: Repeting last play command: VR Preview
[2017.02.20-22.44.33:181][315]LogBlueprintUserMessages: Early PlayInEditor Detection: Level '/Game/FirstPersonBP/Maps/FirstPersonExampleMap.FirstPersonExampleMap:PersistentLevel' has LevelScriptBlueprint '/Game/FirstPersonBP/Maps/FirstPersonExampleMap.FirstPersonExampleMap:PersistentLevel.FirstPersonExampleMap' with GeneratedClass '/Game/FirstPersonBP/Maps/FirstPersonExampleMap.FirstPersonExampleMap_C' with ClassGeneratedBy '/Game/FirstPersonBP/Maps/FirstPersonExampleMap.FirstPersonExampleMap:PersistentLevel.FirstPersonExampleMap'
[2017.02.20-22.44.33:181][315]LogPlayLevel: PlayLevel: No blueprints needed recompiling
[2017.02.20-22.44.33:181][315]PIE: New page: PIE session: FirstPersonExampleMap (Feb 20, 2017, 12:44:33 PM)
[2017.02.20-22.44.33:182][315]LogPlayLevel: Creating play world package: /Game/FirstPersonBP/Maps/UEDPIE_0_FirstPersonExampleMap
[2017.02.20-22.44.33:210][315]LogPlayLevel: PIE: StaticDuplicateObject took: (0.028149s)
[2017.02.20-22.44.33:210][315]LogAIModule: Creating AISystem for world FirstPersonExampleMap
[2017.02.20-22.44.33:211][315]LogPlayLevel: PIE: World Init took: (0.000802s)
[2017.02.20-22.44.33:211][315]LogPlayLevel: PIE: Created PIE world by copying editor world from /Game/FirstPersonBP/Maps/FirstPersonExampleMap.FirstPersonExampleMap to /Game/FirstPersonBP/Maps/UEDPIE_0_FirstPersonExampleMap.FirstPersonExampleMap (0.029254s)
[2017.02.20-22.44.33:240][315]LogInit: XAudio2 using 'Speakers (2- USB Audio Device)' : 2 channels at 44.1 kHz using 16 bits per sample (channel mask 0x3)
[2017.02.20-22.44.33:247][315]LogInit: FAudioDevice initialized.
[2017.02.20-22.44.33:326][315]LogLoad: Game class is 'FirstPersonGameMode_C'
[2017.02.20-22.44.33:329][315]LogWorld: Bringing World /Game/FirstPersonBP/Maps/UEDPIE_0_FirstPersonExampleMap.FirstPersonExampleMap up for play (max tick rate 0) at 2017.02.20-17.44.33
[2017.02.20-22.44.33:329][315]LogWorld: Bringing up level for play took: 0.002018
[2017.02.20-22.44.33:329][315]LogGameMode: Warning - PATHS NOT DEFINED or NO PLAYERSTART with positive rating
[2017.02.20-22.44.33:369][315]LogContentBrowser: Native class hierarchy updated for 'MovieSceneCapture' in 0.0005 seconds. Added 11 classes and 0 folders.
[2017.02.20-22.44.34:057][315]PIE: Info Play in editor start time for /Game/FirstPersonBP/Maps/UEDPIE_0_FirstPersonExampleMap 0.008
[2017.02.20-22.44.34:058][315]LogBlueprintUserMessages: Late PlayInEditor Detection: Level '/Game/FirstPersonBP/Maps/FirstPersonExampleMap.FirstPersonExampleMap:PersistentLevel' has LevelScriptBlueprint '/Game/FirstPersonBP/Maps/FirstPersonExampleMap.FirstPersonExampleMap:PersistentLevel.FirstPersonExampleMap' with GeneratedClass '/Game/FirstPersonBP/Maps/FirstPersonExampleMap.FirstPersonExampleMap_C' with ClassGeneratedBy '/Game/FirstPersonBP/Maps/FirstPersonExampleMap.FirstPersonExampleMap:PersistentLevel.FirstPersonExampleMap'
[2017.02.20-22.44.34:120][315]LogRenderer: Reallocating scene render targets to support 1352x756 NumSamples 1 (Frame:65509).
[2017.02.20-22.45.01:544][397]LogBlueprintUserMessages: Early EndPlayMap Detection: Level '/Game/FirstPersonBP/Maps/FirstPersonExampleMap.FirstPersonExampleMap:PersistentLevel' has LevelScriptBlueprint '/Game/FirstPersonBP/Maps/FirstPersonExampleMap.FirstPersonExampleMap:PersistentLevel.FirstPersonExampleMap' with GeneratedClass '/Game/FirstPersonBP/Maps/FirstPersonExampleMap.FirstPersonExampleMap_C' with ClassGeneratedBy '/Game/FirstPersonBP/Maps/FirstPersonExampleMap.FirstPersonExampleMap:PersistentLevel.FirstPersonExampleMap'
[2017.02.20-22.45.01:628][397]LogBlueprintUserMessages: Late EndPlayMap Detection: Level '/Game/FirstPersonBP/Maps/FirstPersonExampleMap.FirstPersonExampleMap:PersistentLevel' has LevelScriptBlueprint '/Game/FirstPersonBP/Maps/FirstPersonExampleMap.FirstPersonExampleMap:PersistentLevel.FirstPersonExampleMap' with GeneratedClass '/Game/FirstPersonBP/Maps/FirstPersonExampleMap.FirstPersonExampleMap_C' with ClassGeneratedBy '/Game/FirstPersonBP/Maps/FirstPersonExampleMap.FirstPersonExampleMap:PersistentLevel.FirstPersonExampleMap'
[2017.02.20-22.45.02:964][506]LogTemp: Repeting last play command: VR Preview
[2017.02.20-22.45.02:978][506]LogBlueprintUserMessages: Early PlayInEditor Detection: Level '/Game/FirstPersonBP/Maps/FirstPersonExampleMap.FirstPersonExampleMap:PersistentLevel' has LevelScriptBlueprint '/Game/FirstPersonBP/Maps/FirstPersonExampleMap.FirstPersonExampleMap:PersistentLevel.FirstPersonExampleMap' with GeneratedClass '/Game/FirstPersonBP/Maps/FirstPersonExampleMap.FirstPersonExampleMap_C' with ClassGeneratedBy '/Game/FirstPersonBP/Maps/FirstPersonExampleMap.FirstPersonExampleMap:PersistentLevel.FirstPersonExampleMap'
[2017.02.20-22.45.02:978][506]LogPlayLevel: PlayLevel: No blueprints needed recompiling
[2017.02.20-22.45.02:978][506]PIE: New page: PIE session: FirstPersonExampleMap (Feb 20, 2017, 12:45:02 PM)
[2017.02.20-22.45.02:979][506]LogPlayLevel: Creating play world package: /Game/FirstPersonBP/Maps/UEDPIE_0_FirstPersonExampleMap
[2017.02.20-22.45.03:005][506]LogPlayLevel: PIE: StaticDuplicateObject took: (0.026582s)
[2017.02.20-22.45.03:006][506]LogAIModule: Creating AISystem for world FirstPersonExampleMap
[2017.02.20-22.45.03:006][506]LogPlayLevel: PIE: World Init took: (0.000779s)
[2017.02.20-22.45.03:006][506]LogPlayLevel: PIE: Created PIE world by copying editor world from /Game/FirstPersonBP/Maps/FirstPersonExampleMap.FirstPersonExampleMap to /Game/FirstPersonBP/Maps/UEDPIE_0_FirstPersonExampleMap.FirstPersonExampleMap (0.027633s)
[2017.02.20-22.45.03:034][506]LogInit: XAudio2 using 'Speakers (2- USB Audio Device)' : 2 channels at 44.1 kHz using 16 bits per sample (channel mask 0x3)
[2017.02.20-22.45.03:040][506]LogInit: FAudioDevice initialized.
[2017.02.20-22.45.03:105][506]LogLoad: Game class is 'FirstPersonGameMode_C'
[2017.02.20-22.45.03:108][506]LogWorld: Bringing World /Game/FirstPersonBP/Maps/UEDPIE_0_FirstPersonExampleMap.FirstPersonExampleMap up for play (max tick rate 0) at 2017.02.20-17.45.03
[2017.02.20-22.45.03:108][506]LogWorld: Bringing up level for play took: 0.002014
[2017.02.20-22.45.03:108][506]LogGameMode: Warning - PATHS NOT DEFINED or NO PLAYERSTART with positive rating
[2017.02.20-22.45.03:770][506]PIE: Info Play in editor start time for /Game/FirstPersonBP/Maps/UEDPIE_0_FirstPersonExampleMap 1.722
[2017.02.20-22.45.03:771][506]LogBlueprintUserMessages: Late PlayInEditor Detection: Level '/Game/FirstPersonBP/Maps/FirstPersonExampleMap.FirstPersonExampleMap:PersistentLevel' has LevelScriptBlueprint '/Game/FirstPersonBP/Maps/FirstPersonExampleMap.FirstPersonExampleMap:PersistentLevel.FirstPersonExampleMap' with GeneratedClass '/Game/FirstPersonBP/Maps/FirstPersonExampleMap.FirstPersonExampleMap_C' with ClassGeneratedBy '/Game/FirstPersonBP/Maps/FirstPersonExampleMap.FirstPersonExampleMap:PersistentLevel.FirstPersonExampleMap'
[2017.02.20-22.45.09:614][939]LogBlueprintUserMessages: Early EndPlayMap Detection: Level '/Game/FirstPersonBP/Maps/FirstPersonExampleMap.FirstPersonExampleMap:PersistentLevel' has LevelScriptBlueprint '/Game/FirstPersonBP/Maps/FirstPersonExampleMap.FirstPersonExampleMap:PersistentLevel.FirstPersonExampleMap' with GeneratedClass '/Game/FirstPersonBP/Maps/FirstPersonExampleMap.FirstPersonExampleMap_C' with ClassGeneratedBy '/Game/FirstPersonBP/Maps/FirstPersonExampleMap.FirstPersonExampleMap:PersistentLevel.FirstPersonExampleMap'
[2017.02.20-22.45.09:700][939]LogBlueprintUserMessages: Late EndPlayMap Detection: Level '/Game/FirstPersonBP/Maps/FirstPersonExampleMap.FirstPersonExampleMap:PersistentLevel' has LevelScriptBlueprint '/Game/FirstPersonBP/Maps/FirstPersonExampleMap.FirstPersonExampleMap:PersistentLevel.FirstPersonExampleMap' with GeneratedClass '/Game/FirstPersonBP/Maps/FirstPersonExampleMap.FirstPersonExampleMap_C' with ClassGeneratedBy '/Game/FirstPersonBP/Maps/FirstPersonExampleMap.FirstPersonExampleMap:PersistentLevel.FirstPersonExampleMap'
[2017.02.20-22.45.12:066][144]LogBlueprintUserMessages: Early PlayInEditor Detection: Level '/Game/FirstPersonBP/Maps/FirstPersonExampleMap.FirstPersonExampleMap:PersistentLevel' has LevelScriptBlueprint '/Game/FirstPersonBP/Maps/FirstPersonExampleMap.FirstPersonExampleMap:PersistentLevel.FirstPersonExampleMap' with GeneratedClass '/Game/FirstPersonBP/Maps/FirstPersonExampleMap.FirstPersonExampleMap_C' with ClassGeneratedBy '/Game/FirstPersonBP/Maps/FirstPersonExampleMap.FirstPersonExampleMap:PersistentLevel.FirstPersonExampleMap'
[2017.02.20-22.45.12:066][144]LogPlayLevel: PlayLevel: No blueprints needed recompiling
[2017.02.20-22.45.12:066][144]PIE: New page: PIE session: FirstPersonExampleMap (Feb 20, 2017, 12:45:12 PM)
[2017.02.20-22.45.12:066][144]LogPlayLevel: Creating play world package: /Game/FirstPersonBP/Maps/UEDPIE_0_FirstPersonExampleMap
[2017.02.20-22.45.12:094][144]LogPlayLevel: PIE: StaticDuplicateObject took: (0.027625s)
[2017.02.20-22.45.12:094][144]LogAIModule: Creating AISystem for world FirstPersonExampleMap
[2017.02.20-22.45.12:094][144]LogPlayLevel: PIE: World Init took: (0.000729s)
[2017.02.20-22.45.12:095][144]LogPlayLevel: PIE: Created PIE world by copying editor world from /Game/FirstPersonBP/Maps/FirstPersonExampleMap.FirstPersonExampleMap to /Game/FirstPersonBP/Maps/UEDPIE_0_FirstPersonExampleMap.FirstPersonExampleMap (0.028623s)
[2017.02.20-22.45.12:127][144]LogInit: XAudio2 using 'Speakers (2- USB Audio Device)' : 2 channels at 44.1 kHz using 16 bits per sample (channel mask 0x3)
[2017.02.20-22.45.12:133][144]LogInit: FAudioDevice initialized.
[2017.02.20-22.45.12:166][144]LogLoad: Game class is 'FirstPersonGameMode_C'
[2017.02.20-22.45.12:168][144]LogWorld: Bringing World /Game/FirstPersonBP/Maps/UEDPIE_0_FirstPersonExampleMap.FirstPersonExampleMap up for play (max tick rate 0) at 2017.02.20-17.45.12
[2017.02.20-22.45.12:169][144]LogWorld: Bringing up level for play took: 0.002032
[2017.02.20-22.45.12:169][144]LogGameMode: Warning - PATHS NOT DEFINED or NO PLAYERSTART with positive rating
[2017.02.20-22.45.12:813][144]PIE: Info Play in editor start time for /Game/FirstPersonBP/Maps/UEDPIE_0_FirstPersonExampleMap 0.764
[2017.02.20-22.45.12:813][144]LogBlueprintUserMessages: Late PlayInEditor Detection: Level '/Game/FirstPersonBP/Maps/FirstPersonExampleMap.FirstPersonExampleMap:PersistentLevel' has LevelScriptBlueprint '/Game/FirstPersonBP/Maps/FirstPersonExampleMap.FirstPersonExampleMap:PersistentLevel.FirstPersonExampleMap' with GeneratedClass '/Game/FirstPersonBP/Maps/FirstPersonExampleMap.FirstPersonExampleMap_C' with ClassGeneratedBy '/Game/FirstPersonBP/Maps/FirstPersonExampleMap.FirstPersonExampleMap:PersistentLevel.FirstPersonExampleMap'
[2017.02.20-22.45.13:940][236]LogBlueprintUserMessages: Early EndPlayMap Detection: Level '/Game/FirstPersonBP/Maps/FirstPersonExampleMap.FirstPersonExampleMap:PersistentLevel' has LevelScriptBlueprint '/Game/FirstPersonBP/Maps/FirstPersonExampleMap.FirstPersonExampleMap:PersistentLevel.FirstPersonExampleMap' with GeneratedClass '/Game/FirstPersonBP/Maps/FirstPersonExampleMap.FirstPersonExampleMap_C' with ClassGeneratedBy '/Game/FirstPersonBP/Maps/FirstPersonExampleMap.FirstPersonExampleMap:PersistentLevel.FirstPersonExampleMap'
[2017.02.20-22.45.14:028][236]LogBlueprintUserMessages: Late EndPlayMap Detection: Level '/Game/FirstPersonBP/Maps/FirstPersonExampleMap.FirstPersonExampleMap:PersistentLevel' has LevelScriptBlueprint '/Game/FirstPersonBP/Maps/FirstPersonExampleMap.FirstPersonExampleMap:PersistentLevel.FirstPersonExampleMap' with GeneratedClass '/Game/FirstPersonBP/Maps/FirstPersonExampleMap.FirstPersonExampleMap_C' with ClassGeneratedBy '/Game/FirstPersonBP/Maps/FirstPersonExampleMap.FirstPersonExampleMap:PersistentLevel.FirstPersonExampleMap'
[2017.02.20-22.45.16:754][475]LogBlueprintUserMessages: Early PlayInEditor Detection: Level '/Game/FirstPersonBP/Maps/FirstPersonExampleMap.FirstPersonExampleMap:PersistentLevel' has LevelScriptBlueprint '/Game/FirstPersonBP/Maps/FirstPersonExampleMap.FirstPersonExampleMap:PersistentLevel.FirstPersonExampleMap' with GeneratedClass '/Game/FirstPersonBP/Maps/FirstPersonExampleMap.FirstPersonExampleMap_C' with ClassGeneratedBy '/Game/FirstPersonBP/Maps/FirstPersonExampleMap.FirstPersonExampleMap:PersistentLevel.FirstPersonExampleMap'
[2017.02.20-22.45.16:755][475]LogPlayLevel: PlayLevel: No blueprints needed recompiling
[2017.02.20-22.45.16:755][475]PIE: New page: PIE session: FirstPersonExampleMap (Feb 20, 2017, 12:45:16 PM)
[2017.02.20-22.45.16:755][475]LogPlayLevel: Creating play world package: /Game/FirstPersonBP/Maps/UEDPIE_0_FirstPersonExampleMap
[2017.02.20-22.45.16:783][475]LogPlayLevel: PIE: StaticDuplicateObject took: (0.028089s)
[2017.02.20-22.45.16:783][475]LogAIModule: Creating AISystem for world FirstPersonExampleMap
[2017.02.20-22.45.16:784][475]LogPlayLevel: PIE: World Init took: (0.000701s)
[2017.02.20-22.45.16:784][475]LogPlayLevel: PIE: Created PIE world by copying editor world from /Game/FirstPersonBP/Maps/FirstPersonExampleMap.FirstPersonExampleMap to /Game/FirstPersonBP/Maps/UEDPIE_0_FirstPersonExampleMap.FirstPersonExampleMap (0.029066s)
[2017.02.20-22.45.16:811][475]LogInit: XAudio2 using 'Speakers (2- USB Audio Device)' : 2 channels at 44.1 kHz using 16 bits per sample (channel mask 0x3)
[2017.02.20-22.45.16:817][475]LogInit: FAudioDevice initialized.
[2017.02.20-22.45.16:876][475]LogLoad: Game class is 'FirstPersonGameMode_C'
[2017.02.20-22.45.16:878][475]LogWorld: Bringing World /Game/FirstPersonBP/Maps/UEDPIE_0_FirstPersonExampleMap.FirstPersonExampleMap up for play (max tick rate 0) at 2017.02.20-17.45.16
[2017.02.20-22.45.16:879][475]LogWorld: Bringing up level for play took: 0.002191
[2017.02.20-22.45.16:879][475]LogGameMode: Warning - PATHS NOT DEFINED or NO PLAYERSTART with positive rating
[2017.02.20-22.45.17:551][475]PIE: Info Play in editor start time for /Game/FirstPersonBP/Maps/UEDPIE_0_FirstPersonExampleMap 1.502
[2017.02.20-22.45.17:552][475]LogBlueprintUserMessages: Late PlayInEditor Detection: Level '/Game/FirstPersonBP/Maps/FirstPersonExampleMap.FirstPersonExampleMap:PersistentLevel' has LevelScriptBlueprint '/Game/FirstPersonBP/Maps/FirstPersonExampleMap.FirstPersonExampleMap:PersistentLevel.FirstPersonExampleMap' with GeneratedClass '/Game/FirstPersonBP/Maps/FirstPersonExampleMap.FirstPersonExampleMap_C' with ClassGeneratedBy '/Game/FirstPersonBP/Maps/FirstPersonExampleMap.FirstPersonExampleMap:PersistentLevel.FirstPersonExampleMap'
[2017.02.20-22.45.46:765][713]LogBlueprintUserMessages: Early EndPlayMap Detection: Level '/Game/FirstPersonBP/Maps/FirstPersonExampleMap.FirstPersonExampleMap:PersistentLevel' has LevelScriptBlueprint '/Game/FirstPersonBP/Maps/FirstPersonExampleMap.FirstPersonExampleMap:PersistentLevel.FirstPersonExampleMap' with GeneratedClass '/Game/FirstPersonBP/Maps/FirstPersonExampleMap.FirstPersonExampleMap_C' with ClassGeneratedBy '/Game/FirstPersonBP/Maps/FirstPersonExampleMap.FirstPersonExampleMap:PersistentLevel.FirstPersonExampleMap'
[2017.02.20-22.45.46:851][713]LogBlueprintUserMessages: Late EndPlayMap Detection: Level '/Game/FirstPersonBP/Maps/FirstPersonExampleMap.FirstPersonExampleMap:PersistentLevel' has LevelScriptBlueprint '/Game/FirstPersonBP/Maps/FirstPersonExampleMap.FirstPersonExampleMap:PersistentLevel.FirstPersonExampleMap' with GeneratedClass '/Game/FirstPersonBP/Maps/FirstPersonExampleMap.FirstPersonExampleMap_C' with ClassGeneratedBy '/Game/FirstPersonBP/Maps/FirstPersonExampleMap.FirstPersonExampleMap:PersistentLevel.FirstPersonExampleMap'
[2017.02.20-22.45.56:763][676]LogTemp: Repeting last play command: VR Preview
[2017.02.20-22.45.56:778][676]LogBlueprintUserMessages: Early PlayInEditor Detection: Level '/Game/FirstPersonBP/Maps/FirstPersonExampleMap.FirstPersonExampleMap:PersistentLevel' has LevelScriptBlueprint '/Game/FirstPersonBP/Maps/FirstPersonExampleMap.FirstPersonExampleMap:PersistentLevel.FirstPersonExampleMap' with GeneratedClass '/Game/FirstPersonBP/Maps/FirstPersonExampleMap.FirstPersonExampleMap_C' with ClassGeneratedBy '/Game/FirstPersonBP/Maps/FirstPersonExampleMap.FirstPersonExampleMap:PersistentLevel.FirstPersonExampleMap'
[2017.02.20-22.45.56:778][676]LogPlayLevel: PlayLevel: No blueprints needed recompiling
[2017.02.20-22.45.56:778][676]PIE: New page: PIE session: FirstPersonExampleMap (Feb 20, 2017, 12:45:56 PM)
[2017.02.20-22.45.56:778][676]LogPlayLevel: Creating play world package: /Game/FirstPersonBP/Maps/UEDPIE_0_FirstPersonExampleMap
[2017.02.20-22.45.56:806][676]LogPlayLevel: PIE: StaticDuplicateObject took: (0.027990s)
[2017.02.20-22.45.56:807][676]LogAIModule: Creating AISystem for world FirstPersonExampleMap
[2017.02.20-22.45.56:807][676]LogPlayLevel: PIE: World Init took: (0.000816s)
[2017.02.20-22.45.56:807][676]LogPlayLevel: PIE: Created PIE world by copying editor world from /Game/FirstPersonBP/Maps/FirstPersonExampleMap.FirstPersonExampleMap to /Game/FirstPersonBP/Maps/UEDPIE_0_FirstPersonExampleMap.FirstPersonExampleMap (0.029060s)
[2017.02.20-22.45.56:834][676]LogInit: XAudio2 using 'Speakers (2- USB Audio Device)' : 2 channels at 44.1 kHz using 16 bits per sample (channel mask 0x3)
[2017.02.20-22.45.56:840][676]LogInit: FAudioDevice initialized.
[2017.02.20-22.45.56:904][676]LogLoad: Game class is 'FirstPersonGameMode_C'
[2017.02.20-22.45.56:907][676]LogWorld: Bringing World /Game/FirstPersonBP/Maps/UEDPIE_0_FirstPersonExampleMap.FirstPersonExampleMap up for play (max tick rate 0) at 2017.02.20-17.45.56
[2017.02.20-22.45.56:907][676]LogWorld: Bringing up level for play took: 0.001946
[2017.02.20-22.45.56:907][676]LogGameMode: Warning - PATHS NOT DEFINED or NO PLAYERSTART with positive rating
[2017.02.20-22.45.57:577][676]PIE: Info Play in editor start time for /Game/FirstPersonBP/Maps/UEDPIE_0_FirstPersonExampleMap 1.528
[2017.02.20-22.45.57:578][676]LogBlueprintUserMessages: Late PlayInEditor Detection: Level '/Game/FirstPersonBP/Maps/FirstPersonExampleMap.FirstPersonExampleMap:PersistentLevel' has LevelScriptBlueprint '/Game/FirstPersonBP/Maps/FirstPersonExampleMap.FirstPersonExampleMap:PersistentLevel.FirstPersonExampleMap' with GeneratedClass '/Game/FirstPersonBP/Maps/FirstPersonExampleMap.FirstPersonExampleMap_C' with ClassGeneratedBy '/Game/FirstPersonBP/Maps/FirstPersonExampleMap.FirstPersonExampleMap:PersistentLevel.FirstPersonExampleMap'
[2017.02.20-22.46.00:419][881]LogBlueprintUserMessages: Early EndPlayMap Detection: Level '/Game/FirstPersonBP/Maps/FirstPersonExampleMap.FirstPersonExampleMap:PersistentLevel' has LevelScriptBlueprint '/Game/FirstPersonBP/Maps/FirstPersonExampleMap.FirstPersonExampleMap:PersistentLevel.FirstPersonExampleMap' with GeneratedClass '/Game/FirstPersonBP/Maps/FirstPersonExampleMap.FirstPersonExampleMap_C' with ClassGeneratedBy '/Game/FirstPersonBP/Maps/FirstPersonExampleMap.FirstPersonExampleMap:PersistentLevel.FirstPersonExampleMap'
[2017.02.20-22.46.00:505][881]LogBlueprintUserMessages: Late EndPlayMap Detection: Level '/Game/FirstPersonBP/Maps/FirstPersonExampleMap.FirstPersonExampleMap:PersistentLevel' has LevelScriptBlueprint '/Game/FirstPersonBP/Maps/FirstPersonExampleMap.FirstPersonExampleMap:PersistentLevel.FirstPersonExampleMap' with GeneratedClass '/Game/FirstPersonBP/Maps/FirstPersonExampleMap.FirstPersonExampleMap_C' with ClassGeneratedBy '/Game/FirstPersonBP/Maps/FirstPersonExampleMap.FirstPersonExampleMap:PersistentLevel.FirstPersonExampleMap'
[2017.02.20-22.46.19:253][  6]LogSavePackage: Save=112.70ms
[2017.02.20-22.46.19:253][  6]LogSavePackage: Moving '../../../../../../Users/SIG/Documents/Unreal Projects/CIS568VRYPaint_lvl/Saved/FirstPersonExampleMap60821A354BB41C103E582584E34B5AD0.tmp' to '../../../../../../Users/SIG/Documents/Unreal Projects/CIS568VRYPaint_lvl/Content/FirstPersonBP/Maps/FirstPersonExampleMap.umap'
[2017.02.20-22.46.19:259][  6]LogSavePackage:Display: Finished SavePackage ../../../../../../Users/SIG/Documents/Unreal Projects/CIS568VRYPaint_lvl/Content/FirstPersonBP/Maps/FirstPersonExampleMap.umap
[2017.02.20-22.46.19:518][  6]LogSavePackage: Save=202.15ms
[2017.02.20-22.46.19:518][  6]LogSavePackage: Moving '../../../../../../Users/SIG/Documents/Unreal Projects/CIS568VRYPaint_lvl/Saved/FirstPersonExampleMap_BuiltData0A6A6D8244C54B5EBC4BCDB023A0CDED.tmp' to '../../../../../../Users/SIG/Documents/Unreal Projects/CIS568VRYPaint_lvl/Content/FirstPersonBP/Maps/FirstPersonExampleMap_BuiltData.uasset'
[2017.02.20-22.46.19:519][  6]LogSavePackage:Display: Finished SavePackage ../../../../../../Users/SIG/Documents/Unreal Projects/CIS568VRYPaint_lvl/Content/FirstPersonBP/Maps/FirstPersonExampleMap_BuiltData.uasset
[2017.02.20-22.46.23:391][169]LogSavePackage: Save=92.08ms
[2017.02.20-22.46.23:391][169]LogSavePackage: Moving '../../../../../../Users/SIG/Documents/Unreal Projects/CIS568VRYPaint_lvl/Saved/FirstPersonCharacter40905BED49AF2305A93257953E703C5D.tmp' to '../../../../../../Users/SIG/Documents/Unreal Projects/CIS568VRYPaint_lvl/Content/FirstPersonBP/Blueprints/Bow/FirstPersonCharacter.uasset'
[2017.02.20-22.46.23:393][169]LogSavePackage:Display: Finished SavePackage ../../../../../../Users/SIG/Documents/Unreal Projects/CIS568VRYPaint_lvl/Content/FirstPersonBP/Blueprints/Bow/FirstPersonCharacter.uasset
[2017.02.20-22.46.23:473][169]LogWindowsTextInputMethodSystem:Display: IME system now deactivated.
[2017.02.20-22.46.23:653][170]Cmd: QUIT_EDITOR
[2017.02.20-22.46.23:810][170]LogExit: Preparing to exit.
[2017.02.20-22.46.24:986][170]LogDirectoryWatcher: A directory notification for 'C:/Users/SIG/Documents/Unreal Projects/CIS568VRYPaint_lvl/Content/' was aborted.
[2017.02.20-22.46.25:019][170]LogExit: Editor shut down
[2017.02.20-22.46.25:019][170]LogExit: Transaction tracking system shut down
[2017.02.20-22.46.25:116][170]LogObj: Freed 0b from 0 cluster array pools.
[2017.02.20-22.46.25:117][170]LogExit: Object subsystem successfully closed.
[2017.02.20-22.46.25:135][170]LogD3D11RHI: Shutdown
[2017.02.20-22.46.25:135][170]LogD3D11RHI: CleanupD3DDevice
[2017.02.20-22.46.25:212][170]LogD3D11RHI: ~FD3D11DynamicRHI
[2017.02.20-22.46.25:225][170]LogHttp:Display: Http module shutting down, but needs to wait on 1 outstanding Http requests:
[2017.02.20-22.46.25:225][170]LogHttp:Display: 	verb=[POST] url=[https://datarouter.ol.epicgames.com/datarouter/api/v1/public/data?SessionID=%7B9C21065F-4BFA-E7C6-144F-18A2D05E2875%7D&AppID=UEEditor.Rocket.Release&AppVersion=4.14.3-3249277%2B%2B%2BUE4%2BRelease-4.14&UserID=7e93ef12497a2351dc5eed8d87531828%7C593f397c90d04df9bf9acb715709aceb%7C88a06740-65ed-4850-9d98-4b8996ea80b4&AppEnvironment=datacollector-binary&UploadType=eteventstream] status=Processing
[2017.02.20-22.46.25:259][170]LogModuleManager: Shutting down and abandoning module MovieSceneCapture (246)
[2017.02.20-22.46.25:259][170]LogModuleManager: Shutting down and abandoning module BlueprintGraph (245)
[2017.02.20-22.46.25:259][170]LogModuleManager: Shutting down and abandoning module BlueprintProfiler (244)
[2017.02.20-22.46.25:259][170]LogModuleManager: Shutting down and abandoning module HierarchicalLODOutliner (243)
[2017.02.20-22.46.25:259][170]LogModuleManager: Shutting down and abandoning module CrashTracker (242)
[2017.02.20-22.46.25:259][170]LogModuleManager: Shutting down and abandoning module SceneOutliner (241)
[2017.02.20-22.46.25:259][170]LogModuleManager: Shutting down and abandoning module WidgetCarousel (240)
[2017.02.20-22.46.25:259][170]LogModuleManager: Shutting down and abandoning module AddContentDialog (239)
[2017.02.20-22.46.25:259][170]LogDirectoryWatcher: A directory notification for 'C:/Program Files/Epic Games/UE_4.14/FeaturePacks/' was aborted.
[2017.02.20-22.46.25:261][170]LogModuleManager: Shutting down and abandoning module GameplayTags (238)
[2017.02.20-22.46.25:261][170]LogModuleManager: Shutting down and abandoning module EditorWidgets (237)
[2017.02.20-22.46.25:261][170]LogModuleManager: Shutting down and abandoning module CollectionManager (236)
[2017.02.20-22.46.25:261][170]LogDirectoryWatcher: A directory notification for 'C:/Users/SIG/Documents/Unreal Projects/CIS568VRYPaint_lvl/Content/Collections/' was aborted.
[2017.02.20-22.46.25:261][170]LogDirectoryWatcher: A directory notification for 'C:/Users/SIG/Documents/Unreal Projects/CIS568VRYPaint_lvl/Content/Developers/SIG/Collections/' was aborted.
[2017.02.20-22.46.25:261][170]LogDirectoryWatcher: A directory notification for 'C:/Users/SIG/Documents/Unreal Projects/CIS568VRYPaint_lvl/Saved/Collections/' was aborted.
[2017.02.20-22.46.25:261][170]LogModuleManager: Shutting down and abandoning module StatsViewer (235)
[2017.02.20-22.46.25:261][170]LogModuleManager: Shutting down and abandoning module FoliageEdit (234)
[2017.02.20-22.46.25:261][170]LogModuleManager: Shutting down and abandoning module LandscapeEditor (233)
[2017.02.20-22.46.25:262][170]LogModuleManager: Shutting down and abandoning module SceneDepthPickerMode (232)
[2017.02.20-22.46.25:262][170]LogModuleManager: Shutting down and abandoning module ActorPickerMode (231)
[2017.02.20-22.46.25:262][170]LogModuleManager: Shutting down and abandoning module GeometryMode (230)
[2017.02.20-22.46.25:262][170]LogModuleManager: Shutting down and abandoning module TextureAlignMode (229)
[2017.02.20-22.46.25:262][170]LogModuleManager: Shutting down and abandoning module BspMode (228)
[2017.02.20-22.46.25:262][170]LogModuleManager: Shutting down and abandoning module HardwareSurvey (227)
[2017.02.20-22.46.25:262][170]LogModuleManager: Shutting down and abandoning module SequenceRecorderSections (226)
[2017.02.20-22.46.25:262][170]LogModuleManager: Shutting down and abandoning module AutomationWorker (225)
[2017.02.20-22.46.25:262][170]LogModuleManager: Shutting down and abandoning module MatineeToLevelSequence (224)
[2017.02.20-22.46.25:262][170]LogModuleManager: Shutting down and abandoning module PlacementMode (223)
[2017.02.20-22.46.25:262][170]LogModuleManager: Shutting down and abandoning module LevelSequenceEditor (222)
[2017.02.20-22.46.25:262][170]LogModuleManager: Shutting down and abandoning module WmfMediaFactory (221)
[2017.02.20-22.46.25:262][170]LogModuleManager: Shutting down and abandoning module WmfMediaEditor (220)
[2017.02.20-22.46.25:262][170]LogModuleManager: Shutting down and abandoning module AvfMediaFactory (219)
[2017.02.20-22.46.25:262][170]LogModuleManager: Shutting down and abandoning module AvfMediaEditor (218)
[2017.02.20-22.46.25:262][170]LogModuleManager: Shutting down and abandoning module Media (217)
[2017.02.20-22.46.25:262][170]LogModuleManager: Shutting down and abandoning module AndroidMediaFactory (216)
[2017.02.20-22.46.25:262][170]LogModuleManager: Shutting down and abandoning module AndroidMediaEditor (215)
[2017.02.20-22.46.25:262][170]LogModuleManager: Shutting down and abandoning module CharacterAI (214)
[2017.02.20-22.46.25:262][170]LogModuleManager: Shutting down and abandoning module SequenceRecorder (213)
[2017.02.20-22.46.25:262][170]LogModuleManager: Shutting down and abandoning module AudioCapture (212)
[2017.02.20-22.46.25:262][170]LogModuleManager: Shutting down and abandoning module SmartSnapping (211)
[2017.02.20-22.46.25:262][170]LogModuleManager: Shutting down and abandoning module SessionServices (210)
[2017.02.20-22.46.25:262][170]LogModuleManager: Shutting down and abandoning module ViewportSnapping (209)
[2017.02.20-22.46.25:262][170]LogModuleManager: Shutting down and abandoning module ViewportInteraction (208)
[2017.02.20-22.46.25:262][170]LogModuleManager: Shutting down and abandoning module LogVisualizer (207)
[2017.02.20-22.46.25:262][170]LogModuleManager: Shutting down and abandoning module GameProjectGeneration (206)
[2017.02.20-22.46.25:262][170]LogModuleManager: Shutting down and abandoning module IntroTutorials (205)
[2017.02.20-22.46.25:262][170]LogModuleManager: Shutting down and abandoning module EditorLiveStreaming (204)
[2017.02.20-22.46.25:262][170]LogModuleManager: Shutting down and abandoning module IOSPlatformEditor (203)
[2017.02.20-22.46.25:262][170]LogModuleManager: Shutting down and abandoning module HTML5PlatformEditor (202)
[2017.02.20-22.46.25:262][170]LogModuleManager: Shutting down and abandoning module AndroidDeviceDetection (201)
[2017.02.20-22.46.26:111][170]LogModuleManager: Shutting down and abandoning module AndroidPlatformEditor (200)
[2017.02.20-22.46.26:111][170]LogModuleManager: Shutting down and abandoning module IOSRuntimeSettings (199)
[2017.02.20-22.46.26:111][170]LogModuleManager: Shutting down and abandoning module AndroidRuntimeSettings (198)
[2017.02.20-22.46.26:111][170]LogModuleManager: Shutting down and abandoning module InputBindingEditor (197)
[2017.02.20-22.46.26:111][170]LogModuleManager: Shutting down and abandoning module NiagaraEditor (196)
[2017.02.20-22.46.26:111][170]LogModuleManager: Shutting down and abandoning module MergeActors (195)
[2017.02.20-22.46.26:111][170]LogModuleManager: Shutting down and abandoning module SizeMap (194)
[2017.02.20-22.46.26:111][170]LogModuleManager: Shutting down and abandoning module TreeMap (193)
[2017.02.20-22.46.26:111][170]LogModuleManager: Shutting down and abandoning module ReferenceViewer (192)
[2017.02.20-22.46.26:111][170]LogModuleManager: Shutting down and abandoning module LocalizationService (191)
[2017.02.20-22.46.26:111][170]LogModuleManager: Shutting down and abandoning module LocalizationDashboard (190)
[2017.02.20-22.46.26:111][170]LogModuleManager: Shutting down and abandoning module HardwareTargeting (189)
[2017.02.20-22.46.26:111][170]LogModuleManager: Shutting down and abandoning module DeviceProfileEditor (188)
[2017.02.20-22.46.26:111][170]LogModuleManager: Shutting down and abandoning module UndoHistory (187)
[2017.02.20-22.46.26:111][170]LogModuleManager: Shutting down and abandoning module UserFeedback (186)
[2017.02.20-22.46.26:111][170]LogModuleManager: Shutting down and abandoning module XmlParser (185)
[2017.02.20-22.46.26:111][170]LogModuleManager: Shutting down and abandoning module Blutility (184)
[2017.02.20-22.46.26:111][170]LogModuleManager: Shutting down and abandoning module ProjectTargetPlatformEditor (183)
[2017.02.20-22.46.26:111][170]LogModuleManager: Shutting down and abandoning module ProjectSettingsViewer (182)
[2017.02.20-22.46.26:111][170]LogModuleManager: Shutting down and abandoning module EditorSettingsViewer (181)
[2017.02.20-22.46.26:111][170]LogModuleManager: Shutting down and abandoning module SettingsEditor (180)
[2017.02.20-22.46.26:111][170]LogModuleManager: Shutting down and abandoning module ProjectLauncher (179)
[2017.02.20-22.46.26:111][170]LogModuleManager: Shutting down and abandoning module SessionFrontend (178)
[2017.02.20-22.46.26:111][170]LogModuleManager: Shutting down and abandoning module ProfilerClient (177)
[2017.02.20-22.46.26:111][170]LogModuleManager: Shutting down and abandoning module TargetDeviceServices (176)
[2017.02.20-22.46.26:111][170]LogModuleManager: Shutting down and abandoning module DeviceManager (175)
[2017.02.20-22.46.26:165][170]LogModuleManager: Shutting down and abandoning module AutomationController (174)
[2017.02.20-22.46.26:165][170]LogModuleManager: Shutting down and abandoning module AutomationWindow (173)
[2017.02.20-22.46.26:165][170]LogModuleManager: Shutting down and abandoning module Layers (172)
[2017.02.20-22.46.26:165][170]LogModuleManager: Shutting down and abandoning module ComponentVisualizers (171)
[2017.02.20-22.46.26:165][170]LogModuleManager: Shutting down and abandoning module DetailCustomizations (170)
[2017.02.20-22.46.26:165][170]LogModuleManager: Shutting down and abandoning module PackagesDialog (169)
[2017.02.20-22.46.26:165][170]LogModuleManager: Shutting down and abandoning module AnimGraph (168)
[2017.02.20-22.46.26:165][170]LogModuleManager: Shutting down and abandoning module Persona (167)
[2017.02.20-22.46.26:165][170]LogModuleManager: Shutting down and abandoning module Kismet (166)
[2017.02.20-22.46.26:171][170]LogModuleManager: Shutting down and abandoning module GraphEditor (165)
[2017.02.20-22.46.26:171][170]LogModuleManager: Shutting down and abandoning module ClassViewer (164)
[2017.02.20-22.46.26:172][170]LogModuleManager: Shutting down and abandoning module Toolbox (163)
[2017.02.20-22.46.26:172][170]LogModuleManager: Shutting down and abandoning module ModuleUI (162)
[2017.02.20-22.46.26:172][170]LogModuleManager: Shutting down and abandoning module MovieSceneTools (161)
[2017.02.20-22.46.26:172][170]LogModuleManager: Shutting down and abandoning module OutputLog (160)
[2017.02.20-22.46.26:172][170]LogModuleManager: Shutting down and abandoning module GammaUI (159)
[2017.02.20-22.46.26:172][170]LogModuleManager: Shutting down and abandoning module Documentation (158)
[2017.02.20-22.46.26:172][170]LogModuleManager: Shutting down and abandoning module Niagara (157)
[2017.02.20-22.46.26:172][170]LogModuleManager: Shutting down and abandoning module StreamingPauseRendering (156)
[2017.02.20-22.46.26:172][170]LogModuleManager: Shutting down and abandoning module AnalyticsET (155)
[2017.02.20-22.46.26:172][170]LogModuleManager: Shutting down and abandoning module PortalServices (154)
[2017.02.20-22.46.26:172][170]LogModuleManager: Shutting down and abandoning module PortalRpc (153)
[2017.02.20-22.46.26:172][170]LogModuleManager: Shutting down and abandoning module MessagingRpc (152)
[2017.02.20-22.46.26:172][170]LogModuleManager: Shutting down and abandoning module GameplayDebugger (151)
[2017.02.20-22.46.26:172][170]LogModuleManager: Shutting down and abandoning module AITestSuite (150)
[2017.02.20-22.46.26:172][170]LogModuleManager: Shutting down and abandoning module AIModule (149)
[2017.02.20-22.46.26:172][170]LogModuleManager: Shutting down and abandoning module ProfilerService (148)
[2017.02.20-22.46.26:308][170]LogModuleManager: Shutting down and abandoning module TaskGraph (147)
[2017.02.20-22.46.26:308][170]LogModuleManager: Shutting down and abandoning module SubstanceEditor (146)
[2017.02.20-22.46.26:308][170]LogModuleManager: Shutting down and abandoning module SlateRemote (145)
[2017.02.20-22.46.26:308][170]LogModuleManager: Shutting down and abandoning module SteamVRController (144)
[2017.02.20-22.46.26:308][170]LogModuleManager: Shutting down and abandoning module SteamVR (143)
[2017.02.20-22.46.26:308][170]LogModuleManager: Shutting down and abandoning module ProceduralMeshComponentEditor (142)
[2017.02.20-22.46.26:308][170]LogModuleManager: Shutting down and abandoning module ProceduralMeshComponent (141)
[2017.02.20-22.46.26:308][170]LogModuleManager: Shutting down and abandoning module OculusLibrary (140)
[2017.02.20-22.46.26:308][170]LogModuleManager: Shutting down and abandoning module OculusInput (139)
[2017.02.20-22.46.26:308][170]LogModuleManager: Shutting down and abandoning module MobilePatchingUtils (138)
[2017.02.20-22.46.26:308][170]LogModuleManager: Shutting down and abandoning module CustomMeshComponent (137)
[2017.02.20-22.46.26:308][170]LogModuleManager: Shutting down and abandoning module CableComponent (136)
[2017.02.20-22.46.26:308][170]LogModuleManager: Shutting down and abandoning module ArchVisCharacter (135)
[2017.02.20-22.46.26:308][170]LogModuleManager: Shutting down and abandoning module MediaPlayerEditor (133)
[2017.02.20-22.46.26:308][170]LogModuleManager: Shutting down and abandoning module HTML5Networking (132)
[2017.02.20-22.46.26:308][170]LogModuleManager: Shutting down and abandoning module GeometryCacheEd (131)
[2017.02.20-22.46.26:308][170]LogModuleManager: Shutting down and abandoning module GeometryCache (130)
[2017.02.20-22.46.26:308][170]LogModuleManager: Shutting down and abandoning module AlembicLibrary (129)
[2017.02.20-22.46.26:308][170]LogModuleManager: Shutting down and abandoning module AlembicImporter (128)
[2017.02.20-22.46.26:308][170]LogModuleManager: Shutting down and abandoning module SuperSearch (127)
[2017.02.20-22.46.26:308][170]LogModuleManager: Shutting down and abandoning module SuperSearchEditor (126)
[2017.02.20-22.46.26:308][170]LogModuleManager: Shutting down and abandoning module SpeedTreeImporter (125)
[2017.02.20-22.46.26:308][170]LogModuleManager: Shutting down and abandoning module PluginBrowser (124)
[2017.02.20-22.46.26:308][170]LogModuleManager: Shutting down and abandoning module MobileLauncherProfileWizard (123)
[2017.02.20-22.46.26:308][170]LogModuleManager: Shutting down and abandoning module EpicSurvey (122)
[2017.02.20-22.46.26:308][170]LogModuleManager: Shutting down and abandoning module DesktopPlatform (121)
[2017.02.20-22.46.26:308][170]LogModuleManager: Shutting down and abandoning module VisualStudioSourceCodeAccess (120)
[2017.02.20-22.46.26:308][170]LogModuleManager: Shutting down and abandoning module UObjectPlugin (119)
[2017.02.20-22.46.26:308][170]LogModuleManager: Shutting down and abandoning module SubversionSourceControl (118)
[2017.02.20-22.46.26:309][170]LogModuleManager: Shutting down and abandoning module PerforceSourceControl (117)
[2017.02.20-22.46.26:309][170]LogModuleManager: Shutting down and abandoning module SourceControl (116)
[2017.02.20-22.46.26:309][170]LogModuleManager: Shutting down and abandoning module GitSourceControl (115)
[2017.02.20-22.46.26:309][170]LogModuleManager: Shutting down and abandoning module LightPropagationVolumeEditor (114)
[2017.02.20-22.46.26:309][170]LogModuleManager: Shutting down and abandoning module PaperTiledImporter (113)
[2017.02.20-22.46.26:309][170]LogModuleManager: Shutting down and abandoning module PaperSpriteSheetImporter (112)
[2017.02.20-22.46.26:309][170]LogModuleManager: Shutting down and abandoning module MeshPaint (111)
[2017.02.20-22.46.26:309][170]LogModuleManager: Shutting down and abandoning module PixelInspectorModule (110)
[2017.02.20-22.46.26:309][170]LogModuleManager: Shutting down and abandoning module HotReload (109)
[2017.02.20-22.46.26:309][170]LogModuleManager: Shutting down and abandoning module MainFrame (108)
[2017.02.20-22.46.26:309][170]LogModuleManager: Shutting down and abandoning module LevelEditor (107)
[2017.02.20-22.46.26:310][170]LogModuleManager: Shutting down and abandoning module ContentBrowser (106)
[2017.02.20-22.46.26:311][170]LogModuleManager: Shutting down and abandoning module Paper2DEditor (105)
[2017.02.20-22.46.26:311][170]LogModuleManager: Shutting down and abandoning module UdpMessaging (104)
[2017.02.20-22.46.26:412][170]LogModuleManager: Shutting down and abandoning module TcpMessaging (103)
[2017.02.20-22.46.26:512][170]LogModuleManager: Shutting down and abandoning module SubstanceCore (102)
[2017.02.20-22.46.26:512][170]LogModuleManager: Shutting down and abandoning module LightPropagationVolumeRuntime (101)
[2017.02.20-22.46.26:512][170]LogModuleManager: Shutting down and abandoning module Paper2D (100)
[2017.02.20-22.46.26:512][170]LogModuleManager: Shutting down and abandoning module WindowsMoviePlayer (99)
[2017.02.20-22.46.26:512][170]LogModuleManager: Shutting down and abandoning module WmfMedia (98)
[2017.02.20-22.46.26:512][170]LogModuleManager: Shutting down and abandoning module MediaAssets (97)
[2017.02.20-22.46.26:512][170]LogModuleManager: Shutting down and abandoning module GameLiveStreaming (96)
[2017.02.20-22.46.26:512][170]LogModuleManager: Shutting down and abandoning module GameplayTagsEditor (95)
[2017.02.20-22.46.26:512][170]LogModuleManager: Shutting down and abandoning module VREditor (94)
[2017.02.20-22.46.26:512][170]LogModuleManager: Shutting down and abandoning module GameplayTasksEditor (93)
[2017.02.20-22.46.26:512][170]LogModuleManager: Shutting down and abandoning module BehaviorTreeEditor (92)
[2017.02.20-22.46.26:512][170]LogModuleManager: Shutting down and abandoning module FunctionalTesting (91)
[2017.02.20-22.46.26:512][170]LogModuleManager: Shutting down and abandoning module CollisionAnalyzer (90)
[2017.02.20-22.46.26:512][170]LogModuleManager: Shutting down and abandoning module Sequencer (89)
[2017.02.20-22.46.26:512][170]LogModuleManager: Shutting down and abandoning module WorkspaceMenuStructure (88)
[2017.02.20-22.46.26:512][170]LogModuleManager: Shutting down and abandoning module MessageLog (87)
[2017.02.20-22.46.26:512][170]LogModuleManager: Shutting down and abandoning module AssetTools (86)
[2017.02.20-22.46.26:512][170]LogModuleManager: Shutting down and abandoning module UMGEditor (85)
[2017.02.20-22.46.26:512][170]LogModuleManager: Shutting down and abandoning module UMG (84)
[2017.02.20-22.46.26:512][170]LogModuleManager: Shutting down and abandoning module SlateReflector (83)
[2017.02.20-22.46.26:512][170]LogModuleManager: Shutting down and abandoning module Slate (82)
[2017.02.20-22.46.26:512][170]LogModuleManager: Shutting down and abandoning module EditorStyle (81)
[2017.02.20-22.46.26:514][170]LogModuleManager: Shutting down and abandoning module SourceCodeAccess (80)
[2017.02.20-22.46.26:514][170]LogModuleManager: Shutting down and abandoning module HeadMountedDisplay (79)
[2017.02.20-22.46.26:514][170]LogModuleManager: Shutting down and abandoning module XAudio2 (78)
[2017.02.20-22.46.26:514][170]LogModuleManager: Shutting down and abandoning module Networking (76)
[2017.02.20-22.46.26:514][170]LogModuleManager: Shutting down and abandoning module Core (75)
[2017.02.20-22.46.26:514][170]LogModuleManager: Shutting down and abandoning module DirectoryWatcher (74)
[2017.02.20-22.46.26:514][170]LogDirectoryWatcher: A directory notification for '../../../Engine/Content/' was aborted.
[2017.02.20-22.46.26:514][170]LogDirectoryWatcher: A directory notification for '../../../../../../Users/SIG/Documents/Unreal Projects/CIS568VRYPaint_lvl/Content/' was aborted.
[2017.02.20-22.46.26:514][170]LogDirectoryWatcher: A directory notification for '../../../Engine/Plugins/2D/Paper2D/Content/' was aborted.
[2017.02.20-22.46.26:515][170]LogModuleManager: Shutting down and abandoning module AssetRegistry (73)
[2017.02.20-22.46.26:693][170]LogModuleManager: Shutting down and abandoning module KismetCompiler (72)
[2017.02.20-22.46.26:693][170]LogModuleManager: Shutting down and abandoning module PhysXFormats (71)
[2017.02.20-22.46.26:693][170]LogModuleManager: Shutting down and abandoning module SimplygonSwarm (70)
[2017.02.20-22.46.26:694][170]LogModuleManager: Shutting down and abandoning module SimplygonMeshReduction (69)
[2017.02.20-22.46.26:694][170]LogModuleManager: Shutting down and abandoning module QuadricMeshReduction (68)
[2017.02.20-22.46.26:694][170]LogModuleManager: Shutting down and abandoning module PropertyEditor (67)
[2017.02.20-22.46.26:694][170]LogModuleManager: Shutting down and abandoning module MeshUtilities (66)
[2017.02.20-22.46.26:694][170]LogModuleManager: Shutting down and abandoning module DerivedDataCache (65)
[2017.02.20-22.46.26:750][170]LogDerivedDataCache: Shutdown
[2017.02.20-22.46.26:750][170]LogModuleManager: Shutting down and abandoning module VulkanShaderFormat (64)
[2017.02.20-22.46.26:750][170]LogModuleManager: Shutting down and abandoning module ShaderFormatOpenGL (63)
[2017.02.20-22.46.26:750][170]LogModuleManager: Shutting down and abandoning module ShaderFormatD3D (62)
[2017.02.20-22.46.26:750][170]LogModuleManager: Shutting down and abandoning module MetalShaderFormat (61)
[2017.02.20-22.46.26:750][170]LogModuleManager: Shutting down and abandoning module TextureFormatUncompressed (60)
[2017.02.20-22.46.26:750][170]LogModuleManager: Shutting down and abandoning module TextureFormatPVR (59)
[2017.02.20-22.46.26:750][170]LogModuleManager: Shutting down and abandoning module TextureFormatDXT (58)
[2017.02.20-22.46.26:750][170]LogModuleManager: Shutting down and abandoning module TextureFormatIntelISPCTexComp (57)
[2017.02.20-22.46.26:750][170]LogModuleManager: Shutting down and abandoning module ImageWrapper (56)
[2017.02.20-22.46.26:750][170]LogModuleManager: Shutting down and abandoning module TextureFormatASTC (55)
[2017.02.20-22.46.26:750][170]LogModuleManager: Shutting down and abandoning module TextureFormatAndroid (54)
[2017.02.20-22.46.26:750][170]LogModuleManager: Shutting down and abandoning module AudioFormatOpus (53)
[2017.02.20-22.46.26:750][170]LogModuleManager: Shutting down and abandoning module AudioFormatOgg (52)
[2017.02.20-22.46.26:750][170]LogModuleManager: Shutting down and abandoning module AudioFormatADPCM (51)
[2017.02.20-22.46.26:750][170]LogModuleManager: Shutting down and abandoning module LinuxTargetPlatform (50)
[2017.02.20-22.46.26:750][170]LogModuleManager: Shutting down and abandoning module LinuxServerTargetPlatform (49)
[2017.02.20-22.46.26:750][170]LogModuleManager: Shutting down and abandoning module LinuxNoEditorTargetPlatform (48)
[2017.02.20-22.46.26:750][170]LogModuleManager: Shutting down and abandoning module LinuxClientTargetPlatform (47)
[2017.02.20-22.46.26:750][170]LogModuleManager: Shutting down and abandoning module TVOSTargetPlatform (46)
[2017.02.20-22.46.26:750][170]LogModuleManager: Shutting down and abandoning module Messaging (45)
[2017.02.20-22.46.26:750][170]LogModuleManager: Shutting down and abandoning module IOSTargetPlatform (44)
[2017.02.20-22.46.26:750][170]LogModuleManager: Shutting down and abandoning module HTML5TargetPlatform (43)
[2017.02.20-22.46.26:750][170]LogModuleManager: Shutting down and abandoning module Android_PVRTCTargetPlatform (42)
[2017.02.20-22.46.26:750][170]LogModuleManager: Shutting down and abandoning module Android_MultiTargetPlatform (41)
[2017.02.20-22.46.26:750][170]LogModuleManager: Shutting down and abandoning module Android_ETC2TargetPlatform (40)
[2017.02.20-22.46.26:750][170]LogModuleManager: Shutting down and abandoning module Android_ETC1TargetPlatform (39)
[2017.02.20-22.46.26:750][170]LogModuleManager: Shutting down and abandoning module Android_DXTTargetPlatform (38)
[2017.02.20-22.46.26:750][170]LogModuleManager: Shutting down and abandoning module Android_ATCTargetPlatform (37)
[2017.02.20-22.46.26:750][170]LogModuleManager: Shutting down and abandoning module Android_ASTCTargetPlatform (36)
[2017.02.20-22.46.26:750][170]LogModuleManager: Shutting down and abandoning module AndroidTargetPlatform (35)
[2017.02.20-22.46.26:750][170]LogModuleManager: Shutting down and abandoning module WindowsTargetPlatform (34)
[2017.02.20-22.46.26:750][170]LogModuleManager: Shutting down and abandoning module WindowsServerTargetPlatform (33)
[2017.02.20-22.46.26:750][170]LogModuleManager: Shutting down and abandoning module WindowsNoEditorTargetPlatform (32)
[2017.02.20-22.46.26:750][170]LogModuleManager: Shutting down and abandoning module WindowsClientTargetPlatform (31)
[2017.02.20-22.46.26:750][170]LogModuleManager: Shutting down and abandoning module MacTargetPlatform (30)
[2017.02.20-22.46.26:750][170]LogModuleManager: Shutting down and abandoning module MacServerTargetPlatform (29)
[2017.02.20-22.46.26:750][170]LogModuleManager: Shutting down and abandoning module MacNoEditorTargetPlatform (28)
[2017.02.20-22.46.26:750][170]LogModuleManager: Shutting down and abandoning module MacClientTargetPlatform (27)
[2017.02.20-22.46.26:750][170]LogModuleManager: Shutting down and abandoning module AllDesktopTargetPlatform (26)
[2017.02.20-22.46.26:750][170]LogModuleManager: Shutting down and abandoning module TargetPlatform (25)
[2017.02.20-22.46.26:750][170]LogModuleManager: Shutting down and abandoning module InputCore (24)
[2017.02.20-22.46.26:750][170]LogModuleManager: Shutting down and abandoning module Settings (23)
[2017.02.20-22.46.26:750][170]LogModuleManager: Shutting down and abandoning module OculusRift (22)
[2017.02.20-22.46.26:751][170]LogHMD: Oculus shutdown.
[2017.02.20-22.46.26:751][170]LogModuleManager: Shutting down and abandoning module ExampleDeviceProfileSelector (21)
[2017.02.20-22.46.26:751][170]LogModuleManager: Shutting down and abandoning module OnlineBlueprintSupport (20)
[2017.02.20-22.46.26:751][170]LogModuleManager: Shutting down and abandoning module OnlineSubsystem (18)
[2017.02.20-22.46.26:751][170]LogOnline:Display: Unloading online subsystem: NULL
[2017.02.20-22.46.26:751][170]LogModuleManager: Shutting down and abandoning module SSL (17)
[2017.02.20-22.46.26:752][170]LogModuleManager: Shutting down and abandoning module HTTP (16)
[2017.02.20-22.46.26:752][170]LogModuleManager: Shutting down and abandoning module XMPP (15)
[2017.02.20-22.46.26:752][170]LogModuleManager: Shutting down and abandoning module TextureCompressor (14)
[2017.02.20-22.46.26:752][170]LogModuleManager: Shutting down and abandoning module ShaderCore (13)
[2017.02.20-22.46.26:752][170]LogModuleManager: Shutting down and abandoning module Landscape (12)
[2017.02.20-22.46.26:752][170]LogModuleManager: Shutting down and abandoning module SlateRHIRenderer (11)
[2017.02.20-22.46.26:755][170]LogModuleManager: Shutting down and abandoning module OpenGLDrv (10)
[2017.02.20-22.46.26:755][170]LogModuleManager: Shutting down and abandoning module D3D11RHI (9)
[2017.02.20-22.46.26:755][170]LogModuleManager: Shutting down and abandoning module AnimGraphRuntime (8)
[2017.02.20-22.46.26:755][170]LogModuleManager: Shutting down and abandoning module Renderer (7)
[2017.02.20-22.46.26:755][170]LogModuleManager: Shutting down and abandoning module Engine (6)
[2017.02.20-22.46.26:755][170]LogModuleManager: Shutting down and abandoning module CoreUObject (5)
[2017.02.20-22.46.26:755][170]LogModuleManager: Shutting down and abandoning module NetworkFile (4)
[2017.02.20-22.46.26:755][170]LogModuleManager: Shutting down and abandoning module StreamingFile (3)
[2017.02.20-22.46.26:755][170]LogModuleManager: Shutting down and abandoning module SandboxFile (2)
[2017.02.20-22.46.26:755][170]LogModuleManager: Shutting down and abandoning module PakFile (1)
[2017.02.20-22.46.26:757][170]LogExit: Exiting.
[2017.02.20-22.46.26:758][170]Log file closed, 02/20/17 17:46:26
