Log file open, 02/13/17 19:21:01
LogInit:Display: Running engine for game: CIS568VRYPaint_exp
LogPlatformFile: Not using cached read wrapper
LogInit:Display: RandInit(442252583) SRandInit(442252583).
LogTaskGraph: Started task graph with 5 named threads and 8 total threads with 1 sets of task threads.
LogStats: Stats thread started at 0.080867
LogPluginManager: Loaded Plugin Paper2D, From C:/Program Files (x86)/Epic Games/4.14/Engine/Plugins/2D/Paper2D/Paper2D.uplugin
LogPluginManager: Loaded Plugin LightPropagationVolume, From C:/Program Files (x86)/Epic Games/4.14/Engine/Plugins/Blendables/LightPropagationVolume/LightPropagationVolume.uplugin
LogPluginManager: Loaded Plugin BlankPlugin, From C:/Program Files (x86)/Epic Games/4.14/Engine/Plugins/Developer/BlankPlugin/BlankPlugin.uplugin
LogPluginManager: Loaded Plugin CodeLiteSourceCodeAccess, From C:/Program Files (x86)/Epic Games/4.14/Engine/Plugins/Developer/CodeLiteSourceCodeAccess/CodeLiteSourceCodeAccess.uplugin
LogPluginManager: Loaded Plugin GitSourceControl, From C:/Program Files (x86)/Epic Games/4.14/Engine/Plugins/Developer/GitSourceControl/GitSourceControl.uplugin
LogPluginManager: Loaded Plugin KDevelopSourceCodeAccess, From C:/Program Files (x86)/Epic Games/4.14/Engine/Plugins/Developer/KDevelopSourceCodeAccess/KDevelopSourceCodeAccess.uplugin
LogPluginManager: Loaded Plugin NullSourceCodeAccess, From C:/Program Files (x86)/Epic Games/4.14/Engine/Plugins/Developer/NullSourceCodeAccess/NullSourceCodeAccess.uplugin
LogPluginManager: Loaded Plugin OneSkyLocalizationService, From C:/Program Files (x86)/Epic Games/4.14/Engine/Plugins/Developer/OneSkyLocalizationService/OneSkyLocalizationService.uplugin
LogPluginManager: Loaded Plugin PerforceSourceControl, From C:/Program Files (x86)/Epic Games/4.14/Engine/Plugins/Developer/PerforceSourceControl/PerforceSourceControl.uplugin
LogPluginManager: Loaded Plugin SubversionSourceControl, From C:/Program Files (x86)/Epic Games/4.14/Engine/Plugins/Developer/SubversionSourceControl/SubversionSourceControl.uplugin
LogPluginManager: Loaded Plugin UObjectPlugin, From C:/Program Files (x86)/Epic Games/4.14/Engine/Plugins/Developer/UObjectPlugin/UObjectPlugin.uplugin
LogPluginManager: Loaded Plugin VisualStudioSourceCodeAccess, From C:/Program Files (x86)/Epic Games/4.14/Engine/Plugins/Developer/VisualStudioSourceCodeAccess/VisualStudioSourceCodeAccess.uplugin
LogPluginManager: Loaded Plugin XCodeSourceCodeAccess, From C:/Program Files (x86)/Epic Games/4.14/Engine/Plugins/Developer/XCodeSourceCodeAccess/XCodeSourceCodeAccess.uplugin
LogPluginManager: Loaded Plugin AudioCapture, From C:/Program Files (x86)/Epic Games/4.14/Engine/Plugins/Editor/AudioCapture/AudioCapture.uplugin
LogPluginManager: Loaded Plugin EpicSurvey, From C:/Program Files (x86)/Epic Games/4.14/Engine/Plugins/Editor/EpicSurvey/EpicSurvey.uplugin
LogPluginManager: Loaded Plugin MacGraphicsSwitching, From C:/Program Files (x86)/Epic Games/4.14/Engine/Plugins/Editor/MacGraphicsSwitching/MacGraphicsSwitching.uplugin
LogPluginManager: Loaded Plugin MobileLauncherProfileWizard, From C:/Program Files (x86)/Epic Games/4.14/Engine/Plugins/Editor/MobileLauncherProfileWizard/MobileLauncherProfileWizard.uplugin
LogPluginManager: Loaded Plugin PluginBrowser, From C:/Program Files (x86)/Epic Games/4.14/Engine/Plugins/Editor/PluginBrowser/PluginBrowser.uplugin
LogPluginManager: Loaded Plugin SpeedTreeImporter, From C:/Program Files (x86)/Epic Games/4.14/Engine/Plugins/Editor/SpeedTreeImporter/SpeedTreeImporter.uplugin
LogPluginManager: Loaded Plugin SuperSearchEditor, From C:/Program Files (x86)/Epic Games/4.14/Engine/Plugins/Editor/SuperSearchEditor/SuperSearchEditor.uplugin
LogPluginManager: Loaded Plugin AlembicImporter, From C:/Program Files (x86)/Epic Games/4.14/Engine/Plugins/Experimental/AlembicImporter/AlembicImporter.uplugin
LogPluginManager: Loaded Plugin BlueprintStats, From C:/Program Files (x86)/Epic Games/4.14/Engine/Plugins/Experimental/BlueprintStats/BlueprintStats.uplugin
LogPluginManager: Loaded Plugin CharacterAI, From C:/Program Files (x86)/Epic Games/4.14/Engine/Plugins/Experimental/CharacterAI/CharacterAI.uplugin
LogPluginManager: Loaded Plugin CodeEditor, From C:/Program Files (x86)/Epic Games/4.14/Engine/Plugins/Experimental/CodeEditor/CodeEditor.uplugin
LogPluginManager: Loaded Plugin CodeView, From C:/Program Files (x86)/Epic Games/4.14/Engine/Plugins/Experimental/CodeView/CodeView.uplugin
LogPluginManager: Loaded Plugin HTML5Networking, From C:/Program Files (x86)/Epic Games/4.14/Engine/Plugins/Experimental/HTML5Networking/HTML5Networking.uplugin
LogPluginManager: Loaded Plugin OSVR, From C:/Program Files (x86)/Epic Games/4.14/Engine/Plugins/Experimental/OSVR/OSVR.uplugin
LogPluginManager: Loaded Plugin Phya, From C:/Program Files (x86)/Epic Games/4.14/Engine/Plugins/Experimental/Phya/Phya.uplugin
LogPluginManager: Loaded Plugin SignificanceManager, From C:/Program Files (x86)/Epic Games/4.14/Engine/Plugins/Experimental/SignificanceManager/SignificanceManager.uplugin
LogPluginManager: Loaded Plugin SimpleHMD, From C:/Program Files (x86)/Epic Games/4.14/Engine/Plugins/Experimental/SimpleHMD/SimpleHMD.uplugin
LogPluginManager: Loaded Plugin StereoPanorama, From C:/Program Files (x86)/Epic Games/4.14/Engine/Plugins/Experimental/StereoPanorama/StereoPanorama.uplugin
LogPluginManager: Loaded Plugin StructBox, From C:/Program Files (x86)/Epic Games/4.14/Engine/Plugins/Experimental/StructBox/StructBox.uplugin
LogPluginManager: Loaded Plugin AndroidMedia, From C:/Program Files (x86)/Epic Games/4.14/Engine/Plugins/Media/AndroidMedia/AndroidMedia.uplugin
LogPluginManager: Loaded Plugin AvfMedia, From C:/Program Files (x86)/Epic Games/4.14/Engine/Plugins/Media/AvfMedia/AvfMedia.uplugin
LogPluginManager: Loaded Plugin MediaPlayerEditor, From C:/Program Files (x86)/Epic Games/4.14/Engine/Plugins/Media/MediaPlayerEditor/MediaPlayerEditor.uplugin
LogPluginManager: Loaded Plugin WmfMedia, From C:/Program Files (x86)/Epic Games/4.14/Engine/Plugins/Media/WmfMedia/WmfMedia.uplugin
LogPluginManager: Loaded Plugin MessagingDebugger, From C:/Program Files (x86)/Epic Games/4.14/Engine/Plugins/Messaging/MessagingDebugger/MessagingDebugger.uplugin
LogPluginManager: Loaded Plugin TcpMessaging, From C:/Program Files (x86)/Epic Games/4.14/Engine/Plugins/Messaging/TcpMessaging/TcpMessaging.uplugin
LogPluginManager: Loaded Plugin UdpMessaging, From C:/Program Files (x86)/Epic Games/4.14/Engine/Plugins/Messaging/UdpMessaging/UdpMessaging.uplugin
LogPluginManager: Loaded Plugin LevelSequenceEditor, From C:/Program Files (x86)/Epic Games/4.14/Engine/Plugins/MovieScene/LevelSequenceEditor/LevelSequenceEditor.uplugin
LogPluginManager: Loaded Plugin MatineeToLevelSequence, From C:/Program Files (x86)/Epic Games/4.14/Engine/Plugins/MovieScene/MatineeToLevelSequence/MatineeToLevelSequence.uplugin
LogPluginManager: Loaded Plugin NetcodeUnitTest, From C:/Program Files (x86)/Epic Games/4.14/Engine/Plugins/NetcodeUnitTest/NetcodeUnitTest/NetcodeUnitTest.uplugin
LogPluginManager: Loaded Plugin NUTUnrealEngine4, From C:/Program Files (x86)/Epic Games/4.14/Engine/Plugins/NetcodeUnitTest/NUTUnrealEngine4/NUTUnrealEngine4.uplugin
LogPluginManager: Loaded Plugin OnlineSubsystemGameCircle, From C:/Program Files (x86)/Epic Games/4.14/Engine/Plugins/Online/Android/OnlineSubsystemGameCircle/OnlineSubsystemGameCircle.uplugin
LogPluginManager: Loaded Plugin OnlineSubsystemGooglePlay, From C:/Program Files (x86)/Epic Games/4.14/Engine/Plugins/Online/Android/OnlineSubsystemGooglePlay/OnlineSubsystemGooglePlay.uplugin
LogPluginManager: Loaded Plugin OnlineSubsystemIOS, From C:/Program Files (x86)/Epic Games/4.14/Engine/Plugins/Online/IOS/OnlineSubsystemIOS/OnlineSubsystemIOS.uplugin
LogPluginManager: Loaded Plugin OnlineFramework, From C:/Program Files (x86)/Epic Games/4.14/Engine/Plugins/Online/OnlineFramework/OnlineFramework.uplugin
LogPluginManager: Loaded Plugin OnlineSubsystem, From C:/Program Files (x86)/Epic Games/4.14/Engine/Plugins/Online/OnlineSubsystem/OnlineSubsystem.uplugin
LogPluginManager: Loaded Plugin OnlineSubsystemAmazon, From C:/Program Files (x86)/Epic Games/4.14/Engine/Plugins/Online/OnlineSubsystemAmazon/OnlineSubsystemAmazon.uplugin
LogPluginManager: Loaded Plugin OnlineSubsystemFacebook, From C:/Program Files (x86)/Epic Games/4.14/Engine/Plugins/Online/OnlineSubsystemFacebook/OnlineSubsystemFacebook.uplugin
LogPluginManager: Loaded Plugin OnlineSubsystemNull, From C:/Program Files (x86)/Epic Games/4.14/Engine/Plugins/Online/OnlineSubsystemNull/OnlineSubsystemNull.uplugin
LogPluginManager: Loaded Plugin OnlineSubsystemOculus, From C:/Program Files (x86)/Epic Games/4.14/Engine/Plugins/Online/OnlineSubsystemOculus/OnlineSubsystemOculus.uplugin
LogPluginManager: Loaded Plugin OnlineSubsystemSteam, From C:/Program Files (x86)/Epic Games/4.14/Engine/Plugins/Online/OnlineSubsystemSteam/OnlineSubsystemSteam.uplugin
LogPluginManager: Loaded Plugin OnlineSubsystemUtils, From C:/Program Files (x86)/Epic Games/4.14/Engine/Plugins/Online/OnlineSubsystemUtils/OnlineSubsystemUtils.uplugin
LogPluginManager: Loaded Plugin IOSTapJoy, From C:/Program Files (x86)/Epic Games/4.14/Engine/Plugins/Runtime/Advertising/IOSTapJoy/IOSTapJoy.uplugin
LogPluginManager: Loaded Plugin AnalyticsBlueprintLibrary, From C:/Program Files (x86)/Epic Games/4.14/Engine/Plugins/Runtime/Analytics/AnalyticsBlueprintLibrary/AnalyticsBlueprintLibrary.uplugin
LogPluginManager: Loaded Plugin AnalyticsMulticast, From C:/Program Files (x86)/Epic Games/4.14/Engine/Plugins/Runtime/Analytics/AnalyticsMulticast/AnalyticsMulticast.uplugin
LogPluginManager: Loaded Plugin Apsalar, From C:/Program Files (x86)/Epic Games/4.14/Engine/Plugins/Runtime/Analytics/Apsalar/Apsalar.uplugin
LogPluginManager: Loaded Plugin FileLogging, From C:/Program Files (x86)/Epic Games/4.14/Engine/Plugins/Runtime/Analytics/FileLogging/FileLogging.uplugin
LogPluginManager: Loaded Plugin Flurry, From C:/Program Files (x86)/Epic Games/4.14/Engine/Plugins/Runtime/Analytics/Flurry/Flurry.uplugin
LogPluginManager: Loaded Plugin AndroidDeviceProfileSelector, From C:/Program Files (x86)/Epic Games/4.14/Engine/Plugins/Runtime/AndroidDeviceProfileSelector/AndroidDeviceProfileSelector.uplugin
LogPluginManager: Loaded Plugin AndroidMoviePlayer, From C:/Program Files (x86)/Epic Games/4.14/Engine/Plugins/Runtime/AndroidMoviePlayer/AndroidMoviePlayer.uplugin
LogPluginManager: Loaded Plugin AppleMoviePlayer, From C:/Program Files (x86)/Epic Games/4.14/Engine/Plugins/Runtime/AppleMoviePlayer/AppleMoviePlayer.uplugin
LogPluginManager: Loaded Plugin ArchVisCharacter, From C:/Program Files (x86)/Epic Games/4.14/Engine/Plugins/Runtime/ArchVisCharacter/ArchVisCharacter.uplugin
LogPluginManager: Loaded Plugin CableComponent, From C:/Program Files (x86)/Epic Games/4.14/Engine/Plugins/Runtime/CableComponent/CableComponent.uplugin
LogPluginManager: Loaded Plugin CustomMeshComponent, From C:/Program Files (x86)/Epic Games/4.14/Engine/Plugins/Runtime/CustomMeshComponent/CustomMeshComponent.uplugin
LogPluginManager: Loaded Plugin ExampleDeviceProfileSelector, From C:/Program Files (x86)/Epic Games/4.14/Engine/Plugins/Runtime/ExampleDeviceProfileSelector/ExampleDeviceProfileSelector.uplugin
LogPluginManager: Loaded Plugin GearVR, From C:/Program Files (x86)/Epic Games/4.14/Engine/Plugins/Runtime/GearVR/GearVR.uplugin
LogPluginManager: Loaded Plugin GoogleVRController, From C:/Program Files (x86)/Epic Games/4.14/Engine/Plugins/Runtime/GoogleVR/GoogleVRController/GoogleVRController.uplugin
LogPluginManager: Loaded Plugin GoogleVRHMD, From C:/Program Files (x86)/Epic Games/4.14/Engine/Plugins/Runtime/GoogleVR/GoogleVRHMD/GoogleVRHMD.uplugin
LogPluginManager: Loaded Plugin IOSDeviceProfileSelector, From C:/Program Files (x86)/Epic Games/4.14/Engine/Plugins/Runtime/IOSDeviceProfileSelector/IOSDeviceProfileSelector.uplugin
LogPluginManager: Loaded Plugin LeapMotion, From C:/Program Files (x86)/Epic Games/4.14/Engine/Plugins/Runtime/LeapMotion/LeapMotion.uplugin
LogPluginManager: Loaded Plugin LinuxDeviceProfileSelector, From C:/Program Files (x86)/Epic Games/4.14/Engine/Plugins/Runtime/LinuxDeviceProfileSelector/LinuxDeviceProfileSelector.uplugin
LogPluginManager: Loaded Plugin MIDIDevice, From C:/Program Files (x86)/Epic Games/4.14/Engine/Plugins/Runtime/MIDIDevice/MIDIDevice.uplugin
LogPluginManager: Loaded Plugin MobilePatchingUtils, From C:/Program Files (x86)/Epic Games/4.14/Engine/Plugins/Runtime/MobilePatchingUtils/MobilePatchingUtils.uplugin
LogPluginManager: Loaded Plugin Ansel, From C:/Program Files (x86)/Epic Games/4.14/Engine/Plugins/Runtime/Nvidia/Ansel/Ansel.uplugin
LogPluginManager: Loaded Plugin OculusAudio, From C:/Program Files (x86)/Epic Games/4.14/Engine/Plugins/Runtime/OculusAudio/OculusAudio.uplugin
LogPluginManager: Loaded Plugin OculusInput, From C:/Program Files (x86)/Epic Games/4.14/Engine/Plugins/Runtime/OculusInput/OculusInput.uplugin
LogPluginManager: Loaded Plugin OculusLibrary, From C:/Program Files (x86)/Epic Games/4.14/Engine/Plugins/Runtime/OculusLibrary/OculusLibrary.uplugin
LogPluginManager: Loaded Plugin OculusRift, From C:/Program Files (x86)/Epic Games/4.14/Engine/Plugins/Runtime/OculusRift/OculusRift.uplugin
LogPluginManager: Loaded Plugin Oodle, From C:/Program Files (x86)/Epic Games/4.14/Engine/Plugins/Runtime/PacketHandlers/CompressionComponents/Oodle/Oodle.uplugin
LogPluginManager: Loaded Plugin ProceduralMeshComponent, From C:/Program Files (x86)/Epic Games/4.14/Engine/Plugins/Runtime/ProceduralMeshComponent/ProceduralMeshComponent.uplugin
LogPluginManager: Loaded Plugin SoundMod, From C:/Program Files (x86)/Epic Games/4.14/Engine/Plugins/Runtime/SoundMod/SoundMod.uplugin
LogPluginManager: Loaded Plugin SoundVisualizations, From C:/Program Files (x86)/Epic Games/4.14/Engine/Plugins/Runtime/SoundVisualizations/SoundVisualizations.uplugin
LogPluginManager: Loaded Plugin SteamController, From C:/Program Files (x86)/Epic Games/4.14/Engine/Plugins/Runtime/Steam/SteamController/SteamController.uplugin
LogPluginManager: Loaded Plugin SteamVR, From C:/Program Files (x86)/Epic Games/4.14/Engine/Plugins/Runtime/Steam/SteamVR/SteamVR.uplugin
LogPluginManager: Loaded Plugin WebBrowserWidget, From C:/Program Files (x86)/Epic Games/4.14/Engine/Plugins/Runtime/WebBrowserWidget/WebBrowserWidget.uplugin
LogPluginManager: Loaded Plugin WindowsDeviceProfileSelector, From C:/Program Files (x86)/Epic Games/4.14/Engine/Plugins/Runtime/WindowsDeviceProfileSelector/WindowsDeviceProfileSelector.uplugin
LogPluginManager: Loaded Plugin WindowsMoviePlayer, From C:/Program Files (x86)/Epic Games/4.14/Engine/Plugins/Runtime/WindowsMoviePlayer/WindowsMoviePlayer.uplugin
LogPluginManager: Loaded Plugin ScriptPlugin, From C:/Program Files (x86)/Epic Games/4.14/Engine/Plugins/ScriptPlugin/ScriptPlugin.uplugin
LogPluginManager: Loaded Plugin SlateRemote, From C:/Program Files (x86)/Epic Games/4.14/Engine/Plugins/Slate/SlateRemote/SlateRemote.uplugin
LogPluginManager: Loaded Plugin EditorTests, From C:/Program Files (x86)/Epic Games/4.14/Engine/Plugins/Tests/EditorTests/EditorTests.uplugin
LogPluginManager: Loaded Plugin FbxAutomationTestBuilder, From C:/Program Files (x86)/Epic Games/4.14/Engine/Plugins/Tests/FbxAutomationTestBuilder/FbxAutomationTestBuilder.uplugin
LogPluginManager: Loaded Plugin FunctionalTestingEditor, From C:/Program Files (x86)/Epic Games/4.14/Engine/Plugins/Tests/FunctionalTestingEditor/FunctionalTestingEditor.uplugin
LogPluginManager: Loaded Plugin RuntimeTests, From C:/Program Files (x86)/Epic Games/4.14/Engine/Plugins/Tests/RuntimeTests/RuntimeTests.uplugin
LogPluginManager: Loaded Plugin ScreenshotTools, From C:/Program Files (x86)/Epic Games/4.14/Engine/Plugins/Tests/ScreenshotTools/ScreenshotTools.uplugin
LogInit: Using libcurl 7.47.1
LogInit:  - built for x86_64-pc-win32
LogInit:  - supports SSL with OpenSSL/1.0.2g
LogInit:  - supports HTTP deflate (compression) using libz 1.2.8
LogInit:  - other features:
LogInit:      CURL_VERSION_SSL
LogInit:      CURL_VERSION_LIBZ
LogInit:      CURL_VERSION_IPV6
LogInit:      CURL_VERSION_ASYNCHDNS
LogInit:      CURL_VERSION_LARGEFILE
LogInit:      CURL_VERSION_IDN
LogInit:  CurlRequestOptions (configurable via config and command line):
LogInit:  - bVerifyPeer = false  - Libcurl will NOT verify peer certificate
LogInit:  - bUseHttpProxy = false  - Libcurl will NOT use HTTP proxy
LogInit:  - bDontReuseConnections = false  - Libcurl will reuse connections
LogInit:  - CertBundlePath = nullptr  - Libcurl will use whatever was configured at build time.
OCULUS: Info: [CAPI] LibOVR module is located at C:\Program Files\Oculus\Support\oculus-runtime\LibOVRRT64_1.dll
OCULUS: Info: [HMDState] Requested to SetForegroundWindow(80504ll)
OCULUS: Debug: Connected to the server running version (prod = 1).1.10.2(build = 321138) feature version = 0. Client runs version (prod = 1).1.10.2(build = 321138) feature version = 0
LogInit: Build: ++UE4+Release-4.14-CL-3249277
LogInit: Engine Version: 4.14.3-3249277+++UE4+Release-4.14
LogInit: Compatible Engine Version: 4.14.0-3195953+++UE4+Release-4.14
LogInit: Net CL: 3195953
LogDevObjectVersion: Number of dev versions registered: 13
LogDevObjectVersion:   Dev-Blueprints (B0D832E4-1F89-4F0D-ACCF-7EB736FD4AA2): 7
LogDevObjectVersion:   Dev-Build (E1C64328-A22C-4D53-A36C-8E866417BD8C): 0
LogDevObjectVersion:   Dev-Core (375EC13C-06E4-48FB-B500-84F0262A717E): 1
LogDevObjectVersion:   Dev-Editor (E4B068ED-F494-42E9-A231-DA0B2E46BB41): 8
LogDevObjectVersion:   Dev-Framework (CFFC743F-43B0-4480-9391-14DF171D2073): 17
LogDevObjectVersion:   Dev-Mobile (B02B49B5-BB20-44E9-A304-32B752E40360): 0
LogDevObjectVersion:   Dev-Networking (A4E4105C-59A1-49B5-A7C5-40C4547EDFEE): 0
LogDevObjectVersion:   Dev-Online (39C831C9-5AE6-47DC-9A44-9C173E1C8E7C): 0
LogDevObjectVersion:   Dev-Physics (78F01B33-EBEA-4F98-B9B4-84EACCB95AA2): 0
LogDevObjectVersion:   Dev-Platform (6631380F-2D4D-43E0-8009-CF276956A95A): 0
LogDevObjectVersion:   Dev-Rendering (12F88B9F-8875-4AFC-A67C-D90C383ABD29): 12
LogDevObjectVersion:   Dev-Sequencer (7B5AE74C-D270-4C10-A958-57980B212A5A): 1
LogDevObjectVersion:   Dev-VR (D7296918-1DD6-4BDD-9DE2-64A83CC13884): 0
LogInit: Compiled (64-bit): Jan  6 2017 10:49:43
LogInit: Compiled with Visual C++: 19.00.23026.00
LogInit: Build Configuration: Development
LogInit: Branch Name: ++UE4+Release-4.14
LogInit: Command line:  
LogInit: Base directory: C:/Program Files (x86)/Epic Games/4.14/Engine/Binaries/Win64/
LogInit: Installed Engine Build: 1
LogInit: Presizing for max 8388607 objects, including 0 objects not considered by GC, pre-allocating 0 bytes for permanent pool.
LogInit: Object subsystem initialized
[2017.02.14-00.21.01:961][  0]LogInit: Selected Device Profile: [Windows]
[2017.02.14-00.21.01:961][  0]LogInit: Applying CVar settings loaded from the selected device profile: [Windows]
[2017.02.14-00.21.01:970][  0]LogInit: Computer: SIGLAB-VR5
[2017.02.14-00.21.01:970][  0]LogInit: User: SIG
[2017.02.14-00.21.01:971][  0]LogInit: CPU Page size=65536, Cores=4
[2017.02.14-00.21.01:971][  0]LogInit: High frequency timer resolution =3.604936 MHz
[2017.02.14-00.21.01:971][  0]LogMemory: Memory total: Physical=31.9GB (32GB approx)
[2017.02.14-00.21.01:971][  0]LogMemory: Platform Memory Stats for Windows
[2017.02.14-00.21.01:971][  0]LogMemory: Process Physical Memory: 272.83 MB used, 272.83 MB peak
[2017.02.14-00.21.01:971][  0]LogMemory: Process Virtual Memory: 269.73 MB used, 269.73 MB peak
[2017.02.14-00.21.01:971][  0]LogMemory: Physical Memory: 7018.68 MB used,  25671.62 MB free, 32690.30 MB total
[2017.02.14-00.21.01:971][  0]LogMemory: Virtual Memory: 727.22 MB used,  25671.62 MB free, 134217728.00 MB total
[2017.02.14-00.21.01:994][  0]LogTextLocalizationManager: No specific translations for ('en-US') exist, so ('en') translations will be used.
[2017.02.14-00.21.02:522][  0]LogD3D11RHI: D3D11 adapters:
[2017.02.14-00.21.02:544][  0]LogD3D11RHI:    0. 'NVIDIA GeForce GTX 1070' (Feature Level 11_0)
[2017.02.14-00.21.02:544][  0]LogD3D11RHI:       8120/0/16345 MB DedicatedVideo/DedicatedSystem/SharedSystem, Outputs:2, VendorId:0x10de
[2017.02.14-00.21.02:546][  0]LogD3D11RHI:    1. 'Microsoft Basic Render Driver' (Feature Level 11_0)
[2017.02.14-00.21.02:546][  0]LogD3D11RHI:       0/0/16345 MB DedicatedVideo/DedicatedSystem/SharedSystem, Outputs:0, VendorId:0x1414
[2017.02.14-00.21.02:546][  0]LogD3D11RHI: Chosen D3D11 Adapter: 0
[2017.02.14-00.21.02:551][  0]LogD3D11RHI: Creating new Direct3DDevice
[2017.02.14-00.21.02:551][  0]LogD3D11RHI:     GPU DeviceId: 0x1b81 (for the marketing name, search the web for "GPU Device Id")
[2017.02.14-00.21.02:551][  0]LogWindows: EnumDisplayDevices:
[2017.02.14-00.21.02:551][  0]LogWindows:    0. 'NVIDIA GeForce GTX 1070' (P:0 D:1)
[2017.02.14-00.21.02:551][  0]LogWindows:    1. 'NVIDIA GeForce GTX 1070' (P:1 D:1)
[2017.02.14-00.21.02:551][  0]LogWindows:    2. 'NVIDIA GeForce GTX 1070' (P:0 D:0)
[2017.02.14-00.21.02:551][  0]LogWindows:    3. 'NVIDIA GeForce GTX 1070' (P:0 D:0)
[2017.02.14-00.21.02:551][  0]LogWindows: DebugString: FoundDriverCount:4 
[2017.02.14-00.21.02:551][  0]LogD3D11RHI:     Adapter Name: NVIDIA GeForce GTX 1070
[2017.02.14-00.21.02:551][  0]LogD3D11RHI:   Driver Version: 378.49 (internal:21.21.13.7849, unified:378.49)
[2017.02.14-00.21.02:551][  0]LogD3D11RHI:      Driver Date: 1-20-2017
[2017.02.14-00.21.02:551][  0]LogRHI: Texture pool is 1361 MB (70% of 1945 MB)
[2017.02.14-00.21.02:562][  0]LogD3D11RHI: Async texture creation enabled
[2017.02.14-00.21.02:572][  0]LogD3D11RHI: GPU Timing Frequency: 1000.000000 (Debug: 2 1)
[2017.02.14-00.21.02:573][  0]LogShaderCompilers: Guid format shader working directory is -28 characters bigger than the processId version (../../../../../../Users/SIG/Documents/Unreal Projects/CIS568VRYPaint_exp/Intermediate/Shaders/WorkingDirectory/8392/).
[2017.02.14-00.21.02:573][  0]LogShaderCompilers: Cleaned the shader compiler working directory 'C:/Users/SIG/AppData/Local/Temp/UnrealShaderWorkingDir/1BBF927E427D18D7223EC7A37AEAE1FD/'.
[2017.02.14-00.21.02:573][  0]LogShaderCompilers:Display: Using Local Shader Compiler.
[2017.02.14-00.21.03:492][  0]LogTemp:Display: Loaded TP AllDesktopTargetPlatform
[2017.02.14-00.21.03:540][  0]LogTemp:Display: Loaded TP MacClientTargetPlatform
[2017.02.14-00.21.03:589][  0]LogTemp:Display: Loaded TP MacNoEditorTargetPlatform
[2017.02.14-00.21.03:637][  0]LogTemp:Display: Loaded TP MacServerTargetPlatform
[2017.02.14-00.21.03:685][  0]LogTemp:Display: Loaded TP MacTargetPlatform
[2017.02.14-00.21.03:733][  0]LogTemp:Display: Loaded TP WindowsClientTargetPlatform
[2017.02.14-00.21.03:781][  0]LogTemp:Display: Loaded TP WindowsNoEditorTargetPlatform
[2017.02.14-00.21.03:829][  0]LogTemp:Display: Loaded TP WindowsServerTargetPlatform
[2017.02.14-00.21.03:868][  0]LogTemp:Display: Loaded TP WindowsTargetPlatform
[2017.02.14-00.21.03:914][  0]LogTemp:Display: Loaded TP AndroidTargetPlatform
[2017.02.14-00.21.03:960][  0]LogTemp:Display: Loaded TP Android_ASTCTargetPlatform
[2017.02.14-00.21.04:006][  0]LogTemp:Display: Loaded TP Android_ATCTargetPlatform
[2017.02.14-00.21.04:052][  0]LogTemp:Display: Loaded TP Android_DXTTargetPlatform
[2017.02.14-00.21.04:099][  0]LogTemp:Display: Loaded TP Android_ETC1TargetPlatform
[2017.02.14-00.21.04:146][  0]LogTemp:Display: Loaded TP Android_ETC2TargetPlatform
[2017.02.14-00.21.04:238][  0]LogTemp:Display: Loaded TP Android_MultiTargetPlatform
[2017.02.14-00.21.04:238][  0]LogTemp:Display: Loaded TP Android_PVRTCTargetPlatform
[2017.02.14-00.21.04:272][  0]LogTemp:Display: Loaded TP HTML5TargetPlatform
[2017.02.14-00.21.04:347][  0]LogTemp:Display: Loaded TP IOSTargetPlatform
[2017.02.14-00.21.04:376][  0]LogTemp:Display: Loaded TP TVOSTargetPlatform
[2017.02.14-00.21.04:421][  0]LogTemp:Display: Loaded TP LinuxClientTargetPlatform
[2017.02.14-00.21.04:467][  0]LogTemp:Display: Loaded TP LinuxNoEditorTargetPlatform
[2017.02.14-00.21.04:513][  0]LogTemp:Display: Loaded TP LinuxServerTargetPlatform
[2017.02.14-00.21.04:558][  0]LogTemp:Display: Loaded TP LinuxTargetPlatform
[2017.02.14-00.21.04:558][  0]LogTargetPlatformManager:Display: Building Assets For Windows
[2017.02.14-00.21.04:904][  0]LogDerivedDataCache:Display: Max Cache Size: 512 MB
[2017.02.14-00.21.04:960][  0]LogDerivedDataCache: Loaded boot cache 0.06s 50MB C:/Users/SIG/AppData/Local/UnrealEngine/4.14/DerivedDataCache/Boot.ddc.
[2017.02.14-00.21.04:960][  0]LogDerivedDataCache:Display: Loaded Boot cache: C:/Users/SIG/AppData/Local/UnrealEngine/4.14/DerivedDataCache/Boot.ddc
[2017.02.14-00.21.04:960][  0]LogDerivedDataCache: FDerivedDataBackendGraph:  Pak pak cache file ../../../../../../Users/SIG/Documents/Unreal Projects/CIS568VRYPaint_exp/DerivedDataCache/DDC.ddp not found, will not use a pak cache.
[2017.02.14-00.21.04:960][  0]LogDerivedDataCache: Unable to find inner node Pak for hierarchical cache Hierarchy.
[2017.02.14-00.21.04:960][  0]LogDerivedDataCache: FDerivedDataBackendGraph:  CompressedPak pak cache file ../../../../../../Users/SIG/Documents/Unreal Projects/CIS568VRYPaint_exp/DerivedDataCache/Compressed.ddp not found, will not use a pak cache.
[2017.02.14-00.21.04:960][  0]LogDerivedDataCache: Unable to find inner node CompressedPak for hierarchical cache Hierarchy.
[2017.02.14-00.21.04:975][  0]LogDerivedDataCache:Display: Pak cache opened for reading ../../../Engine/DerivedDataCache/Compressed.ddp.
[2017.02.14-00.21.04:988][  0]LogDerivedDataCache: Using Local data cache path C:/Users/SIG/AppData/Local/UnrealEngine/Common/DerivedDataCache: Writable
[2017.02.14-00.21.05:161][  0]LogInit: Selected Device Profile: [Windows]
[2017.02.14-00.21.05:164][  0]LogContentStreaming: Texture pool size is 0.00 MB
[2017.02.14-00.21.05:341][  0]LogMeshUtilities: Using QuadricMeshReduction for automatic static mesh reduction
[2017.02.14-00.21.05:378][  0]LogSimplygon: Simplygon DLL not present - disabling.
[2017.02.14-00.21.05:419][  0]LogMeshUtilities: Using SimplygonSwarm for distributed automatic mesh merging
[2017.02.14-00.21.05:419][  0]LogMeshUtilities: No automatic skeletal mesh reduction module available
[2017.02.14-00.21.05:419][  0]LogMeshUtilities: No automatic mesh merging module available
[2017.02.14-00.21.05:862][  0]LogNetVersion: GetLocalNetworkVersion: CL: 3195953, ProjectName: cis568vrypaint_exp, ProjectVersion: , EngineNetworkVersion: 2, GameNetworkVersion: 0, NetworkChecksum: 2586434747
[2017.02.14-00.21.05:913][  0]LogAssetRegistry: FAssetRegistry took 0.0216 seconds to start up
[2017.02.14-00.21.05:959][  0]LogPackageLocalizationCache: Processed 3 localized package path(s) for 2 prioritized culture(s) in 0.025828 seconds
[2017.02.14-00.21.05:964][  0]LogUObjectArray: 31946 objects as part of root set at end of initial load.
[2017.02.14-00.21.05:964][  0]LogUObjectAllocator: 6935840 out of 0 bytes used by permanent object pool.
[2017.02.14-00.21.05:964][  0]LogUObjectArray: CloseDisregardForGC: 0/0 objects in disregard for GC pool
[2017.02.14-00.21.06:019][  0]LogInit: WinSock: version 1.1 (2.2), MaxSocks=32767, MaxUdp=65467
[2017.02.14-00.21.06:659][  0]LogSlate: Using Freetype 2.6.0
[2017.02.14-00.21.06:660][  0]LogSlate: SlateFontCache - WITH_FREETYPE: 1, WITH_HARFBUZZ: 1
[2017.02.14-00.21.06:660][  0]LogSlate: SlateFontCache - WITH_FREETYPE: 1, WITH_HARFBUZZ: 1
[2017.02.14-00.21.07:330][  0]LogTcpMessaging: Initializing TcpMessaging bridge
[2017.02.14-00.21.07:367][  0]LogUdpMessaging: Initializing bridge on interface 0.0.0.0:0 to multicast group 230.0.0.1:6666.
[2017.02.14-00.21.07:637][  0]LogMaterial: Uniform references updated for custom material expression Custom.
[2017.02.14-00.21.07:970][  0]SourceControl: Info Source control is disabled
[2017.02.14-00.21.07:995][  0]SourceControl: Info Source control is disabled
[2017.02.14-00.21.08:036][  0]SourceControl: Info Source control is disabled
[2017.02.14-00.21.08:078][  0]SourceControl: Info Source control is disabled
[2017.02.14-00.21.09:217][  0]LogEngine: Initializing Engine...
[2017.02.14-00.21.09:428][  0]LogHMD: Oculus plugin initialized. Version: 4.14.3-3249277+++UE4+Release-4.14, LibOVR: 1.10.2, SDK: 1.8.0, built Jan  6 2017, 10:50:26
[2017.02.14-00.21.09:633][  0]LogAIModule: Creating AISystem for world Untitled
[2017.02.14-00.21.09:643][  0]LogInit: XAudio2 using 'Speakers / Headphones (Realtek High Definition Audio)' : 2 channels at 48 kHz using 32 bits per sample (channel mask 0x3)
[2017.02.14-00.21.09:655][  0]LogInit: FAudioDevice initialized.
[2017.02.14-00.21.09:680][  0]LogDerivedDataCache: Saved boot cache 0.03s 50MB C:/Users/SIG/AppData/Local/UnrealEngine/4.14/DerivedDataCache/Boot.ddc.
[2017.02.14-00.21.09:689][  0]LogInit: Texture streaming: Enabled
[2017.02.14-00.21.09:848][  0]LogInit: Transaction tracking system initialized
[2017.02.14-00.21.10:143][  0]BlueprintLog: New page: Editor Load
[2017.02.14-00.21.10:929][  0]LocalizationService: Info Localization service is disabled
[2017.02.14-00.21.11:486][  0]LogConsoleResponse:Display: 
[2017.02.14-00.21.11:599][  0]LogCook:Display: Max memory allowance for cook 16384mb min free memory 0mb
[2017.02.14-00.21.11:599][  0]LogCook:Display: Mobile HDR setting 1
[2017.02.14-00.21.11:619][  0]LogFileCache: Scanning file cache for directory 'C:/Users/SIG/Documents/Unreal Projects/CIS568VRYPaint_exp/Content/' took 0.01s
[2017.02.14-00.21.12:427][  0]SourceControl: Info Source control is disabled
[2017.02.14-00.21.12:484][  0]LogWindowsTextInputMethodSystem:Display: IME system now deactivated.
[2017.02.14-00.21.28:278][  0]LogWindowsTextInputMethodSystem:Display: IME system now deactivated.
[2017.02.14-00.21.28:279][  0]LogWindowsTextInputMethodSystem:Display: IME system now deactivated.
[2017.02.14-00.22.20:396][  0]LogWindowsTextInputMethodSystem:Display: IME system now deactivated.
[2017.02.14-00.22.20:410][  0]LogWindowsTextInputMethodSystem:Display: IME system now deactivated.
[2017.02.14-00.22.20:411][  0]Cmd: MAP LOAD FILE="../../../../../../Users/SIG/Documents/Unreal Projects/CIS568VRYPaint_exp/Content/FirstPersonBP/Maps/FirstPersonExampleMap.umap" TEMPLATE=0 SHOWPROGRESS=1 FEATURELEVEL=3
[2017.02.14-00.22.20:411][  0]LightingResults: New page: Lighting Build
[2017.02.14-00.22.20:450][  0]MapCheck: New page: Map Check
[2017.02.14-00.22.20:450][  0]LightingResults: New page: Lighting Build
[2017.02.14-00.22.20:884][  0]LogSpawn:Warning: UWorld::DestroyActor: World has no context! World: FirstPersonExampleMap, Actor: /Game/FirstPersonBP/Maps/FirstPersonExampleMap.FirstPersonExampleMap:PersistentLevel.DESTROYED_Bow_C_CHILDACTOR_118
[2017.02.14-00.22.21:018][  0]LogAIModule: Creating AISystem for world FirstPersonExampleMap
[2017.02.14-00.22.21:061][  0]LogEditorServer: Finished looking for orphan Actors (0.000 secs)
[2017.02.14-00.22.21:061][  0]Cmd: MAP CHECKDEP NOCLEARLOG
[2017.02.14-00.22.21:107][  0]MapCheck: Info Map check complete: 0 Error(s), 0 Warning(s), took 45.536ms to complete.
[2017.02.14-00.22.21:107][  0]LogFileHelpers: Loading map 'FirstPersonExampleMap' took 0.696
[2017.02.14-00.22.21:184][  0]LogStats:Warning: MetaData mismatch. Did you assign a stat to two groups? New //STATGROUP_Threads//SplashScreenThread///Thread_760_0///####STATCAT_Advanced#### old //STATGROUP_Threads//SplashScreenThread///Thread_14dc_0///####STATCAT_Advanced####
[2017.02.14-00.22.21:184][  0]LogCollectionManager: Loaded 0 collections in 0.001944 seconds
[2017.02.14-00.22.21:260][  0]LogFileCache: Scanning file cache for directory 'C:/Users/SIG/Documents/Unreal Projects/CIS568VRYPaint_exp/Saved/Collections/' took 0.01s
[2017.02.14-00.22.21:260][  0]LogFileCache: Scanning file cache for directory 'C:/Users/SIG/Documents/Unreal Projects/CIS568VRYPaint_exp/Content/Developers/SIG/Collections/' took 0.01s
[2017.02.14-00.22.21:260][  0]LogFileCache: Scanning file cache for directory 'C:/Users/SIG/Documents/Unreal Projects/CIS568VRYPaint_exp/Content/Collections/' took 0.01s
[2017.02.14-00.22.21:260][  0]LogCollectionManager: Rebuilt the GUID cache for 0 collections in 0.000001 seconds
[2017.02.14-00.22.21:268][  0]LogContentBrowser: Native class hierarchy populated in 0.0077 seconds. Added 2190 classes and 428 folders.
[2017.02.14-00.22.21:305][  0]LogStats: UGameplayTagsManager::ConstructGameplayTagTree: Construct from data asset -  0.000 s
[2017.02.14-00.22.21:305][  0]LogStats: UGameplayTagsManager::ConstructGameplayTagTree: GameplayTagTreeChangedEvent.Broadcast -  0.000 s
[2017.02.14-00.22.21:305][  0]LogContentBrowser: Native class hierarchy updated for 'GameplayTags' in 0.0005 seconds. Added 13 classes and 0 folders.
[2017.02.14-00.22.21:360][  0]LogContentBrowser: Native class hierarchy updated for 'WidgetCarousel' in 0.0004 seconds. Added 0 classes and 0 folders.
[2017.02.14-00.22.21:393][  0]LogContentBrowser: Native class hierarchy updated for 'AddContentDialog' in 0.0004 seconds. Added 0 classes and 0 folders.
[2017.02.14-00.22.21:431][  0]LogContentBrowser: Native class hierarchy updated for 'SceneOutliner' in 0.0004 seconds. Added 1 classes and 2 folders.
[2017.02.14-00.22.21:527][  0]LogCrashTracker: Crashtracker disabled due to settings.
[2017.02.14-00.22.21:531][  0]LogUObjectGlobals:Warning: Failed to find object 'Class None.'
[2017.02.14-00.22.21:589][  0]LogContentBrowser: Native class hierarchy updated for 'HierarchicalLODOutliner' in 0.0005 seconds. Added 1 classes and 2 folders.
[2017.02.14-00.22.21:589][  0]LogLoad: (Engine Initialization) Total time: 81.59 seconds
[2017.02.14-00.22.21:589][  0]LogLoad: (Engine Initialization) Total Blueprint compile time: 0.20 seconds
[2017.02.14-00.22.21:589][  0]LogExternalProfiler: Found external profiler: VSPerf
[2017.02.14-00.22.21:589][  0]LogExternalProfiler: Using external profiler: VSPerf
[2017.02.14-00.22.21:598][  0]LogOcInput: OculusInput pre-init called
[2017.02.14-00.22.21:609][  0]LogOcInput: OculusInput is initialized. Init status 0. Runtime version: 1.10.2
[2017.02.14-00.22.21:629][  0]LogContentStreaming: Texture pool size now 1000 MB
[2017.02.14-00.22.21:756][  0]LogRenderer: Reallocating scene render targets to support 1208x576 NumSamples 1 (Frame:2).
[2017.02.14-00.22.21:825][  1]LogAssetRegistry: Asset discovery search completed in 75.9347 seconds
[2017.02.14-00.22.21:825][  1]LogCollectionManager: Rebuilt the object cache for 0 collections in 0.000001 seconds (found 0 objects)
[2017.02.14-00.22.21:825][  1]LogCollectionManager: Fixed up redirectors for 0 collections in 0.000012 seconds (updated 0 objects)
[2017.02.14-00.22.24:831][357]LogEditorViewport: Clicking on Actor (LMB): Landscape (Landscape)
[2017.02.14-00.22.26:258][523]LogTemp: Repeting last play command: Selected Viewport
[2017.02.14-00.22.26:271][523]LogBlueprintUserMessages: Early PlayInEditor Detection: Level '/Game/FirstPersonBP/Maps/FirstPersonExampleMap.FirstPersonExampleMap:PersistentLevel' has LevelScriptBlueprint '/Game/FirstPersonBP/Maps/FirstPersonExampleMap.FirstPersonExampleMap:PersistentLevel.FirstPersonExampleMap' with GeneratedClass '/Game/FirstPersonBP/Maps/FirstPersonExampleMap.FirstPersonExampleMap_C' with ClassGeneratedBy '/Game/FirstPersonBP/Maps/FirstPersonExampleMap.FirstPersonExampleMap:PersistentLevel.FirstPersonExampleMap'
[2017.02.14-00.22.26:271][523]LogPlayLevel: PlayLevel: No blueprints needed recompiling
[2017.02.14-00.22.26:271][523]PIE: New page: PIE session: FirstPersonExampleMap (Feb 13, 2017, 2:22:26 PM)
[2017.02.14-00.22.26:271][523]LogPlayLevel: Creating play world package: /Game/FirstPersonBP/Maps/UEDPIE_0_FirstPersonExampleMap
[2017.02.14-00.22.26:307][523]LogPlayLevel: PIE: StaticDuplicateObject took: (0.036080s)
[2017.02.14-00.22.26:308][523]LogAIModule: Creating AISystem for world FirstPersonExampleMap
[2017.02.14-00.22.26:308][523]LogPlayLevel: PIE: World Init took: (0.001127s)
[2017.02.14-00.22.26:309][523]LogPlayLevel: PIE: Created PIE world by copying editor world from /Game/FirstPersonBP/Maps/FirstPersonExampleMap.FirstPersonExampleMap to /Game/FirstPersonBP/Maps/UEDPIE_0_FirstPersonExampleMap.FirstPersonExampleMap (0.037474s)
[2017.02.14-00.22.26:330][523]LogInit: XAudio2 using 'Speakers / Headphones (Realtek High Definition Audio)' : 2 channels at 48 kHz using 32 bits per sample (channel mask 0x3)
[2017.02.14-00.22.26:340][523]LogInit: FAudioDevice initialized.
[2017.02.14-00.22.26:382][523]LogLoad: Game class is 'FirstPersonGameMode_C'
[2017.02.14-00.22.26:386][523]LogWorld: Bringing World /Game/FirstPersonBP/Maps/UEDPIE_0_FirstPersonExampleMap.FirstPersonExampleMap up for play (max tick rate 0) at 2017.02.13-19.22.26
[2017.02.14-00.22.26:386][523]LogWorld: Bringing up level for play took: 0.003077
[2017.02.14-00.22.26:421][523]LogContentBrowser: Native class hierarchy updated for 'MovieSceneCapture' in 0.0005 seconds. Added 11 classes and 0 folders.
[2017.02.14-00.22.26:520][523]PIE: Info Play in editor start time for /Game/FirstPersonBP/Maps/UEDPIE_0_FirstPersonExampleMap -0.372
[2017.02.14-00.22.26:520][523]LogBlueprintUserMessages: Late PlayInEditor Detection: Level '/Game/FirstPersonBP/Maps/FirstPersonExampleMap.FirstPersonExampleMap:PersistentLevel' has LevelScriptBlueprint '/Game/FirstPersonBP/Maps/FirstPersonExampleMap.FirstPersonExampleMap:PersistentLevel.FirstPersonExampleMap' with GeneratedClass '/Game/FirstPersonBP/Maps/FirstPersonExampleMap.FirstPersonExampleMap_C' with ClassGeneratedBy '/Game/FirstPersonBP/Maps/FirstPersonExampleMap.FirstPersonExampleMap:PersistentLevel.FirstPersonExampleMap'
[2017.02.14-00.22.28:937][809]LogBlueprintUserMessages: Early EndPlayMap Detection: Level '/Game/FirstPersonBP/Maps/FirstPersonExampleMap.FirstPersonExampleMap:PersistentLevel' has LevelScriptBlueprint '/Game/FirstPersonBP/Maps/FirstPersonExampleMap.FirstPersonExampleMap:PersistentLevel.FirstPersonExampleMap' with GeneratedClass '/Game/FirstPersonBP/Maps/FirstPersonExampleMap.FirstPersonExampleMap_C' with ClassGeneratedBy '/Game/FirstPersonBP/Maps/FirstPersonExampleMap.FirstPersonExampleMap:PersistentLevel.FirstPersonExampleMap'
[2017.02.14-00.22.28:984][809]LogBlueprintUserMessages: Late EndPlayMap Detection: Level '/Game/FirstPersonBP/Maps/FirstPersonExampleMap.FirstPersonExampleMap:PersistentLevel' has LevelScriptBlueprint '/Game/FirstPersonBP/Maps/FirstPersonExampleMap.FirstPersonExampleMap:PersistentLevel.FirstPersonExampleMap' with GeneratedClass '/Game/FirstPersonBP/Maps/FirstPersonExampleMap.FirstPersonExampleMap_C' with ClassGeneratedBy '/Game/FirstPersonBP/Maps/FirstPersonExampleMap.FirstPersonExampleMap:PersistentLevel.FirstPersonExampleMap'
[2017.02.14-00.22.31:745][ 84]LogContentBrowser: Native class hierarchy updated for 'BlueprintGraph' in 0.0008 seconds. Added 111 classes and 0 folders.
[2017.02.14-00.22.32:297][ 84]LogLinker:Warning: Can't resolve asset name
[2017.02.14-00.22.37:584][486]LogEditorViewport: Clicking on Actor (LMB): Landscape (Landscape)
[2017.02.14-00.22.40:046][701]LogTemp: Repeting last play command: Selected Viewport
[2017.02.14-00.22.40:065][701]LogBlueprintUserMessages: Early PlayInEditor Detection: Level '/Game/FirstPersonBP/Maps/FirstPersonExampleMap.FirstPersonExampleMap:PersistentLevel' has LevelScriptBlueprint '/Game/FirstPersonBP/Maps/FirstPersonExampleMap.FirstPersonExampleMap:PersistentLevel.FirstPersonExampleMap' with GeneratedClass '/Game/FirstPersonBP/Maps/FirstPersonExampleMap.FirstPersonExampleMap_C' with ClassGeneratedBy '/Game/FirstPersonBP/Maps/FirstPersonExampleMap.FirstPersonExampleMap:PersistentLevel.FirstPersonExampleMap'
[2017.02.14-00.22.40:065][701]LogPlayLevel: PlayLevel: No blueprints needed recompiling
[2017.02.14-00.22.40:065][701]PIE: New page: PIE session: FirstPersonExampleMap (Feb 13, 2017, 2:22:40 PM)
[2017.02.14-00.22.40:065][701]LogPlayLevel: Creating play world package: /Game/FirstPersonBP/Maps/UEDPIE_0_FirstPersonExampleMap
[2017.02.14-00.22.40:094][701]LogPlayLevel: PIE: StaticDuplicateObject took: (0.028835s)
[2017.02.14-00.22.40:095][701]LogAIModule: Creating AISystem for world FirstPersonExampleMap
[2017.02.14-00.22.40:095][701]LogPlayLevel: PIE: World Init took: (0.000865s)
[2017.02.14-00.22.40:095][701]LogPlayLevel: PIE: Created PIE world by copying editor world from /Game/FirstPersonBP/Maps/FirstPersonExampleMap.FirstPersonExampleMap to /Game/FirstPersonBP/Maps/UEDPIE_0_FirstPersonExampleMap.FirstPersonExampleMap (0.029932s)
[2017.02.14-00.22.40:124][701]LogInit: XAudio2 using 'Speakers / Headphones (Realtek High Definition Audio)' : 2 channels at 48 kHz using 32 bits per sample (channel mask 0x3)
[2017.02.14-00.22.40:133][701]LogInit: FAudioDevice initialized.
[2017.02.14-00.22.40:159][701]LogLoad: Game class is 'FirstPersonGameMode_C'
[2017.02.14-00.22.40:162][701]LogWorld: Bringing World /Game/FirstPersonBP/Maps/UEDPIE_0_FirstPersonExampleMap.FirstPersonExampleMap up for play (max tick rate 0) at 2017.02.13-19.22.40
[2017.02.14-00.22.40:163][701]LogWorld: Bringing up level for play took: 0.002892
[2017.02.14-00.22.40:286][701]PIE: Info Play in editor start time for /Game/FirstPersonBP/Maps/UEDPIE_0_FirstPersonExampleMap -0.605
[2017.02.14-00.22.40:287][701]LogBlueprintUserMessages: Late PlayInEditor Detection: Level '/Game/FirstPersonBP/Maps/FirstPersonExampleMap.FirstPersonExampleMap:PersistentLevel' has LevelScriptBlueprint '/Game/FirstPersonBP/Maps/FirstPersonExampleMap.FirstPersonExampleMap:PersistentLevel.FirstPersonExampleMap' with GeneratedClass '/Game/FirstPersonBP/Maps/FirstPersonExampleMap.FirstPersonExampleMap_C' with ClassGeneratedBy '/Game/FirstPersonBP/Maps/FirstPersonExampleMap.FirstPersonExampleMap:PersistentLevel.FirstPersonExampleMap'
[2017.02.14-00.22.54:086][128]LogBlueprintUserMessages: Early EndPlayMap Detection: Level '/Game/FirstPersonBP/Maps/FirstPersonExampleMap.FirstPersonExampleMap:PersistentLevel' has LevelScriptBlueprint '/Game/FirstPersonBP/Maps/FirstPersonExampleMap.FirstPersonExampleMap:PersistentLevel.FirstPersonExampleMap' with GeneratedClass '/Game/FirstPersonBP/Maps/FirstPersonExampleMap.FirstPersonExampleMap_C' with ClassGeneratedBy '/Game/FirstPersonBP/Maps/FirstPersonExampleMap.FirstPersonExampleMap:PersistentLevel.FirstPersonExampleMap'
[2017.02.14-00.22.54:134][128]LogBlueprintUserMessages: Late EndPlayMap Detection: Level '/Game/FirstPersonBP/Maps/FirstPersonExampleMap.FirstPersonExampleMap:PersistentLevel' has LevelScriptBlueprint '/Game/FirstPersonBP/Maps/FirstPersonExampleMap.FirstPersonExampleMap:PersistentLevel.FirstPersonExampleMap' with GeneratedClass '/Game/FirstPersonBP/Maps/FirstPersonExampleMap.FirstPersonExampleMap_C' with ClassGeneratedBy '/Game/FirstPersonBP/Maps/FirstPersonExampleMap.FirstPersonExampleMap:PersistentLevel.FirstPersonExampleMap'
[2017.02.14-00.22.54:297][137]Cmd: SELECT NONE
[2017.02.14-00.22.58:509][581]LogEditorViewport: Clicking on Actor (LMB): BP_Sky_Sphere_C (SkySphereBlueprint)
[2017.02.14-00.22.59:387][655]LogTemp: Repeting last play command: Selected Viewport
[2017.02.14-00.22.59:404][655]LogBlueprintUserMessages: Early PlayInEditor Detection: Level '/Game/FirstPersonBP/Maps/FirstPersonExampleMap.FirstPersonExampleMap:PersistentLevel' has LevelScriptBlueprint '/Game/FirstPersonBP/Maps/FirstPersonExampleMap.FirstPersonExampleMap:PersistentLevel.FirstPersonExampleMap' with GeneratedClass '/Game/FirstPersonBP/Maps/FirstPersonExampleMap.FirstPersonExampleMap_C' with ClassGeneratedBy '/Game/FirstPersonBP/Maps/FirstPersonExampleMap.FirstPersonExampleMap:PersistentLevel.FirstPersonExampleMap'
[2017.02.14-00.22.59:404][655]LogPlayLevel: PlayLevel: No blueprints needed recompiling
[2017.02.14-00.22.59:404][655]PIE: New page: PIE session: FirstPersonExampleMap (Feb 13, 2017, 2:22:59 PM)
[2017.02.14-00.22.59:404][655]LogPlayLevel: Creating play world package: /Game/FirstPersonBP/Maps/UEDPIE_0_FirstPersonExampleMap
[2017.02.14-00.22.59:434][655]LogPlayLevel: PIE: StaticDuplicateObject took: (0.030277s)
[2017.02.14-00.22.59:435][655]LogAIModule: Creating AISystem for world FirstPersonExampleMap
[2017.02.14-00.22.59:435][655]LogPlayLevel: PIE: World Init took: (0.000669s)
[2017.02.14-00.22.59:435][655]LogPlayLevel: PIE: Created PIE world by copying editor world from /Game/FirstPersonBP/Maps/FirstPersonExampleMap.FirstPersonExampleMap to /Game/FirstPersonBP/Maps/UEDPIE_0_FirstPersonExampleMap.FirstPersonExampleMap (0.031183s)
[2017.02.14-00.22.59:458][655]LogInit: XAudio2 using 'Speakers / Headphones (Realtek High Definition Audio)' : 2 channels at 48 kHz using 32 bits per sample (channel mask 0x3)
[2017.02.14-00.22.59:467][655]LogInit: FAudioDevice initialized.
[2017.02.14-00.22.59:496][655]LogLoad: Game class is 'FirstPersonGameMode_C'
[2017.02.14-00.22.59:499][655]LogWorld: Bringing World /Game/FirstPersonBP/Maps/UEDPIE_0_FirstPersonExampleMap.FirstPersonExampleMap up for play (max tick rate 0) at 2017.02.13-19.22.59
[2017.02.14-00.22.59:500][655]LogWorld: Bringing up level for play took: 0.002938
[2017.02.14-00.22.59:636][655]PIE: Info Play in editor start time for /Game/FirstPersonBP/Maps/UEDPIE_0_FirstPersonExampleMap 0.744
[2017.02.14-00.22.59:636][655]LogBlueprintUserMessages: Late PlayInEditor Detection: Level '/Game/FirstPersonBP/Maps/FirstPersonExampleMap.FirstPersonExampleMap:PersistentLevel' has LevelScriptBlueprint '/Game/FirstPersonBP/Maps/FirstPersonExampleMap.FirstPersonExampleMap:PersistentLevel.FirstPersonExampleMap' with GeneratedClass '/Game/FirstPersonBP/Maps/FirstPersonExampleMap.FirstPersonExampleMap_C' with ClassGeneratedBy '/Game/FirstPersonBP/Maps/FirstPersonExampleMap.FirstPersonExampleMap:PersistentLevel.FirstPersonExampleMap'
[2017.02.14-00.23.05:720][280]LogScript:Warning: Accessed None trying to read property K2Node_DynamicCast_AsFirst_Person_Character
	ArrowBPTeleport_C /Game/FirstPersonBP/Maps/UEDPIE_0_FirstPersonExampleMap.FirstPersonExampleMap:PersistentLevel.ArrowBPTeleport_C_0
	Function /Game/FirstPersonBP/Blueprints/Arrow/ArrowBPTeleport.ArrowBPTeleport_C:ExecuteUbergraph_ArrowBPTeleport:019A
[2017.02.14-00.23.05:720][280]PIE:Error: Error Blueprint Runtime Error: Accessed None trying to read property K2Node_DynamicCast_AsFirst_Person_Character from function: 'ExecuteUbergraph_ArrowBPTeleport' from node: Set TeleportArrowPresent in graph: EventGraph in object: ArrowBPTeleport with description: Accessed None trying to read property K2Node_DynamicCast_AsFirst_Person_Character
[2017.02.14-00.23.07:813][495]LogScript:Warning: Accessed None trying to read property K2Node_DynamicCast_AsFirst_Person_Character
	ArrowBPTeleport_C /Game/FirstPersonBP/Maps/UEDPIE_0_FirstPersonExampleMap.FirstPersonExampleMap:PersistentLevel.ArrowBPTeleport_C_1
	Function /Game/FirstPersonBP/Blueprints/Arrow/ArrowBPTeleport.ArrowBPTeleport_C:ExecuteUbergraph_ArrowBPTeleport:019A
[2017.02.14-00.23.07:813][495]PIE:Error: Error Blueprint Runtime Error: Accessed None trying to read property K2Node_DynamicCast_AsFirst_Person_Character from function: 'ExecuteUbergraph_ArrowBPTeleport' from node: Set TeleportArrowPresent in graph: EventGraph in object: ArrowBPTeleport with description: Accessed None trying to read property K2Node_DynamicCast_AsFirst_Person_Character
[2017.02.14-00.23.19:231][659]LogScript:Warning: Accessed None trying to read property K2Node_DynamicCast_AsFirst_Person_Character
	ArrowBPTeleport_C /Game/FirstPersonBP/Maps/UEDPIE_0_FirstPersonExampleMap.FirstPersonExampleMap:PersistentLevel.ArrowBPTeleport_C_2
	Function /Game/FirstPersonBP/Blueprints/Arrow/ArrowBPTeleport.ArrowBPTeleport_C:ExecuteUbergraph_ArrowBPTeleport:019A
[2017.02.14-00.23.19:231][659]PIE:Error: Error Blueprint Runtime Error: Accessed None trying to read property K2Node_DynamicCast_AsFirst_Person_Character from function: 'ExecuteUbergraph_ArrowBPTeleport' from node: Set TeleportArrowPresent in graph: EventGraph in object: ArrowBPTeleport with description: Accessed None trying to read property K2Node_DynamicCast_AsFirst_Person_Character
[2017.02.14-00.23.19:860][722]LogScript:Warning: Accessed None trying to read property K2Node_DynamicCast_AsFirst_Person_Character
	ArrowBPTeleport_C /Game/FirstPersonBP/Maps/UEDPIE_0_FirstPersonExampleMap.FirstPersonExampleMap:PersistentLevel.ArrowBPTeleport_C_3
	Function /Game/FirstPersonBP/Blueprints/Arrow/ArrowBPTeleport.ArrowBPTeleport_C:ExecuteUbergraph_ArrowBPTeleport:019A
[2017.02.14-00.23.19:860][722]PIE:Error: Error Blueprint Runtime Error: Accessed None trying to read property K2Node_DynamicCast_AsFirst_Person_Character from function: 'ExecuteUbergraph_ArrowBPTeleport' from node: Set TeleportArrowPresent in graph: EventGraph in object: ArrowBPTeleport with description: Accessed None trying to read property K2Node_DynamicCast_AsFirst_Person_Character
[2017.02.14-00.23.30:490][808]LogScript:Warning: Accessed None trying to read property K2Node_DynamicCast_AsFirst_Person_Character
	ArrowBPTeleport_C /Game/FirstPersonBP/Maps/UEDPIE_0_FirstPersonExampleMap.FirstPersonExampleMap:PersistentLevel.ArrowBPTeleport_C_4
	Function /Game/FirstPersonBP/Blueprints/Arrow/ArrowBPTeleport.ArrowBPTeleport_C:ExecuteUbergraph_ArrowBPTeleport:019A
[2017.02.14-00.23.30:491][808]PIE:Error: Error Blueprint Runtime Error: Accessed None trying to read property K2Node_DynamicCast_AsFirst_Person_Character from function: 'ExecuteUbergraph_ArrowBPTeleport' from node: Set TeleportArrowPresent in graph: EventGraph in object: ArrowBPTeleport with description: Accessed None trying to read property K2Node_DynamicCast_AsFirst_Person_Character
[2017.02.14-00.23.30:927][853]LogScript:Warning: Accessed None trying to read property K2Node_DynamicCast_AsFirst_Person_Character
	ArrowBPTeleport_C /Game/FirstPersonBP/Maps/UEDPIE_0_FirstPersonExampleMap.FirstPersonExampleMap:PersistentLevel.ArrowBPTeleport_C_5
	Function /Game/FirstPersonBP/Blueprints/Arrow/ArrowBPTeleport.ArrowBPTeleport_C:ExecuteUbergraph_ArrowBPTeleport:019A
[2017.02.14-00.23.30:927][853]PIE:Error: Error Blueprint Runtime Error: Accessed None trying to read property K2Node_DynamicCast_AsFirst_Person_Character from function: 'ExecuteUbergraph_ArrowBPTeleport' from node: Set TeleportArrowPresent in graph: EventGraph in object: ArrowBPTeleport with description: Accessed None trying to read property K2Node_DynamicCast_AsFirst_Person_Character
[2017.02.14-00.23.31:160][877]LogScript:Warning: Accessed None trying to read property K2Node_DynamicCast_AsFirst_Person_Character
	ArrowBPTeleport_C /Game/FirstPersonBP/Maps/UEDPIE_0_FirstPersonExampleMap.FirstPersonExampleMap:PersistentLevel.ArrowBPTeleport_C_6
	Function /Game/FirstPersonBP/Blueprints/Arrow/ArrowBPTeleport.ArrowBPTeleport_C:ExecuteUbergraph_ArrowBPTeleport:019A
[2017.02.14-00.23.31:160][877]PIE:Error: Error Blueprint Runtime Error: Accessed None trying to read property K2Node_DynamicCast_AsFirst_Person_Character from function: 'ExecuteUbergraph_ArrowBPTeleport' from node: Set TeleportArrowPresent in graph: EventGraph in object: ArrowBPTeleport with description: Accessed None trying to read property K2Node_DynamicCast_AsFirst_Person_Character
[2017.02.14-00.23.31:355][897]LogScript:Warning: Accessed None trying to read property K2Node_DynamicCast_AsFirst_Person_Character
	ArrowBPTeleport_C /Game/FirstPersonBP/Maps/UEDPIE_0_FirstPersonExampleMap.FirstPersonExampleMap:PersistentLevel.ArrowBPTeleport_C_7
	Function /Game/FirstPersonBP/Blueprints/Arrow/ArrowBPTeleport.ArrowBPTeleport_C:ExecuteUbergraph_ArrowBPTeleport:019A
[2017.02.14-00.23.31:355][897]PIE:Error: Error Blueprint Runtime Error: Accessed None trying to read property K2Node_DynamicCast_AsFirst_Person_Character from function: 'ExecuteUbergraph_ArrowBPTeleport' from node: Set TeleportArrowPresent in graph: EventGraph in object: ArrowBPTeleport with description: Accessed None trying to read property K2Node_DynamicCast_AsFirst_Person_Character
[2017.02.14-00.23.31:578][920]LogScript:Warning: Accessed None trying to read property K2Node_DynamicCast_AsFirst_Person_Character
	ArrowBPTeleport_C /Game/FirstPersonBP/Maps/UEDPIE_0_FirstPersonExampleMap.FirstPersonExampleMap:PersistentLevel.ArrowBPTeleport_C_8
	Function /Game/FirstPersonBP/Blueprints/Arrow/ArrowBPTeleport.ArrowBPTeleport_C:ExecuteUbergraph_ArrowBPTeleport:019A
[2017.02.14-00.23.31:578][920]PIE:Error: Error Blueprint Runtime Error: Accessed None trying to read property K2Node_DynamicCast_AsFirst_Person_Character from function: 'ExecuteUbergraph_ArrowBPTeleport' from node: Set TeleportArrowPresent in graph: EventGraph in object: ArrowBPTeleport with description: Accessed None trying to read property K2Node_DynamicCast_AsFirst_Person_Character
[2017.02.14-00.23.32:188][983]LogScript:Warning: Accessed None trying to read property K2Node_DynamicCast_AsFirst_Person_Character
	ArrowBPTeleport_C /Game/FirstPersonBP/Maps/UEDPIE_0_FirstPersonExampleMap.FirstPersonExampleMap:PersistentLevel.ArrowBPTeleport_C_9
	Function /Game/FirstPersonBP/Blueprints/Arrow/ArrowBPTeleport.ArrowBPTeleport_C:ExecuteUbergraph_ArrowBPTeleport:019A
[2017.02.14-00.23.32:188][983]PIE:Error: Error Blueprint Runtime Error: Accessed None trying to read property K2Node_DynamicCast_AsFirst_Person_Character from function: 'ExecuteUbergraph_ArrowBPTeleport' from node: Set TeleportArrowPresent in graph: EventGraph in object: ArrowBPTeleport with description: Accessed None trying to read property K2Node_DynamicCast_AsFirst_Person_Character
[2017.02.14-00.23.32:951][ 62]LogScript:Warning: Accessed None trying to read property K2Node_DynamicCast_AsFirst_Person_Character
	ArrowBPTeleport_C /Game/FirstPersonBP/Maps/UEDPIE_0_FirstPersonExampleMap.FirstPersonExampleMap:PersistentLevel.ArrowBPTeleport_C_10
	Function /Game/FirstPersonBP/Blueprints/Arrow/ArrowBPTeleport.ArrowBPTeleport_C:ExecuteUbergraph_ArrowBPTeleport:019A
[2017.02.14-00.23.32:951][ 62]PIE:Error: Error Blueprint Runtime Error: Accessed None trying to read property K2Node_DynamicCast_AsFirst_Person_Character from function: 'ExecuteUbergraph_ArrowBPTeleport' from node: Set TeleportArrowPresent in graph: EventGraph in object: ArrowBPTeleport with description: Accessed None trying to read property K2Node_DynamicCast_AsFirst_Person_Character
[2017.02.14-00.23.33:888][157]LogScript:Warning: Accessed None trying to read property K2Node_DynamicCast_AsFirst_Person_Character
	ArrowBPTeleport_C /Game/FirstPersonBP/Maps/UEDPIE_0_FirstPersonExampleMap.FirstPersonExampleMap:PersistentLevel.ArrowBPTeleport_C_11
	Function /Game/FirstPersonBP/Blueprints/Arrow/ArrowBPTeleport.ArrowBPTeleport_C:ExecuteUbergraph_ArrowBPTeleport:019A
[2017.02.14-00.23.33:888][157]PIE:Error: Error Blueprint Runtime Error: Accessed None trying to read property K2Node_DynamicCast_AsFirst_Person_Character from function: 'ExecuteUbergraph_ArrowBPTeleport' from node: Set TeleportArrowPresent in graph: EventGraph in object: ArrowBPTeleport with description: Accessed None trying to read property K2Node_DynamicCast_AsFirst_Person_Character
[2017.02.14-00.23.56:727][484]LogScript:Warning: Accessed None trying to read property K2Node_DynamicCast_AsFirst_Person_Character
	ArrowBPTeleport_C /Game/FirstPersonBP/Maps/UEDPIE_0_FirstPersonExampleMap.FirstPersonExampleMap:PersistentLevel.ArrowBPTeleport_C_12
	Function /Game/FirstPersonBP/Blueprints/Arrow/ArrowBPTeleport.ArrowBPTeleport_C:ExecuteUbergraph_ArrowBPTeleport:019A
[2017.02.14-00.23.56:727][484]PIE:Error: Error Blueprint Runtime Error: Accessed None trying to read property K2Node_DynamicCast_AsFirst_Person_Character from function: 'ExecuteUbergraph_ArrowBPTeleport' from node: Set TeleportArrowPresent in graph: EventGraph in object: ArrowBPTeleport with description: Accessed None trying to read property K2Node_DynamicCast_AsFirst_Person_Character
[2017.02.14-00.23.57:409][554]LogScript:Warning: Accessed None trying to read property K2Node_DynamicCast_AsFirst_Person_Character
	ArrowBPTeleport_C /Game/FirstPersonBP/Maps/UEDPIE_0_FirstPersonExampleMap.FirstPersonExampleMap:PersistentLevel.ArrowBPTeleport_C_13
	Function /Game/FirstPersonBP/Blueprints/Arrow/ArrowBPTeleport.ArrowBPTeleport_C:ExecuteUbergraph_ArrowBPTeleport:019A
[2017.02.14-00.23.57:409][554]PIE:Error: Error Blueprint Runtime Error: Accessed None trying to read property K2Node_DynamicCast_AsFirst_Person_Character from function: 'ExecuteUbergraph_ArrowBPTeleport' from node: Set TeleportArrowPresent in graph: EventGraph in object: ArrowBPTeleport with description: Accessed None trying to read property K2Node_DynamicCast_AsFirst_Person_Character
[2017.02.14-00.24.30:605][982]LogBlueprintUserMessages: Early EndPlayMap Detection: Level '/Game/FirstPersonBP/Maps/FirstPersonExampleMap.FirstPersonExampleMap:PersistentLevel' has LevelScriptBlueprint '/Game/FirstPersonBP/Maps/FirstPersonExampleMap.FirstPersonExampleMap:PersistentLevel.FirstPersonExampleMap' with GeneratedClass '/Game/FirstPersonBP/Maps/FirstPersonExampleMap.FirstPersonExampleMap_C' with ClassGeneratedBy '/Game/FirstPersonBP/Maps/FirstPersonExampleMap.FirstPersonExampleMap:PersistentLevel.FirstPersonExampleMap'
[2017.02.14-00.24.30:654][982]LogBlueprintUserMessages: Late EndPlayMap Detection: Level '/Game/FirstPersonBP/Maps/FirstPersonExampleMap.FirstPersonExampleMap:PersistentLevel' has LevelScriptBlueprint '/Game/FirstPersonBP/Maps/FirstPersonExampleMap.FirstPersonExampleMap:PersistentLevel.FirstPersonExampleMap' with GeneratedClass '/Game/FirstPersonBP/Maps/FirstPersonExampleMap.FirstPersonExampleMap_C' with ClassGeneratedBy '/Game/FirstPersonBP/Maps/FirstPersonExampleMap.FirstPersonExampleMap:PersistentLevel.FirstPersonExampleMap'
[2017.02.14-00.24.38:985][701]LogActorComponent: UnregisterComponent: (/Engine/Transient.EditorFloorComp) Not registered. Aborting.
[2017.02.14-00.24.39:032][701]LogActorComponent: UnregisterComponent: (/Engine/Transient.EditorFloorComp) Not registered. Aborting.
[2017.02.14-00.24.39:079][701]LogWindowsTextInputMethodSystem:Display: IME system now deactivated.
[2017.02.14-00.24.39:247][702]Cmd: QUIT_EDITOR
[2017.02.14-00.24.39:744][702]LogExit: Preparing to exit.
[2017.02.14-00.24.40:559][702]LogDirectoryWatcher: A directory notification for 'C:/Users/SIG/Documents/Unreal Projects/CIS568VRYPaint_exp/Content/' was aborted.
[2017.02.14-00.24.40:588][702]LogExit: Editor shut down
[2017.02.14-00.24.40:589][702]LogExit: Transaction tracking system shut down
[2017.02.14-00.24.40:677][702]LogObj: Freed 0b from 0 cluster array pools.
[2017.02.14-00.24.40:677][702]LogExit: Object subsystem successfully closed.
[2017.02.14-00.24.40:687][702]LogD3D11RHI: Shutdown
[2017.02.14-00.24.40:687][702]LogD3D11RHI: CleanupD3DDevice
[2017.02.14-00.24.40:770][702]LogD3D11RHI: ~FD3D11DynamicRHI
[2017.02.14-00.24.40:782][702]LogHttp:Display: Http module shutting down, but needs to wait on 1 outstanding Http requests:
[2017.02.14-00.24.40:782][702]LogHttp:Display: 	verb=[POST] url=[https://datarouter.ol.epicgames.com/datarouter/api/v1/public/data?SessionID=%7BC879F8CA-4C36-EE36-C8E0-8D8555CF556E%7D&AppID=UEEditor.Rocket.Release&AppVersion=4.14.3-3249277%2B%2B%2BUE4%2BRelease-4.14&UserID=e39357c64ff4c0113b938aab5c671f29%7C593f397c90d04df9bf9acb715709aceb%7C0c9e8fbc-430d-4232-9a6e-cf58865a8fca&AppEnvironment=datacollector-binary&UploadType=eteventstream] status=Processing
[2017.02.14-00.24.40:815][702]LogModuleManager: Shutting down and abandoning module BlueprintGraph (244)
[2017.02.14-00.24.40:815][702]LogModuleManager: Shutting down and abandoning module BlueprintProfiler (243)
[2017.02.14-00.24.40:815][702]LogModuleManager: Shutting down and abandoning module MovieSceneCapture (242)
[2017.02.14-00.24.40:815][702]LogModuleManager: Shutting down and abandoning module HierarchicalLODOutliner (241)
[2017.02.14-00.24.40:815][702]LogModuleManager: Shutting down and abandoning module CrashTracker (240)
[2017.02.14-00.24.40:815][702]LogModuleManager: Shutting down and abandoning module SceneOutliner (239)
[2017.02.14-00.24.40:815][702]LogModuleManager: Shutting down and abandoning module WidgetCarousel (238)
[2017.02.14-00.24.40:815][702]LogModuleManager: Shutting down and abandoning module AddContentDialog (237)
[2017.02.14-00.24.40:815][702]LogDirectoryWatcher: A directory notification for 'C:/Program Files (x86)/Epic Games/4.14/FeaturePacks/' was aborted.
[2017.02.14-00.24.40:815][702]LogModuleManager: Shutting down and abandoning module GameplayTags (236)
[2017.02.14-00.24.40:815][702]LogModuleManager: Shutting down and abandoning module EditorWidgets (235)
[2017.02.14-00.24.40:815][702]LogModuleManager: Shutting down and abandoning module CollectionManager (234)
[2017.02.14-00.24.40:816][702]LogDirectoryWatcher: A directory notification for 'C:/Users/SIG/Documents/Unreal Projects/CIS568VRYPaint_exp/Content/Collections/' was aborted.
[2017.02.14-00.24.40:816][702]LogDirectoryWatcher: A directory notification for 'C:/Users/SIG/Documents/Unreal Projects/CIS568VRYPaint_exp/Content/Developers/SIG/Collections/' was aborted.
[2017.02.14-00.24.40:816][702]LogDirectoryWatcher: A directory notification for 'C:/Users/SIG/Documents/Unreal Projects/CIS568VRYPaint_exp/Saved/Collections/' was aborted.
[2017.02.14-00.24.40:816][702]LogModuleManager: Shutting down and abandoning module StatsViewer (233)
[2017.02.14-00.24.40:816][702]LogModuleManager: Shutting down and abandoning module FoliageEdit (232)
[2017.02.14-00.24.40:816][702]LogModuleManager: Shutting down and abandoning module LandscapeEditor (231)
[2017.02.14-00.24.40:816][702]LogModuleManager: Shutting down and abandoning module SceneDepthPickerMode (230)
[2017.02.14-00.24.40:816][702]LogModuleManager: Shutting down and abandoning module ActorPickerMode (229)
[2017.02.14-00.24.40:816][702]LogModuleManager: Shutting down and abandoning module GeometryMode (228)
[2017.02.14-00.24.40:816][702]LogModuleManager: Shutting down and abandoning module TextureAlignMode (227)
[2017.02.14-00.24.40:816][702]LogModuleManager: Shutting down and abandoning module BspMode (226)
[2017.02.14-00.24.40:816][702]LogModuleManager: Shutting down and abandoning module HardwareSurvey (225)
[2017.02.14-00.24.40:816][702]LogModuleManager: Shutting down and abandoning module SequenceRecorderSections (224)
[2017.02.14-00.24.40:816][702]LogModuleManager: Shutting down and abandoning module AutomationWorker (223)
[2017.02.14-00.24.40:816][702]LogModuleManager: Shutting down and abandoning module MatineeToLevelSequence (222)
[2017.02.14-00.24.40:816][702]LogModuleManager: Shutting down and abandoning module PlacementMode (221)
[2017.02.14-00.24.40:816][702]LogModuleManager: Shutting down and abandoning module LevelSequenceEditor (220)
[2017.02.14-00.24.40:816][702]LogModuleManager: Shutting down and abandoning module WmfMediaFactory (219)
[2017.02.14-00.24.40:816][702]LogModuleManager: Shutting down and abandoning module WmfMediaEditor (218)
[2017.02.14-00.24.40:816][702]LogModuleManager: Shutting down and abandoning module AvfMediaFactory (217)
[2017.02.14-00.24.40:816][702]LogModuleManager: Shutting down and abandoning module AvfMediaEditor (216)
[2017.02.14-00.24.40:816][702]LogModuleManager: Shutting down and abandoning module Media (215)
[2017.02.14-00.24.40:816][702]LogModuleManager: Shutting down and abandoning module AndroidMediaFactory (214)
[2017.02.14-00.24.40:816][702]LogModuleManager: Shutting down and abandoning module AndroidMediaEditor (213)
[2017.02.14-00.24.40:816][702]LogModuleManager: Shutting down and abandoning module CharacterAI (212)
[2017.02.14-00.24.40:816][702]LogModuleManager: Shutting down and abandoning module SequenceRecorder (211)
[2017.02.14-00.24.40:816][702]LogModuleManager: Shutting down and abandoning module AudioCapture (210)
[2017.02.14-00.24.40:816][702]LogModuleManager: Shutting down and abandoning module SmartSnapping (209)
[2017.02.14-00.24.40:816][702]LogModuleManager: Shutting down and abandoning module SessionServices (208)
[2017.02.14-00.24.40:816][702]LogModuleManager: Shutting down and abandoning module ViewportSnapping (207)
[2017.02.14-00.24.40:816][702]LogModuleManager: Shutting down and abandoning module ViewportInteraction (206)
[2017.02.14-00.24.40:816][702]LogModuleManager: Shutting down and abandoning module LogVisualizer (205)
[2017.02.14-00.24.40:816][702]LogModuleManager: Shutting down and abandoning module GameProjectGeneration (204)
[2017.02.14-00.24.40:816][702]LogModuleManager: Shutting down and abandoning module IntroTutorials (203)
[2017.02.14-00.24.40:816][702]LogModuleManager: Shutting down and abandoning module EditorLiveStreaming (202)
[2017.02.14-00.24.40:816][702]LogModuleManager: Shutting down and abandoning module IOSPlatformEditor (201)
[2017.02.14-00.24.40:816][702]LogModuleManager: Shutting down and abandoning module HTML5PlatformEditor (200)
[2017.02.14-00.24.40:816][702]LogModuleManager: Shutting down and abandoning module AndroidDeviceDetection (199)
[2017.02.14-00.24.41:327][702]LogModuleManager: Shutting down and abandoning module AndroidPlatformEditor (198)
[2017.02.14-00.24.41:327][702]LogModuleManager: Shutting down and abandoning module IOSRuntimeSettings (197)
[2017.02.14-00.24.41:327][702]LogModuleManager: Shutting down and abandoning module AndroidRuntimeSettings (196)
[2017.02.14-00.24.41:327][702]LogModuleManager: Shutting down and abandoning module InputBindingEditor (195)
[2017.02.14-00.24.41:327][702]LogModuleManager: Shutting down and abandoning module NiagaraEditor (194)
[2017.02.14-00.24.41:327][702]LogModuleManager: Shutting down and abandoning module MergeActors (193)
[2017.02.14-00.24.41:327][702]LogModuleManager: Shutting down and abandoning module SizeMap (192)
[2017.02.14-00.24.41:327][702]LogModuleManager: Shutting down and abandoning module TreeMap (191)
[2017.02.14-00.24.41:327][702]LogModuleManager: Shutting down and abandoning module ReferenceViewer (190)
[2017.02.14-00.24.41:327][702]LogModuleManager: Shutting down and abandoning module LocalizationService (189)
[2017.02.14-00.24.41:327][702]LogModuleManager: Shutting down and abandoning module LocalizationDashboard (188)
[2017.02.14-00.24.41:327][702]LogModuleManager: Shutting down and abandoning module HardwareTargeting (187)
[2017.02.14-00.24.41:327][702]LogModuleManager: Shutting down and abandoning module DeviceProfileEditor (186)
[2017.02.14-00.24.41:327][702]LogModuleManager: Shutting down and abandoning module UndoHistory (185)
[2017.02.14-00.24.41:327][702]LogModuleManager: Shutting down and abandoning module UserFeedback (184)
[2017.02.14-00.24.41:327][702]LogModuleManager: Shutting down and abandoning module XmlParser (183)
[2017.02.14-00.24.41:327][702]LogModuleManager: Shutting down and abandoning module Blutility (182)
[2017.02.14-00.24.41:327][702]LogModuleManager: Shutting down and abandoning module ProjectTargetPlatformEditor (181)
[2017.02.14-00.24.41:327][702]LogModuleManager: Shutting down and abandoning module ProjectSettingsViewer (180)
[2017.02.14-00.24.41:328][702]LogModuleManager: Shutting down and abandoning module EditorSettingsViewer (179)
[2017.02.14-00.24.41:328][702]LogModuleManager: Shutting down and abandoning module SettingsEditor (178)
[2017.02.14-00.24.41:328][702]LogModuleManager: Shutting down and abandoning module ProjectLauncher (177)
[2017.02.14-00.24.41:328][702]LogModuleManager: Shutting down and abandoning module SessionFrontend (176)
[2017.02.14-00.24.41:328][702]LogModuleManager: Shutting down and abandoning module ProfilerClient (175)
[2017.02.14-00.24.41:328][702]LogModuleManager: Shutting down and abandoning module TargetDeviceServices (174)
[2017.02.14-00.24.41:328][702]LogModuleManager: Shutting down and abandoning module DeviceManager (173)
[2017.02.14-00.24.41:369][702]LogModuleManager: Shutting down and abandoning module AutomationController (172)
[2017.02.14-00.24.41:369][702]LogModuleManager: Shutting down and abandoning module AutomationWindow (171)
[2017.02.14-00.24.41:369][702]LogModuleManager: Shutting down and abandoning module Layers (170)
[2017.02.14-00.24.41:369][702]LogModuleManager: Shutting down and abandoning module ComponentVisualizers (169)
[2017.02.14-00.24.41:369][702]LogModuleManager: Shutting down and abandoning module DetailCustomizations (168)
[2017.02.14-00.24.41:369][702]LogModuleManager: Shutting down and abandoning module PackagesDialog (167)
[2017.02.14-00.24.41:369][702]LogModuleManager: Shutting down and abandoning module AnimGraph (166)
[2017.02.14-00.24.41:369][702]LogModuleManager: Shutting down and abandoning module Persona (165)
[2017.02.14-00.24.41:370][702]LogModuleManager: Shutting down and abandoning module Kismet (164)
[2017.02.14-00.24.41:375][702]LogModuleManager: Shutting down and abandoning module GraphEditor (163)
[2017.02.14-00.24.41:375][702]LogModuleManager: Shutting down and abandoning module ClassViewer (162)
[2017.02.14-00.24.41:375][702]LogModuleManager: Shutting down and abandoning module Toolbox (161)
[2017.02.14-00.24.41:375][702]LogModuleManager: Shutting down and abandoning module ModuleUI (160)
[2017.02.14-00.24.41:375][702]LogModuleManager: Shutting down and abandoning module MovieSceneTools (159)
[2017.02.14-00.24.41:375][702]LogModuleManager: Shutting down and abandoning module OutputLog (158)
[2017.02.14-00.24.41:375][702]LogModuleManager: Shutting down and abandoning module GammaUI (157)
[2017.02.14-00.24.41:375][702]LogModuleManager: Shutting down and abandoning module Documentation (156)
[2017.02.14-00.24.41:375][702]LogModuleManager: Shutting down and abandoning module Niagara (155)
[2017.02.14-00.24.41:375][702]LogModuleManager: Shutting down and abandoning module StreamingPauseRendering (154)
[2017.02.14-00.24.41:375][702]LogModuleManager: Shutting down and abandoning module AnalyticsET (153)
[2017.02.14-00.24.41:375][702]LogModuleManager: Shutting down and abandoning module PortalServices (152)
[2017.02.14-00.24.41:375][702]LogModuleManager: Shutting down and abandoning module PortalRpc (151)
[2017.02.14-00.24.41:375][702]LogModuleManager: Shutting down and abandoning module MessagingRpc (150)
[2017.02.14-00.24.41:375][702]LogModuleManager: Shutting down and abandoning module GameplayDebugger (149)
[2017.02.14-00.24.41:375][702]LogModuleManager: Shutting down and abandoning module AITestSuite (148)
[2017.02.14-00.24.41:375][702]LogModuleManager: Shutting down and abandoning module AIModule (147)
[2017.02.14-00.24.41:375][702]LogModuleManager: Shutting down and abandoning module ProfilerService (146)
[2017.02.14-00.24.41:480][702]LogModuleManager: Shutting down and abandoning module TaskGraph (145)
[2017.02.14-00.24.41:480][702]LogModuleManager: Shutting down and abandoning module SlateRemote (144)
[2017.02.14-00.24.41:480][702]LogModuleManager: Shutting down and abandoning module SteamVRController (143)
[2017.02.14-00.24.41:480][702]LogModuleManager: Shutting down and abandoning module SteamVR (142)
[2017.02.14-00.24.41:480][702]LogModuleManager: Shutting down and abandoning module ProceduralMeshComponentEditor (141)
[2017.02.14-00.24.41:480][702]LogModuleManager: Shutting down and abandoning module ProceduralMeshComponent (140)
[2017.02.14-00.24.41:480][702]LogModuleManager: Shutting down and abandoning module OculusLibrary (139)
[2017.02.14-00.24.41:480][702]LogModuleManager: Shutting down and abandoning module OculusInput (138)
[2017.02.14-00.24.41:480][702]LogModuleManager: Shutting down and abandoning module MobilePatchingUtils (137)
[2017.02.14-00.24.41:480][702]LogModuleManager: Shutting down and abandoning module CustomMeshComponent (136)
[2017.02.14-00.24.41:480][702]LogModuleManager: Shutting down and abandoning module CableComponent (135)
[2017.02.14-00.24.41:480][702]LogModuleManager: Shutting down and abandoning module ArchVisCharacter (134)
[2017.02.14-00.24.41:480][702]LogModuleManager: Shutting down and abandoning module MediaPlayerEditor (132)
[2017.02.14-00.24.41:480][702]LogModuleManager: Shutting down and abandoning module HTML5Networking (131)
[2017.02.14-00.24.41:480][702]LogModuleManager: Shutting down and abandoning module GeometryCacheEd (130)
[2017.02.14-00.24.41:480][702]LogModuleManager: Shutting down and abandoning module GeometryCache (129)
[2017.02.14-00.24.41:480][702]LogModuleManager: Shutting down and abandoning module AlembicLibrary (128)
[2017.02.14-00.24.41:480][702]LogModuleManager: Shutting down and abandoning module AlembicImporter (127)
[2017.02.14-00.24.41:480][702]LogModuleManager: Shutting down and abandoning module SuperSearch (126)
[2017.02.14-00.24.41:480][702]LogModuleManager: Shutting down and abandoning module SuperSearchEditor (125)
[2017.02.14-00.24.41:480][702]LogModuleManager: Shutting down and abandoning module SpeedTreeImporter (124)
[2017.02.14-00.24.41:480][702]LogModuleManager: Shutting down and abandoning module PluginBrowser (123)
[2017.02.14-00.24.41:480][702]LogModuleManager: Shutting down and abandoning module MobileLauncherProfileWizard (122)
[2017.02.14-00.24.41:480][702]LogModuleManager: Shutting down and abandoning module EpicSurvey (121)
[2017.02.14-00.24.41:480][702]LogModuleManager: Shutting down and abandoning module DesktopPlatform (120)
[2017.02.14-00.24.41:480][702]LogModuleManager: Shutting down and abandoning module VisualStudioSourceCodeAccess (119)
[2017.02.14-00.24.41:480][702]LogModuleManager: Shutting down and abandoning module UObjectPlugin (118)
[2017.02.14-00.24.41:480][702]LogModuleManager: Shutting down and abandoning module SubversionSourceControl (117)
[2017.02.14-00.24.41:480][702]LogModuleManager: Shutting down and abandoning module PerforceSourceControl (116)
[2017.02.14-00.24.41:480][702]LogModuleManager: Shutting down and abandoning module SourceControl (115)
[2017.02.14-00.24.41:480][702]LogModuleManager: Shutting down and abandoning module GitSourceControl (114)
[2017.02.14-00.24.41:480][702]LogModuleManager: Shutting down and abandoning module LightPropagationVolumeEditor (113)
[2017.02.14-00.24.41:480][702]LogModuleManager: Shutting down and abandoning module PaperTiledImporter (112)
[2017.02.14-00.24.41:480][702]LogModuleManager: Shutting down and abandoning module PaperSpriteSheetImporter (111)
[2017.02.14-00.24.41:480][702]LogModuleManager: Shutting down and abandoning module MeshPaint (110)
[2017.02.14-00.24.41:480][702]LogModuleManager: Shutting down and abandoning module PixelInspectorModule (109)
[2017.02.14-00.24.41:480][702]LogModuleManager: Shutting down and abandoning module HotReload (108)
[2017.02.14-00.24.41:481][702]LogModuleManager: Shutting down and abandoning module MainFrame (107)
[2017.02.14-00.24.41:481][702]LogModuleManager: Shutting down and abandoning module LevelEditor (106)
[2017.02.14-00.24.41:481][702]LogModuleManager: Shutting down and abandoning module ContentBrowser (105)
[2017.02.14-00.24.41:482][702]LogModuleManager: Shutting down and abandoning module Paper2DEditor (104)
[2017.02.14-00.24.41:482][702]LogModuleManager: Shutting down and abandoning module UdpMessaging (103)
[2017.02.14-00.24.41:582][702]LogModuleManager: Shutting down and abandoning module TcpMessaging (102)
[2017.02.14-00.24.41:683][702]LogModuleManager: Shutting down and abandoning module LightPropagationVolumeRuntime (101)
[2017.02.14-00.24.41:683][702]LogModuleManager: Shutting down and abandoning module Paper2D (100)
[2017.02.14-00.24.41:683][702]LogModuleManager: Shutting down and abandoning module WindowsMoviePlayer (99)
[2017.02.14-00.24.41:683][702]LogModuleManager: Shutting down and abandoning module WmfMedia (98)
[2017.02.14-00.24.41:683][702]LogModuleManager: Shutting down and abandoning module MediaAssets (97)
[2017.02.14-00.24.41:683][702]LogModuleManager: Shutting down and abandoning module GameLiveStreaming (96)
[2017.02.14-00.24.41:683][702]LogModuleManager: Shutting down and abandoning module GameplayTagsEditor (95)
[2017.02.14-00.24.41:683][702]LogModuleManager: Shutting down and abandoning module VREditor (94)
[2017.02.14-00.24.41:683][702]LogModuleManager: Shutting down and abandoning module GameplayTasksEditor (93)
[2017.02.14-00.24.41:683][702]LogModuleManager: Shutting down and abandoning module BehaviorTreeEditor (92)
[2017.02.14-00.24.41:683][702]LogModuleManager: Shutting down and abandoning module FunctionalTesting (91)
[2017.02.14-00.24.41:683][702]LogModuleManager: Shutting down and abandoning module CollisionAnalyzer (90)
[2017.02.14-00.24.41:683][702]LogModuleManager: Shutting down and abandoning module Sequencer (89)
[2017.02.14-00.24.41:683][702]LogModuleManager: Shutting down and abandoning module WorkspaceMenuStructure (88)
[2017.02.14-00.24.41:683][702]LogModuleManager: Shutting down and abandoning module MessageLog (87)
[2017.02.14-00.24.41:683][702]LogModuleManager: Shutting down and abandoning module AssetTools (86)
[2017.02.14-00.24.41:683][702]LogModuleManager: Shutting down and abandoning module UMGEditor (85)
[2017.02.14-00.24.41:683][702]LogModuleManager: Shutting down and abandoning module UMG (84)
[2017.02.14-00.24.41:683][702]LogModuleManager: Shutting down and abandoning module SlateReflector (83)
[2017.02.14-00.24.41:683][702]LogModuleManager: Shutting down and abandoning module Slate (82)
[2017.02.14-00.24.41:683][702]LogModuleManager: Shutting down and abandoning module EditorStyle (81)
[2017.02.14-00.24.41:685][702]LogModuleManager: Shutting down and abandoning module SourceCodeAccess (80)
[2017.02.14-00.24.41:685][702]LogModuleManager: Shutting down and abandoning module HeadMountedDisplay (79)
[2017.02.14-00.24.41:685][702]LogModuleManager: Shutting down and abandoning module XAudio2 (78)
[2017.02.14-00.24.41:685][702]LogModuleManager: Shutting down and abandoning module Networking (76)
[2017.02.14-00.24.41:685][702]LogModuleManager: Shutting down and abandoning module Core (75)
[2017.02.14-00.24.41:685][702]LogModuleManager: Shutting down and abandoning module DirectoryWatcher (74)
[2017.02.14-00.24.41:685][702]LogDirectoryWatcher: A directory notification for '../../../Engine/Content/' was aborted.
[2017.02.14-00.24.41:685][702]LogDirectoryWatcher: A directory notification for '../../../../../../Users/SIG/Documents/Unreal Projects/CIS568VRYPaint_exp/Content/' was aborted.
[2017.02.14-00.24.41:685][702]LogDirectoryWatcher: A directory notification for '../../../Engine/Plugins/2D/Paper2D/Content/' was aborted.
[2017.02.14-00.24.41:685][702]LogModuleManager: Shutting down and abandoning module AssetRegistry (73)
[2017.02.14-00.24.41:860][702]LogModuleManager: Shutting down and abandoning module KismetCompiler (72)
[2017.02.14-00.24.41:860][702]LogModuleManager: Shutting down and abandoning module PhysXFormats (71)
[2017.02.14-00.24.41:860][702]LogModuleManager: Shutting down and abandoning module SimplygonSwarm (70)
[2017.02.14-00.24.41:860][702]LogModuleManager: Shutting down and abandoning module SimplygonMeshReduction (69)
[2017.02.14-00.24.41:860][702]LogModuleManager: Shutting down and abandoning module QuadricMeshReduction (68)
[2017.02.14-00.24.41:860][702]LogModuleManager: Shutting down and abandoning module PropertyEditor (67)
[2017.02.14-00.24.41:860][702]LogModuleManager: Shutting down and abandoning module MeshUtilities (66)
[2017.02.14-00.24.41:860][702]LogModuleManager: Shutting down and abandoning module DerivedDataCache (65)
[2017.02.14-00.24.41:925][702]LogDerivedDataCache: Shutdown
[2017.02.14-00.24.41:925][702]LogModuleManager: Shutting down and abandoning module VulkanShaderFormat (64)
[2017.02.14-00.24.41:925][702]LogModuleManager: Shutting down and abandoning module ShaderFormatOpenGL (63)
[2017.02.14-00.24.41:925][702]LogModuleManager: Shutting down and abandoning module ShaderFormatD3D (62)
[2017.02.14-00.24.41:925][702]LogModuleManager: Shutting down and abandoning module MetalShaderFormat (61)
[2017.02.14-00.24.41:925][702]LogModuleManager: Shutting down and abandoning module TextureFormatUncompressed (60)
[2017.02.14-00.24.41:925][702]LogModuleManager: Shutting down and abandoning module TextureFormatPVR (59)
[2017.02.14-00.24.41:925][702]LogModuleManager: Shutting down and abandoning module TextureFormatDXT (58)
[2017.02.14-00.24.41:925][702]LogModuleManager: Shutting down and abandoning module TextureFormatIntelISPCTexComp (57)
[2017.02.14-00.24.41:926][702]LogModuleManager: Shutting down and abandoning module ImageWrapper (56)
[2017.02.14-00.24.41:926][702]LogModuleManager: Shutting down and abandoning module TextureFormatASTC (55)
[2017.02.14-00.24.41:926][702]LogModuleManager: Shutting down and abandoning module TextureFormatAndroid (54)
[2017.02.14-00.24.41:926][702]LogModuleManager: Shutting down and abandoning module AudioFormatOpus (53)
[2017.02.14-00.24.41:926][702]LogModuleManager: Shutting down and abandoning module AudioFormatOgg (52)
[2017.02.14-00.24.41:926][702]LogModuleManager: Shutting down and abandoning module AudioFormatADPCM (51)
[2017.02.14-00.24.41:926][702]LogModuleManager: Shutting down and abandoning module LinuxTargetPlatform (50)
[2017.02.14-00.24.41:926][702]LogModuleManager: Shutting down and abandoning module LinuxServerTargetPlatform (49)
[2017.02.14-00.24.41:926][702]LogModuleManager: Shutting down and abandoning module LinuxNoEditorTargetPlatform (48)
[2017.02.14-00.24.41:926][702]LogModuleManager: Shutting down and abandoning module LinuxClientTargetPlatform (47)
[2017.02.14-00.24.41:926][702]LogModuleManager: Shutting down and abandoning module TVOSTargetPlatform (46)
[2017.02.14-00.24.41:926][702]LogModuleManager: Shutting down and abandoning module Messaging (45)
[2017.02.14-00.24.41:926][702]LogModuleManager: Shutting down and abandoning module IOSTargetPlatform (44)
[2017.02.14-00.24.41:926][702]LogModuleManager: Shutting down and abandoning module HTML5TargetPlatform (43)
[2017.02.14-00.24.41:926][702]LogModuleManager: Shutting down and abandoning module Android_PVRTCTargetPlatform (42)
[2017.02.14-00.24.41:926][702]LogModuleManager: Shutting down and abandoning module Android_MultiTargetPlatform (41)
[2017.02.14-00.24.41:926][702]LogModuleManager: Shutting down and abandoning module Android_ETC2TargetPlatform (40)
[2017.02.14-00.24.41:926][702]LogModuleManager: Shutting down and abandoning module Android_ETC1TargetPlatform (39)
[2017.02.14-00.24.41:926][702]LogModuleManager: Shutting down and abandoning module Android_DXTTargetPlatform (38)
[2017.02.14-00.24.41:926][702]LogModuleManager: Shutting down and abandoning module Android_ATCTargetPlatform (37)
[2017.02.14-00.24.41:926][702]LogModuleManager: Shutting down and abandoning module Android_ASTCTargetPlatform (36)
[2017.02.14-00.24.41:926][702]LogModuleManager: Shutting down and abandoning module AndroidTargetPlatform (35)
[2017.02.14-00.24.41:926][702]LogModuleManager: Shutting down and abandoning module WindowsTargetPlatform (34)
[2017.02.14-00.24.41:926][702]LogModuleManager: Shutting down and abandoning module WindowsServerTargetPlatform (33)
[2017.02.14-00.24.41:926][702]LogModuleManager: Shutting down and abandoning module WindowsNoEditorTargetPlatform (32)
[2017.02.14-00.24.41:926][702]LogModuleManager: Shutting down and abandoning module WindowsClientTargetPlatform (31)
[2017.02.14-00.24.41:926][702]LogModuleManager: Shutting down and abandoning module MacTargetPlatform (30)
[2017.02.14-00.24.41:926][702]LogModuleManager: Shutting down and abandoning module MacServerTargetPlatform (29)
[2017.02.14-00.24.41:926][702]LogModuleManager: Shutting down and abandoning module MacNoEditorTargetPlatform (28)
[2017.02.14-00.24.41:926][702]LogModuleManager: Shutting down and abandoning module MacClientTargetPlatform (27)
[2017.02.14-00.24.41:926][702]LogModuleManager: Shutting down and abandoning module AllDesktopTargetPlatform (26)
[2017.02.14-00.24.41:926][702]LogModuleManager: Shutting down and abandoning module TargetPlatform (25)
[2017.02.14-00.24.41:926][702]LogModuleManager: Shutting down and abandoning module InputCore (24)
[2017.02.14-00.24.41:926][702]LogModuleManager: Shutting down and abandoning module Settings (23)
[2017.02.14-00.24.41:926][702]LogModuleManager: Shutting down and abandoning module OculusRift (22)
[2017.02.14-00.24.41:926][702]LogHMD: Oculus shutdown.
[2017.02.14-00.24.41:926][702]LogModuleManager: Shutting down and abandoning module ExampleDeviceProfileSelector (21)
[2017.02.14-00.24.41:926][702]LogModuleManager: Shutting down and abandoning module OnlineBlueprintSupport (20)
[2017.02.14-00.24.41:926][702]LogModuleManager: Shutting down and abandoning module OnlineSubsystem (18)
[2017.02.14-00.24.41:926][702]LogOnline:Display: Unloading online subsystem: NULL
[2017.02.14-00.24.41:926][702]LogModuleManager: Shutting down and abandoning module SSL (17)
[2017.02.14-00.24.41:927][702]LogModuleManager: Shutting down and abandoning module HTTP (16)
[2017.02.14-00.24.41:928][702]LogModuleManager: Shutting down and abandoning module XMPP (15)
[2017.02.14-00.24.41:928][702]LogModuleManager: Shutting down and abandoning module TextureCompressor (14)
[2017.02.14-00.24.41:928][702]LogModuleManager: Shutting down and abandoning module ShaderCore (13)
[2017.02.14-00.24.41:928][702]LogModuleManager: Shutting down and abandoning module Landscape (12)
[2017.02.14-00.24.41:928][702]LogModuleManager: Shutting down and abandoning module SlateRHIRenderer (11)
[2017.02.14-00.24.41:929][702]LogModuleManager: Shutting down and abandoning module OpenGLDrv (10)
[2017.02.14-00.24.41:929][702]LogModuleManager: Shutting down and abandoning module D3D11RHI (9)
[2017.02.14-00.24.41:929][702]LogModuleManager: Shutting down and abandoning module AnimGraphRuntime (8)
[2017.02.14-00.24.41:929][702]LogModuleManager: Shutting down and abandoning module Renderer (7)
[2017.02.14-00.24.41:929][702]LogModuleManager: Shutting down and abandoning module Engine (6)
[2017.02.14-00.24.41:929][702]LogModuleManager: Shutting down and abandoning module CoreUObject (5)
[2017.02.14-00.24.41:929][702]LogModuleManager: Shutting down and abandoning module NetworkFile (4)
[2017.02.14-00.24.41:929][702]LogModuleManager: Shutting down and abandoning module StreamingFile (3)
[2017.02.14-00.24.41:929][702]LogModuleManager: Shutting down and abandoning module SandboxFile (2)
[2017.02.14-00.24.41:929][702]LogModuleManager: Shutting down and abandoning module PakFile (1)
[2017.02.14-00.24.41:930][702]LogExit: Exiting.
[2017.02.14-00.24.41:932][702]Log file closed, 02/13/17 19:24:41
