Log file open, 02/26/17 23:50:12
LogInit:Display: Running engine for game: CIS568VRYPaint_mp
LogPlatformFile: Not using cached read wrapper
LogInit:Display: RandInit(-135721876) SRandInit(-135721876).
LogTaskGraph: Started task graph with 5 named threads and 8 total threads with 1 sets of task threads.
LogStats: Stats thread started at 0.076289
LogPluginManager: Loaded Plugin Paper2D, From C:/Program Files/Epic Games/UE_4.14/Engine/Plugins/2D/Paper2D/Paper2D.uplugin
LogPluginManager: Loaded Plugin LightPropagationVolume, From C:/Program Files/Epic Games/UE_4.14/Engine/Plugins/Blendables/LightPropagationVolume/LightPropagationVolume.uplugin
LogPluginManager: Loaded Plugin BlankPlugin, From C:/Program Files/Epic Games/UE_4.14/Engine/Plugins/Developer/BlankPlugin/BlankPlugin.uplugin
LogPluginManager: Loaded Plugin CodeLiteSourceCodeAccess, From C:/Program Files/Epic Games/UE_4.14/Engine/Plugins/Developer/CodeLiteSourceCodeAccess/CodeLiteSourceCodeAccess.uplugin
LogPluginManager: Loaded Plugin GitSourceControl, From C:/Program Files/Epic Games/UE_4.14/Engine/Plugins/Developer/GitSourceControl/GitSourceControl.uplugin
LogPluginManager: Loaded Plugin KDevelopSourceCodeAccess, From C:/Program Files/Epic Games/UE_4.14/Engine/Plugins/Developer/KDevelopSourceCodeAccess/KDevelopSourceCodeAccess.uplugin
LogPluginManager: Loaded Plugin NullSourceCodeAccess, From C:/Program Files/Epic Games/UE_4.14/Engine/Plugins/Developer/NullSourceCodeAccess/NullSourceCodeAccess.uplugin
LogPluginManager: Loaded Plugin OneSkyLocalizationService, From C:/Program Files/Epic Games/UE_4.14/Engine/Plugins/Developer/OneSkyLocalizationService/OneSkyLocalizationService.uplugin
LogPluginManager: Loaded Plugin PerforceSourceControl, From C:/Program Files/Epic Games/UE_4.14/Engine/Plugins/Developer/PerforceSourceControl/PerforceSourceControl.uplugin
LogPluginManager: Loaded Plugin SubversionSourceControl, From C:/Program Files/Epic Games/UE_4.14/Engine/Plugins/Developer/SubversionSourceControl/SubversionSourceControl.uplugin
LogPluginManager: Loaded Plugin UObjectPlugin, From C:/Program Files/Epic Games/UE_4.14/Engine/Plugins/Developer/UObjectPlugin/UObjectPlugin.uplugin
LogPluginManager: Loaded Plugin VisualStudioSourceCodeAccess, From C:/Program Files/Epic Games/UE_4.14/Engine/Plugins/Developer/VisualStudioSourceCodeAccess/VisualStudioSourceCodeAccess.uplugin
LogPluginManager: Loaded Plugin XCodeSourceCodeAccess, From C:/Program Files/Epic Games/UE_4.14/Engine/Plugins/Developer/XCodeSourceCodeAccess/XCodeSourceCodeAccess.uplugin
LogPluginManager: Loaded Plugin AudioCapture, From C:/Program Files/Epic Games/UE_4.14/Engine/Plugins/Editor/AudioCapture/AudioCapture.uplugin
LogPluginManager: Loaded Plugin EpicSurvey, From C:/Program Files/Epic Games/UE_4.14/Engine/Plugins/Editor/EpicSurvey/EpicSurvey.uplugin
LogPluginManager: Loaded Plugin MacGraphicsSwitching, From C:/Program Files/Epic Games/UE_4.14/Engine/Plugins/Editor/MacGraphicsSwitching/MacGraphicsSwitching.uplugin
LogPluginManager: Loaded Plugin MobileLauncherProfileWizard, From C:/Program Files/Epic Games/UE_4.14/Engine/Plugins/Editor/MobileLauncherProfileWizard/MobileLauncherProfileWizard.uplugin
LogPluginManager: Loaded Plugin PluginBrowser, From C:/Program Files/Epic Games/UE_4.14/Engine/Plugins/Editor/PluginBrowser/PluginBrowser.uplugin
LogPluginManager: Loaded Plugin SpeedTreeImporter, From C:/Program Files/Epic Games/UE_4.14/Engine/Plugins/Editor/SpeedTreeImporter/SpeedTreeImporter.uplugin
LogPluginManager: Loaded Plugin SuperSearchEditor, From C:/Program Files/Epic Games/UE_4.14/Engine/Plugins/Editor/SuperSearchEditor/SuperSearchEditor.uplugin
LogPluginManager: Loaded Plugin AlembicImporter, From C:/Program Files/Epic Games/UE_4.14/Engine/Plugins/Experimental/AlembicImporter/AlembicImporter.uplugin
LogPluginManager: Loaded Plugin BlueprintStats, From C:/Program Files/Epic Games/UE_4.14/Engine/Plugins/Experimental/BlueprintStats/BlueprintStats.uplugin
LogPluginManager: Loaded Plugin CharacterAI, From C:/Program Files/Epic Games/UE_4.14/Engine/Plugins/Experimental/CharacterAI/CharacterAI.uplugin
LogPluginManager: Loaded Plugin CodeEditor, From C:/Program Files/Epic Games/UE_4.14/Engine/Plugins/Experimental/CodeEditor/CodeEditor.uplugin
LogPluginManager: Loaded Plugin CodeView, From C:/Program Files/Epic Games/UE_4.14/Engine/Plugins/Experimental/CodeView/CodeView.uplugin
LogPluginManager: Loaded Plugin HTML5Networking, From C:/Program Files/Epic Games/UE_4.14/Engine/Plugins/Experimental/HTML5Networking/HTML5Networking.uplugin
LogPluginManager: Loaded Plugin OSVR, From C:/Program Files/Epic Games/UE_4.14/Engine/Plugins/Experimental/OSVR/OSVR.uplugin
LogPluginManager: Loaded Plugin Phya, From C:/Program Files/Epic Games/UE_4.14/Engine/Plugins/Experimental/Phya/Phya.uplugin
LogPluginManager: Loaded Plugin SignificanceManager, From C:/Program Files/Epic Games/UE_4.14/Engine/Plugins/Experimental/SignificanceManager/SignificanceManager.uplugin
LogPluginManager: Loaded Plugin SimpleHMD, From C:/Program Files/Epic Games/UE_4.14/Engine/Plugins/Experimental/SimpleHMD/SimpleHMD.uplugin
LogPluginManager: Loaded Plugin StereoPanorama, From C:/Program Files/Epic Games/UE_4.14/Engine/Plugins/Experimental/StereoPanorama/StereoPanorama.uplugin
LogPluginManager: Loaded Plugin StructBox, From C:/Program Files/Epic Games/UE_4.14/Engine/Plugins/Experimental/StructBox/StructBox.uplugin
LogPluginManager: Loaded Plugin Substance, From C:/Program Files/Epic Games/UE_4.14/Engine/Plugins/Marketplace/Substance/Substance.uplugin
LogPluginManager: Loaded Plugin AndroidMedia, From C:/Program Files/Epic Games/UE_4.14/Engine/Plugins/Media/AndroidMedia/AndroidMedia.uplugin
LogPluginManager: Loaded Plugin AvfMedia, From C:/Program Files/Epic Games/UE_4.14/Engine/Plugins/Media/AvfMedia/AvfMedia.uplugin
LogPluginManager: Loaded Plugin MediaPlayerEditor, From C:/Program Files/Epic Games/UE_4.14/Engine/Plugins/Media/MediaPlayerEditor/MediaPlayerEditor.uplugin
LogPluginManager: Loaded Plugin WmfMedia, From C:/Program Files/Epic Games/UE_4.14/Engine/Plugins/Media/WmfMedia/WmfMedia.uplugin
LogPluginManager: Loaded Plugin MessagingDebugger, From C:/Program Files/Epic Games/UE_4.14/Engine/Plugins/Messaging/MessagingDebugger/MessagingDebugger.uplugin
LogPluginManager: Loaded Plugin TcpMessaging, From C:/Program Files/Epic Games/UE_4.14/Engine/Plugins/Messaging/TcpMessaging/TcpMessaging.uplugin
LogPluginManager: Loaded Plugin UdpMessaging, From C:/Program Files/Epic Games/UE_4.14/Engine/Plugins/Messaging/UdpMessaging/UdpMessaging.uplugin
LogPluginManager: Loaded Plugin LevelSequenceEditor, From C:/Program Files/Epic Games/UE_4.14/Engine/Plugins/MovieScene/LevelSequenceEditor/LevelSequenceEditor.uplugin
LogPluginManager: Loaded Plugin MatineeToLevelSequence, From C:/Program Files/Epic Games/UE_4.14/Engine/Plugins/MovieScene/MatineeToLevelSequence/MatineeToLevelSequence.uplugin
LogPluginManager: Loaded Plugin NetcodeUnitTest, From C:/Program Files/Epic Games/UE_4.14/Engine/Plugins/NetcodeUnitTest/NetcodeUnitTest/NetcodeUnitTest.uplugin
LogPluginManager: Loaded Plugin NUTUnrealEngine4, From C:/Program Files/Epic Games/UE_4.14/Engine/Plugins/NetcodeUnitTest/NUTUnrealEngine4/NUTUnrealEngine4.uplugin
LogPluginManager: Loaded Plugin OnlineSubsystemGameCircle, From C:/Program Files/Epic Games/UE_4.14/Engine/Plugins/Online/Android/OnlineSubsystemGameCircle/OnlineSubsystemGameCircle.uplugin
LogPluginManager: Loaded Plugin OnlineSubsystemGooglePlay, From C:/Program Files/Epic Games/UE_4.14/Engine/Plugins/Online/Android/OnlineSubsystemGooglePlay/OnlineSubsystemGooglePlay.uplugin
LogPluginManager: Loaded Plugin OnlineSubsystemIOS, From C:/Program Files/Epic Games/UE_4.14/Engine/Plugins/Online/IOS/OnlineSubsystemIOS/OnlineSubsystemIOS.uplugin
LogPluginManager: Loaded Plugin OnlineFramework, From C:/Program Files/Epic Games/UE_4.14/Engine/Plugins/Online/OnlineFramework/OnlineFramework.uplugin
LogPluginManager: Loaded Plugin OnlineSubsystem, From C:/Program Files/Epic Games/UE_4.14/Engine/Plugins/Online/OnlineSubsystem/OnlineSubsystem.uplugin
LogPluginManager: Loaded Plugin OnlineSubsystemAmazon, From C:/Program Files/Epic Games/UE_4.14/Engine/Plugins/Online/OnlineSubsystemAmazon/OnlineSubsystemAmazon.uplugin
LogPluginManager: Loaded Plugin OnlineSubsystemFacebook, From C:/Program Files/Epic Games/UE_4.14/Engine/Plugins/Online/OnlineSubsystemFacebook/OnlineSubsystemFacebook.uplugin
LogPluginManager: Loaded Plugin OnlineSubsystemNull, From C:/Program Files/Epic Games/UE_4.14/Engine/Plugins/Online/OnlineSubsystemNull/OnlineSubsystemNull.uplugin
LogPluginManager: Loaded Plugin OnlineSubsystemOculus, From C:/Program Files/Epic Games/UE_4.14/Engine/Plugins/Online/OnlineSubsystemOculus/OnlineSubsystemOculus.uplugin
LogPluginManager: Loaded Plugin OnlineSubsystemSteam, From C:/Program Files/Epic Games/UE_4.14/Engine/Plugins/Online/OnlineSubsystemSteam/OnlineSubsystemSteam.uplugin
LogPluginManager: Loaded Plugin OnlineSubsystemUtils, From C:/Program Files/Epic Games/UE_4.14/Engine/Plugins/Online/OnlineSubsystemUtils/OnlineSubsystemUtils.uplugin
LogPluginManager: Loaded Plugin IOSTapJoy, From C:/Program Files/Epic Games/UE_4.14/Engine/Plugins/Runtime/Advertising/IOSTapJoy/IOSTapJoy.uplugin
LogPluginManager: Loaded Plugin AnalyticsBlueprintLibrary, From C:/Program Files/Epic Games/UE_4.14/Engine/Plugins/Runtime/Analytics/AnalyticsBlueprintLibrary/AnalyticsBlueprintLibrary.uplugin
LogPluginManager: Loaded Plugin AnalyticsMulticast, From C:/Program Files/Epic Games/UE_4.14/Engine/Plugins/Runtime/Analytics/AnalyticsMulticast/AnalyticsMulticast.uplugin
LogPluginManager: Loaded Plugin Apsalar, From C:/Program Files/Epic Games/UE_4.14/Engine/Plugins/Runtime/Analytics/Apsalar/Apsalar.uplugin
LogPluginManager: Loaded Plugin FileLogging, From C:/Program Files/Epic Games/UE_4.14/Engine/Plugins/Runtime/Analytics/FileLogging/FileLogging.uplugin
LogPluginManager: Loaded Plugin Flurry, From C:/Program Files/Epic Games/UE_4.14/Engine/Plugins/Runtime/Analytics/Flurry/Flurry.uplugin
LogPluginManager: Loaded Plugin AndroidDeviceProfileSelector, From C:/Program Files/Epic Games/UE_4.14/Engine/Plugins/Runtime/AndroidDeviceProfileSelector/AndroidDeviceProfileSelector.uplugin
LogPluginManager: Loaded Plugin AndroidMoviePlayer, From C:/Program Files/Epic Games/UE_4.14/Engine/Plugins/Runtime/AndroidMoviePlayer/AndroidMoviePlayer.uplugin
LogPluginManager: Loaded Plugin AppleMoviePlayer, From C:/Program Files/Epic Games/UE_4.14/Engine/Plugins/Runtime/AppleMoviePlayer/AppleMoviePlayer.uplugin
LogPluginManager: Loaded Plugin ArchVisCharacter, From C:/Program Files/Epic Games/UE_4.14/Engine/Plugins/Runtime/ArchVisCharacter/ArchVisCharacter.uplugin
LogPluginManager: Loaded Plugin CableComponent, From C:/Program Files/Epic Games/UE_4.14/Engine/Plugins/Runtime/CableComponent/CableComponent.uplugin
LogPluginManager: Loaded Plugin CustomMeshComponent, From C:/Program Files/Epic Games/UE_4.14/Engine/Plugins/Runtime/CustomMeshComponent/CustomMeshComponent.uplugin
LogPluginManager: Loaded Plugin ExampleDeviceProfileSelector, From C:/Program Files/Epic Games/UE_4.14/Engine/Plugins/Runtime/ExampleDeviceProfileSelector/ExampleDeviceProfileSelector.uplugin
LogPluginManager: Loaded Plugin GearVR, From C:/Program Files/Epic Games/UE_4.14/Engine/Plugins/Runtime/GearVR/GearVR.uplugin
LogPluginManager: Loaded Plugin GoogleVRController, From C:/Program Files/Epic Games/UE_4.14/Engine/Plugins/Runtime/GoogleVR/GoogleVRController/GoogleVRController.uplugin
LogPluginManager: Loaded Plugin GoogleVRHMD, From C:/Program Files/Epic Games/UE_4.14/Engine/Plugins/Runtime/GoogleVR/GoogleVRHMD/GoogleVRHMD.uplugin
LogPluginManager: Loaded Plugin IOSDeviceProfileSelector, From C:/Program Files/Epic Games/UE_4.14/Engine/Plugins/Runtime/IOSDeviceProfileSelector/IOSDeviceProfileSelector.uplugin
LogPluginManager: Loaded Plugin LeapMotion, From C:/Program Files/Epic Games/UE_4.14/Engine/Plugins/Runtime/LeapMotion/LeapMotion.uplugin
LogPluginManager: Loaded Plugin LinuxDeviceProfileSelector, From C:/Program Files/Epic Games/UE_4.14/Engine/Plugins/Runtime/LinuxDeviceProfileSelector/LinuxDeviceProfileSelector.uplugin
LogPluginManager: Loaded Plugin MIDIDevice, From C:/Program Files/Epic Games/UE_4.14/Engine/Plugins/Runtime/MIDIDevice/MIDIDevice.uplugin
LogPluginManager: Loaded Plugin MobilePatchingUtils, From C:/Program Files/Epic Games/UE_4.14/Engine/Plugins/Runtime/MobilePatchingUtils/MobilePatchingUtils.uplugin
LogPluginManager: Loaded Plugin Ansel, From C:/Program Files/Epic Games/UE_4.14/Engine/Plugins/Runtime/Nvidia/Ansel/Ansel.uplugin
LogPluginManager: Loaded Plugin OculusAudio, From C:/Program Files/Epic Games/UE_4.14/Engine/Plugins/Runtime/OculusAudio/OculusAudio.uplugin
LogPluginManager: Loaded Plugin OculusInput, From C:/Program Files/Epic Games/UE_4.14/Engine/Plugins/Runtime/OculusInput/OculusInput.uplugin
LogPluginManager: Loaded Plugin OculusLibrary, From C:/Program Files/Epic Games/UE_4.14/Engine/Plugins/Runtime/OculusLibrary/OculusLibrary.uplugin
LogPluginManager: Loaded Plugin OculusRift, From C:/Program Files/Epic Games/UE_4.14/Engine/Plugins/Runtime/OculusRift/OculusRift.uplugin
LogPluginManager: Loaded Plugin Oodle, From C:/Program Files/Epic Games/UE_4.14/Engine/Plugins/Runtime/PacketHandlers/CompressionComponents/Oodle/Oodle.uplugin
LogPluginManager: Loaded Plugin ProceduralMeshComponent, From C:/Program Files/Epic Games/UE_4.14/Engine/Plugins/Runtime/ProceduralMeshComponent/ProceduralMeshComponent.uplugin
LogPluginManager: Loaded Plugin SoundMod, From C:/Program Files/Epic Games/UE_4.14/Engine/Plugins/Runtime/SoundMod/SoundMod.uplugin
LogPluginManager: Loaded Plugin SoundVisualizations, From C:/Program Files/Epic Games/UE_4.14/Engine/Plugins/Runtime/SoundVisualizations/SoundVisualizations.uplugin
LogPluginManager: Loaded Plugin SteamController, From C:/Program Files/Epic Games/UE_4.14/Engine/Plugins/Runtime/Steam/SteamController/SteamController.uplugin
LogPluginManager: Loaded Plugin SteamVR, From C:/Program Files/Epic Games/UE_4.14/Engine/Plugins/Runtime/Steam/SteamVR/SteamVR.uplugin
LogPluginManager: Loaded Plugin WebBrowserWidget, From C:/Program Files/Epic Games/UE_4.14/Engine/Plugins/Runtime/WebBrowserWidget/WebBrowserWidget.uplugin
LogPluginManager: Loaded Plugin WindowsDeviceProfileSelector, From C:/Program Files/Epic Games/UE_4.14/Engine/Plugins/Runtime/WindowsDeviceProfileSelector/WindowsDeviceProfileSelector.uplugin
LogPluginManager: Loaded Plugin WindowsMoviePlayer, From C:/Program Files/Epic Games/UE_4.14/Engine/Plugins/Runtime/WindowsMoviePlayer/WindowsMoviePlayer.uplugin
LogPluginManager: Loaded Plugin ScriptPlugin, From C:/Program Files/Epic Games/UE_4.14/Engine/Plugins/ScriptPlugin/ScriptPlugin.uplugin
LogPluginManager: Loaded Plugin SlateRemote, From C:/Program Files/Epic Games/UE_4.14/Engine/Plugins/Slate/SlateRemote/SlateRemote.uplugin
LogPluginManager: Loaded Plugin EditorTests, From C:/Program Files/Epic Games/UE_4.14/Engine/Plugins/Tests/EditorTests/EditorTests.uplugin
LogPluginManager: Loaded Plugin FbxAutomationTestBuilder, From C:/Program Files/Epic Games/UE_4.14/Engine/Plugins/Tests/FbxAutomationTestBuilder/FbxAutomationTestBuilder.uplugin
LogPluginManager: Loaded Plugin FunctionalTestingEditor, From C:/Program Files/Epic Games/UE_4.14/Engine/Plugins/Tests/FunctionalTestingEditor/FunctionalTestingEditor.uplugin
LogPluginManager: Loaded Plugin RuntimeTests, From C:/Program Files/Epic Games/UE_4.14/Engine/Plugins/Tests/RuntimeTests/RuntimeTests.uplugin
LogPluginManager: Loaded Plugin ScreenshotTools, From C:/Program Files/Epic Games/UE_4.14/Engine/Plugins/Tests/ScreenshotTools/ScreenshotTools.uplugin
LogInit: Using libcurl 7.47.1
LogInit:  - built for x86_64-pc-win32
LogInit:  - supports SSL with OpenSSL/1.0.2g
LogInit:  - supports HTTP deflate (compression) using libz 1.2.8
LogInit:  - other features:
LogInit:      CURL_VERSION_SSL
LogInit:      CURL_VERSION_LIBZ
LogInit:      CURL_VERSION_IPV6
LogInit:      CURL_VERSION_ASYNCHDNS
LogInit:      CURL_VERSION_LARGEFILE
LogInit:      CURL_VERSION_IDN
LogInit:  CurlRequestOptions (configurable via config and command line):
LogInit:  - bVerifyPeer = false  - Libcurl will NOT verify peer certificate
LogInit:  - bUseHttpProxy = false  - Libcurl will NOT use HTTP proxy
LogInit:  - bDontReuseConnections = false  - Libcurl will reuse connections
LogInit:  - CertBundlePath = nullptr  - Libcurl will use whatever was configured at build time.
LogOnline:Display: STEAM: Loading Steam SDK 1.32
LogOnline:Warning: STEAM: Steam API disabled!
LogOnline:Display: STEAM: OnlineSubsystemSteam::Shutdown()
LogInit: WinSock: version 1.1 (2.2), MaxSocks=32767, MaxUdp=65467
OCULUS: Info: [CAPI] LibOVR module is located at C:\Program Files\Oculus\Support\oculus-runtime\LibOVRRT64_1.dll
OCULUS: Debug: Connected to the server running version (prod = 1).1.11.0(build = 343615) feature version = 0. Client runs version (prod = 1).1.11.0(build = 343615) feature version = 0
LogInit: Build: ++UE4+Release-4.14-CL-3249277
LogInit: Engine Version: 4.14.3-3249277+++UE4+Release-4.14
LogInit: Compatible Engine Version: 4.14.0-3195953+++UE4+Release-4.14
LogInit: Net CL: 3195953
LogDevObjectVersion: Number of dev versions registered: 13
LogDevObjectVersion:   Dev-Blueprints (B0D832E4-1F89-4F0D-ACCF-7EB736FD4AA2): 7
LogDevObjectVersion:   Dev-Build (E1C64328-A22C-4D53-A36C-8E866417BD8C): 0
LogDevObjectVersion:   Dev-Core (375EC13C-06E4-48FB-B500-84F0262A717E): 1
LogDevObjectVersion:   Dev-Editor (E4B068ED-F494-42E9-A231-DA0B2E46BB41): 8
LogDevObjectVersion:   Dev-Framework (CFFC743F-43B0-4480-9391-14DF171D2073): 17
LogDevObjectVersion:   Dev-Mobile (B02B49B5-BB20-44E9-A304-32B752E40360): 0
LogDevObjectVersion:   Dev-Networking (A4E4105C-59A1-49B5-A7C5-40C4547EDFEE): 0
LogDevObjectVersion:   Dev-Online (39C831C9-5AE6-47DC-9A44-9C173E1C8E7C): 0
LogDevObjectVersion:   Dev-Physics (78F01B33-EBEA-4F98-B9B4-84EACCB95AA2): 0
LogDevObjectVersion:   Dev-Platform (6631380F-2D4D-43E0-8009-CF276956A95A): 0
LogDevObjectVersion:   Dev-Rendering (12F88B9F-8875-4AFC-A67C-D90C383ABD29): 12
LogDevObjectVersion:   Dev-Sequencer (7B5AE74C-D270-4C10-A958-57980B212A5A): 1
LogDevObjectVersion:   Dev-VR (D7296918-1DD6-4BDD-9DE2-64A83CC13884): 0
LogInit: Compiled (64-bit): Jan  6 2017 10:49:43
LogInit: Compiled with Visual C++: 19.00.23026.00
LogInit: Build Configuration: Development
LogInit: Branch Name: ++UE4+Release-4.14
LogInit: Command line: 
LogInit: Base directory: C:/Program Files/Epic Games/UE_4.14/Engine/Binaries/Win64/
LogInit: Installed Engine Build: 1
LogInit: Presizing for max 8388607 objects, including 0 objects not considered by GC, pre-allocating 0 bytes for permanent pool.
LogInit: Object subsystem initialized
[2017.02.27-04.50.13:342][  0]LogInit: Selected Device Profile: [Windows]
[2017.02.27-04.50.13:342][  0]LogInit: Applying CVar settings loaded from the selected device profile: [Windows]
[2017.02.27-04.50.13:351][  0]LogInit: Computer: SIGLAB-VR2
[2017.02.27-04.50.13:351][  0]LogInit: User: SIG
[2017.02.27-04.50.13:351][  0]LogInit: CPU Page size=65536, Cores=4
[2017.02.27-04.50.13:351][  0]LogInit: High frequency timer resolution =3.604928 MHz
[2017.02.27-04.50.13:351][  0]LogMemory: Memory total: Physical=31.9GB (32GB approx)
[2017.02.27-04.50.13:351][  0]LogMemory: Platform Memory Stats for Windows
[2017.02.27-04.50.13:351][  0]LogMemory: Process Physical Memory: 271.88 MB used, 271.88 MB peak
[2017.02.27-04.50.13:352][  0]LogMemory: Process Virtual Memory: 266.06 MB used, 266.06 MB peak
[2017.02.27-04.50.13:352][  0]LogMemory: Physical Memory: 6449.16 MB used,  26241.25 MB free, 32690.41 MB total
[2017.02.27-04.50.13:352][  0]LogMemory: Virtual Memory: 718.04 MB used,  26241.25 MB free, 134217728.00 MB total
[2017.02.27-04.50.13:376][  0]LogTextLocalizationManager: No specific translations for ('en-US') exist, so ('en') translations will be used.
[2017.02.27-04.50.13:911][  0]LogD3D11RHI: D3D11 adapters:
[2017.02.27-04.50.13:936][  0]LogD3D11RHI:    0. 'NVIDIA GeForce GTX 1070' (Feature Level 11_0)
[2017.02.27-04.50.13:936][  0]LogD3D11RHI:       8120/0/16345 MB DedicatedVideo/DedicatedSystem/SharedSystem, Outputs:2, VendorId:0x10de
[2017.02.27-04.50.13:938][  0]LogD3D11RHI:    1. 'Microsoft Basic Render Driver' (Feature Level 11_0)
[2017.02.27-04.50.13:938][  0]LogD3D11RHI:       0/0/16345 MB DedicatedVideo/DedicatedSystem/SharedSystem, Outputs:0, VendorId:0x1414
[2017.02.27-04.50.13:938][  0]LogD3D11RHI: Chosen D3D11 Adapter: 0
[2017.02.27-04.50.13:942][  0]LogD3D11RHI: Creating new Direct3DDevice
[2017.02.27-04.50.13:942][  0]LogD3D11RHI:     GPU DeviceId: 0x1b81 (for the marketing name, search the web for "GPU Device Id")
[2017.02.27-04.50.13:942][  0]LogWindows: EnumDisplayDevices:
[2017.02.27-04.50.13:942][  0]LogWindows:    0. 'NVIDIA GeForce GTX 1070' (P:1 D:1)
[2017.02.27-04.50.13:942][  0]LogWindows:    1. 'NVIDIA GeForce GTX 1070' (P:0 D:1)
[2017.02.27-04.50.13:943][  0]LogWindows:    2. 'NVIDIA GeForce GTX 1070' (P:0 D:0)
[2017.02.27-04.50.13:943][  0]LogWindows:    3. 'NVIDIA GeForce GTX 1070' (P:0 D:0)
[2017.02.27-04.50.13:943][  0]LogWindows: DebugString: FoundDriverCount:4 
[2017.02.27-04.50.13:943][  0]LogD3D11RHI:     Adapter Name: NVIDIA GeForce GTX 1070
[2017.02.27-04.50.13:943][  0]LogD3D11RHI:   Driver Version: 378.49 (internal:21.21.13.7849, unified:378.49)
[2017.02.27-04.50.13:943][  0]LogD3D11RHI:      Driver Date: 1-20-2017
[2017.02.27-04.50.13:943][  0]LogRHI: Texture pool is 1361 MB (70% of 1945 MB)
[2017.02.27-04.50.13:956][  0]LogD3D11RHI: Async texture creation enabled
[2017.02.27-04.50.13:965][  0]LogD3D11RHI: GPU Timing Frequency: 1000.000000 (Debug: 2 1)
[2017.02.27-04.50.13:965][  0]LogShaderCompilers: Guid format shader working directory is -33 characters bigger than the processId version (../../../../../../Users/SIG/Desktop/unreal-project-vry-paint-multiplayerHenry/Intermediate/Shaders/WorkingDirectory/3664/).
[2017.02.27-04.50.13:965][  0]LogShaderCompilers: Cleaned the shader compiler working directory 'C:/Users/SIG/AppData/Local/Temp/UnrealShaderWorkingDir/6AF305684F76E243C3D35DA82823FDC4/'.
[2017.02.27-04.50.13:965][  0]LogShaderCompilers:Display: Using Local Shader Compiler.
[2017.02.27-04.50.14:888][  0]LogTemp:Display: Loaded TP AllDesktopTargetPlatform
[2017.02.27-04.50.14:933][  0]LogTemp:Display: Loaded TP MacClientTargetPlatform
[2017.02.27-04.50.14:978][  0]LogTemp:Display: Loaded TP MacNoEditorTargetPlatform
[2017.02.27-04.50.15:023][  0]LogTemp:Display: Loaded TP MacServerTargetPlatform
[2017.02.27-04.50.15:069][  0]LogTemp:Display: Loaded TP MacTargetPlatform
[2017.02.27-04.50.15:114][  0]LogTemp:Display: Loaded TP WindowsClientTargetPlatform
[2017.02.27-04.50.15:160][  0]LogTemp:Display: Loaded TP WindowsNoEditorTargetPlatform
[2017.02.27-04.50.15:205][  0]LogTemp:Display: Loaded TP WindowsServerTargetPlatform
[2017.02.27-04.50.15:242][  0]LogTemp:Display: Loaded TP WindowsTargetPlatform
[2017.02.27-04.50.15:286][  0]LogTemp:Display: Loaded TP AndroidTargetPlatform
[2017.02.27-04.50.15:329][  0]LogTemp:Display: Loaded TP Android_ASTCTargetPlatform
[2017.02.27-04.50.15:372][  0]LogTemp:Display: Loaded TP Android_ATCTargetPlatform
[2017.02.27-04.50.15:416][  0]LogTemp:Display: Loaded TP Android_DXTTargetPlatform
[2017.02.27-04.50.15:459][  0]LogTemp:Display: Loaded TP Android_ETC1TargetPlatform
[2017.02.27-04.50.15:503][  0]LogTemp:Display: Loaded TP Android_ETC2TargetPlatform
[2017.02.27-04.50.15:593][  0]LogTemp:Display: Loaded TP Android_MultiTargetPlatform
[2017.02.27-04.50.15:593][  0]LogTemp:Display: Loaded TP Android_PVRTCTargetPlatform
[2017.02.27-04.50.15:623][  0]LogTemp:Display: Loaded TP HTML5TargetPlatform
[2017.02.27-04.50.15:695][  0]LogTemp:Display: Loaded TP IOSTargetPlatform
[2017.02.27-04.50.15:723][  0]LogTemp:Display: Loaded TP TVOSTargetPlatform
[2017.02.27-04.50.15:766][  0]LogTemp:Display: Loaded TP LinuxClientTargetPlatform
[2017.02.27-04.50.15:809][  0]LogTemp:Display: Loaded TP LinuxNoEditorTargetPlatform
[2017.02.27-04.50.15:852][  0]LogTemp:Display: Loaded TP LinuxServerTargetPlatform
[2017.02.27-04.50.15:896][  0]LogTemp:Display: Loaded TP LinuxTargetPlatform
[2017.02.27-04.50.15:896][  0]LogTargetPlatformManager:Display: Building Assets For Windows
[2017.02.27-04.50.16:228][  0]LogDerivedDataCache:Display: Max Cache Size: 512 MB
[2017.02.27-04.50.16:277][  0]LogDerivedDataCache: Loaded boot cache 0.05s 50MB C:/Users/SIG/AppData/Local/UnrealEngine/4.14/DerivedDataCache/Boot.ddc.
[2017.02.27-04.50.16:277][  0]LogDerivedDataCache:Display: Loaded Boot cache: C:/Users/SIG/AppData/Local/UnrealEngine/4.14/DerivedDataCache/Boot.ddc
[2017.02.27-04.50.16:277][  0]LogDerivedDataCache: FDerivedDataBackendGraph:  Pak pak cache file ../../../../../../Users/SIG/Desktop/unreal-project-vry-paint-multiplayerHenry/DerivedDataCache/DDC.ddp not found, will not use a pak cache.
[2017.02.27-04.50.16:277][  0]LogDerivedDataCache: Unable to find inner node Pak for hierarchical cache Hierarchy.
[2017.02.27-04.50.16:278][  0]LogDerivedDataCache: FDerivedDataBackendGraph:  CompressedPak pak cache file ../../../../../../Users/SIG/Desktop/unreal-project-vry-paint-multiplayerHenry/DerivedDataCache/Compressed.ddp not found, will not use a pak cache.
[2017.02.27-04.50.16:278][  0]LogDerivedDataCache: Unable to find inner node CompressedPak for hierarchical cache Hierarchy.
[2017.02.27-04.50.16:291][  0]LogDerivedDataCache:Display: Pak cache opened for reading ../../../Engine/DerivedDataCache/Compressed.ddp.
[2017.02.27-04.50.16:303][  0]LogDerivedDataCache: Using Local data cache path C:/Users/SIG/AppData/Local/UnrealEngine/Common/DerivedDataCache: Writable
[2017.02.27-04.50.16:465][  0]LogInit: Selected Device Profile: [Windows]
[2017.02.27-04.50.16:467][  0]LogContentStreaming: Texture pool size is 0.00 MB
[2017.02.27-04.50.16:644][  0]LogMeshUtilities: Using QuadricMeshReduction for automatic static mesh reduction
[2017.02.27-04.50.16:679][  0]LogSimplygon: Simplygon DLL not present - disabling.
[2017.02.27-04.50.16:717][  0]LogMeshUtilities: Using SimplygonSwarm for distributed automatic mesh merging
[2017.02.27-04.50.16:717][  0]LogMeshUtilities: No automatic skeletal mesh reduction module available
[2017.02.27-04.50.16:717][  0]LogMeshUtilities: No automatic mesh merging module available
[2017.02.27-04.50.17:137][  0]LogNetVersion: GetLocalNetworkVersion: CL: 3195953, ProjectName: cis568vrypaint_mp, ProjectVersion: , EngineNetworkVersion: 2, GameNetworkVersion: 0, NetworkChecksum: 3560575784
[2017.02.27-04.50.17:188][  0]LogAssetRegistry: FAssetRegistry took 0.0224 seconds to start up
[2017.02.27-04.50.17:230][  0]LogPackageLocalizationCache: Processed 3 localized package path(s) for 2 prioritized culture(s) in 0.022794 seconds
[2017.02.27-04.50.17:235][  0]LogUObjectArray: 31953 objects as part of root set at end of initial load.
[2017.02.27-04.50.17:235][  0]LogUObjectAllocator: 7149664 out of 0 bytes used by permanent object pool.
[2017.02.27-04.50.17:235][  0]LogUObjectArray: CloseDisregardForGC: 0/0 objects in disregard for GC pool
[2017.02.27-04.50.17:868][  0]LogSlate: Using Freetype 2.6.0
[2017.02.27-04.50.17:868][  0]LogSlate: SlateFontCache - WITH_FREETYPE: 1, WITH_HARFBUZZ: 1
[2017.02.27-04.50.17:868][  0]LogSlate: SlateFontCache - WITH_FREETYPE: 1, WITH_HARFBUZZ: 1
[2017.02.27-04.50.18:557][  0]LogSubstanceCoreModule: Substance [CPU] Engine Loaded, Max Texture Size = 2048
[2017.02.27-04.50.18:581][  0]LogTcpMessaging: Initializing TcpMessaging bridge
[2017.02.27-04.50.18:616][  0]LogUdpMessaging: Initializing bridge on interface 0.0.0.0:0 to multicast group 230.0.0.1:6666.
[2017.02.27-04.50.18:874][  0]LogMaterial: Uniform references updated for custom material expression Custom.
[2017.02.27-04.50.19:183][  0]SourceControl: Info Source control is disabled
[2017.02.27-04.50.19:204][  0]SourceControl: Info Source control is disabled
[2017.02.27-04.50.19:243][  0]SourceControl: Info Source control is disabled
[2017.02.27-04.50.19:280][  0]SourceControl: Info Source control is disabled
[2017.02.27-04.50.20:320][  0]LogEngine: Initializing Engine...
[2017.02.27-04.50.21:075][  0]OCULUS: Info: [HMDState] Requested to SetForegroundWindow(5804dall)
[2017.02.27-04.50.21:075][  0]LogHMD: Failed to initialize OpenVR with code 108
[2017.02.27-04.50.21:075][  0]LogHMD: Oculus plugin initialized. Version: 4.14.3-3249277+++UE4+Release-4.14, LibOVR: 1.11.0, SDK: 1.8.0, built Jan  6 2017, 10:50:26
[2017.02.27-04.50.21:185][  0]OCULUS: Info: [HMDState] Requested to SetForegroundWindow(5804dall)
[2017.02.27-04.50.21:284][  0]LogAIModule: Creating AISystem for world Untitled
[2017.02.27-04.50.21:297][  0]LogInit: XAudio2 using 'HTC-VIVE-0 (NVIDIA High Definition Audio)' : 2 channels at 48 kHz using 16 bits per sample (channel mask 0x3)
[2017.02.27-04.50.21:313][  0]LogInit: FAudioDevice initialized.
[2017.02.27-04.50.21:336][  0]LogDerivedDataCache: Saved boot cache 0.02s 50MB C:/Users/SIG/AppData/Local/UnrealEngine/4.14/DerivedDataCache/Boot.ddc.
[2017.02.27-04.50.21:344][  0]LogInit: Texture streaming: Enabled
[2017.02.27-04.50.21:493][  0]LogInit: Transaction tracking system initialized
[2017.02.27-04.50.21:774][  0]BlueprintLog: New page: Editor Load
[2017.02.27-04.50.22:491][  0]LocalizationService: Info Localization service is disabled
[2017.02.27-04.50.23:021][  0]LogConsoleResponse:Display: 
[2017.02.27-04.50.23:132][  0]LogCook:Display: Max memory allowance for cook 16384mb min free memory 0mb
[2017.02.27-04.50.23:132][  0]LogCook:Display: Mobile HDR setting 1
[2017.02.27-04.50.23:380][  0]LogFileCache: Scanning file cache for directory 'C:/Users/SIG/Desktop/unreal-project-vry-paint-multiplayerHenry/Content/' took 0.02s
[2017.02.27-04.50.23:902][  0]SourceControl: Info Source control is disabled
[2017.02.27-04.50.23:902][  0]Cmd: MAP LOAD FILE="../../../../../../Users/SIG/Desktop/unreal-project-vry-paint-multiplayerHenry/Content/FirstPersonBP/Maps/Lobby.umap" TEMPLATE=0 SHOWPROGRESS=1 FEATURELEVEL=3
[2017.02.27-04.50.23:903][  0]LightingResults: New page: Lighting Build
[2017.02.27-04.50.23:935][  0]MapCheck: New page: Map Check
[2017.02.27-04.50.23:935][  0]LightingResults: New page: Lighting Build
[2017.02.27-04.50.24:153][  0]LogAIModule: Creating AISystem for world Lobby
[2017.02.27-04.50.24:157][  0]LogEditorServer: Finished looking for orphan Actors (0.000 secs)
[2017.02.27-04.50.24:157][  0]Cmd: MAP CHECKDEP NOCLEARLOG
[2017.02.27-04.50.24:190][  0]MapCheck: Info Map check complete: 0 Error(s), 0 Warning(s), took 33.175ms to complete.
[2017.02.27-04.50.24:190][  0]LogFileHelpers: Loading map 'Lobby' took 0.288
[2017.02.27-04.50.24:248][  0]LogWindowsTextInputMethodSystem:Display: IME system now deactivated.
[2017.02.27-04.50.24:312][  0]LogCollectionManager: Loaded 1 collections in 0.001995 seconds
[2017.02.27-04.50.24:385][  0]LogFileCache: Scanning file cache for directory 'C:/Users/SIG/Desktop/unreal-project-vry-paint-multiplayerHenry/Saved/Collections/' took 0.01s
[2017.02.27-04.50.24:385][  0]LogFileCache: Scanning file cache for directory 'C:/Users/SIG/Desktop/unreal-project-vry-paint-multiplayerHenry/Content/Developers/SIG/Collections/' took 0.01s
[2017.02.27-04.50.24:385][  0]LogFileCache: Scanning file cache for directory 'C:/Users/SIG/Desktop/unreal-project-vry-paint-multiplayerHenry/Content/Collections/' took 0.01s
[2017.02.27-04.50.24:385][  0]LogCollectionManager: Rebuilt the GUID cache for 1 collections in 0.000003 seconds
[2017.02.27-04.50.24:385][  0]LogCollectionManager: Rebuilt the hierarchy cache for 1 collections in 0.000000 seconds
[2017.02.27-04.50.24:393][  0]LogContentBrowser: Native class hierarchy populated in 0.0077 seconds. Added 2206 classes and 437 folders.
[2017.02.27-04.50.24:428][  0]LogStats: UGameplayTagsManager::ConstructGameplayTagTree: Construct from data asset -  0.000 s
[2017.02.27-04.50.24:428][  0]LogStats: UGameplayTagsManager::ConstructGameplayTagTree: GameplayTagTreeChangedEvent.Broadcast -  0.000 s
[2017.02.27-04.50.24:429][  0]LogContentBrowser: Native class hierarchy updated for 'GameplayTags' in 0.0005 seconds. Added 13 classes and 0 folders.
[2017.02.27-04.50.24:481][  0]LogContentBrowser: Native class hierarchy updated for 'WidgetCarousel' in 0.0004 seconds. Added 0 classes and 0 folders.
[2017.02.27-04.50.24:512][  0]LogContentBrowser: Native class hierarchy updated for 'AddContentDialog' in 0.0004 seconds. Added 0 classes and 0 folders.
[2017.02.27-04.50.24:548][  0]LogContentBrowser: Native class hierarchy updated for 'SceneOutliner' in 0.0004 seconds. Added 1 classes and 2 folders.
[2017.02.27-04.50.24:611][  0]LogCrashTracker: Crashtracker disabled due to settings.
[2017.02.27-04.50.24:615][  0]LogUObjectGlobals:Warning: Failed to find object 'Class None.'
[2017.02.27-04.50.24:672][  0]LogContentBrowser: Native class hierarchy updated for 'HierarchicalLODOutliner' in 0.0004 seconds. Added 1 classes and 2 folders.
[2017.02.27-04.50.24:672][  0]LogLoad: (Engine Initialization) Total time: 13.23 seconds
[2017.02.27-04.50.24:672][  0]LogLoad: (Engine Initialization) Total Blueprint compile time: 0.10 seconds
[2017.02.27-04.50.24:672][  0]LogExternalProfiler: Found external profiler: VSPerf
[2017.02.27-04.50.24:672][  0]LogExternalProfiler: Using external profiler: VSPerf
[2017.02.27-04.50.24:681][  0]LogOcInput: OculusInput pre-init called
[2017.02.27-04.50.24:691][  0]LogOcInput: OculusInput is initialized. Init status 0. Runtime version: 1.11.0
[2017.02.27-04.50.24:709][  0]LogContentStreaming: Texture pool size now 1000 MB
[2017.02.27-04.50.24:827][  0]LogRenderer: Reallocating scene render targets to support 1208x580 NumSamples 1 (Frame:2).
[2017.02.27-04.50.24:880][  1]LogAssetRegistry: Asset discovery search completed in 7.7153 seconds
[2017.02.27-04.50.24:880][  1]LogCollectionManager: Rebuilt the object cache for 1 collections in 0.000006 seconds (found 0 objects)
[2017.02.27-04.50.24:880][  1]LogCollectionManager: Fixed up redirectors for 1 collections in 0.000016 seconds (updated 0 objects)
[2017.02.27-04.50.28:600][349]LogContentBrowser: Native class hierarchy updated for 'BlueprintGraph' in 0.0007 seconds. Added 111 classes and 0 folders.
[2017.02.27-04.50.30:234][349]LogContentBrowser: Native class hierarchy updated for 'DestructibleMeshEditor' in 0.0004 seconds. Added 1 classes and 2 folders.
[2017.02.27-04.50.30:778][349]PIE:Warning: Warning Invalid Simulate Options: Body (ArrowBP_C_0.Capsule) is set to simulate physics but Collision Enabled is incompatible
[2017.02.27-04.50.30:778][349]PIE:Warning: Warning Invalid Simulate Options: Body (ArrowBP_C_0.Capsule) is set to simulate physics but Collision Enabled is incompatible
[2017.02.27-04.50.53:695][356]LogLinker:Warning: Can't find file '/Game/FirstPersonBP/Blueprints/Assets/stall3/TradeTent1'
[2017.02.27-04.50.53:696][356]LogPackageName:Error: Illegal call to DoesPackageExist: '/Game/FirstPersonBP/Blueprints/Assets/stall3/TradeTent1.fbm/Flag' is not a standard unreal filename or a long path name. Reason: Path should be no less than 4 characters long.
[2017.02.27-04.50.53:698][356]LogStats: FPlatformStackWalk::StackWalkAndDump -  0.002 s
[2017.02.27-04.50.53:698][356]LogOutputDevice:Error: === Handled ensure: ===
[2017.02.27-04.50.53:698][356]LogOutputDevice:Error: 
[2017.02.27-04.50.53:698][356]LogOutputDevice:Error: Ensure condition failed: false [File:D:\Build\++UE4+Release-4.14+Compile\Sync\Engine\Source\Runtime\CoreUObject\Private\Misc\PackageName.cpp] [Line: 624]
[2017.02.27-04.50.53:698][356]LogOutputDevice:Error: Illegal call to DoesPackageExist: '/Game/FirstPersonBP/Blueprints/Assets/stall3/TradeTent1.fbm/Flag' is not a standard unreal filename or a long path name. Reason: Path should be no less than 4 characters long.
[2017.02.27-04.50.53:698][356]LogOutputDevice:Error: Stack: 
[2017.02.27-04.50.53:698][356]LogOutputDevice:Error: 
[2017.02.27-04.50.53:698][356]LogOutputDevice:Error: 
[2017.02.27-04.50.53:698][356]LogOutputDevice:Error: 
[2017.02.27-04.50.53:698][356]LogOutputDevice:Error: 
[2017.02.27-04.50.53:698][356]LogOutputDevice:Error: 
[2017.02.27-04.50.53:698][356]LogOutputDevice:Error: 
[2017.02.27-04.50.53:698][356]LogOutputDevice:Error: 
[2017.02.27-04.50.53:698][356]LogOutputDevice:Error: 
[2017.02.27-04.50.53:698][356]LogOutputDevice:Error: 
[2017.02.27-04.50.53:698][356]LogOutputDevice:Error: 
[2017.02.27-04.50.53:698][356]LogOutputDevice:Error: 
[2017.02.27-04.50.53:698][356]LogOutputDevice:Error: 
[2017.02.27-04.50.53:698][356]LogOutputDevice:Error: 
[2017.02.27-04.50.53:698][356]LogOutputDevice:Error: 
[2017.02.27-04.50.53:698][356]LogOutputDevice:Error: 
[2017.02.27-04.50.53:698][356]LogOutputDevice:Error: 
[2017.02.27-04.50.53:698][356]LogOutputDevice:Error: 
[2017.02.27-04.50.53:698][356]LogOutputDevice:Error: 
[2017.02.27-04.50.53:698][356]LogOutputDevice:Error: 
[2017.02.27-04.50.53:698][356]LogOutputDevice:Error: 
[2017.02.27-04.50.53:698][356]LogOutputDevice:Error: 
[2017.02.27-04.50.53:698][356]LogOutputDevice:Error: 
[2017.02.27-04.50.53:698][356]LogOutputDevice:Error: 
[2017.02.27-04.50.53:698][356]LogOutputDevice:Error: 
[2017.02.27-04.50.53:698][356]LogOutputDevice:Error: 
[2017.02.27-04.50.53:698][356]LogOutputDevice:Error: 
[2017.02.27-04.50.53:698][356]LogOutputDevice:Error: 
[2017.02.27-04.50.53:698][356]LogOutputDevice:Error: 
[2017.02.27-04.50.53:698][356]LogOutputDevice:Error: 
[2017.02.27-04.50.53:698][356]LogOutputDevice:Error: 
[2017.02.27-04.50.53:698][356]LogOutputDevice:Error: 
[2017.02.27-04.50.53:698][356]LogOutputDevice:Error: 
[2017.02.27-04.50.53:698][356]LogOutputDevice:Error: 
[2017.02.27-04.50.53:698][356]LogOutputDevice:Error: 
[2017.02.27-04.50.53:698][356]LogOutputDevice:Error: 
[2017.02.27-04.50.53:707][356]LogStats:                SubmitErrorReport -  0.000 s
[2017.02.27-04.50.53:869][356]LogStats:                    SendNewReport -  0.163 s
[2017.02.27-04.50.53:869][356]LogStats:             FDebug::EnsureFailed -  0.173 s
[2017.02.27-04.50.53:869][356]LogPackageName:Error: Illegal call to DoesPackageExist: '/Game/FirstPersonBP/Blueprints/Assets/stall3/TradeTent1.fbm/Metal' is not a standard unreal filename or a long path name. Reason: Path should be no less than 4 characters long.
[2017.02.27-04.50.53:870][356]LogPackageName:Error: Illegal call to DoesPackageExist: '/Game/FirstPersonBP/Blueprints/Assets/stall3/TradeTent1.fbm/Wood' is not a standard unreal filename or a long path name. Reason: Path should be no less than 4 characters long.
[2017.02.27-04.50.53:870][356]LogPackageName:Error: Illegal call to DoesPackageExist: '/Game/FirstPersonBP/Blueprints/Assets/stall3/TradeTent1.fbm/Wood1' is not a standard unreal filename or a long path name. Reason: Path should be no less than 4 characters long.
[2017.02.27-04.50.53:890][356]LogAssetTools:Warning: Failed to import 'C:\Users\SIG\Desktop\New folder (2)\TradeTent\TradeTent1.3DS'. Unknown extension '3DS'.
[2017.02.27-04.50.53:901][356]LogFactory: FactoryCreateFile: StaticMesh with FbxFactory (0 0 C:\Users\SIG\Desktop\New folder (2)\TradeTent\TradeTent1.FBX)
[2017.02.27-04.50.53:924][356]LogFbx: ItemName: Model, ItemCount : 1
[2017.02.27-04.50.53:924][356]LogFbx: ItemName: Material, ItemCount : 4
[2017.02.27-04.50.53:924][356]LogFbx: ItemName: Texture, ItemCount : 4
[2017.02.27-04.50.53:924][356]LogFbx: ItemName: Video, ItemCount : 4
[2017.02.27-04.50.53:924][356]LogFbx: ItemName: SceneInfo, ItemCount : 1
[2017.02.27-04.50.53:924][356]LogFbx: ItemName: GlobalSettings, ItemCount : 1
[2017.02.27-04.50.53:928][356]LogFbx: Loading FBX Scene from C:\Users\SIG\Desktop\New folder (2)\TradeTent\TradeTent1.FBX
[2017.02.27-04.50.53:948][356]LogFbx: FBX Scene Loaded Succesfully
[2017.02.27-04.50.55:010][356]LogFbx: Loading FBX Scene from C:\Users\SIG\Desktop\New folder (2)\TradeTent\TradeTent1.FBX
[2017.02.27-04.50.55:033][356]LogFbx: FBX Scene Loaded Succesfully
[2017.02.27-04.50.55:035][356]LogLinker: Can't find file '/Game/FirstPersonBP/Blueprints/Assets/stall3/Wood1'
[2017.02.27-04.50.55:035][356]LogLinker: Can't find file '/Game/FirstPersonBP/Blueprints/Assets/stall3/Wood1'
[2017.02.27-04.50.55:051][356]LogTexture:Display: Building textures: Wood2 (AutoDXT)
[2017.02.27-04.50.55:283][356]LogMaterial: Missing cached shader map for material Wood1, compiling. 
[2017.02.27-04.50.55:306][356]LogLinker: Can't find file '/Game/FirstPersonBP/Blueprints/Assets/stall3/Flag'
[2017.02.27-04.50.55:306][356]LogLinker: Can't find file '/Game/FirstPersonBP/Blueprints/Assets/stall3/Flag'
[2017.02.27-04.50.55:322][356]LogTexture:Display: Building textures: Flag2 (AutoDXT)
[2017.02.27-04.50.55:608][356]LogMaterial: Missing cached shader map for material Flag, compiling. 
[2017.02.27-04.50.55:626][356]LogLinker: Can't find file '/Game/FirstPersonBP/Blueprints/Assets/stall3/Wood'
[2017.02.27-04.50.55:626][356]LogLinker: Can't find file '/Game/FirstPersonBP/Blueprints/Assets/stall3/Wood'
[2017.02.27-04.50.55:643][356]LogTexture:Display: Building textures: Wood (AutoDXT)
[2017.02.27-04.50.55:774][356]LogMaterial: Missing cached shader map for material Wood3, compiling. 
[2017.02.27-04.50.55:791][356]LogLinker: Can't find file '/Game/FirstPersonBP/Blueprints/Assets/stall3/Metal'
[2017.02.27-04.50.55:792][356]LogLinker: Can't find file '/Game/FirstPersonBP/Blueprints/Assets/stall3/Metal'
[2017.02.27-04.50.55:812][356]LogTexture:Display: Building textures: Metal2 (AutoDXT)
[2017.02.27-04.50.56:147][356]LogMaterial: Missing cached shader map for material Metal, compiling. 
[2017.02.27-04.50.56:167][356]LogFbx:Warning: Triangulating static mesh Box09
[2017.02.27-04.50.56:536][356]LogStaticMesh: Building static mesh TradeTent1...
[2017.02.27-04.50.56:702][356]LogStaticMesh: Built static mesh [0.17s] /Game/FirstPersonBP/Blueprints/Assets/stall3/TradeTent1.TradeTent1
[2017.02.27-04.50.56:711][356]LogStaticMesh:Warning: TradeTent1 has degenerate tangent bases which will result in incorrect shading.  MikkTSpace relies on tangent bases and may result in mesh corruption, consider disabling this option.
[2017.02.27-04.50.56:721][356]FBXImport:Warning: Warning TradeTent1 has degenerate tangent bases which will result in incorrect shading.  MikkTSpace relies on tangent bases and may result in mesh corruption, consider disabling this option. 
[2017.02.27-04.50.56:751][356]LogAssetTools:Warning: Failed to import 'C:\Users\SIG\Desktop\New folder (2)\TradeTent\TradeTent1.mtl'. Unknown extension 'mtl'.
[2017.02.27-04.50.56:754][356]LogFactory: FactoryCreateFile: StaticMesh with FbxFactory (0 0 C:\Users\SIG\Desktop\New folder (2)\TradeTent\TradeTent1.obj)
[2017.02.27-04.50.56:769][356]LogFbx: Loading FBX Scene from C:\Users\SIG\Desktop\New folder (2)\TradeTent\TradeTent1.obj
[2017.02.27-04.50.56:803][356]LogFbx: FBX Scene Loaded Succesfully
[2017.02.27-04.50.57:759][356]LogFbx: Loading FBX Scene from C:\Users\SIG\Desktop\New folder (2)\TradeTent\TradeTent1.obj
[2017.02.27-04.50.57:796][356]LogFbx: FBX Scene Loaded Succesfully
[2017.02.27-04.50.57:802][356]LogStreaming:Warning: Failed to read file 'C:\Users\Leandro\Desktop\TradeTent.fbm\Wood.tga' error.
[2017.02.27-04.50.57:802][356]LogStreaming:Warning: Failed to read file 'C:\Users\SIG\Desktop\New folder (2)\TradeTent/' error.
[2017.02.27-04.50.57:802][356]LogStreaming:Warning: Failed to read file 'C:\Users\SIG\Desktop\New folder (2)\TradeTent/' error.
[2017.02.27-04.50.57:802][356]LogFbxMaterialImport:Warning: Unable to find TEXTure file . Tried:
 - C:\Users\Leandro\Desktop\TradeTent.fbm\Wood.tga
 - C:\Users\SIG\Desktop\New folder (2)\TradeTent/
 - C:\Users\SIG\Desktop\New folder (2)\TradeTent/
[2017.02.27-04.50.57:805][356]LogMaterial: Missing cached shader map for material Wood4, compiling. 
[2017.02.27-04.50.57:824][356]LogFbx:Warning: Triangulating static mesh Tent
[2017.02.27-04.50.58:201][356]LogStaticMesh: Building static mesh TradeTent1_0...
[2017.02.27-04.50.58:206][356]LogMeshUtilities: Invalid vertex normals found for mesh. Forcing recomputation of vertex normals for MikkTSpace. Fix mesh or disable "Use MikkTSpace Tangent Space" to avoid forced recomputation of normals.
[2017.02.27-04.50.58:381][356]LogStaticMesh: Built static mesh [0.18s] /Game/FirstPersonBP/Blueprints/Assets/stall3/TradeTent1_0.TradeTent1_0
[2017.02.27-04.50.58:389][356]LogStaticMesh:Warning: TradeTent1_0 has degenerate tangent bases which will result in incorrect shading.  MikkTSpace relies on tangent bases and may result in mesh corruption, consider disabling this option.
[2017.02.27-04.50.58:397][356]FBXImport:Warning: Warning TradeTent1_0 has degenerate tangent bases which will result in incorrect shading.  MikkTSpace relies on tangent bases and may result in mesh corruption, consider disabling this option. 
[2017.02.27-04.51.05:574][356]LogAssetTools:Warning: Failed to delete '/Game/FirstPersonBP/Blueprints/Assets/stall3/Flag'. The asset is referenced by other content.
[2017.02.27-04.51.06:542][356]LogAssetTools:Warning: Failed to delete '/Game/FirstPersonBP/Blueprints/Assets/stall3/Metal'. The asset is referenced by other content.
[2017.02.27-04.51.07:589][356]LogFactory: FactoryCreateFile: Texture with ReimportTextureFactory (0 0 C:\Users\SIG\Desktop\New folder (2)\TradeTent\TradeTent1.fbm/Wood.tga)
[2017.02.27-04.51.08:483][356]LogTexture:Display: Building textures: Wood (AutoDXT)
[2017.02.27-04.51.09:510][356]LogAssetTools:Warning: Failed to delete '/Game/FirstPersonBP/Blueprints/Assets/stall3/Wood1'. The asset is referenced by other content.
[2017.02.27-04.51.17:931][237]LogRenderer: Reallocating scene render targets to support 1432x932 NumSamples 1 (Frame:3709).
[2017.02.27-04.51.34:294][933]LogDestructible:Warning: MainMesh Tris: 2952
[2017.02.27-04.51.34:362][933]LogApexDestructibleAssetImport:Warning: Using default materials for material slot
[2017.02.27-04.51.34:362][933]LogApexDestructibleAssetImport:Warning: Bones digested - 2  Depth of hierarchy - 2
[2017.02.27-04.51.34:387][933]LogSkeletalMesh: Section 0: 1372 vertices, 1 active bones
[2017.02.27-04.51.34:387][933]LogSkeletalMesh: Section 1: 85 vertices, 1 active bones
[2017.02.27-04.51.34:387][933]LogSkeletalMesh: Section 2: 1095 vertices, 1 active bones
[2017.02.27-04.51.34:388][933]LogSkeletalMesh: Section 3: 1092 vertices, 1 active bones
[2017.02.27-04.51.34:391][933]LogSkeletalMesh: Section 0: Material=0, 800 triangles
[2017.02.27-04.51.34:391][933]LogSkeletalMesh: Section 1: Material=1, 112 triangles
[2017.02.27-04.51.34:391][933]LogSkeletalMesh: Section 2: Material=2, 1392 triangles
[2017.02.27-04.51.34:391][933]LogSkeletalMesh: Section 3: Material=3, 648 triangles
[2017.02.27-04.51.34:406][933]LogMaterial:Warning: Material /Game/FirstPersonBP/Blueprints/Assets/stall3/Wood1.Wood1 needed to have new flag set bUsedWithSkeletalMesh !
[2017.02.27-04.51.34:408][933]LogMaterial: Missing cached shader map for material Wood1, compiling. 
[2017.02.27-04.51.34:434][933]LogMaterial: 0.00 seconds spent updating 1 materials, 1 interfaces, 0 instances, 0 with static permutations.
[2017.02.27-04.51.34:434][933]LogMaterial:Warning: Material /Game/FirstPersonBP/Blueprints/Assets/stall3/Flag.Flag needed to have new flag set bUsedWithSkeletalMesh !
[2017.02.27-04.51.34:435][933]LogMaterial: Missing cached shader map for material Flag, compiling. 
[2017.02.27-04.51.34:461][933]LogMaterial: 0.00 seconds spent updating 1 materials, 1 interfaces, 0 instances, 0 with static permutations.
[2017.02.27-04.51.34:461][933]LogMaterial:Warning: Material /Game/FirstPersonBP/Blueprints/Assets/stall3/Wood3.Wood3 needed to have new flag set bUsedWithSkeletalMesh !
[2017.02.27-04.51.34:464][933]LogMaterial: Missing cached shader map for material Wood3, compiling. 
[2017.02.27-04.51.34:493][933]LogMaterial: 0.00 seconds spent updating 1 materials, 1 interfaces, 0 instances, 0 with static permutations.
[2017.02.27-04.51.34:493][933]LogMaterial:Warning: Material /Game/FirstPersonBP/Blueprints/Assets/stall3/Metal.Metal needed to have new flag set bUsedWithSkeletalMesh !
[2017.02.27-04.51.34:495][933]LogMaterial: Missing cached shader map for material Metal, compiling. 
[2017.02.27-04.51.34:523][933]LogMaterial: 0.00 seconds spent updating 1 materials, 1 interfaces, 0 instances, 0 with static permutations.
[2017.02.27-04.52.06:689][954]LogDestructible:Warning: MainMesh Tris: 2952
[2017.02.27-04.52.08:443][954]LogApexDestructibleAssetImport:Warning: Using default materials for material slot
[2017.02.27-04.52.08:444][954]LogApexDestructibleAssetImport:Warning: Bones digested - 12  Depth of hierarchy - 2
[2017.02.27-04.52.08:521][954]LogSkeletalMesh: Section 0: 5089 vertices, 10 active bones
[2017.02.27-04.52.08:521][954]LogSkeletalMesh: Section 1: 762 vertices, 9 active bones
[2017.02.27-04.52.08:521][954]LogSkeletalMesh: Section 2: 2733 vertices, 3 active bones
[2017.02.27-04.52.08:521][954]LogSkeletalMesh: Section 3: 2391 vertices, 3 active bones
[2017.02.27-04.52.08:521][954]LogSkeletalMesh: Section 4: 1222 vertices, 10 active bones
[2017.02.27-04.52.08:532][954]LogSkeletalMesh: Section 0: Material=0, 4059 triangles
[2017.02.27-04.52.08:532][954]LogSkeletalMesh: Section 1: Material=1, 773 triangles
[2017.02.27-04.52.08:532][954]LogSkeletalMesh: Section 2: Material=2, 3330 triangles
[2017.02.27-04.52.08:532][954]LogSkeletalMesh: Section 3: Material=3, 1468 triangles
[2017.02.27-04.52.08:532][954]LogSkeletalMesh: Section 4: Material=4, 907 triangles
[2017.02.27-04.52.13:871][592]LogDestructible:Warning: MainMesh Tris: 2952
[2017.02.27-04.52.15:732][592]LogApexDestructibleAssetImport:Warning: Using default materials for material slot
[2017.02.27-04.52.15:733][592]LogApexDestructibleAssetImport:Warning: Bones digested - 17  Depth of hierarchy - 2
[2017.02.27-04.52.15:810][592]LogSkeletalMesh: Section 0: 5284 vertices, 15 active bones
[2017.02.27-04.52.15:810][592]LogSkeletalMesh: Section 1: 829 vertices, 13 active bones
[2017.02.27-04.52.15:810][592]LogSkeletalMesh: Section 2: 2733 vertices, 3 active bones
[2017.02.27-04.52.15:810][592]LogSkeletalMesh: Section 3: 2391 vertices, 3 active bones
[2017.02.27-04.52.15:811][592]LogSkeletalMesh: Section 4: 1387 vertices, 15 active bones
[2017.02.27-04.52.15:821][592]LogSkeletalMesh: Section 0: Material=0, 4187 triangles
[2017.02.27-04.52.15:822][592]LogSkeletalMesh: Section 1: Material=1, 832 triangles
[2017.02.27-04.52.15:822][592]LogSkeletalMesh: Section 2: Material=2, 3330 triangles
[2017.02.27-04.52.15:822][592]LogSkeletalMesh: Section 3: Material=3, 1468 triangles
[2017.02.27-04.52.15:822][592]LogSkeletalMesh: Section 4: Material=4, 1011 triangles
[2017.02.27-04.52.25:491][683]LogDestructible:Warning: MainMesh Tris: 2952
[2017.02.27-04.52.27:912][683]LogApexDestructibleAssetImport:Warning: Using default materials for material slot
[2017.02.27-04.52.27:915][683]LogApexDestructibleAssetImport:Warning: Bones digested - 32  Depth of hierarchy - 2
[2017.02.27-04.52.28:032][683]LogSkeletalMesh: Section 0: 6170 vertices, 27 active bones
[2017.02.27-04.52.28:032][683]LogSkeletalMesh: Section 1: 1009 vertices, 23 active bones
[2017.02.27-04.52.28:032][683]LogSkeletalMesh: Section 2: 4467 vertices, 6 active bones
[2017.02.27-04.52.28:033][683]LogSkeletalMesh: Section 3: 2765 vertices, 6 active bones
[2017.02.27-04.52.28:033][683]LogSkeletalMesh: Section 4: 4210 vertices, 30 active bones
[2017.02.27-04.52.28:054][683]LogSkeletalMesh: Section 0: Material=0, 4868 triangles
[2017.02.27-04.52.28:054][683]LogSkeletalMesh: Section 1: Material=1, 979 triangles
[2017.02.27-04.52.28:054][683]LogSkeletalMesh: Section 2: Material=2, 5148 triangles
[2017.02.27-04.52.28:054][683]LogSkeletalMesh: Section 3: Material=3, 1795 triangles
[2017.02.27-04.52.28:054][683]LogSkeletalMesh: Section 4: Material=4, 3229 triangles
[2017.02.27-04.52.40:434][ 83]LogDestructible:Warning: MainMesh Tris: 2952
[2017.02.27-04.52.42:830][ 83]LogApexDestructibleAssetImport:Warning: Using default materials for material slot
[2017.02.27-04.52.42:833][ 83]LogApexDestructibleAssetImport:Warning: Bones digested - 32  Depth of hierarchy - 2
[2017.02.27-04.52.42:948][ 83]LogSkeletalMesh: Section 0: 6170 vertices, 27 active bones
[2017.02.27-04.52.42:948][ 83]LogSkeletalMesh: Section 1: 1009 vertices, 23 active bones
[2017.02.27-04.52.42:948][ 83]LogSkeletalMesh: Section 2: 4467 vertices, 6 active bones
[2017.02.27-04.52.42:949][ 83]LogSkeletalMesh: Section 3: 2765 vertices, 6 active bones
[2017.02.27-04.52.42:949][ 83]LogSkeletalMesh: Section 4: 4210 vertices, 30 active bones
[2017.02.27-04.52.42:968][ 83]LogSkeletalMesh: Section 0: Material=0, 4868 triangles
[2017.02.27-04.52.42:968][ 83]LogSkeletalMesh: Section 1: Material=1, 979 triangles
[2017.02.27-04.52.42:968][ 83]LogSkeletalMesh: Section 2: Material=2, 5148 triangles
[2017.02.27-04.52.42:968][ 83]LogSkeletalMesh: Section 3: Material=3, 1795 triangles
[2017.02.27-04.52.42:968][ 83]LogSkeletalMesh: Section 4: Material=4, 3229 triangles
[2017.02.27-04.52.59:030][378]LogSavePackage: Save=2443.02ms
[2017.02.27-04.52.59:031][378]LogSavePackage: Moving '../../../../../../Users/SIG/Desktop/unreal-project-vry-paint-multiplayerHenry/Saved/fruit_stand_DMF425FB6F453138C4B6CBE9A8BFDAFEF5.tmp' to '../../../../../../Users/SIG/Desktop/unreal-project-vry-paint-multiplayerHenry/Content/FirstPersonBP/Blueprints/Assets/stall2/fruit_stand_DM.uasset'
[2017.02.27-04.52.59:039][378]LogSavePackage:Display: Finished SavePackage ../../../../../../Users/SIG/Desktop/unreal-project-vry-paint-multiplayerHenry/Content/FirstPersonBP/Blueprints/Assets/stall2/fruit_stand_DM.uasset
[2017.02.27-04.54.11:611][230]LogMetaData: Removing '/Game/FirstPersonBP/Blueprints/Assets/stall3/stall3BP1.SKEL_stall3BP1_C' ref from Metadata '/Game/FirstPersonBP/Blueprints/Assets/stall3/FenceBP1.PackageMetaData'
[2017.02.27-04.54.11:611][230]LogMetaData: Removing '/Game/FirstPersonBP/Blueprints/Assets/stall3/stall3BP1.stall3BP1_C' ref from Metadata '/Game/FirstPersonBP/Blueprints/Assets/stall3/FenceBP1.PackageMetaData'
[2017.02.27-04.54.11:660][230]LogSavePackage: Save=13.78ms
[2017.02.27-04.54.11:660][230]LogSavePackage: Moving '../../../../../../Users/SIG/Desktop/unreal-project-vry-paint-multiplayerHenry/Saved/stall3BP14ABD19394C8B32EB6FB44E8935CB983C.tmp' to '../../../../../../Users/SIG/Desktop/unreal-project-vry-paint-multiplayerHenry/Content/FirstPersonBP/Blueprints/Assets/stall3/stall3BP1.uasset'
[2017.02.27-04.54.11:662][230]LogSavePackage:Display: Finished SavePackage ../../../../../../Users/SIG/Desktop/unreal-project-vry-paint-multiplayerHenry/Content/FirstPersonBP/Blueprints/Assets/stall3/stall3BP1.uasset
[2017.02.27-04.54.24:350][215]LogActorComponent: UnregisterComponent: (/Engine/Transient.EditorFloorComp) Not registered. Aborting.
[2017.02.27-04.54.24:417][215]LogActorComponent: UnregisterComponent: (/Engine/Transient.EditorFloorComp) Not registered. Aborting.
[2017.02.27-04.54.24:480][215]LogActorComponent: UnregisterComponent: (/Engine/Transient.EditorFloorComp) Not registered. Aborting.
[2017.02.27-04.54.24:685][215]LogActorComponent: UnregisterComponent: (/Engine/Transient.EditorFloorComp) Not registered. Aborting.
[2017.02.27-04.54.24:800][215]LogActorComponent: UnregisterComponent: (/Engine/Transient.EditorFloorComp) Not registered. Aborting.
[2017.02.27-04.54.25:194][215]LogObjectTools:Warning: ForceReplaceReferences replaced references for a transient object 'DestructibleComponent_3' or package '/Engine/Transient'.
[2017.02.27-04.54.25:194][215]LogObjectTools:Warning: ForceReplaceReferences replaced references for a transient object 'TradeTent1_DM' or package '/Engine/Transient'.
[2017.02.27-04.54.27:586][488]Cmd: TRANSACTION UNDO
[2017.02.27-04.54.27:586][488]LogEditorTransaction: Undo Add Component
[2017.02.27-04.54.29:455][708]Cmd: TRANSACTION UNDO
[2017.02.27-04.54.29:455][708]LogEditorTransaction: Undo Edit Cell Site Count
[2017.02.27-04.54.31:852][978]LogSavePackage: Save=108.15ms
[2017.02.27-04.54.31:852][978]LogSavePackage: Moving '../../../../../../Users/SIG/Desktop/unreal-project-vry-paint-multiplayerHenry/Saved/Lobby13A15BCE4FBA7C275740AFB1B90A3D90.tmp' to '../../../../../../Users/SIG/Desktop/unreal-project-vry-paint-multiplayerHenry/Content/FirstPersonBP/Maps/Lobby.umap'
[2017.02.27-04.54.31:853][978]LogSavePackage:Display: Finished SavePackage ../../../../../../Users/SIG/Desktop/unreal-project-vry-paint-multiplayerHenry/Content/FirstPersonBP/Maps/Lobby.umap
[2017.02.27-04.55.10:911][167]LogDestructible:Warning: MainMesh Tris: 2952
[2017.02.27-04.55.10:981][167]LogApexDestructibleAssetImport:Warning: Using default materials for material slot
[2017.02.27-04.55.10:981][167]LogApexDestructibleAssetImport:Warning: Bones digested - 2  Depth of hierarchy - 2
[2017.02.27-04.55.11:005][167]LogSkeletalMesh: Section 0: 1372 vertices, 1 active bones
[2017.02.27-04.55.11:005][167]LogSkeletalMesh: Section 1: 85 vertices, 1 active bones
[2017.02.27-04.55.11:005][167]LogSkeletalMesh: Section 2: 1095 vertices, 1 active bones
[2017.02.27-04.55.11:005][167]LogSkeletalMesh: Section 3: 1092 vertices, 1 active bones
[2017.02.27-04.55.11:009][167]LogSkeletalMesh: Section 0: Material=0, 800 triangles
[2017.02.27-04.55.11:009][167]LogSkeletalMesh: Section 1: Material=1, 112 triangles
[2017.02.27-04.55.11:009][167]LogSkeletalMesh: Section 2: Material=2, 1392 triangles
[2017.02.27-04.55.11:009][167]LogSkeletalMesh: Section 3: Material=3, 648 triangles
[2017.02.27-04.55.17:570][938]LogDestructible:Warning: MainMesh Tris: 2952
[2017.02.27-04.55.19:958][938]LogApexDestructibleAssetImport:Warning: Using default materials for material slot
[2017.02.27-04.55.19:961][938]LogApexDestructibleAssetImport:Warning: Bones digested - 32  Depth of hierarchy - 2
[2017.02.27-04.55.20:076][938]LogSkeletalMesh: Section 0: 6170 vertices, 27 active bones
[2017.02.27-04.55.20:076][938]LogSkeletalMesh: Section 1: 1009 vertices, 23 active bones
[2017.02.27-04.55.20:076][938]LogSkeletalMesh: Section 2: 4467 vertices, 6 active bones
[2017.02.27-04.55.20:076][938]LogSkeletalMesh: Section 3: 2765 vertices, 6 active bones
[2017.02.27-04.55.20:076][938]LogSkeletalMesh: Section 4: 4210 vertices, 30 active bones
[2017.02.27-04.55.20:093][938]LogSkeletalMesh: Section 0: Material=0, 4868 triangles
[2017.02.27-04.55.20:093][938]LogSkeletalMesh: Section 1: Material=1, 979 triangles
[2017.02.27-04.55.20:093][938]LogSkeletalMesh: Section 2: Material=2, 5148 triangles
[2017.02.27-04.55.20:093][938]LogSkeletalMesh: Section 3: Material=3, 1795 triangles
[2017.02.27-04.55.20:093][938]LogSkeletalMesh: Section 4: Material=4, 3229 triangles
[2017.02.27-04.55.22:435][175]LogSavePackage: Save=113.11ms
[2017.02.27-04.55.22:435][175]LogSavePackage: Moving '../../../../../../Users/SIG/Desktop/unreal-project-vry-paint-multiplayerHenry/Saved/TradeTent1_DM2A8168CE4BC5255A42CD64ABC4038414.tmp' to '../../../../../../Users/SIG/Desktop/unreal-project-vry-paint-multiplayerHenry/Content/FirstPersonBP/Blueprints/Assets/stall3/TradeTent1_DM.uasset'
[2017.02.27-04.55.22:437][175]LogSavePackage:Display: Finished SavePackage ../../../../../../Users/SIG/Desktop/unreal-project-vry-paint-multiplayerHenry/Content/FirstPersonBP/Blueprints/Assets/stall3/TradeTent1_DM.uasset
[2017.02.27-04.55.28:036][749]LogSavePackage: Save=101.36ms
[2017.02.27-04.55.28:036][749]LogSavePackage: Moving '../../../../../../Users/SIG/Desktop/unreal-project-vry-paint-multiplayerHenry/Saved/TradeTent1_DM14258061475C8848D5EEC082DCAB24C7.tmp' to '../../../../../../Users/SIG/Desktop/unreal-project-vry-paint-multiplayerHenry/Content/FirstPersonBP/Blueprints/Assets/stall3/TradeTent1_DM.uasset'
[2017.02.27-04.55.28:037][749]LogSavePackage:Display: Finished SavePackage ../../../../../../Users/SIG/Desktop/unreal-project-vry-paint-multiplayerHenry/Content/FirstPersonBP/Blueprints/Assets/stall3/TradeTent1_DM.uasset
[2017.02.27-04.55.40:762][ 43]LogMaterial: Missing cached shader map for material Flag, compiling. 
[2017.02.27-04.55.40:843][ 43]LogMaterial: Missing cached shader map for material Flag, compiling. 
[2017.02.27-04.55.40:865][ 43]LogMaterial: 0.00 seconds spent updating 1 materials, 1 interfaces, 0 instances, 0 with static permutations.
[2017.02.27-04.55.40:890][ 43]LogMaterial: Missing cached shader map for material FMatExpressionPreview MaterialExpressionTextureSample_0, compiling. 
[2017.02.27-04.55.42:979][186]LogMaterial: Missing cached shader map for material Flag, compiling. 
[2017.02.27-04.55.43:006][186]LogMaterial: 0.00 seconds spent updating 1 materials, 1 interfaces, 0 instances, 0 with static permutations.
[2017.02.27-04.55.43:008][186]LogMaterial: Missing cached shader map for material FMatExpressionPreview MaterialExpressionTextureSample_1, compiling. 
[2017.02.27-04.55.43:043][186]LogMaterial: Missing cached shader map for material FMatExpressionPreview MaterialExpressionTextureSample_0, compiling. 
[2017.02.27-04.55.43:048][186]LogMaterial: Missing cached shader map for material FMatExpressionPreview MaterialExpressionTextureSample_1, compiling. 
[2017.02.27-04.55.44:707][302]LogMaterial: Missing cached shader map for material Flag, compiling. 
[2017.02.27-04.55.44:735][302]LogMaterial: 0.00 seconds spent updating 1 materials, 1 interfaces, 0 instances, 0 with static permutations.
[2017.02.27-04.55.44:761][302]LogMaterial: Missing cached shader map for material FMatExpressionPreview MaterialExpressionTextureSample_1, compiling. 
[2017.02.27-04.55.45:433][350]LogMaterialEditor: Saving and Compiling material Flag
[2017.02.27-04.55.45:980][350]LogMaterial: Missing cached shader map for material Flag, compiling. 
[2017.02.27-04.55.46:022][350]LogMaterial: 0.00 seconds spent updating 1 materials, 1 interfaces, 0 instances, 0 with static permutations.
[2017.02.27-04.55.46:042][350]LogMaterial: Missing cached shader map for material Flag, compiling. 
[2017.02.27-04.55.46:084][350]LogMaterial: Missing cached shader map for material Flag, compiling. 
[2017.02.27-04.55.46:118][350]LogMaterial: 0.00 seconds spent updating 1 materials, 1 interfaces, 0 instances, 0 with static permutations.
[2017.02.27-04.55.50:697][350]LogSavePackage: Save=12.82ms
[2017.02.27-04.55.50:697][350]LogSavePackage: Moving '../../../../../../Users/SIG/Desktop/unreal-project-vry-paint-multiplayerHenry/Saved/Flag2FF8783840E313E4CFF6F095A835EBC3.tmp' to '../../../../../../Users/SIG/Desktop/unreal-project-vry-paint-multiplayerHenry/Content/FirstPersonBP/Blueprints/Assets/stall3/Flag.uasset'
[2017.02.27-04.55.50:699][350]LogSavePackage:Display: Finished SavePackage ../../../../../../Users/SIG/Desktop/unreal-project-vry-paint-multiplayerHenry/Content/FirstPersonBP/Blueprints/Assets/stall3/Flag.uasset
[2017.02.27-04.55.50:702][350]MaterialEditorStats: Info Base pass shader with only dynamic lighting: 59 instructions
[2017.02.27-04.55.50:702][350]MaterialEditorStats: Info Vertex shader: 31 instructions
[2017.02.27-04.55.50:702][350]MaterialEditorStats: Info Texture samplers: 4/16
[2017.02.27-04.55.55:156][816]BlueprintLog: New page: Compile stall3BP1
[2017.02.27-04.55.56:342][923]LogSavePackage: Save=12.79ms
[2017.02.27-04.55.56:342][923]LogSavePackage: Moving '../../../../../../Users/SIG/Desktop/unreal-project-vry-paint-multiplayerHenry/Saved/stall3BP16950893E4A6106B498BD5383A578ECFE.tmp' to '../../../../../../Users/SIG/Desktop/unreal-project-vry-paint-multiplayerHenry/Content/FirstPersonBP/Blueprints/Assets/stall3/stall3BP1.uasset'
[2017.02.27-04.55.56:344][923]LogSavePackage:Display: Finished SavePackage ../../../../../../Users/SIG/Desktop/unreal-project-vry-paint-multiplayerHenry/Content/FirstPersonBP/Blueprints/Assets/stall3/stall3BP1.uasset
[2017.02.27-04.56.37:893][163]LogSavePackage: Save=12.52ms
[2017.02.27-04.56.37:893][163]LogSavePackage: Moving '../../../../../../Users/SIG/Desktop/unreal-project-vry-paint-multiplayerHenry/Saved/stall3BP19A62EF26480B5DED453411A83C50098D.tmp' to '../../../../../../Users/SIG/Desktop/unreal-project-vry-paint-multiplayerHenry/Content/FirstPersonBP/Blueprints/Assets/stall3/stall3BP1.uasset'
[2017.02.27-04.56.37:895][163]LogSavePackage:Display: Finished SavePackage ../../../../../../Users/SIG/Desktop/unreal-project-vry-paint-multiplayerHenry/Content/FirstPersonBP/Blueprints/Assets/stall3/stall3BP1.uasset
[2017.02.27-04.56.38:293][206]BlueprintLog: New page: Compile stall3BP1
[2017.02.27-04.56.53:064][733]LogMetaData: Removing '/Game/FirstPersonBP/Blueprints/Assets/stall/stallBP1.SKEL_stallBP1_C' ref from Metadata '/Game/FirstPersonBP/Blueprints/Assets/stall/FenceBP1.PackageMetaData'
[2017.02.27-04.56.53:064][733]LogMetaData: Removing '/Game/FirstPersonBP/Blueprints/Assets/stall/stallBP1.stallBP1_C' ref from Metadata '/Game/FirstPersonBP/Blueprints/Assets/stall/FenceBP1.PackageMetaData'
[2017.02.27-04.56.53:091][733]LogSavePackage: Save=13.15ms
[2017.02.27-04.56.53:091][733]LogSavePackage: Moving '../../../../../../Users/SIG/Desktop/unreal-project-vry-paint-multiplayerHenry/Saved/stallBP1B98B189D4FDB05DDB2314CAB07A32BE0.tmp' to '../../../../../../Users/SIG/Desktop/unreal-project-vry-paint-multiplayerHenry/Content/FirstPersonBP/Blueprints/Assets/stall/stallBP1.uasset'
[2017.02.27-04.56.53:093][733]LogSavePackage:Display: Finished SavePackage ../../../../../../Users/SIG/Desktop/unreal-project-vry-paint-multiplayerHenry/Content/FirstPersonBP/Blueprints/Assets/stall/stallBP1.uasset
[2017.02.27-04.56.56:429][ 87]LogMetaData: Removing '/Game/FirstPersonBP/Blueprints/Assets/stall/stall1BP1.stall1BP1_C' ref from Metadata '/Game/FirstPersonBP/Blueprints/Assets/stall/stallBP1.PackageMetaData'
[2017.02.27-04.56.56:429][ 87]LogMetaData: Removing '/Game/FirstPersonBP/Blueprints/Assets/stall/stall1BP1.SKEL_stall1BP1_C' ref from Metadata '/Game/FirstPersonBP/Blueprints/Assets/stall/stallBP1.PackageMetaData'
[2017.02.27-04.56.56:456][ 87]LogSavePackage: Save=13.62ms
[2017.02.27-04.56.56:457][ 87]LogSavePackage: Moving '../../../../../../Users/SIG/Desktop/unreal-project-vry-paint-multiplayerHenry/Saved/stall1BP13DB8EB784B6AFDC254524C99CF2897F1.tmp' to '../../../../../../Users/SIG/Desktop/unreal-project-vry-paint-multiplayerHenry/Content/FirstPersonBP/Blueprints/Assets/stall/stall1BP1.uasset'
[2017.02.27-04.56.56:458][ 87]LogSavePackage:Display: Finished SavePackage ../../../../../../Users/SIG/Desktop/unreal-project-vry-paint-multiplayerHenry/Content/FirstPersonBP/Blueprints/Assets/stall/stall1BP1.uasset
[2017.02.27-04.57.09:465][491]LogDestructible:Warning: MainMesh Tris: 1426
[2017.02.27-04.57.09:493][491]LogApexDestructibleAssetImport:Warning: Using default materials for material slot
[2017.02.27-04.57.09:493][491]LogApexDestructibleAssetImport:Warning: Bones digested - 2  Depth of hierarchy - 2
[2017.02.27-04.57.09:506][491]LogSkeletalMesh: Section 0: 2070 vertices, 1 active bones
[2017.02.27-04.57.09:509][491]LogSkeletalMesh: Section 0: Material=0, 1426 triangles
[2017.02.27-04.57.09:519][491]LogMaterial:Warning: Material /Game/FirstPersonBP/Blueprints/Assets/stall/city_stall_M_INST.city_stall_M_INST needed to have new flag set bUsedWithSkeletalMesh !
[2017.02.27-04.57.09:521][491]LogMaterial: Missing cached shader map for material city_stall_M_INST, compiling. 
[2017.02.27-04.57.09:547][491]LogMaterial: 0.00 seconds spent updating 1 materials, 1 interfaces, 0 instances, 0 with static permutations.
[2017.02.27-04.57.16:858][220]LogDestructible:Warning: MainMesh Tris: 1426
[2017.02.27-04.57.17:629][220]LogApexDestructibleAssetImport:Warning: Using default materials for material slot
[2017.02.27-04.57.17:632][220]LogApexDestructibleAssetImport:Warning: Bones digested - 27  Depth of hierarchy - 2
[2017.02.27-04.57.17:768][220]LogSkeletalMesh: Section 0: 13621 vertices, 26 active bones
[2017.02.27-04.57.17:768][220]LogSkeletalMesh: Section 1: 3119 vertices, 25 active bones
[2017.02.27-04.57.17:784][220]LogSkeletalMesh: Section 0: Material=0, 11285 triangles
[2017.02.27-04.57.17:784][220]LogSkeletalMesh: Section 1: Material=1, 2170 triangles
[2017.02.27-04.57.24:313][981]LogDestructible:Warning: MainMesh Tris: 1426
[2017.02.27-04.57.24:970][981]LogApexDestructibleAssetImport:Warning: Using default materials for material slot
[2017.02.27-04.57.24:972][981]LogApexDestructibleAssetImport:Warning: Bones digested - 12  Depth of hierarchy - 2
[2017.02.27-04.57.25:093][981]LogSkeletalMesh: Section 0: 13087 vertices, 11 active bones
[2017.02.27-04.57.25:093][981]LogSkeletalMesh: Section 1: 2236 vertices, 10 active bones
[2017.02.27-04.57.25:108][981]LogSkeletalMesh: Section 0: Material=0, 10989 triangles
[2017.02.27-04.57.25:108][981]LogSkeletalMesh: Section 1: Material=1, 1670 triangles
[2017.02.27-04.57.29:330][449]LogSavePackage: Save=101.79ms
[2017.02.27-04.57.29:330][449]LogSavePackage: Moving '../../../../../../Users/SIG/Desktop/unreal-project-vry-paint-multiplayerHenry/Saved/city_stall_0_DM00F378EE4AE89C0A0F6185BA4F65488B.tmp' to '../../../../../../Users/SIG/Desktop/unreal-project-vry-paint-multiplayerHenry/Content/FirstPersonBP/Blueprints/Assets/stall/city_stall_0_DM.uasset'
[2017.02.27-04.57.29:332][449]LogSavePackage:Display: Finished SavePackage ../../../../../../Users/SIG/Desktop/unreal-project-vry-paint-multiplayerHenry/Content/FirstPersonBP/Blueprints/Assets/stall/city_stall_0_DM.uasset
[2017.02.27-04.57.30:084][539]LogDestructible:Warning: MainMesh Tris: 1426
[2017.02.27-04.57.30:619][539]LogApexDestructibleAssetImport:Warning: Using default materials for material slot
[2017.02.27-04.57.30:621][539]LogApexDestructibleAssetImport:Warning: Bones digested - 7  Depth of hierarchy - 2
[2017.02.27-04.57.30:724][539]LogSkeletalMesh: Section 0: 12155 vertices, 6 active bones
[2017.02.27-04.57.30:724][539]LogSkeletalMesh: Section 1: 1444 vertices, 5 active bones
[2017.02.27-04.57.30:737][539]LogSkeletalMesh: Section 0: Material=0, 10211 triangles
[2017.02.27-04.57.30:737][539]LogSkeletalMesh: Section 1: Material=1, 1108 triangles
[2017.02.27-04.57.40:998][736]LogSavePackage: Save=88.61ms
[2017.02.27-04.57.40:998][736]LogSavePackage: Moving '../../../../../../Users/SIG/Desktop/unreal-project-vry-paint-multiplayerHenry/Saved/city_stall_0_DMC7E983FC4DB37758293A7095B860B27C.tmp' to '../../../../../../Users/SIG/Desktop/unreal-project-vry-paint-multiplayerHenry/Content/FirstPersonBP/Blueprints/Assets/stall/city_stall_0_DM.uasset'
[2017.02.27-04.57.41:000][736]LogSavePackage:Display: Finished SavePackage ../../../../../../Users/SIG/Desktop/unreal-project-vry-paint-multiplayerHenry/Content/FirstPersonBP/Blueprints/Assets/stall/city_stall_0_DM.uasset
[2017.02.27-04.57.57:194][515]LogSavePackage: Save=79.65ms
[2017.02.27-04.57.57:195][515]LogSavePackage: Moving '../../../../../../Users/SIG/Desktop/unreal-project-vry-paint-multiplayerHenry/Saved/city_stall_0_DMFC65331A48AFB5176D09459D6C444100.tmp' to '../../../../../../Users/SIG/Desktop/unreal-project-vry-paint-multiplayerHenry/Content/FirstPersonBP/Blueprints/Assets/stall/city_stall_0_DM.uasset'
[2017.02.27-04.57.57:196][515]LogSavePackage:Display: Finished SavePackage ../../../../../../Users/SIG/Desktop/unreal-project-vry-paint-multiplayerHenry/Content/FirstPersonBP/Blueprints/Assets/stall/city_stall_0_DM.uasset
[2017.02.27-04.57.58:213][622]BlueprintLog: New page: Compile stall1BP1
[2017.02.27-04.58.17:212][679]LogSavePackage: Save=12.72ms
[2017.02.27-04.58.17:212][679]LogSavePackage: Moving '../../../../../../Users/SIG/Desktop/unreal-project-vry-paint-multiplayerHenry/Saved/stall1BP1E2EB9A9E4B35347111B856BA16D0B12C.tmp' to '../../../../../../Users/SIG/Desktop/unreal-project-vry-paint-multiplayerHenry/Content/FirstPersonBP/Blueprints/Assets/stall/stall1BP1.uasset'
[2017.02.27-04.58.17:214][679]LogSavePackage:Display: Finished SavePackage ../../../../../../Users/SIG/Desktop/unreal-project-vry-paint-multiplayerHenry/Content/FirstPersonBP/Blueprints/Assets/stall/stall1BP1.uasset
[2017.02.27-04.58.18:927][872]BlueprintLog: New page: Compile stall1BP1
[2017.02.27-04.58.45:115][317]LogSavePackage: Save=2418.00ms
[2017.02.27-04.58.45:115][317]LogSavePackage: Moving '../../../../../../Users/SIG/Desktop/unreal-project-vry-paint-multiplayerHenry/Saved/fruit_stand_DM38A89FDF499A2A4DB3EECB8A9043CB2C.tmp' to '../../../../../../Users/SIG/Desktop/unreal-project-vry-paint-multiplayerHenry/Content/FirstPersonBP/Blueprints/Assets/stall2/fruit_stand_DM.uasset'
[2017.02.27-04.58.45:122][317]LogSavePackage:Display: Finished SavePackage ../../../../../../Users/SIG/Desktop/unreal-project-vry-paint-multiplayerHenry/Content/FirstPersonBP/Blueprints/Assets/stall2/fruit_stand_DM.uasset
[2017.02.27-04.58.46:193][443]LogDestructible:Warning: MainMesh Tris: 181284
