Log file open, 03/22/17 11:14:57
LogInit:Display: Running engine for game: CIS568VRYPaint_mp
LogPlatformFile: Not using cached read wrapper
LogInit:Display: RandInit(-1861729007) SRandInit(-1861729007).
LogTaskGraph: Started task graph with 5 named threads and 8 total threads with 1 sets of task threads.
LogStats: Stats thread started at 0.084915
LogPluginManager: Loaded Plugin Paper2D, From C:/Program Files (x86)/Epic Games/4.14/Engine/Plugins/2D/Paper2D/Paper2D.uplugin
LogPluginManager: Loaded Plugin LightPropagationVolume, From C:/Program Files (x86)/Epic Games/4.14/Engine/Plugins/Blendables/LightPropagationVolume/LightPropagationVolume.uplugin
LogPluginManager: Loaded Plugin BlankPlugin, From C:/Program Files (x86)/Epic Games/4.14/Engine/Plugins/Developer/BlankPlugin/BlankPlugin.uplugin
LogPluginManager: Loaded Plugin CodeLiteSourceCodeAccess, From C:/Program Files (x86)/Epic Games/4.14/Engine/Plugins/Developer/CodeLiteSourceCodeAccess/CodeLiteSourceCodeAccess.uplugin
LogPluginManager: Loaded Plugin GitSourceControl, From C:/Program Files (x86)/Epic Games/4.14/Engine/Plugins/Developer/GitSourceControl/GitSourceControl.uplugin
LogPluginManager: Loaded Plugin KDevelopSourceCodeAccess, From C:/Program Files (x86)/Epic Games/4.14/Engine/Plugins/Developer/KDevelopSourceCodeAccess/KDevelopSourceCodeAccess.uplugin
LogPluginManager: Loaded Plugin NullSourceCodeAccess, From C:/Program Files (x86)/Epic Games/4.14/Engine/Plugins/Developer/NullSourceCodeAccess/NullSourceCodeAccess.uplugin
LogPluginManager: Loaded Plugin OneSkyLocalizationService, From C:/Program Files (x86)/Epic Games/4.14/Engine/Plugins/Developer/OneSkyLocalizationService/OneSkyLocalizationService.uplugin
LogPluginManager: Loaded Plugin PerforceSourceControl, From C:/Program Files (x86)/Epic Games/4.14/Engine/Plugins/Developer/PerforceSourceControl/PerforceSourceControl.uplugin
LogPluginManager: Loaded Plugin SubversionSourceControl, From C:/Program Files (x86)/Epic Games/4.14/Engine/Plugins/Developer/SubversionSourceControl/SubversionSourceControl.uplugin
LogPluginManager: Loaded Plugin UObjectPlugin, From C:/Program Files (x86)/Epic Games/4.14/Engine/Plugins/Developer/UObjectPlugin/UObjectPlugin.uplugin
LogPluginManager: Loaded Plugin VisualStudioSourceCodeAccess, From C:/Program Files (x86)/Epic Games/4.14/Engine/Plugins/Developer/VisualStudioSourceCodeAccess/VisualStudioSourceCodeAccess.uplugin
LogPluginManager: Loaded Plugin XCodeSourceCodeAccess, From C:/Program Files (x86)/Epic Games/4.14/Engine/Plugins/Developer/XCodeSourceCodeAccess/XCodeSourceCodeAccess.uplugin
LogPluginManager: Loaded Plugin AudioCapture, From C:/Program Files (x86)/Epic Games/4.14/Engine/Plugins/Editor/AudioCapture/AudioCapture.uplugin
LogPluginManager: Loaded Plugin EpicSurvey, From C:/Program Files (x86)/Epic Games/4.14/Engine/Plugins/Editor/EpicSurvey/EpicSurvey.uplugin
LogPluginManager: Loaded Plugin MacGraphicsSwitching, From C:/Program Files (x86)/Epic Games/4.14/Engine/Plugins/Editor/MacGraphicsSwitching/MacGraphicsSwitching.uplugin
LogPluginManager: Loaded Plugin MobileLauncherProfileWizard, From C:/Program Files (x86)/Epic Games/4.14/Engine/Plugins/Editor/MobileLauncherProfileWizard/MobileLauncherProfileWizard.uplugin
LogPluginManager: Loaded Plugin PluginBrowser, From C:/Program Files (x86)/Epic Games/4.14/Engine/Plugins/Editor/PluginBrowser/PluginBrowser.uplugin
LogPluginManager: Loaded Plugin SpeedTreeImporter, From C:/Program Files (x86)/Epic Games/4.14/Engine/Plugins/Editor/SpeedTreeImporter/SpeedTreeImporter.uplugin
LogPluginManager: Loaded Plugin SuperSearchEditor, From C:/Program Files (x86)/Epic Games/4.14/Engine/Plugins/Editor/SuperSearchEditor/SuperSearchEditor.uplugin
LogPluginManager: Loaded Plugin AlembicImporter, From C:/Program Files (x86)/Epic Games/4.14/Engine/Plugins/Experimental/AlembicImporter/AlembicImporter.uplugin
LogPluginManager: Loaded Plugin BlueprintStats, From C:/Program Files (x86)/Epic Games/4.14/Engine/Plugins/Experimental/BlueprintStats/BlueprintStats.uplugin
LogPluginManager: Loaded Plugin CharacterAI, From C:/Program Files (x86)/Epic Games/4.14/Engine/Plugins/Experimental/CharacterAI/CharacterAI.uplugin
LogPluginManager: Loaded Plugin CodeEditor, From C:/Program Files (x86)/Epic Games/4.14/Engine/Plugins/Experimental/CodeEditor/CodeEditor.uplugin
LogPluginManager: Loaded Plugin CodeView, From C:/Program Files (x86)/Epic Games/4.14/Engine/Plugins/Experimental/CodeView/CodeView.uplugin
LogPluginManager: Loaded Plugin HTML5Networking, From C:/Program Files (x86)/Epic Games/4.14/Engine/Plugins/Experimental/HTML5Networking/HTML5Networking.uplugin
LogPluginManager: Loaded Plugin OSVR, From C:/Program Files (x86)/Epic Games/4.14/Engine/Plugins/Experimental/OSVR/OSVR.uplugin
LogPluginManager: Loaded Plugin Phya, From C:/Program Files (x86)/Epic Games/4.14/Engine/Plugins/Experimental/Phya/Phya.uplugin
LogPluginManager: Loaded Plugin SignificanceManager, From C:/Program Files (x86)/Epic Games/4.14/Engine/Plugins/Experimental/SignificanceManager/SignificanceManager.uplugin
LogPluginManager: Loaded Plugin SimpleHMD, From C:/Program Files (x86)/Epic Games/4.14/Engine/Plugins/Experimental/SimpleHMD/SimpleHMD.uplugin
LogPluginManager: Loaded Plugin StereoPanorama, From C:/Program Files (x86)/Epic Games/4.14/Engine/Plugins/Experimental/StereoPanorama/StereoPanorama.uplugin
LogPluginManager: Loaded Plugin StructBox, From C:/Program Files (x86)/Epic Games/4.14/Engine/Plugins/Experimental/StructBox/StructBox.uplugin
LogPluginManager: Loaded Plugin Substance, From C:/Program Files (x86)/Epic Games/4.14/Engine/Plugins/Marketplace/Substance/Substance.uplugin
LogPluginManager: Loaded Plugin AndroidMedia, From C:/Program Files (x86)/Epic Games/4.14/Engine/Plugins/Media/AndroidMedia/AndroidMedia.uplugin
LogPluginManager: Loaded Plugin AvfMedia, From C:/Program Files (x86)/Epic Games/4.14/Engine/Plugins/Media/AvfMedia/AvfMedia.uplugin
LogPluginManager: Loaded Plugin MediaPlayerEditor, From C:/Program Files (x86)/Epic Games/4.14/Engine/Plugins/Media/MediaPlayerEditor/MediaPlayerEditor.uplugin
LogPluginManager: Loaded Plugin WmfMedia, From C:/Program Files (x86)/Epic Games/4.14/Engine/Plugins/Media/WmfMedia/WmfMedia.uplugin
LogPluginManager: Loaded Plugin MessagingDebugger, From C:/Program Files (x86)/Epic Games/4.14/Engine/Plugins/Messaging/MessagingDebugger/MessagingDebugger.uplugin
LogPluginManager: Loaded Plugin TcpMessaging, From C:/Program Files (x86)/Epic Games/4.14/Engine/Plugins/Messaging/TcpMessaging/TcpMessaging.uplugin
LogPluginManager: Loaded Plugin UdpMessaging, From C:/Program Files (x86)/Epic Games/4.14/Engine/Plugins/Messaging/UdpMessaging/UdpMessaging.uplugin
LogPluginManager: Loaded Plugin LevelSequenceEditor, From C:/Program Files (x86)/Epic Games/4.14/Engine/Plugins/MovieScene/LevelSequenceEditor/LevelSequenceEditor.uplugin
LogPluginManager: Loaded Plugin MatineeToLevelSequence, From C:/Program Files (x86)/Epic Games/4.14/Engine/Plugins/MovieScene/MatineeToLevelSequence/MatineeToLevelSequence.uplugin
LogPluginManager: Loaded Plugin NetcodeUnitTest, From C:/Program Files (x86)/Epic Games/4.14/Engine/Plugins/NetcodeUnitTest/NetcodeUnitTest/NetcodeUnitTest.uplugin
LogPluginManager: Loaded Plugin NUTUnrealEngine4, From C:/Program Files (x86)/Epic Games/4.14/Engine/Plugins/NetcodeUnitTest/NUTUnrealEngine4/NUTUnrealEngine4.uplugin
LogPluginManager: Loaded Plugin OnlineSubsystemGameCircle, From C:/Program Files (x86)/Epic Games/4.14/Engine/Plugins/Online/Android/OnlineSubsystemGameCircle/OnlineSubsystemGameCircle.uplugin
LogPluginManager: Loaded Plugin OnlineSubsystemGooglePlay, From C:/Program Files (x86)/Epic Games/4.14/Engine/Plugins/Online/Android/OnlineSubsystemGooglePlay/OnlineSubsystemGooglePlay.uplugin
LogPluginManager: Loaded Plugin OnlineSubsystemIOS, From C:/Program Files (x86)/Epic Games/4.14/Engine/Plugins/Online/IOS/OnlineSubsystemIOS/OnlineSubsystemIOS.uplugin
LogPluginManager: Loaded Plugin OnlineFramework, From C:/Program Files (x86)/Epic Games/4.14/Engine/Plugins/Online/OnlineFramework/OnlineFramework.uplugin
LogPluginManager: Loaded Plugin OnlineSubsystem, From C:/Program Files (x86)/Epic Games/4.14/Engine/Plugins/Online/OnlineSubsystem/OnlineSubsystem.uplugin
LogPluginManager: Loaded Plugin OnlineSubsystemAmazon, From C:/Program Files (x86)/Epic Games/4.14/Engine/Plugins/Online/OnlineSubsystemAmazon/OnlineSubsystemAmazon.uplugin
LogPluginManager: Loaded Plugin OnlineSubsystemFacebook, From C:/Program Files (x86)/Epic Games/4.14/Engine/Plugins/Online/OnlineSubsystemFacebook/OnlineSubsystemFacebook.uplugin
LogPluginManager: Loaded Plugin OnlineSubsystemNull, From C:/Program Files (x86)/Epic Games/4.14/Engine/Plugins/Online/OnlineSubsystemNull/OnlineSubsystemNull.uplugin
LogPluginManager: Loaded Plugin OnlineSubsystemOculus, From C:/Program Files (x86)/Epic Games/4.14/Engine/Plugins/Online/OnlineSubsystemOculus/OnlineSubsystemOculus.uplugin
LogPluginManager: Loaded Plugin OnlineSubsystemSteam, From C:/Program Files (x86)/Epic Games/4.14/Engine/Plugins/Online/OnlineSubsystemSteam/OnlineSubsystemSteam.uplugin
LogPluginManager: Loaded Plugin OnlineSubsystemUtils, From C:/Program Files (x86)/Epic Games/4.14/Engine/Plugins/Online/OnlineSubsystemUtils/OnlineSubsystemUtils.uplugin
LogPluginManager: Loaded Plugin IOSTapJoy, From C:/Program Files (x86)/Epic Games/4.14/Engine/Plugins/Runtime/Advertising/IOSTapJoy/IOSTapJoy.uplugin
LogPluginManager: Loaded Plugin AnalyticsBlueprintLibrary, From C:/Program Files (x86)/Epic Games/4.14/Engine/Plugins/Runtime/Analytics/AnalyticsBlueprintLibrary/AnalyticsBlueprintLibrary.uplugin
LogPluginManager: Loaded Plugin AnalyticsMulticast, From C:/Program Files (x86)/Epic Games/4.14/Engine/Plugins/Runtime/Analytics/AnalyticsMulticast/AnalyticsMulticast.uplugin
LogPluginManager: Loaded Plugin Apsalar, From C:/Program Files (x86)/Epic Games/4.14/Engine/Plugins/Runtime/Analytics/Apsalar/Apsalar.uplugin
LogPluginManager: Loaded Plugin FileLogging, From C:/Program Files (x86)/Epic Games/4.14/Engine/Plugins/Runtime/Analytics/FileLogging/FileLogging.uplugin
LogPluginManager: Loaded Plugin Flurry, From C:/Program Files (x86)/Epic Games/4.14/Engine/Plugins/Runtime/Analytics/Flurry/Flurry.uplugin
LogPluginManager: Loaded Plugin AndroidDeviceProfileSelector, From C:/Program Files (x86)/Epic Games/4.14/Engine/Plugins/Runtime/AndroidDeviceProfileSelector/AndroidDeviceProfileSelector.uplugin
LogPluginManager: Loaded Plugin AndroidMoviePlayer, From C:/Program Files (x86)/Epic Games/4.14/Engine/Plugins/Runtime/AndroidMoviePlayer/AndroidMoviePlayer.uplugin
LogPluginManager: Loaded Plugin AppleMoviePlayer, From C:/Program Files (x86)/Epic Games/4.14/Engine/Plugins/Runtime/AppleMoviePlayer/AppleMoviePlayer.uplugin
LogPluginManager: Loaded Plugin ArchVisCharacter, From C:/Program Files (x86)/Epic Games/4.14/Engine/Plugins/Runtime/ArchVisCharacter/ArchVisCharacter.uplugin
LogPluginManager: Loaded Plugin CableComponent, From C:/Program Files (x86)/Epic Games/4.14/Engine/Plugins/Runtime/CableComponent/CableComponent.uplugin
LogPluginManager: Loaded Plugin CustomMeshComponent, From C:/Program Files (x86)/Epic Games/4.14/Engine/Plugins/Runtime/CustomMeshComponent/CustomMeshComponent.uplugin
LogPluginManager: Loaded Plugin ExampleDeviceProfileSelector, From C:/Program Files (x86)/Epic Games/4.14/Engine/Plugins/Runtime/ExampleDeviceProfileSelector/ExampleDeviceProfileSelector.uplugin
LogPluginManager: Loaded Plugin GearVR, From C:/Program Files (x86)/Epic Games/4.14/Engine/Plugins/Runtime/GearVR/GearVR.uplugin
LogPluginManager: Loaded Plugin GoogleVRController, From C:/Program Files (x86)/Epic Games/4.14/Engine/Plugins/Runtime/GoogleVR/GoogleVRController/GoogleVRController.uplugin
LogPluginManager: Loaded Plugin GoogleVRHMD, From C:/Program Files (x86)/Epic Games/4.14/Engine/Plugins/Runtime/GoogleVR/GoogleVRHMD/GoogleVRHMD.uplugin
LogPluginManager: Loaded Plugin IOSDeviceProfileSelector, From C:/Program Files (x86)/Epic Games/4.14/Engine/Plugins/Runtime/IOSDeviceProfileSelector/IOSDeviceProfileSelector.uplugin
LogPluginManager: Loaded Plugin LeapMotion, From C:/Program Files (x86)/Epic Games/4.14/Engine/Plugins/Runtime/LeapMotion/LeapMotion.uplugin
LogPluginManager: Loaded Plugin LinuxDeviceProfileSelector, From C:/Program Files (x86)/Epic Games/4.14/Engine/Plugins/Runtime/LinuxDeviceProfileSelector/LinuxDeviceProfileSelector.uplugin
LogPluginManager: Loaded Plugin MIDIDevice, From C:/Program Files (x86)/Epic Games/4.14/Engine/Plugins/Runtime/MIDIDevice/MIDIDevice.uplugin
LogPluginManager: Loaded Plugin MobilePatchingUtils, From C:/Program Files (x86)/Epic Games/4.14/Engine/Plugins/Runtime/MobilePatchingUtils/MobilePatchingUtils.uplugin
LogPluginManager: Loaded Plugin Ansel, From C:/Program Files (x86)/Epic Games/4.14/Engine/Plugins/Runtime/Nvidia/Ansel/Ansel.uplugin
LogPluginManager: Loaded Plugin OculusAudio, From C:/Program Files (x86)/Epic Games/4.14/Engine/Plugins/Runtime/OculusAudio/OculusAudio.uplugin
LogPluginManager: Loaded Plugin OculusInput, From C:/Program Files (x86)/Epic Games/4.14/Engine/Plugins/Runtime/OculusInput/OculusInput.uplugin
LogPluginManager: Loaded Plugin OculusLibrary, From C:/Program Files (x86)/Epic Games/4.14/Engine/Plugins/Runtime/OculusLibrary/OculusLibrary.uplugin
LogPluginManager: Loaded Plugin OculusRift, From C:/Program Files (x86)/Epic Games/4.14/Engine/Plugins/Runtime/OculusRift/OculusRift.uplugin
LogPluginManager: Loaded Plugin Oodle, From C:/Program Files (x86)/Epic Games/4.14/Engine/Plugins/Runtime/PacketHandlers/CompressionComponents/Oodle/Oodle.uplugin
LogPluginManager: Loaded Plugin ProceduralMeshComponent, From C:/Program Files (x86)/Epic Games/4.14/Engine/Plugins/Runtime/ProceduralMeshComponent/ProceduralMeshComponent.uplugin
LogPluginManager: Loaded Plugin SoundMod, From C:/Program Files (x86)/Epic Games/4.14/Engine/Plugins/Runtime/SoundMod/SoundMod.uplugin
LogPluginManager: Loaded Plugin SoundVisualizations, From C:/Program Files (x86)/Epic Games/4.14/Engine/Plugins/Runtime/SoundVisualizations/SoundVisualizations.uplugin
LogPluginManager: Loaded Plugin SteamController, From C:/Program Files (x86)/Epic Games/4.14/Engine/Plugins/Runtime/Steam/SteamController/SteamController.uplugin
LogPluginManager: Loaded Plugin SteamVR, From C:/Program Files (x86)/Epic Games/4.14/Engine/Plugins/Runtime/Steam/SteamVR/SteamVR.uplugin
LogPluginManager: Loaded Plugin WebBrowserWidget, From C:/Program Files (x86)/Epic Games/4.14/Engine/Plugins/Runtime/WebBrowserWidget/WebBrowserWidget.uplugin
LogPluginManager: Loaded Plugin WindowsDeviceProfileSelector, From C:/Program Files (x86)/Epic Games/4.14/Engine/Plugins/Runtime/WindowsDeviceProfileSelector/WindowsDeviceProfileSelector.uplugin
LogPluginManager: Loaded Plugin WindowsMoviePlayer, From C:/Program Files (x86)/Epic Games/4.14/Engine/Plugins/Runtime/WindowsMoviePlayer/WindowsMoviePlayer.uplugin
LogPluginManager: Loaded Plugin ScriptPlugin, From C:/Program Files (x86)/Epic Games/4.14/Engine/Plugins/ScriptPlugin/ScriptPlugin.uplugin
LogPluginManager: Loaded Plugin SlateRemote, From C:/Program Files (x86)/Epic Games/4.14/Engine/Plugins/Slate/SlateRemote/SlateRemote.uplugin
LogPluginManager: Loaded Plugin EditorTests, From C:/Program Files (x86)/Epic Games/4.14/Engine/Plugins/Tests/EditorTests/EditorTests.uplugin
LogPluginManager: Loaded Plugin FbxAutomationTestBuilder, From C:/Program Files (x86)/Epic Games/4.14/Engine/Plugins/Tests/FbxAutomationTestBuilder/FbxAutomationTestBuilder.uplugin
LogPluginManager: Loaded Plugin FunctionalTestingEditor, From C:/Program Files (x86)/Epic Games/4.14/Engine/Plugins/Tests/FunctionalTestingEditor/FunctionalTestingEditor.uplugin
LogPluginManager: Loaded Plugin RuntimeTests, From C:/Program Files (x86)/Epic Games/4.14/Engine/Plugins/Tests/RuntimeTests/RuntimeTests.uplugin
LogPluginManager: Loaded Plugin ScreenshotTools, From C:/Program Files (x86)/Epic Games/4.14/Engine/Plugins/Tests/ScreenshotTools/ScreenshotTools.uplugin
LogInit: Using libcurl 7.47.1
LogInit:  - built for x86_64-pc-win32
LogInit:  - supports SSL with OpenSSL/1.0.2g
LogInit:  - supports HTTP deflate (compression) using libz 1.2.8
LogInit:  - other features:
LogInit:      CURL_VERSION_SSL
LogInit:      CURL_VERSION_LIBZ
LogInit:      CURL_VERSION_IPV6
LogInit:      CURL_VERSION_ASYNCHDNS
LogInit:      CURL_VERSION_LARGEFILE
LogInit:      CURL_VERSION_IDN
LogInit:  CurlRequestOptions (configurable via config and command line):
LogInit:  - bVerifyPeer = false  - Libcurl will NOT verify peer certificate
LogInit:  - bUseHttpProxy = false  - Libcurl will NOT use HTTP proxy
LogInit:  - bDontReuseConnections = false  - Libcurl will reuse connections
LogInit:  - CertBundlePath = nullptr  - Libcurl will use whatever was configured at build time.
LogOnline:Display: STEAM: Loading Steam SDK 1.32
LogInit: WinSock: version 1.1 (2.2), MaxSocks=32767, MaxUdp=65467
OCULUS: Info: [CAPI] LibOVR module is located at C:\Program Files\Oculus\Support\oculus-runtime\LibOVRRT64_1.dll
OCULUS: Debug: Connected to the server running version (prod = 1).1.10.2(build = 321138) feature version = 0. Client runs version (prod = 1).1.10.2(build = 321138) feature version = 0
LogInit: Build: ++UE4+Release-4.14-CL-3249277
LogInit: Engine Version: 4.14.3-3249277+++UE4+Release-4.14
LogInit: Compatible Engine Version: 4.14.0-3195953+++UE4+Release-4.14
LogInit: Net CL: 3195953
LogDevObjectVersion: Number of dev versions registered: 13
LogDevObjectVersion:   Dev-Blueprints (B0D832E4-1F89-4F0D-ACCF-7EB736FD4AA2): 7
LogDevObjectVersion:   Dev-Build (E1C64328-A22C-4D53-A36C-8E866417BD8C): 0
LogDevObjectVersion:   Dev-Core (375EC13C-06E4-48FB-B500-84F0262A717E): 1
LogDevObjectVersion:   Dev-Editor (E4B068ED-F494-42E9-A231-DA0B2E46BB41): 8
LogDevObjectVersion:   Dev-Framework (CFFC743F-43B0-4480-9391-14DF171D2073): 17
LogDevObjectVersion:   Dev-Mobile (B02B49B5-BB20-44E9-A304-32B752E40360): 0
LogDevObjectVersion:   Dev-Networking (A4E4105C-59A1-49B5-A7C5-40C4547EDFEE): 0
LogDevObjectVersion:   Dev-Online (39C831C9-5AE6-47DC-9A44-9C173E1C8E7C): 0
LogDevObjectVersion:   Dev-Physics (78F01B33-EBEA-4F98-B9B4-84EACCB95AA2): 0
LogDevObjectVersion:   Dev-Platform (6631380F-2D4D-43E0-8009-CF276956A95A): 0
LogDevObjectVersion:   Dev-Rendering (12F88B9F-8875-4AFC-A67C-D90C383ABD29): 12
LogDevObjectVersion:   Dev-Sequencer (7B5AE74C-D270-4C10-A958-57980B212A5A): 1
LogDevObjectVersion:   Dev-VR (D7296918-1DD6-4BDD-9DE2-64A83CC13884): 0
LogInit: Compiled (64-bit): Jan  6 2017 10:49:43
LogInit: Compiled with Visual C++: 19.00.23026.00
LogInit: Build Configuration: Development
LogInit: Branch Name: ++UE4+Release-4.14
LogInit: Command line:  /Temp/Autosaves/Game/FirstPersonBP/Maps/UEDPCLobby -game -PIEVIACONSOLE -ResX=1280 -ResY=720  -Multiprocess -messaging -SessionName="Play in Standalone Game" -windowed 
LogInit: Base directory: C:/Program Files (x86)/Epic Games/4.14/Engine/Binaries/Win64/
LogInit: Installed Engine Build: 1
LogInit: Presizing for max 8388607 objects, including 0 objects not considered by GC, pre-allocating 0 bytes for permanent pool.
LogInit: Object subsystem initialized
[2017.03.22-15.14.58:866][  0]LogInit: Selected Device Profile: [Windows]
[2017.03.22-15.14.58:866][  0]LogInit: Applying CVar settings loaded from the selected device profile: [Windows]
[2017.03.22-15.14.58:869][  0]LogInit: Computer: SIGLAB-VR5
[2017.03.22-15.14.58:869][  0]LogInit: User: SIG
[2017.03.22-15.14.58:869][  0]LogInit: CPU Page size=65536, Cores=4
[2017.03.22-15.14.58:869][  0]LogInit: High frequency timer resolution =3.604934 MHz
[2017.03.22-15.14.58:869][  0]LogMemory: Memory total: Physical=31.9GB (32GB approx)
[2017.03.22-15.14.58:869][  0]LogMemory: Platform Memory Stats for Windows
[2017.03.22-15.14.58:869][  0]LogMemory: Process Physical Memory: 313.93 MB used, 313.93 MB peak
[2017.03.22-15.14.58:869][  0]LogMemory: Process Virtual Memory: 292.02 MB used, 292.02 MB peak
[2017.03.22-15.14.58:869][  0]LogMemory: Physical Memory: 6319.59 MB used,  26370.71 MB free, 32690.30 MB total
[2017.03.22-15.14.58:869][  0]LogMemory: Virtual Memory: 852.64 MB used,  26370.71 MB free, 134217728.00 MB total
[2017.03.22-15.14.58:899][  0]LogTextLocalizationManager: No specific translations for ('en-US') exist, so ('en') translations will be used.
[2017.03.22-15.14.59:285][  0]LogD3D11RHI: D3D11 adapters:
[2017.03.22-15.14.59:313][  0]LogD3D11RHI:    0. 'NVIDIA GeForce GTX 1070' (Feature Level 11_0)
[2017.03.22-15.14.59:313][  0]LogD3D11RHI:       8120/0/16345 MB DedicatedVideo/DedicatedSystem/SharedSystem, Outputs:2, VendorId:0x10de
[2017.03.22-15.14.59:315][  0]LogD3D11RHI:    1. 'Microsoft Basic Render Driver' (Feature Level 11_0)
[2017.03.22-15.14.59:315][  0]LogD3D11RHI:       0/0/16345 MB DedicatedVideo/DedicatedSystem/SharedSystem, Outputs:0, VendorId:0x1414
[2017.03.22-15.14.59:315][  0]LogD3D11RHI: Chosen D3D11 Adapter: 0
[2017.03.22-15.14.59:321][  0]LogD3D11RHI: Creating new Direct3DDevice
[2017.03.22-15.14.59:321][  0]LogD3D11RHI:     GPU DeviceId: 0x1b81 (for the marketing name, search the web for "GPU Device Id")
[2017.03.22-15.14.59:321][  0]LogWindows: EnumDisplayDevices:
[2017.03.22-15.14.59:321][  0]LogWindows:    0. 'NVIDIA GeForce GTX 1070' (P:0 D:1)
[2017.03.22-15.14.59:321][  0]LogWindows:    1. 'NVIDIA GeForce GTX 1070' (P:1 D:1)
[2017.03.22-15.14.59:321][  0]LogWindows:    2. 'NVIDIA GeForce GTX 1070' (P:0 D:0)
[2017.03.22-15.14.59:321][  0]LogWindows:    3. 'NVIDIA GeForce GTX 1070' (P:0 D:0)
[2017.03.22-15.14.59:321][  0]LogWindows: DebugString: FoundDriverCount:4 
[2017.03.22-15.14.59:321][  0]LogD3D11RHI:     Adapter Name: NVIDIA GeForce GTX 1070
[2017.03.22-15.14.59:322][  0]LogD3D11RHI:   Driver Version: 378.49 (internal:21.21.13.7849, unified:378.49)
[2017.03.22-15.14.59:322][  0]LogD3D11RHI:      Driver Date: 1-20-2017
[2017.03.22-15.14.59:322][  0]LogRHI: Texture pool is 1361 MB (70% of 1945 MB)
[2017.03.22-15.14.59:334][  0]LogD3D11RHI: Async texture creation enabled
[2017.03.22-15.14.59:344][  0]LogD3D11RHI: GPU Timing Frequency: 1000.000000 (Debug: 2 1)
[2017.03.22-15.14.59:345][  0]LogShaderCompilers: Guid format shader working directory is -24 characters bigger than the processId version (../../../../../../Users/SIG/Desktop/unreal-project-vry-paint-mar20.1/Intermediate/Shaders/WorkingDirectory/9640/).
[2017.03.22-15.14.59:345][  0]LogShaderCompilers: Cleaned the shader compiler working directory 'C:/Users/SIG/AppData/Local/Temp/UnrealShaderWorkingDir/7F85E3FF4265EF38F2D5718E87184FA4/'.
[2017.03.22-15.14.59:345][  0]LogShaderCompilers:Display: Using Local Shader Compiler.
[2017.03.22-15.15.00:333][  0]LogTemp:Display: Loaded TP WindowsClientTargetPlatform
[2017.03.22-15.15.00:382][  0]LogTemp:Display: Loaded TP WindowsNoEditorTargetPlatform
[2017.03.22-15.15.00:431][  0]LogTemp:Display: Loaded TP WindowsServerTargetPlatform
[2017.03.22-15.15.00:472][  0]LogTemp:Display: Loaded TP WindowsTargetPlatform
[2017.03.22-15.15.00:472][  0]LogTargetPlatformManager:Display: Building Assets For Windows
[2017.03.22-15.15.00:838][  0]LogDerivedDataCache:Display: Max Cache Size: 512 MB
[2017.03.22-15.15.00:894][  0]LogDerivedDataCache: Loaded boot cache 0.06s 52MB C:/Users/SIG/AppData/Local/UnrealEngine/4.14/DerivedDataCache/Boot.ddc.
[2017.03.22-15.15.00:894][  0]LogDerivedDataCache:Display: Loaded Boot cache: C:/Users/SIG/AppData/Local/UnrealEngine/4.14/DerivedDataCache/Boot.ddc
[2017.03.22-15.15.00:894][  0]LogDerivedDataCache: FDerivedDataBackendGraph:  Pak pak cache file ../../../../../../Users/SIG/Desktop/unreal-project-vry-paint-mar20.1/DerivedDataCache/DDC.ddp not found, will not use a pak cache.
[2017.03.22-15.15.00:894][  0]LogDerivedDataCache: Unable to find inner node Pak for hierarchical cache Hierarchy.
[2017.03.22-15.15.00:894][  0]LogDerivedDataCache: FDerivedDataBackendGraph:  CompressedPak pak cache file ../../../../../../Users/SIG/Desktop/unreal-project-vry-paint-mar20.1/DerivedDataCache/Compressed.ddp not found, will not use a pak cache.
[2017.03.22-15.15.00:894][  0]LogDerivedDataCache: Unable to find inner node CompressedPak for hierarchical cache Hierarchy.
[2017.03.22-15.15.00:910][  0]LogDerivedDataCache:Display: Pak cache opened for reading ../../../Engine/DerivedDataCache/Compressed.ddp.
[2017.03.22-15.15.00:922][  0]LogDerivedDataCache: Using Local data cache path C:/Users/SIG/AppData/Local/UnrealEngine/Common/DerivedDataCache: Writable
[2017.03.22-15.15.01:170][  0]LogAssetRegistry: FAssetRegistry took 0.0001 seconds to start up
[2017.03.22-15.15.01:175][  0]LogPackageLocalizationCache: Processed 3 localized package path(s) for 2 prioritized culture(s) in 0.004758 seconds
[2017.03.22-15.15.01:190][  0]LogInit: Selected Device Profile: [Windows]
[2017.03.22-15.15.01:191][  0]LogContentStreaming: Texture pool size is 1000.00 MB
[2017.03.22-15.15.01:375][  0]LogMeshUtilities: Using QuadricMeshReduction for automatic static mesh reduction
[2017.03.22-15.15.01:415][  0]LogSimplygon: Simplygon DLL not present - disabling.
[2017.03.22-15.15.01:458][  0]LogMeshUtilities: Using SimplygonSwarm for distributed automatic mesh merging
[2017.03.22-15.15.01:458][  0]LogMeshUtilities: No automatic skeletal mesh reduction module available
[2017.03.22-15.15.01:458][  0]LogMeshUtilities: No automatic mesh merging module available
[2017.03.22-15.15.01:878][  0]LogNetVersion: GetLocalNetworkVersion: CL: 3195953, ProjectName: cis568vrypaint_mp, ProjectVersion: , EngineNetworkVersion: 2, GameNetworkVersion: 0, NetworkChecksum: 3560575784
[2017.03.22-15.15.02:598][  0]LogSlate: Using Freetype 2.6.0
[2017.03.22-15.15.02:599][  0]LogSlate: SlateFontCache - WITH_FREETYPE: 1, WITH_HARFBUZZ: 1
[2017.03.22-15.15.02:599][  0]LogSlate: SlateFontCache - WITH_FREETYPE: 1, WITH_HARFBUZZ: 1
[2017.03.22-15.15.02:706][  0]LogMoviePlayer: Initializing movie player
[2017.03.22-15.15.02:753][  0]LogWindowsTextInputMethodSystem:Display: IME system now deactivated.
[2017.03.22-15.15.02:775][  0]LogWindowsMoviePlayer: Unable to load movie: ../../../../../../Users/SIG/Desktop/unreal-project-vry-paint-mar20.1/Content/Movies/Default_Startup.mp4
[2017.03.22-15.15.02:963][  0]LogSubstanceCoreModule: Substance [CPU] Engine Loaded, Max Texture Size = 2048
[2017.03.22-15.15.02:990][  0]LogTcpMessaging: Initializing TcpMessaging bridge
[2017.03.22-15.15.03:027][  0]LogUdpMessaging: Initializing bridge on interface 0.0.0.0:0 to multicast group 230.0.0.1:6666.
[2017.03.22-15.15.03:166][  0]SourceControl: Info Source control is disabled
[2017.03.22-15.15.03:166][  0]SourceControl: Info Source control is disabled
[2017.03.22-15.15.03:209][  0]SourceControl: Info Source control is disabled
[2017.03.22-15.15.03:852][  0]LogUObjectArray: 33665 objects as part of root set at end of initial load.
[2017.03.22-15.15.03:852][  0]LogUObjectAllocator: 7660528 out of 0 bytes used by permanent object pool.
[2017.03.22-15.15.03:852][  0]LogUObjectArray: CloseDisregardForGC: 0/0 objects in disregard for GC pool
[2017.03.22-15.15.03:947][  0]LogEngine: Initializing Engine...
[2017.03.22-15.15.03:969][  0]LogHMD: Failed to initialize OpenVR with code 108
[2017.03.22-15.15.03:969][  0]LogHMD: Oculus plugin initialized. Version: 4.14.3-3249277+++UE4+Release-4.14, LibOVR: 1.10.2, SDK: 1.8.0, built Jan  6 2017, 10:50:26
[2017.03.22-15.15.04:077][  0]LogInit: XAudio2 using 'Speakers / Headphones (Realtek High Definition Audio)' : 2 channels at 48 kHz using 32 bits per sample (channel mask 0x3)
[2017.03.22-15.15.04:088][  0]LogInit: FAudioDevice initialized.
[2017.03.22-15.15.04:105][  0]LogInit: Texture streaming: Enabled
[2017.03.22-15.15.04:117][  0]LogMaterial: Uniform references updated for custom material expression Custom.
[2017.03.22-15.15.04:424][  0]LogInit:Display: Game Engine Initialized.
[2017.03.22-15.15.04:558][  0]LogInit:Display: Starting Game.
[2017.03.22-15.15.04:558][  0]LogNet: Browse: /Temp/Autosaves/Game/FirstPersonBP/Maps/UEDPCLobby?Name=Player
[2017.03.22-15.15.04:558][  0]LogLoadingSplash: Loading begins
[2017.03.22-15.15.04:559][  0]LogHMD: FOculusRiftSplash::PushBlackFrame
[2017.03.22-15.15.04:559][  0]LogHMD: FOculusRiftSplash::Show
[2017.03.22-15.15.04:559][  0]LogLoad: LoadMap: /Temp/Autosaves/Game/FirstPersonBP/Maps/UEDPCLobby?Name=Player
[2017.03.22-15.15.04:575][  0]LogMemory: Platform Memory Stats for Windows
[2017.03.22-15.15.04:575][  0]LogMemory: Process Physical Memory: 705.45 MB used, 731.10 MB peak
[2017.03.22-15.15.04:575][  0]LogMemory: Process Virtual Memory: 746.82 MB used, 746.84 MB peak
[2017.03.22-15.15.04:575][  0]LogMemory: Physical Memory: 6666.51 MB used,  26023.79 MB free, 32690.30 MB total
[2017.03.22-15.15.04:575][  0]LogMemory: Virtual Memory: 1493.00 MB used,  26023.79 MB free, 134217728.00 MB total
[2017.03.22-15.15.04:575][  0]LogMemory: 
[2017.03.22-15.15.04:575][  0]Allocator Stats for TBB: (not implemented)
[2017.03.22-15.15.04:845][  0]LogAIModule: Creating AISystem for world Lobby
[2017.03.22-15.15.05:049][  0]LogLoad: Game class is 'LobbyGameMode_C'
[2017.03.22-15.15.05:054][  0]LogWorld: Bringing World /Temp/Autosaves/Game/FirstPersonBP/Maps/UEDPCLobby.Lobby up for play (max tick rate 0) at 2017.03.22-11.15.05
[2017.03.22-15.15.05:054][  0]LogWorld: Bringing up level for play took: 0.003690
[2017.03.22-15.15.05:059][  0]LogLoadingSplash: Loading ends
[2017.03.22-15.15.05:059][  0]LogHMD: FOculusRiftSplash::Hide
[2017.03.22-15.15.05:059][  0]LogHMD: FOculusRiftSplash::PushBlackFrame
[2017.03.22-15.15.05:059][  0]LogLoad: Took 0.499958 seconds to LoadMap(/Temp/Autosaves/Game/FirstPersonBP/Maps/UEDPCLobby)
[2017.03.22-15.15.05:421][  0]LogLoad: (Engine Initialization) Total time: 9.09 seconds
[2017.03.22-15.15.05:421][  0]LogLoad: (Engine Initialization) Total Blueprint compile time: 0.19 seconds
[2017.03.22-15.15.05:421][  0]LogExternalProfiler: Found external profiler: VSPerf
[2017.03.22-15.15.05:421][  0]LogExternalProfiler: Using external profiler: VSPerf
[2017.03.22-15.15.05:438][  0]LogOcInput: OculusInput pre-init called
[2017.03.22-15.15.05:449][  0]LogOcInput: OculusInput is initialized. Init status 0. Runtime version: 1.10.2
[2017.03.22-15.15.05:537][  2]LogRenderer: Reallocating scene render targets to support 1280x720 NumSamples 1 (Frame:2).
[2017.03.22-15.15.16:317][668]PIE:Warning: Warning Invalid Simulate Options: Body (ArrowLobby_C_0.Capsule) is set to simulate physics but Collision Enabled is incompatible
[2017.03.22-15.15.16:317][668]PIE:Warning: Warning Invalid Simulate Options: Body (ArrowLobby_C_0.Capsule) is set to simulate physics but Collision Enabled is incompatible
[2017.03.22-15.15.16:350][670]LogBlueprintUserMessages: [HostCube_66] Hello
[2017.03.22-15.15.16:350][670]LogNetVersion: GetLocalNetworkVersion: CL: 3195953, ProjectName: cis568vrypaint_mp, ProjectVersion: 1.0.0.0, EngineNetworkVersion: 2, GameNetworkVersion: 0, NetworkChecksum: 2701095029
[2017.03.22-15.15.16:725][684]LogPackageName: SearchForPackageOnDisk took   0.060s to resolve FirstPersonExampleMap.umap.
[2017.03.22-15.15.16:783][684]LogPackageName: SearchForPackageOnDisk took   0.056s to resolve FirstPersonExampleMap.umap.
[2017.03.22-15.15.16:783][684]LogNet: Browse: /Game/FirstPersonBP/Maps/FirstPersonExampleMap?listen
[2017.03.22-15.15.16:783][684]LogLoad: LoadMap: /Game/FirstPersonBP/Maps/FirstPersonExampleMap?listen
[2017.03.22-15.15.16:813][684]LogMemory: Platform Memory Stats for Windows
[2017.03.22-15.15.16:813][684]LogMemory: Process Physical Memory: 790.36 MB used, 816.34 MB peak
[2017.03.22-15.15.16:813][684]LogMemory: Process Virtual Memory: 957.70 MB used, 988.75 MB peak
[2017.03.22-15.15.16:813][684]LogMemory: Physical Memory: 6737.65 MB used,  25952.65 MB free, 32690.30 MB total
[2017.03.22-15.15.16:813][684]LogMemory: Virtual Memory: 1743.77 MB used,  25952.65 MB free, 134217728.00 MB total
[2017.03.22-15.15.16:813][684]LogMemory: 
[2017.03.22-15.15.16:813][684]Allocator Stats for TBB: (not implemented)
[2017.03.22-15.15.17:981][684]LogAIModule: Creating AISystem for world FirstPersonExampleMap
[2017.03.22-15.15.17:981][684]LogLoad: Game class is 'FirstPersonGameMode_C'
[2017.03.22-15.15.17:982][684]LogNet:Display: SteamNetDriver_0 bound to port 7777
[2017.03.22-15.15.17:982][684]PacketHandlerLog: Loaded PacketHandler component: Engine.EngineHandlerComponentFactory (StatelessConnectHandlerComponent)
[2017.03.22-15.15.17:982][684]LogNet: GameNetDriver SteamNetDriver_0 IpNetDriver listening on port 7777
[2017.03.22-15.15.18:105][684]LogWorld: Bringing World /Game/FirstPersonBP/Maps/FirstPersonExampleMap.FirstPersonExampleMap up for play (max tick rate 0) at 2017.03.22-11.15.18
[2017.03.22-15.15.18:106][684]LogWorld: Bringing up level for play took: 0.122663
[2017.03.22-15.15.19:497][684]LogLoad: Took 2.714442 seconds to LoadMap(/Game/FirstPersonBP/Maps/FirstPersonExampleMap)
[2017.03.22-15.15.20:583][684]LogRenderer: Reallocating scene render targets to support 256x256 NumSamples 1 (Frame:687).
[2017.03.22-15.15.20:583][684]LogRenderer: Reallocating scene render targets to support 1280x720 NumSamples 1 (Frame:687).
[2017.03.22-15.15.20:583][684]LogRenderer: Reallocating scene render targets to support 256x256 NumSamples 1 (Frame:687).
[2017.03.22-15.15.20:583][684]LogRenderer: Reallocating scene render targets to support 1280x720 NumSamples 1 (Frame:688).
[2017.03.22-15.15.20:584][685]LogCharacterMovement:Warning: GetSimulationTimeStep() - Max iterations 8 hit while remaining time 0.074534 > MaxSimulationTimeStep (0.050) for 'FirstPersonCharacter_870', movement 'Walking'
[2017.03.22-15.15.26:815][ 58]LogHandshake: SendConnectChallenge. Timestamp: 10.256756, Cookie: 153179148132003234186235045141050081121076118206039106017111
[2017.03.22-15.15.26:816][ 58]LogHandshake: SendConnectChallenge. Timestamp: 10.256756, Cookie: 153179148132003234186235045141050081121076118206039106017111
[2017.03.22-15.15.26:816][ 58]LogHandshake: SendConnectChallenge. Timestamp: 10.256756, Cookie: 153179148132003234186235045141050081121076118206039106017111
[2017.03.22-15.15.26:816][ 58]LogHandshake: SendConnectChallenge. Timestamp: 10.256756, Cookie: 153179148132003234186235045141050081121076118206039106017111
[2017.03.22-15.15.26:848][ 60]LogNet: Server accepting post-challenge connection from: 76561198101971715:7777
[2017.03.22-15.15.26:848][ 60]PacketHandlerLog: Loaded PacketHandler component: Engine.EngineHandlerComponentFactory (StatelessConnectHandlerComponent)
[2017.03.22-15.15.26:848][ 60]LogNet: NotifyAcceptedConnection: Name: FirstPersonExampleMap, TimeStamp: 03/22/17 11:15:26, [UNetConnection] RemoteAddr: 76561198101971715:7777, Name: SteamNetConnection_0, Driver: GameNetDriver SteamNetDriver_0, IsServer: YES, PC: NULL, Owner: NULL
[2017.03.22-15.15.26:848][ 60]LogNet: AddClientConnection: Added client connection: [UNetConnection] RemoteAddr: 76561198101971715:7777, Name: SteamNetConnection_0, Driver: GameNetDriver SteamNetDriver_0, IsServer: YES, PC: NULL, Owner: NULL
[2017.03.22-15.15.26:896][ 63]LogNet: NotifyAcceptingChannel Control 0 server World /Game/FirstPersonBP/Maps/FirstPersonExampleMap.FirstPersonExampleMap: Accepted
[2017.03.22-15.15.26:896][ 63]LogNet: Remote platform little endian=1
[2017.03.22-15.15.26:896][ 63]LogNet: This platform little endian=1
[2017.03.22-15.15.26:928][ 65]LogNet: Login request: /Game/FirstPersonBP/Maps/Lobby?Name=Maknee userId: 76561198101971715
[2017.03.22-15.15.26:961][ 67]LogNet: Client netspeed is 10000
[2017.03.22-15.15.31:974][375]LogNet: Join request: /Game/FirstPersonBP/Maps/Lobby?Name=Maknee?SplitscreenCount=1
[2017.03.22-15.15.31:978][375]LogNet: Join succeeded: Maknee
[2017.03.22-15.15.32:012][377]LogNetPackageMap:Warning: FNetGUIDCache::SupportsObject: StaticMeshComponent /Game/FirstPersonBP/Maps/FirstPersonExampleMap.FirstPersonExampleMap:PersistentLevel.FirstPersonCharacter_C_27.StaticMeshComponent_5 NOT Supported.
[2017.03.22-15.15.32:012][377]LogNetPackageMap:Warning: FNetGUIDCache::SupportsObject: DrawFrustumComponent /Game/FirstPersonBP/Maps/FirstPersonExampleMap.FirstPersonExampleMap:PersistentLevel.FirstPersonCharacter_C_27.DrawFrustumComponent_4 NOT Supported.
[2017.03.22-15.15.32:254][392]LogCharacterMovement:Warning: GetSimulationTimeStep() - Max iterations 8 hit while remaining time 11.887501 > MaxSimulationTimeStep (0.050) for 'FirstPersonCharacter_C_27', movement 'Falling'
[2017.03.22-15.15.32:262][392]LogWindows: Windows GetLastError: The operation completed successfully. (0)
[2017.03.22-15.15.32:550][392]LogWindows:Error: === Critical error: ===
[2017.03.22-15.15.32:550][392]LogWindows:Error: 
[2017.03.22-15.15.32:550][392]LogWindows:Error: Assertion failed: !Object->IsPendingKill() [File:D:\Build\++UE4+Release-4.14+Compile\Sync\Engine\Source\Runtime\Engine\Private\PackageMapClient.cpp] [Line: 1984] 
[2017.03.22-15.15.32:550][392]LogWindows:Error: 
[2017.03.22-15.15.32:550][392]LogWindows:Error: 
[2017.03.22-15.15.32:550][392]LogWindows:Error: 
[2017.03.22-15.15.32:550][392]LogWindows:Error: 
[2017.03.22-15.15.32:550][392]LogWindows:Error: 
[2017.03.22-15.15.32:550][392]LogWindows:Error: 
[2017.03.22-15.15.32:550][392]LogWindows:Error: 
[2017.03.22-15.15.32:550][392]LogWindows:Error: 
[2017.03.22-15.15.32:550][392]LogWindows:Error: 
[2017.03.22-15.15.32:550][392]LogWindows:Error: 
[2017.03.22-15.15.32:550][392]LogWindows:Error: 
[2017.03.22-15.15.32:560][392]LogExit: Executing StaticShutdownAfterError
[2017.03.22-15.15.33:156][392]LogWindows: FPlatformMisc::RequestExit(1)
[2017.03.22-15.15.33:156][392]Log file closed, 03/22/17 11:15:33
