Log file open, 02/16/17 13:49:47
LogInit:Display: Running engine for game: CIS568VRYPaint_exp
LogPlatformFile: Not using cached read wrapper
LogInit:Display: RandInit(-88164863) SRandInit(-88164863).
LogTaskGraph: Started task graph with 5 named threads and 8 total threads with 1 sets of task threads.
LogStats: Stats thread started at 0.078167
LogPluginManager: Loaded Plugin Paper2D, From C:/Program Files (x86)/Epic Games/4.14/Engine/Plugins/2D/Paper2D/Paper2D.uplugin
LogPluginManager: Loaded Plugin LightPropagationVolume, From C:/Program Files (x86)/Epic Games/4.14/Engine/Plugins/Blendables/LightPropagationVolume/LightPropagationVolume.uplugin
LogPluginManager: Loaded Plugin BlankPlugin, From C:/Program Files (x86)/Epic Games/4.14/Engine/Plugins/Developer/BlankPlugin/BlankPlugin.uplugin
LogPluginManager: Loaded Plugin CodeLiteSourceCodeAccess, From C:/Program Files (x86)/Epic Games/4.14/Engine/Plugins/Developer/CodeLiteSourceCodeAccess/CodeLiteSourceCodeAccess.uplugin
LogPluginManager: Loaded Plugin GitSourceControl, From C:/Program Files (x86)/Epic Games/4.14/Engine/Plugins/Developer/GitSourceControl/GitSourceControl.uplugin
LogPluginManager: Loaded Plugin KDevelopSourceCodeAccess, From C:/Program Files (x86)/Epic Games/4.14/Engine/Plugins/Developer/KDevelopSourceCodeAccess/KDevelopSourceCodeAccess.uplugin
LogPluginManager: Loaded Plugin NullSourceCodeAccess, From C:/Program Files (x86)/Epic Games/4.14/Engine/Plugins/Developer/NullSourceCodeAccess/NullSourceCodeAccess.uplugin
LogPluginManager: Loaded Plugin OneSkyLocalizationService, From C:/Program Files (x86)/Epic Games/4.14/Engine/Plugins/Developer/OneSkyLocalizationService/OneSkyLocalizationService.uplugin
LogPluginManager: Loaded Plugin PerforceSourceControl, From C:/Program Files (x86)/Epic Games/4.14/Engine/Plugins/Developer/PerforceSourceControl/PerforceSourceControl.uplugin
LogPluginManager: Loaded Plugin SubversionSourceControl, From C:/Program Files (x86)/Epic Games/4.14/Engine/Plugins/Developer/SubversionSourceControl/SubversionSourceControl.uplugin
LogPluginManager: Loaded Plugin UObjectPlugin, From C:/Program Files (x86)/Epic Games/4.14/Engine/Plugins/Developer/UObjectPlugin/UObjectPlugin.uplugin
LogPluginManager: Loaded Plugin VisualStudioSourceCodeAccess, From C:/Program Files (x86)/Epic Games/4.14/Engine/Plugins/Developer/VisualStudioSourceCodeAccess/VisualStudioSourceCodeAccess.uplugin
LogPluginManager: Loaded Plugin XCodeSourceCodeAccess, From C:/Program Files (x86)/Epic Games/4.14/Engine/Plugins/Developer/XCodeSourceCodeAccess/XCodeSourceCodeAccess.uplugin
LogPluginManager: Loaded Plugin AudioCapture, From C:/Program Files (x86)/Epic Games/4.14/Engine/Plugins/Editor/AudioCapture/AudioCapture.uplugin
LogPluginManager: Loaded Plugin EpicSurvey, From C:/Program Files (x86)/Epic Games/4.14/Engine/Plugins/Editor/EpicSurvey/EpicSurvey.uplugin
LogPluginManager: Loaded Plugin MacGraphicsSwitching, From C:/Program Files (x86)/Epic Games/4.14/Engine/Plugins/Editor/MacGraphicsSwitching/MacGraphicsSwitching.uplugin
LogPluginManager: Loaded Plugin MobileLauncherProfileWizard, From C:/Program Files (x86)/Epic Games/4.14/Engine/Plugins/Editor/MobileLauncherProfileWizard/MobileLauncherProfileWizard.uplugin
LogPluginManager: Loaded Plugin PluginBrowser, From C:/Program Files (x86)/Epic Games/4.14/Engine/Plugins/Editor/PluginBrowser/PluginBrowser.uplugin
LogPluginManager: Loaded Plugin SpeedTreeImporter, From C:/Program Files (x86)/Epic Games/4.14/Engine/Plugins/Editor/SpeedTreeImporter/SpeedTreeImporter.uplugin
LogPluginManager: Loaded Plugin SuperSearchEditor, From C:/Program Files (x86)/Epic Games/4.14/Engine/Plugins/Editor/SuperSearchEditor/SuperSearchEditor.uplugin
LogPluginManager: Loaded Plugin AlembicImporter, From C:/Program Files (x86)/Epic Games/4.14/Engine/Plugins/Experimental/AlembicImporter/AlembicImporter.uplugin
LogPluginManager: Loaded Plugin BlueprintStats, From C:/Program Files (x86)/Epic Games/4.14/Engine/Plugins/Experimental/BlueprintStats/BlueprintStats.uplugin
LogPluginManager: Loaded Plugin CharacterAI, From C:/Program Files (x86)/Epic Games/4.14/Engine/Plugins/Experimental/CharacterAI/CharacterAI.uplugin
LogPluginManager: Loaded Plugin CodeEditor, From C:/Program Files (x86)/Epic Games/4.14/Engine/Plugins/Experimental/CodeEditor/CodeEditor.uplugin
LogPluginManager: Loaded Plugin CodeView, From C:/Program Files (x86)/Epic Games/4.14/Engine/Plugins/Experimental/CodeView/CodeView.uplugin
LogPluginManager: Loaded Plugin HTML5Networking, From C:/Program Files (x86)/Epic Games/4.14/Engine/Plugins/Experimental/HTML5Networking/HTML5Networking.uplugin
LogPluginManager: Loaded Plugin OSVR, From C:/Program Files (x86)/Epic Games/4.14/Engine/Plugins/Experimental/OSVR/OSVR.uplugin
LogPluginManager: Loaded Plugin Phya, From C:/Program Files (x86)/Epic Games/4.14/Engine/Plugins/Experimental/Phya/Phya.uplugin
LogPluginManager: Loaded Plugin SignificanceManager, From C:/Program Files (x86)/Epic Games/4.14/Engine/Plugins/Experimental/SignificanceManager/SignificanceManager.uplugin
LogPluginManager: Loaded Plugin SimpleHMD, From C:/Program Files (x86)/Epic Games/4.14/Engine/Plugins/Experimental/SimpleHMD/SimpleHMD.uplugin
LogPluginManager: Loaded Plugin StereoPanorama, From C:/Program Files (x86)/Epic Games/4.14/Engine/Plugins/Experimental/StereoPanorama/StereoPanorama.uplugin
LogPluginManager: Loaded Plugin StructBox, From C:/Program Files (x86)/Epic Games/4.14/Engine/Plugins/Experimental/StructBox/StructBox.uplugin
LogPluginManager: Loaded Plugin Substance, From C:/Program Files (x86)/Epic Games/4.14/Engine/Plugins/Marketplace/Substance/Substance.uplugin
LogPluginManager: Loaded Plugin AndroidMedia, From C:/Program Files (x86)/Epic Games/4.14/Engine/Plugins/Media/AndroidMedia/AndroidMedia.uplugin
LogPluginManager: Loaded Plugin AvfMedia, From C:/Program Files (x86)/Epic Games/4.14/Engine/Plugins/Media/AvfMedia/AvfMedia.uplugin
LogPluginManager: Loaded Plugin MediaPlayerEditor, From C:/Program Files (x86)/Epic Games/4.14/Engine/Plugins/Media/MediaPlayerEditor/MediaPlayerEditor.uplugin
LogPluginManager: Loaded Plugin WmfMedia, From C:/Program Files (x86)/Epic Games/4.14/Engine/Plugins/Media/WmfMedia/WmfMedia.uplugin
LogPluginManager: Loaded Plugin MessagingDebugger, From C:/Program Files (x86)/Epic Games/4.14/Engine/Plugins/Messaging/MessagingDebugger/MessagingDebugger.uplugin
LogPluginManager: Loaded Plugin TcpMessaging, From C:/Program Files (x86)/Epic Games/4.14/Engine/Plugins/Messaging/TcpMessaging/TcpMessaging.uplugin
LogPluginManager: Loaded Plugin UdpMessaging, From C:/Program Files (x86)/Epic Games/4.14/Engine/Plugins/Messaging/UdpMessaging/UdpMessaging.uplugin
LogPluginManager: Loaded Plugin LevelSequenceEditor, From C:/Program Files (x86)/Epic Games/4.14/Engine/Plugins/MovieScene/LevelSequenceEditor/LevelSequenceEditor.uplugin
LogPluginManager: Loaded Plugin MatineeToLevelSequence, From C:/Program Files (x86)/Epic Games/4.14/Engine/Plugins/MovieScene/MatineeToLevelSequence/MatineeToLevelSequence.uplugin
LogPluginManager: Loaded Plugin NetcodeUnitTest, From C:/Program Files (x86)/Epic Games/4.14/Engine/Plugins/NetcodeUnitTest/NetcodeUnitTest/NetcodeUnitTest.uplugin
LogPluginManager: Loaded Plugin NUTUnrealEngine4, From C:/Program Files (x86)/Epic Games/4.14/Engine/Plugins/NetcodeUnitTest/NUTUnrealEngine4/NUTUnrealEngine4.uplugin
LogPluginManager: Loaded Plugin OnlineSubsystemGameCircle, From C:/Program Files (x86)/Epic Games/4.14/Engine/Plugins/Online/Android/OnlineSubsystemGameCircle/OnlineSubsystemGameCircle.uplugin
LogPluginManager: Loaded Plugin OnlineSubsystemGooglePlay, From C:/Program Files (x86)/Epic Games/4.14/Engine/Plugins/Online/Android/OnlineSubsystemGooglePlay/OnlineSubsystemGooglePlay.uplugin
LogPluginManager: Loaded Plugin OnlineSubsystemIOS, From C:/Program Files (x86)/Epic Games/4.14/Engine/Plugins/Online/IOS/OnlineSubsystemIOS/OnlineSubsystemIOS.uplugin
LogPluginManager: Loaded Plugin OnlineFramework, From C:/Program Files (x86)/Epic Games/4.14/Engine/Plugins/Online/OnlineFramework/OnlineFramework.uplugin
LogPluginManager: Loaded Plugin OnlineSubsystem, From C:/Program Files (x86)/Epic Games/4.14/Engine/Plugins/Online/OnlineSubsystem/OnlineSubsystem.uplugin
LogPluginManager: Loaded Plugin OnlineSubsystemAmazon, From C:/Program Files (x86)/Epic Games/4.14/Engine/Plugins/Online/OnlineSubsystemAmazon/OnlineSubsystemAmazon.uplugin
LogPluginManager: Loaded Plugin OnlineSubsystemFacebook, From C:/Program Files (x86)/Epic Games/4.14/Engine/Plugins/Online/OnlineSubsystemFacebook/OnlineSubsystemFacebook.uplugin
LogPluginManager: Loaded Plugin OnlineSubsystemNull, From C:/Program Files (x86)/Epic Games/4.14/Engine/Plugins/Online/OnlineSubsystemNull/OnlineSubsystemNull.uplugin
LogPluginManager: Loaded Plugin OnlineSubsystemOculus, From C:/Program Files (x86)/Epic Games/4.14/Engine/Plugins/Online/OnlineSubsystemOculus/OnlineSubsystemOculus.uplugin
LogPluginManager: Loaded Plugin OnlineSubsystemSteam, From C:/Program Files (x86)/Epic Games/4.14/Engine/Plugins/Online/OnlineSubsystemSteam/OnlineSubsystemSteam.uplugin
LogPluginManager: Loaded Plugin OnlineSubsystemUtils, From C:/Program Files (x86)/Epic Games/4.14/Engine/Plugins/Online/OnlineSubsystemUtils/OnlineSubsystemUtils.uplugin
LogPluginManager: Loaded Plugin IOSTapJoy, From C:/Program Files (x86)/Epic Games/4.14/Engine/Plugins/Runtime/Advertising/IOSTapJoy/IOSTapJoy.uplugin
LogPluginManager: Loaded Plugin AnalyticsBlueprintLibrary, From C:/Program Files (x86)/Epic Games/4.14/Engine/Plugins/Runtime/Analytics/AnalyticsBlueprintLibrary/AnalyticsBlueprintLibrary.uplugin
LogPluginManager: Loaded Plugin AnalyticsMulticast, From C:/Program Files (x86)/Epic Games/4.14/Engine/Plugins/Runtime/Analytics/AnalyticsMulticast/AnalyticsMulticast.uplugin
LogPluginManager: Loaded Plugin Apsalar, From C:/Program Files (x86)/Epic Games/4.14/Engine/Plugins/Runtime/Analytics/Apsalar/Apsalar.uplugin
LogPluginManager: Loaded Plugin FileLogging, From C:/Program Files (x86)/Epic Games/4.14/Engine/Plugins/Runtime/Analytics/FileLogging/FileLogging.uplugin
LogPluginManager: Loaded Plugin Flurry, From C:/Program Files (x86)/Epic Games/4.14/Engine/Plugins/Runtime/Analytics/Flurry/Flurry.uplugin
LogPluginManager: Loaded Plugin AndroidDeviceProfileSelector, From C:/Program Files (x86)/Epic Games/4.14/Engine/Plugins/Runtime/AndroidDeviceProfileSelector/AndroidDeviceProfileSelector.uplugin
LogPluginManager: Loaded Plugin AndroidMoviePlayer, From C:/Program Files (x86)/Epic Games/4.14/Engine/Plugins/Runtime/AndroidMoviePlayer/AndroidMoviePlayer.uplugin
LogPluginManager: Loaded Plugin AppleMoviePlayer, From C:/Program Files (x86)/Epic Games/4.14/Engine/Plugins/Runtime/AppleMoviePlayer/AppleMoviePlayer.uplugin
LogPluginManager: Loaded Plugin ArchVisCharacter, From C:/Program Files (x86)/Epic Games/4.14/Engine/Plugins/Runtime/ArchVisCharacter/ArchVisCharacter.uplugin
LogPluginManager: Loaded Plugin CableComponent, From C:/Program Files (x86)/Epic Games/4.14/Engine/Plugins/Runtime/CableComponent/CableComponent.uplugin
LogPluginManager: Loaded Plugin CustomMeshComponent, From C:/Program Files (x86)/Epic Games/4.14/Engine/Plugins/Runtime/CustomMeshComponent/CustomMeshComponent.uplugin
LogPluginManager: Loaded Plugin ExampleDeviceProfileSelector, From C:/Program Files (x86)/Epic Games/4.14/Engine/Plugins/Runtime/ExampleDeviceProfileSelector/ExampleDeviceProfileSelector.uplugin
LogPluginManager: Loaded Plugin GearVR, From C:/Program Files (x86)/Epic Games/4.14/Engine/Plugins/Runtime/GearVR/GearVR.uplugin
LogPluginManager: Loaded Plugin GoogleVRController, From C:/Program Files (x86)/Epic Games/4.14/Engine/Plugins/Runtime/GoogleVR/GoogleVRController/GoogleVRController.uplugin
LogPluginManager: Loaded Plugin GoogleVRHMD, From C:/Program Files (x86)/Epic Games/4.14/Engine/Plugins/Runtime/GoogleVR/GoogleVRHMD/GoogleVRHMD.uplugin
LogPluginManager: Loaded Plugin IOSDeviceProfileSelector, From C:/Program Files (x86)/Epic Games/4.14/Engine/Plugins/Runtime/IOSDeviceProfileSelector/IOSDeviceProfileSelector.uplugin
LogPluginManager: Loaded Plugin LeapMotion, From C:/Program Files (x86)/Epic Games/4.14/Engine/Plugins/Runtime/LeapMotion/LeapMotion.uplugin
LogPluginManager: Loaded Plugin LinuxDeviceProfileSelector, From C:/Program Files (x86)/Epic Games/4.14/Engine/Plugins/Runtime/LinuxDeviceProfileSelector/LinuxDeviceProfileSelector.uplugin
LogPluginManager: Loaded Plugin MIDIDevice, From C:/Program Files (x86)/Epic Games/4.14/Engine/Plugins/Runtime/MIDIDevice/MIDIDevice.uplugin
LogPluginManager: Loaded Plugin MobilePatchingUtils, From C:/Program Files (x86)/Epic Games/4.14/Engine/Plugins/Runtime/MobilePatchingUtils/MobilePatchingUtils.uplugin
LogPluginManager: Loaded Plugin Ansel, From C:/Program Files (x86)/Epic Games/4.14/Engine/Plugins/Runtime/Nvidia/Ansel/Ansel.uplugin
LogPluginManager: Loaded Plugin OculusAudio, From C:/Program Files (x86)/Epic Games/4.14/Engine/Plugins/Runtime/OculusAudio/OculusAudio.uplugin
LogPluginManager: Loaded Plugin OculusInput, From C:/Program Files (x86)/Epic Games/4.14/Engine/Plugins/Runtime/OculusInput/OculusInput.uplugin
LogPluginManager: Loaded Plugin OculusLibrary, From C:/Program Files (x86)/Epic Games/4.14/Engine/Plugins/Runtime/OculusLibrary/OculusLibrary.uplugin
LogPluginManager: Loaded Plugin OculusRift, From C:/Program Files (x86)/Epic Games/4.14/Engine/Plugins/Runtime/OculusRift/OculusRift.uplugin
LogPluginManager: Loaded Plugin Oodle, From C:/Program Files (x86)/Epic Games/4.14/Engine/Plugins/Runtime/PacketHandlers/CompressionComponents/Oodle/Oodle.uplugin
LogPluginManager: Loaded Plugin ProceduralMeshComponent, From C:/Program Files (x86)/Epic Games/4.14/Engine/Plugins/Runtime/ProceduralMeshComponent/ProceduralMeshComponent.uplugin
LogPluginManager: Loaded Plugin SoundMod, From C:/Program Files (x86)/Epic Games/4.14/Engine/Plugins/Runtime/SoundMod/SoundMod.uplugin
LogPluginManager: Loaded Plugin SoundVisualizations, From C:/Program Files (x86)/Epic Games/4.14/Engine/Plugins/Runtime/SoundVisualizations/SoundVisualizations.uplugin
LogPluginManager: Loaded Plugin SteamController, From C:/Program Files (x86)/Epic Games/4.14/Engine/Plugins/Runtime/Steam/SteamController/SteamController.uplugin
LogPluginManager: Loaded Plugin SteamVR, From C:/Program Files (x86)/Epic Games/4.14/Engine/Plugins/Runtime/Steam/SteamVR/SteamVR.uplugin
LogPluginManager: Loaded Plugin WebBrowserWidget, From C:/Program Files (x86)/Epic Games/4.14/Engine/Plugins/Runtime/WebBrowserWidget/WebBrowserWidget.uplugin
LogPluginManager: Loaded Plugin WindowsDeviceProfileSelector, From C:/Program Files (x86)/Epic Games/4.14/Engine/Plugins/Runtime/WindowsDeviceProfileSelector/WindowsDeviceProfileSelector.uplugin
LogPluginManager: Loaded Plugin WindowsMoviePlayer, From C:/Program Files (x86)/Epic Games/4.14/Engine/Plugins/Runtime/WindowsMoviePlayer/WindowsMoviePlayer.uplugin
LogPluginManager: Loaded Plugin ScriptPlugin, From C:/Program Files (x86)/Epic Games/4.14/Engine/Plugins/ScriptPlugin/ScriptPlugin.uplugin
LogPluginManager: Loaded Plugin SlateRemote, From C:/Program Files (x86)/Epic Games/4.14/Engine/Plugins/Slate/SlateRemote/SlateRemote.uplugin
LogPluginManager: Loaded Plugin EditorTests, From C:/Program Files (x86)/Epic Games/4.14/Engine/Plugins/Tests/EditorTests/EditorTests.uplugin
LogPluginManager: Loaded Plugin FbxAutomationTestBuilder, From C:/Program Files (x86)/Epic Games/4.14/Engine/Plugins/Tests/FbxAutomationTestBuilder/FbxAutomationTestBuilder.uplugin
LogPluginManager: Loaded Plugin FunctionalTestingEditor, From C:/Program Files (x86)/Epic Games/4.14/Engine/Plugins/Tests/FunctionalTestingEditor/FunctionalTestingEditor.uplugin
LogPluginManager: Loaded Plugin RuntimeTests, From C:/Program Files (x86)/Epic Games/4.14/Engine/Plugins/Tests/RuntimeTests/RuntimeTests.uplugin
LogPluginManager: Loaded Plugin ScreenshotTools, From C:/Program Files (x86)/Epic Games/4.14/Engine/Plugins/Tests/ScreenshotTools/ScreenshotTools.uplugin
LogInit: Using libcurl 7.47.1
LogInit:  - built for x86_64-pc-win32
LogInit:  - supports SSL with OpenSSL/1.0.2g
LogInit:  - supports HTTP deflate (compression) using libz 1.2.8
LogInit:  - other features:
LogInit:      CURL_VERSION_SSL
LogInit:      CURL_VERSION_LIBZ
LogInit:      CURL_VERSION_IPV6
LogInit:      CURL_VERSION_ASYNCHDNS
LogInit:      CURL_VERSION_LARGEFILE
LogInit:      CURL_VERSION_IDN
LogInit:  CurlRequestOptions (configurable via config and command line):
LogInit:  - bVerifyPeer = false  - Libcurl will NOT verify peer certificate
LogInit:  - bUseHttpProxy = false  - Libcurl will NOT use HTTP proxy
LogInit:  - bDontReuseConnections = false  - Libcurl will reuse connections
LogInit:  - CertBundlePath = nullptr  - Libcurl will use whatever was configured at build time.
OCULUS: Info: [CAPI] LibOVR module is located at C:\Program Files\Oculus\Support\oculus-runtime\LibOVRRT64_1.dll
OCULUS: Debug: Connected to the server running version (prod = 1).1.10.2(build = 321138) feature version = 0. Client runs version (prod = 1).1.10.2(build = 321138) feature version = 0
LogInit: Build: ++UE4+Release-4.14-CL-3249277
LogInit: Engine Version: 4.14.3-3249277+++UE4+Release-4.14
LogInit: Compatible Engine Version: 4.14.0-3195953+++UE4+Release-4.14
LogInit: Net CL: 3195953
LogDevObjectVersion: Number of dev versions registered: 13
LogDevObjectVersion:   Dev-Blueprints (B0D832E4-1F89-4F0D-ACCF-7EB736FD4AA2): 7
LogDevObjectVersion:   Dev-Build (E1C64328-A22C-4D53-A36C-8E866417BD8C): 0
LogDevObjectVersion:   Dev-Core (375EC13C-06E4-48FB-B500-84F0262A717E): 1
LogDevObjectVersion:   Dev-Editor (E4B068ED-F494-42E9-A231-DA0B2E46BB41): 8
LogDevObjectVersion:   Dev-Framework (CFFC743F-43B0-4480-9391-14DF171D2073): 17
LogDevObjectVersion:   Dev-Mobile (B02B49B5-BB20-44E9-A304-32B752E40360): 0
LogDevObjectVersion:   Dev-Networking (A4E4105C-59A1-49B5-A7C5-40C4547EDFEE): 0
LogDevObjectVersion:   Dev-Online (39C831C9-5AE6-47DC-9A44-9C173E1C8E7C): 0
LogDevObjectVersion:   Dev-Physics (78F01B33-EBEA-4F98-B9B4-84EACCB95AA2): 0
LogDevObjectVersion:   Dev-Platform (6631380F-2D4D-43E0-8009-CF276956A95A): 0
LogDevObjectVersion:   Dev-Rendering (12F88B9F-8875-4AFC-A67C-D90C383ABD29): 12
LogDevObjectVersion:   Dev-Sequencer (7B5AE74C-D270-4C10-A958-57980B212A5A): 1
LogDevObjectVersion:   Dev-VR (D7296918-1DD6-4BDD-9DE2-64A83CC13884): 0
LogInit: Compiled (64-bit): Jan  6 2017 10:49:43
LogInit: Compiled with Visual C++: 19.00.23026.00
LogInit: Build Configuration: Development
LogInit: Branch Name: ++UE4+Release-4.14
LogInit: Command line:  
LogInit: Base directory: C:/Program Files (x86)/Epic Games/4.14/Engine/Binaries/Win64/
LogInit: Installed Engine Build: 1
LogInit: Presizing for max 8388607 objects, including 0 objects not considered by GC, pre-allocating 0 bytes for permanent pool.
LogInit: Object subsystem initialized
[2017.02.16-18.49.48:848][  0]LogInit: Selected Device Profile: [Windows]
[2017.02.16-18.49.48:848][  0]LogInit: Applying CVar settings loaded from the selected device profile: [Windows]
[2017.02.16-18.49.48:858][  0]LogInit: Computer: SIGLAB-VR5
[2017.02.16-18.49.48:858][  0]LogInit: User: SIG
[2017.02.16-18.49.48:858][  0]LogInit: CPU Page size=65536, Cores=4
[2017.02.16-18.49.48:858][  0]LogInit: High frequency timer resolution =3.604936 MHz
[2017.02.16-18.49.48:858][  0]LogMemory: Memory total: Physical=31.9GB (32GB approx)
[2017.02.16-18.49.48:858][  0]LogMemory: Platform Memory Stats for Windows
[2017.02.16-18.49.48:858][  0]LogMemory: Process Physical Memory: 273.45 MB used, 273.45 MB peak
[2017.02.16-18.49.48:858][  0]LogMemory: Process Virtual Memory: 269.76 MB used, 269.76 MB peak
[2017.02.16-18.49.48:858][  0]LogMemory: Physical Memory: 6064.43 MB used,  26625.88 MB free, 32690.30 MB total
[2017.02.16-18.49.48:858][  0]LogMemory: Virtual Memory: 727.27 MB used,  26625.88 MB free, 134217728.00 MB total
[2017.02.16-18.49.48:881][  0]LogTextLocalizationManager: No specific translations for ('en-US') exist, so ('en') translations will be used.
[2017.02.16-18.49.49:414][  0]LogD3D11RHI: D3D11 adapters:
[2017.02.16-18.49.49:437][  0]LogD3D11RHI:    0. 'NVIDIA GeForce GTX 1070' (Feature Level 11_0)
[2017.02.16-18.49.49:437][  0]LogD3D11RHI:       8120/0/16345 MB DedicatedVideo/DedicatedSystem/SharedSystem, Outputs:2, VendorId:0x10de
[2017.02.16-18.49.49:438][  0]LogD3D11RHI:    1. 'Microsoft Basic Render Driver' (Feature Level 11_0)
[2017.02.16-18.49.49:438][  0]LogD3D11RHI:       0/0/16345 MB DedicatedVideo/DedicatedSystem/SharedSystem, Outputs:0, VendorId:0x1414
[2017.02.16-18.49.49:438][  0]LogD3D11RHI: Chosen D3D11 Adapter: 0
[2017.02.16-18.49.49:443][  0]LogD3D11RHI: Creating new Direct3DDevice
[2017.02.16-18.49.49:443][  0]LogD3D11RHI:     GPU DeviceId: 0x1b81 (for the marketing name, search the web for "GPU Device Id")
[2017.02.16-18.49.49:443][  0]LogWindows: EnumDisplayDevices:
[2017.02.16-18.49.49:443][  0]LogWindows:    0. 'NVIDIA GeForce GTX 1070' (P:0 D:1)
[2017.02.16-18.49.49:443][  0]LogWindows:    1. 'NVIDIA GeForce GTX 1070' (P:1 D:1)
[2017.02.16-18.49.49:443][  0]LogWindows:    2. 'NVIDIA GeForce GTX 1070' (P:0 D:0)
[2017.02.16-18.49.49:444][  0]LogWindows:    3. 'NVIDIA GeForce GTX 1070' (P:0 D:0)
[2017.02.16-18.49.49:444][  0]LogWindows: DebugString: FoundDriverCount:4 
[2017.02.16-18.49.49:444][  0]LogD3D11RHI:     Adapter Name: NVIDIA GeForce GTX 1070
[2017.02.16-18.49.49:444][  0]LogD3D11RHI:   Driver Version: 378.49 (internal:21.21.13.7849, unified:378.49)
[2017.02.16-18.49.49:444][  0]LogD3D11RHI:      Driver Date: 1-20-2017
[2017.02.16-18.49.49:444][  0]LogRHI: Texture pool is 1361 MB (70% of 1945 MB)
[2017.02.16-18.49.49:455][  0]LogD3D11RHI: Async texture creation enabled
[2017.02.16-18.49.49:465][  0]LogD3D11RHI: GPU Timing Frequency: 1000.000000 (Debug: 2 1)
[2017.02.16-18.49.49:466][  0]LogShaderCompilers: Guid format shader working directory is -29 characters bigger than the processId version (../../../../../../Users/SIG/Documents/Unreal Projects/CIS568VRYPaint_exp/Intermediate/Shaders/WorkingDirectory/13300/).
[2017.02.16-18.49.49:466][  0]LogShaderCompilers: Cleaned the shader compiler working directory 'C:/Users/SIG/AppData/Local/Temp/UnrealShaderWorkingDir/76381400442C7474774AC3B66418495A/'.
[2017.02.16-18.49.49:466][  0]LogShaderCompilers:Display: Using Local Shader Compiler.
[2017.02.16-18.49.50:384][  0]LogTemp:Display: Loaded TP AllDesktopTargetPlatform
[2017.02.16-18.49.50:431][  0]LogTemp:Display: Loaded TP MacClientTargetPlatform
[2017.02.16-18.49.50:480][  0]LogTemp:Display: Loaded TP MacNoEditorTargetPlatform
[2017.02.16-18.49.50:528][  0]LogTemp:Display: Loaded TP MacServerTargetPlatform
[2017.02.16-18.49.50:576][  0]LogTemp:Display: Loaded TP MacTargetPlatform
[2017.02.16-18.49.50:623][  0]LogTemp:Display: Loaded TP WindowsClientTargetPlatform
[2017.02.16-18.49.50:671][  0]LogTemp:Display: Loaded TP WindowsNoEditorTargetPlatform
[2017.02.16-18.49.50:718][  0]LogTemp:Display: Loaded TP WindowsServerTargetPlatform
[2017.02.16-18.49.50:759][  0]LogTemp:Display: Loaded TP WindowsTargetPlatform
[2017.02.16-18.49.50:805][  0]LogTemp:Display: Loaded TP AndroidTargetPlatform
[2017.02.16-18.49.50:851][  0]LogTemp:Display: Loaded TP Android_ASTCTargetPlatform
[2017.02.16-18.49.50:898][  0]LogTemp:Display: Loaded TP Android_ATCTargetPlatform
[2017.02.16-18.49.50:944][  0]LogTemp:Display: Loaded TP Android_DXTTargetPlatform
[2017.02.16-18.49.50:990][  0]LogTemp:Display: Loaded TP Android_ETC1TargetPlatform
[2017.02.16-18.49.51:037][  0]LogTemp:Display: Loaded TP Android_ETC2TargetPlatform
[2017.02.16-18.49.51:130][  0]LogTemp:Display: Loaded TP Android_MultiTargetPlatform
[2017.02.16-18.49.51:130][  0]LogTemp:Display: Loaded TP Android_PVRTCTargetPlatform
[2017.02.16-18.49.51:163][  0]LogTemp:Display: Loaded TP HTML5TargetPlatform
[2017.02.16-18.49.51:240][  0]LogTemp:Display: Loaded TP IOSTargetPlatform
[2017.02.16-18.49.51:269][  0]LogTemp:Display: Loaded TP TVOSTargetPlatform
[2017.02.16-18.49.51:315][  0]LogTemp:Display: Loaded TP LinuxClientTargetPlatform
[2017.02.16-18.49.51:362][  0]LogTemp:Display: Loaded TP LinuxNoEditorTargetPlatform
[2017.02.16-18.49.51:409][  0]LogTemp:Display: Loaded TP LinuxServerTargetPlatform
[2017.02.16-18.49.51:457][  0]LogTemp:Display: Loaded TP LinuxTargetPlatform
[2017.02.16-18.49.51:457][  0]LogTargetPlatformManager:Display: Building Assets For Windows
[2017.02.16-18.49.51:812][  0]LogDerivedDataCache:Display: Max Cache Size: 512 MB
[2017.02.16-18.49.51:866][  0]LogDerivedDataCache: Loaded boot cache 0.05s 50MB C:/Users/SIG/AppData/Local/UnrealEngine/4.14/DerivedDataCache/Boot.ddc.
[2017.02.16-18.49.51:866][  0]LogDerivedDataCache:Display: Loaded Boot cache: C:/Users/SIG/AppData/Local/UnrealEngine/4.14/DerivedDataCache/Boot.ddc
[2017.02.16-18.49.51:866][  0]LogDerivedDataCache: FDerivedDataBackendGraph:  Pak pak cache file ../../../../../../Users/SIG/Documents/Unreal Projects/CIS568VRYPaint_exp/DerivedDataCache/DDC.ddp not found, will not use a pak cache.
[2017.02.16-18.49.51:866][  0]LogDerivedDataCache: Unable to find inner node Pak for hierarchical cache Hierarchy.
[2017.02.16-18.49.51:866][  0]LogDerivedDataCache: FDerivedDataBackendGraph:  CompressedPak pak cache file ../../../../../../Users/SIG/Documents/Unreal Projects/CIS568VRYPaint_exp/DerivedDataCache/Compressed.ddp not found, will not use a pak cache.
[2017.02.16-18.49.51:866][  0]LogDerivedDataCache: Unable to find inner node CompressedPak for hierarchical cache Hierarchy.
[2017.02.16-18.49.51:880][  0]LogDerivedDataCache:Display: Pak cache opened for reading ../../../Engine/DerivedDataCache/Compressed.ddp.
[2017.02.16-18.49.51:893][  0]LogDerivedDataCache: Using Local data cache path C:/Users/SIG/AppData/Local/UnrealEngine/Common/DerivedDataCache: Writable
[2017.02.16-18.49.52:069][  0]LogInit: Selected Device Profile: [Windows]
[2017.02.16-18.49.52:071][  0]LogContentStreaming: Texture pool size is 0.00 MB
[2017.02.16-18.49.52:253][  0]LogMeshUtilities: Using QuadricMeshReduction for automatic static mesh reduction
[2017.02.16-18.49.52:293][  0]LogSimplygon: Simplygon DLL not present - disabling.
[2017.02.16-18.49.52:336][  0]LogMeshUtilities: Using SimplygonSwarm for distributed automatic mesh merging
[2017.02.16-18.49.52:336][  0]LogMeshUtilities: No automatic skeletal mesh reduction module available
[2017.02.16-18.49.52:336][  0]LogMeshUtilities: No automatic mesh merging module available
[2017.02.16-18.49.52:783][  0]LogNetVersion: GetLocalNetworkVersion: CL: 3195953, ProjectName: cis568vrypaint_exp, ProjectVersion: , EngineNetworkVersion: 2, GameNetworkVersion: 0, NetworkChecksum: 2586434747
[2017.02.16-18.49.52:834][  0]LogAssetRegistry: FAssetRegistry took 0.0210 seconds to start up
[2017.02.16-18.49.52:881][  0]LogPackageLocalizationCache: Processed 3 localized package path(s) for 2 prioritized culture(s) in 0.027487 seconds
[2017.02.16-18.49.52:886][  0]LogUObjectArray: 31946 objects as part of root set at end of initial load.
[2017.02.16-18.49.52:886][  0]LogUObjectAllocator: 6935848 out of 0 bytes used by permanent object pool.
[2017.02.16-18.49.52:886][  0]LogUObjectArray: CloseDisregardForGC: 0/0 objects in disregard for GC pool
[2017.02.16-18.49.52:941][  0]LogInit: WinSock: version 1.1 (2.2), MaxSocks=32767, MaxUdp=65467
[2017.02.16-18.49.53:605][  0]LogSlate: Using Freetype 2.6.0
[2017.02.16-18.49.53:606][  0]LogSlate: SlateFontCache - WITH_FREETYPE: 1, WITH_HARFBUZZ: 1
[2017.02.16-18.49.53:606][  0]LogSlate: SlateFontCache - WITH_FREETYPE: 1, WITH_HARFBUZZ: 1
[2017.02.16-18.49.54:304][  0]LogSubstanceCoreModule: Substance [CPU] Engine Loaded, Max Texture Size = 2048
[2017.02.16-18.49.54:330][  0]LogTcpMessaging: Initializing TcpMessaging bridge
[2017.02.16-18.49.54:366][  0]LogUdpMessaging: Initializing bridge on interface 0.0.0.0:0 to multicast group 230.0.0.1:6666.
[2017.02.16-18.49.54:639][  0]LogMaterial: Uniform references updated for custom material expression Custom.
[2017.02.16-18.49.54:979][  0]SourceControl: Info Source control is disabled
[2017.02.16-18.49.55:004][  0]SourceControl: Info Source control is disabled
[2017.02.16-18.49.55:046][  0]SourceControl: Info Source control is disabled
[2017.02.16-18.49.55:087][  0]SourceControl: Info Source control is disabled
[2017.02.16-18.49.56:290][  0]LogEngine: Initializing Engine...
[2017.02.16-18.49.56:309][  0]LogHMD: Failed to initialize OpenVR with code 108
[2017.02.16-18.49.56:309][  0]LogHMD: Oculus plugin initialized. Version: 4.14.3-3249277+++UE4+Release-4.14, LibOVR: 1.10.2, SDK: 1.8.0, built Jan  6 2017, 10:50:26
[2017.02.16-18.49.56:521][  0]LogAIModule: Creating AISystem for world Untitled
[2017.02.16-18.49.56:529][  0]LogInit: XAudio2 using 'Speakers / Headphones (Realtek High Definition Audio)' : 2 channels at 48 kHz using 32 bits per sample (channel mask 0x3)
[2017.02.16-18.49.56:543][  0]LogInit: FAudioDevice initialized.
[2017.02.16-18.49.56:569][  0]LogDerivedDataCache: Saved boot cache 0.03s 50MB C:/Users/SIG/AppData/Local/UnrealEngine/4.14/DerivedDataCache/Boot.ddc.
[2017.02.16-18.49.56:577][  0]LogInit: Texture streaming: Enabled
[2017.02.16-18.49.56:745][  0]LogInit: Transaction tracking system initialized
[2017.02.16-18.49.57:053][  0]BlueprintLog: New page: Editor Load
[2017.02.16-18.49.57:856][  0]LocalizationService: Info Localization service is disabled
[2017.02.16-18.49.58:431][  0]LogConsoleResponse:Display: 
[2017.02.16-18.49.58:552][  0]LogCook:Display: Max memory allowance for cook 16384mb min free memory 0mb
[2017.02.16-18.49.58:552][  0]LogCook:Display: Mobile HDR setting 1
[2017.02.16-18.49.59:388][  0]LogFileCache: Scanning file cache for directory 'C:/Users/SIG/Documents/Unreal Projects/CIS568VRYPaint_exp/Content/' took 0.02s
[2017.02.16-18.49.59:388][  0]SourceControl: Info Source control is disabled
[2017.02.16-18.49.59:389][  0]Cmd: MAP LOAD FILE="../../../../../../Users/SIG/Documents/Unreal Projects/CIS568VRYPaint_exp/Content/FirstPersonBP/Maps/FirstPersonExampleMap.umap" TEMPLATE=0 SHOWPROGRESS=1 FEATURELEVEL=3
[2017.02.16-18.49.59:389][  0]LightingResults: New page: Lighting Build
[2017.02.16-18.49.59:425][  0]MapCheck: New page: Map Check
[2017.02.16-18.49.59:425][  0]LightingResults: New page: Lighting Build
[2017.02.16-18.49.59:972][  0]LogSpawn:Warning: UWorld::DestroyActor: World has no context! World: FirstPersonExampleMap, Actor: /Game/FirstPersonBP/Maps/FirstPersonExampleMap.FirstPersonExampleMap:PersistentLevel.DESTROYED_Bow_C_CHILDACTOR_124
[2017.02.16-18.49.59:987][  0]LogAIModule: Creating AISystem for world FirstPersonExampleMap
[2017.02.16-18.50.00:025][  0]LogEditorServer: Finished looking for orphan Actors (0.000 secs)
[2017.02.16-18.50.00:025][  0]Cmd: MAP CHECKDEP NOCLEARLOG
[2017.02.16-18.50.00:071][  0]MapCheck: Info Map check complete: 0 Error(s), 0 Warning(s), took 45.373ms to complete.
[2017.02.16-18.50.00:071][  0]LogFileHelpers: Loading map 'FirstPersonExampleMap' took 0.682
[2017.02.16-18.50.00:127][  0]LogWindowsTextInputMethodSystem:Display: IME system now deactivated.
[2017.02.16-18.50.00:197][  0]LogCollectionManager: Loaded 0 collections in 0.002168 seconds
[2017.02.16-18.50.00:275][  0]LogFileCache: Scanning file cache for directory 'C:/Users/SIG/Documents/Unreal Projects/CIS568VRYPaint_exp/Saved/Collections/' took 0.01s
[2017.02.16-18.50.00:275][  0]LogFileCache: Scanning file cache for directory 'C:/Users/SIG/Documents/Unreal Projects/CIS568VRYPaint_exp/Content/Developers/SIG/Collections/' took 0.01s
[2017.02.16-18.50.00:275][  0]LogFileCache: Scanning file cache for directory 'C:/Users/SIG/Documents/Unreal Projects/CIS568VRYPaint_exp/Content/Collections/' took 0.01s
[2017.02.16-18.50.00:275][  0]LogCollectionManager: Rebuilt the GUID cache for 0 collections in 0.000002 seconds
[2017.02.16-18.50.00:283][  0]LogContentBrowser: Native class hierarchy populated in 0.0077 seconds. Added 2204 classes and 434 folders.
[2017.02.16-18.50.00:319][  0]LogStats: UGameplayTagsManager::ConstructGameplayTagTree: Construct from data asset -  0.000 s
[2017.02.16-18.50.00:319][  0]LogStats: UGameplayTagsManager::ConstructGameplayTagTree: GameplayTagTreeChangedEvent.Broadcast -  0.000 s
[2017.02.16-18.50.00:320][  0]LogContentBrowser: Native class hierarchy updated for 'GameplayTags' in 0.0005 seconds. Added 13 classes and 0 folders.
[2017.02.16-18.50.00:377][  0]LogContentBrowser: Native class hierarchy updated for 'WidgetCarousel' in 0.0004 seconds. Added 0 classes and 0 folders.
[2017.02.16-18.50.00:408][  0]LogContentBrowser: Native class hierarchy updated for 'AddContentDialog' in 0.0004 seconds. Added 0 classes and 0 folders.
[2017.02.16-18.50.00:446][  0]LogContentBrowser: Native class hierarchy updated for 'SceneOutliner' in 0.0005 seconds. Added 1 classes and 2 folders.
[2017.02.16-18.50.00:541][  0]LogCrashTracker: Crashtracker disabled due to settings.
[2017.02.16-18.50.01:543][  0]LogSlate: Only BGRA pngs, bmps or icos are supported in by External Image Picker
[2017.02.16-18.50.01:562][  0]LogUObjectGlobals:Warning: Failed to find object 'Class None.'
[2017.02.16-18.50.01:787][  0]LogTemp:Display: Executing iPhonePackager certificates Engine -bundlename com.YourCompany.CIS568VRYPaintexp

[2017.02.16-18.50.01:787][  0]LogTemp:Display: CWD: C:\Program Files (x86)\Epic Games\4.14\Engine\Binaries\DotNet\IOS

[2017.02.16-18.50.01:787][  0]LogTemp:Display: Initial Dir: C:\Program Files (x86)\Epic Games\4.14

[2017.02.16-18.50.01:787][  0]LogTemp:Display: Env CWD: C:\Program Files (x86)\Epic Games\4.14\Engine\Binaries\DotNet\IOS

[2017.02.16-18.50.01:787][  0]LogTemp:Display: BranchPath = SIGLAB-VR5/C/Program Files (x86)/Epic Games/4.14/Engine/Binaries --- GameBranchPath = SIGLAB-VR5/C/Program Files (x86)/Epic Games/4.14/Engine/Binaries

[2017.02.16-18.50.01:787][  0]LogTemp:Display: IPP ERROR: Application exception: System.IO.DirectoryNotFoundException: Could not find a part of the path 'C:\Users\SIG\AppData\Local\Apple Computer\MobileDevice\Provisioning Profiles'.

[2017.02.16-18.50.01:787][  0]LogTemp:Display:    at System.IO.__Error.WinIOError(Int32 errorCode, String maybeFullPath)

[2017.02.16-18.50.01:787][  0]LogTemp:Display:    at System.IO.FileSystemEnumerableIterator`1.CommonInit()

[2017.02.16-18.50.01:787][  0]LogTemp:Display:    at System.IO.Directory.EnumerateFiles(String path, String searchPattern)

[2017.02.16-18.50.01:787][  0]LogTemp:Display:    at iPhonePackager.CodeSignatureBuilder.FindProvisions(String CFBundleIdentifier)

[2017.02.16-18.50.01:787][  0]LogTemp:Display:    at iPhonePackager.Program.Main(String[] args)

[2017.02.16-18.50.01:835][  0]LogContentBrowser: Native class hierarchy updated for 'HierarchicalLODOutliner' in 0.0005 seconds. Added 1 classes and 2 folders.
[2017.02.16-18.50.01:835][  0]LogLoad: (Engine Initialization) Total time: 14.98 seconds
[2017.02.16-18.50.01:835][  0]LogLoad: (Engine Initialization) Total Blueprint compile time: 0.21 seconds
[2017.02.16-18.50.01:835][  0]LogExternalProfiler: Found external profiler: VSPerf
[2017.02.16-18.50.01:835][  0]LogExternalProfiler: Using external profiler: VSPerf
[2017.02.16-18.50.01:844][  0]LogOcInput: OculusInput pre-init called
[2017.02.16-18.50.01:855][  0]LogOcInput: OculusInput is initialized. Init status 0. Runtime version: 1.10.2
[2017.02.16-18.50.01:876][  0]LogContentStreaming: Texture pool size now 1000 MB
[2017.02.16-18.50.02:009][  0]LogRenderer: Reallocating scene render targets to support 1208x576 NumSamples 1 (Frame:2).
[2017.02.16-18.50.02:081][  1]LogAssetRegistry: Asset discovery search completed in 9.2678 seconds
[2017.02.16-18.50.02:081][  1]LogCollectionManager: Rebuilt the object cache for 0 collections in 0.000001 seconds (found 0 objects)
[2017.02.16-18.50.02:081][  1]LogCollectionManager: Fixed up redirectors for 0 collections in 0.000014 seconds (updated 0 objects)
[2017.02.16-18.50.05:240][355]LogTemp: Repeting last play command: Selected Viewport
[2017.02.16-18.50.05:254][355]LogBlueprintUserMessages: Early PlayInEditor Detection: Level '/Game/FirstPersonBP/Maps/FirstPersonExampleMap.FirstPersonExampleMap:PersistentLevel' has LevelScriptBlueprint '/Game/FirstPersonBP/Maps/FirstPersonExampleMap.FirstPersonExampleMap:PersistentLevel.FirstPersonExampleMap' with GeneratedClass '/Game/FirstPersonBP/Maps/FirstPersonExampleMap.FirstPersonExampleMap_C' with ClassGeneratedBy '/Game/FirstPersonBP/Maps/FirstPersonExampleMap.FirstPersonExampleMap:PersistentLevel.FirstPersonExampleMap'
[2017.02.16-18.50.05:254][355]LogPlayLevel: PlayLevel: No blueprints needed recompiling
[2017.02.16-18.50.05:254][355]PIE: New page: PIE session: FirstPersonExampleMap (Feb 16, 2017, 8:50:05 AM)
[2017.02.16-18.50.05:254][355]LogPlayLevel: Creating play world package: /Game/FirstPersonBP/Maps/UEDPIE_0_FirstPersonExampleMap
[2017.02.16-18.50.05:281][355]LogPlayLevel: PIE: StaticDuplicateObject took: (0.027036s)
[2017.02.16-18.50.05:282][355]LogAIModule: Creating AISystem for world FirstPersonExampleMap
[2017.02.16-18.50.05:282][355]LogPlayLevel: PIE: World Init took: (0.000692s)
[2017.02.16-18.50.05:282][355]LogPlayLevel: PIE: Created PIE world by copying editor world from /Game/FirstPersonBP/Maps/FirstPersonExampleMap.FirstPersonExampleMap to /Game/FirstPersonBP/Maps/UEDPIE_0_FirstPersonExampleMap.FirstPersonExampleMap (0.028018s)
[2017.02.16-18.50.05:307][355]LogInit: XAudio2 using 'Speakers / Headphones (Realtek High Definition Audio)' : 2 channels at 48 kHz using 32 bits per sample (channel mask 0x3)
[2017.02.16-18.50.05:316][355]LogInit: FAudioDevice initialized.
[2017.02.16-18.50.05:359][355]LogLoad: Game class is 'FirstPersonGameMode_C'
[2017.02.16-18.50.05:363][355]LogWorld: Bringing World /Game/FirstPersonBP/Maps/UEDPIE_0_FirstPersonExampleMap.FirstPersonExampleMap up for play (max tick rate 0) at 2017.02.16-13.50.05
[2017.02.16-18.50.05:363][355]LogWorld: Bringing up level for play took: 0.003123
[2017.02.16-18.50.05:400][355]LogContentBrowser: Native class hierarchy updated for 'MovieSceneCapture' in 0.0005 seconds. Added 11 classes and 0 folders.
[2017.02.16-18.50.05:487][355]PIE: Info Play in editor start time for /Game/FirstPersonBP/Maps/UEDPIE_0_FirstPersonExampleMap 0.598
[2017.02.16-18.50.05:488][355]LogBlueprintUserMessages: Late PlayInEditor Detection: Level '/Game/FirstPersonBP/Maps/FirstPersonExampleMap.FirstPersonExampleMap:PersistentLevel' has LevelScriptBlueprint '/Game/FirstPersonBP/Maps/FirstPersonExampleMap.FirstPersonExampleMap:PersistentLevel.FirstPersonExampleMap' with GeneratedClass '/Game/FirstPersonBP/Maps/FirstPersonExampleMap.FirstPersonExampleMap_C' with ClassGeneratedBy '/Game/FirstPersonBP/Maps/FirstPersonExampleMap.FirstPersonExampleMap:PersistentLevel.FirstPersonExampleMap'
[2017.02.16-18.50.19:659][ 51]LogScript:Warning: Accessed None trying to read property K2Node_DynamicCast_AsFirst_Person_Character
	ArrowBPTeleport_C /Game/FirstPersonBP/Maps/UEDPIE_0_FirstPersonExampleMap.FirstPersonExampleMap:PersistentLevel.ArrowBPTeleport_C_0
	Function /Game/FirstPersonBP/Blueprints/Arrow/ArrowBPTeleport.ArrowBPTeleport_C:ExecuteUbergraph_ArrowBPTeleport:019A
[2017.02.16-18.50.19:659][ 51]PIE:Error: Error Blueprint Runtime Error: Accessed None trying to read property K2Node_DynamicCast_AsFirst_Person_Character from function: 'ExecuteUbergraph_ArrowBPTeleport' from node: Set TeleportArrowPresent in graph: EventGraph in object: ArrowBPTeleport with description: Accessed None trying to read property K2Node_DynamicCast_AsFirst_Person_Character
[2017.02.16-18.50.21:800][308]LogScript:Warning: Accessed None trying to read property K2Node_DynamicCast_AsFirst_Person_Character
	ArrowBPTeleport_C /Game/FirstPersonBP/Maps/UEDPIE_0_FirstPersonExampleMap.FirstPersonExampleMap:PersistentLevel.ArrowBPTeleport_C_1
	Function /Game/FirstPersonBP/Blueprints/Arrow/ArrowBPTeleport.ArrowBPTeleport_C:ExecuteUbergraph_ArrowBPTeleport:019A
[2017.02.16-18.50.21:800][308]PIE:Error: Error Blueprint Runtime Error: Accessed None trying to read property K2Node_DynamicCast_AsFirst_Person_Character from function: 'ExecuteUbergraph_ArrowBPTeleport' from node: Set TeleportArrowPresent in graph: EventGraph in object: ArrowBPTeleport with description: Accessed None trying to read property K2Node_DynamicCast_AsFirst_Person_Character
[2017.02.16-18.50.24:442][625]LogScript:Warning: Accessed None trying to read property K2Node_DynamicCast_AsFirst_Person_Character
	ArrowBPTeleport_C /Game/FirstPersonBP/Maps/UEDPIE_0_FirstPersonExampleMap.FirstPersonExampleMap:PersistentLevel.ArrowBPTeleport_C_2
	Function /Game/FirstPersonBP/Blueprints/Arrow/ArrowBPTeleport.ArrowBPTeleport_C:ExecuteUbergraph_ArrowBPTeleport:019A
[2017.02.16-18.50.24:442][625]PIE:Error: Error Blueprint Runtime Error: Accessed None trying to read property K2Node_DynamicCast_AsFirst_Person_Character from function: 'ExecuteUbergraph_ArrowBPTeleport' from node: Set TeleportArrowPresent in graph: EventGraph in object: ArrowBPTeleport with description: Accessed None trying to read property K2Node_DynamicCast_AsFirst_Person_Character
[2017.02.16-18.50.26:125][827]LogScript:Warning: Accessed None trying to read property K2Node_DynamicCast_AsFirst_Person_Character
	ArrowBPTeleport_C /Game/FirstPersonBP/Maps/UEDPIE_0_FirstPersonExampleMap.FirstPersonExampleMap:PersistentLevel.ArrowBPTeleport_C_3
	Function /Game/FirstPersonBP/Blueprints/Arrow/ArrowBPTeleport.ArrowBPTeleport_C:ExecuteUbergraph_ArrowBPTeleport:019A
[2017.02.16-18.50.26:126][827]PIE:Error: Error Blueprint Runtime Error: Accessed None trying to read property K2Node_DynamicCast_AsFirst_Person_Character from function: 'ExecuteUbergraph_ArrowBPTeleport' from node: Set TeleportArrowPresent in graph: EventGraph in object: ArrowBPTeleport with description: Accessed None trying to read property K2Node_DynamicCast_AsFirst_Person_Character
[2017.02.16-19.52.05:447][324]LogBlueprintUserMessages: Early EndPlayMap Detection: Level '/Game/FirstPersonBP/Maps/FirstPersonExampleMap.FirstPersonExampleMap:PersistentLevel' has LevelScriptBlueprint '/Game/FirstPersonBP/Maps/FirstPersonExampleMap.FirstPersonExampleMap:PersistentLevel.FirstPersonExampleMap' with GeneratedClass '/Game/FirstPersonBP/Maps/FirstPersonExampleMap.FirstPersonExampleMap_C' with ClassGeneratedBy '/Game/FirstPersonBP/Maps/FirstPersonExampleMap.FirstPersonExampleMap:PersistentLevel.FirstPersonExampleMap'
[2017.02.16-19.52.05:493][324]LogBlueprintUserMessages: Late EndPlayMap Detection: Level '/Game/FirstPersonBP/Maps/FirstPersonExampleMap.FirstPersonExampleMap:PersistentLevel' has LevelScriptBlueprint '/Game/FirstPersonBP/Maps/FirstPersonExampleMap.FirstPersonExampleMap:PersistentLevel.FirstPersonExampleMap' with GeneratedClass '/Game/FirstPersonBP/Maps/FirstPersonExampleMap.FirstPersonExampleMap_C' with ClassGeneratedBy '/Game/FirstPersonBP/Maps/FirstPersonExampleMap.FirstPersonExampleMap:PersistentLevel.FirstPersonExampleMap'
[2017.02.16-19.59.00:491][800]Cmd: QUIT_EDITOR
[2017.02.16-19.59.00:655][800]LogWindowsTextInputMethodSystem:Display: IME system now deactivated.
[2017.02.16-19.59.00:674][800]LogExit: Preparing to exit.
[2017.02.16-19.59.01:644][800]LogDirectoryWatcher: A directory notification for 'C:/Users/SIG/Documents/Unreal Projects/CIS568VRYPaint_exp/Content/' was aborted.
[2017.02.16-19.59.01:662][800]LogExit: Editor shut down
[2017.02.16-19.59.01:663][800]LogExit: Transaction tracking system shut down
[2017.02.16-19.59.01:720][800]LogObj: Freed 0b from 0 cluster array pools.
[2017.02.16-19.59.01:720][800]LogExit: Object subsystem successfully closed.
[2017.02.16-19.59.01:741][800]LogD3D11RHI: Shutdown
[2017.02.16-19.59.01:741][800]LogD3D11RHI: CleanupD3DDevice
[2017.02.16-19.59.01:825][800]LogD3D11RHI: ~FD3D11DynamicRHI
[2017.02.16-19.59.01:836][800]LogHttp:Display: Http module shutting down, but needs to wait on 1 outstanding Http requests:
[2017.02.16-19.59.01:836][800]LogHttp:Display: 	verb=[POST] url=[https://datarouter.ol.epicgames.com/datarouter/api/v1/public/data?SessionID=%7B3A245760-44A7-0E35-A439-B9A3966F7FCD%7D&AppID=UEEditor.Rocket.Release&AppVersion=4.14.3-3249277%2B%2B%2BUE4%2BRelease-4.14&UserID=e39357c64ff4c0113b938aab5c671f29%7C65f2efc33a814253a6db7e6210a6675e%7C0c9e8fbc-430d-4232-9a6e-cf58865a8fca&AppEnvironment=datacollector-binary&UploadType=eteventstream] status=Processing
[2017.02.16-19.59.01:844][800]LogModuleManager: Shutting down and abandoning module MovieSceneCapture (245)
[2017.02.16-19.59.01:844][800]LogModuleManager: Shutting down and abandoning module HierarchicalLODOutliner (244)
[2017.02.16-19.59.01:844][800]LogModuleManager: Shutting down and abandoning module ExternalImagePicker (243)
[2017.02.16-19.59.01:844][800]LogModuleManager: Shutting down and abandoning module CrashTracker (242)
[2017.02.16-19.59.01:845][800]LogModuleManager: Shutting down and abandoning module SceneOutliner (241)
[2017.02.16-19.59.01:845][800]LogModuleManager: Shutting down and abandoning module WidgetCarousel (240)
[2017.02.16-19.59.01:845][800]LogModuleManager: Shutting down and abandoning module AddContentDialog (239)
[2017.02.16-19.59.01:845][800]LogDirectoryWatcher: A directory notification for 'C:/Program Files (x86)/Epic Games/4.14/FeaturePacks/' was aborted.
[2017.02.16-19.59.01:846][800]LogModuleManager: Shutting down and abandoning module GameplayTags (238)
[2017.02.16-19.59.01:846][800]LogModuleManager: Shutting down and abandoning module EditorWidgets (237)
[2017.02.16-19.59.01:846][800]LogModuleManager: Shutting down and abandoning module CollectionManager (236)
[2017.02.16-19.59.01:846][800]LogDirectoryWatcher: A directory notification for 'C:/Users/SIG/Documents/Unreal Projects/CIS568VRYPaint_exp/Content/Collections/' was aborted.
[2017.02.16-19.59.01:846][800]LogDirectoryWatcher: A directory notification for 'C:/Users/SIG/Documents/Unreal Projects/CIS568VRYPaint_exp/Content/Developers/SIG/Collections/' was aborted.
[2017.02.16-19.59.01:846][800]LogDirectoryWatcher: A directory notification for 'C:/Users/SIG/Documents/Unreal Projects/CIS568VRYPaint_exp/Saved/Collections/' was aborted.
[2017.02.16-19.59.01:846][800]LogModuleManager: Shutting down and abandoning module StatsViewer (235)
[2017.02.16-19.59.01:846][800]LogModuleManager: Shutting down and abandoning module FoliageEdit (234)
[2017.02.16-19.59.01:846][800]LogModuleManager: Shutting down and abandoning module LandscapeEditor (233)
[2017.02.16-19.59.01:846][800]LogModuleManager: Shutting down and abandoning module SceneDepthPickerMode (232)
[2017.02.16-19.59.01:846][800]LogModuleManager: Shutting down and abandoning module ActorPickerMode (231)
[2017.02.16-19.59.01:846][800]LogModuleManager: Shutting down and abandoning module GeometryMode (230)
[2017.02.16-19.59.01:846][800]LogModuleManager: Shutting down and abandoning module TextureAlignMode (229)
[2017.02.16-19.59.01:846][800]LogModuleManager: Shutting down and abandoning module BspMode (228)
[2017.02.16-19.59.01:846][800]LogModuleManager: Shutting down and abandoning module HardwareSurvey (227)
[2017.02.16-19.59.01:846][800]LogModuleManager: Shutting down and abandoning module SequenceRecorderSections (226)
[2017.02.16-19.59.01:846][800]LogModuleManager: Shutting down and abandoning module AutomationWorker (225)
[2017.02.16-19.59.01:846][800]LogModuleManager: Shutting down and abandoning module MatineeToLevelSequence (224)
[2017.02.16-19.59.01:846][800]LogModuleManager: Shutting down and abandoning module PlacementMode (223)
[2017.02.16-19.59.01:846][800]LogModuleManager: Shutting down and abandoning module LevelSequenceEditor (222)
[2017.02.16-19.59.01:846][800]LogModuleManager: Shutting down and abandoning module WmfMediaFactory (221)
[2017.02.16-19.59.01:846][800]LogModuleManager: Shutting down and abandoning module WmfMediaEditor (220)
[2017.02.16-19.59.01:846][800]LogModuleManager: Shutting down and abandoning module AvfMediaFactory (219)
[2017.02.16-19.59.01:846][800]LogModuleManager: Shutting down and abandoning module AvfMediaEditor (218)
[2017.02.16-19.59.01:846][800]LogModuleManager: Shutting down and abandoning module Media (217)
[2017.02.16-19.59.01:846][800]LogModuleManager: Shutting down and abandoning module AndroidMediaFactory (216)
[2017.02.16-19.59.01:846][800]LogModuleManager: Shutting down and abandoning module AndroidMediaEditor (215)
[2017.02.16-19.59.01:846][800]LogModuleManager: Shutting down and abandoning module CharacterAI (214)
[2017.02.16-19.59.01:846][800]LogModuleManager: Shutting down and abandoning module SequenceRecorder (213)
[2017.02.16-19.59.01:846][800]LogModuleManager: Shutting down and abandoning module AudioCapture (212)
[2017.02.16-19.59.01:846][800]LogModuleManager: Shutting down and abandoning module SmartSnapping (211)
[2017.02.16-19.59.01:846][800]LogModuleManager: Shutting down and abandoning module SessionServices (210)
[2017.02.16-19.59.01:846][800]LogModuleManager: Shutting down and abandoning module ViewportSnapping (209)
[2017.02.16-19.59.01:846][800]LogModuleManager: Shutting down and abandoning module ViewportInteraction (208)
[2017.02.16-19.59.01:846][800]LogModuleManager: Shutting down and abandoning module LogVisualizer (207)
[2017.02.16-19.59.01:846][800]LogModuleManager: Shutting down and abandoning module GameProjectGeneration (206)
[2017.02.16-19.59.01:846][800]LogModuleManager: Shutting down and abandoning module IntroTutorials (205)
[2017.02.16-19.59.01:846][800]LogModuleManager: Shutting down and abandoning module EditorLiveStreaming (204)
[2017.02.16-19.59.01:846][800]LogModuleManager: Shutting down and abandoning module IOSPlatformEditor (203)
[2017.02.16-19.59.01:846][800]LogModuleManager: Shutting down and abandoning module HTML5PlatformEditor (202)
[2017.02.16-19.59.01:846][800]LogModuleManager: Shutting down and abandoning module AndroidDeviceDetection (201)
[2017.02.16-19.59.02:532][800]LogModuleManager: Shutting down and abandoning module AndroidPlatformEditor (200)
[2017.02.16-19.59.02:532][800]LogModuleManager: Shutting down and abandoning module IOSRuntimeSettings (199)
[2017.02.16-19.59.02:532][800]LogModuleManager: Shutting down and abandoning module AndroidRuntimeSettings (198)
[2017.02.16-19.59.02:532][800]LogModuleManager: Shutting down and abandoning module InputBindingEditor (197)
[2017.02.16-19.59.02:532][800]LogModuleManager: Shutting down and abandoning module NiagaraEditor (196)
[2017.02.16-19.59.02:532][800]LogModuleManager: Shutting down and abandoning module MergeActors (195)
[2017.02.16-19.59.02:532][800]LogModuleManager: Shutting down and abandoning module SizeMap (194)
[2017.02.16-19.59.02:532][800]LogModuleManager: Shutting down and abandoning module TreeMap (193)
[2017.02.16-19.59.02:532][800]LogModuleManager: Shutting down and abandoning module ReferenceViewer (192)
[2017.02.16-19.59.02:532][800]LogModuleManager: Shutting down and abandoning module LocalizationService (191)
[2017.02.16-19.59.02:532][800]LogModuleManager: Shutting down and abandoning module LocalizationDashboard (190)
[2017.02.16-19.59.02:532][800]LogModuleManager: Shutting down and abandoning module HardwareTargeting (189)
[2017.02.16-19.59.02:532][800]LogModuleManager: Shutting down and abandoning module DeviceProfileEditor (188)
[2017.02.16-19.59.02:532][800]LogModuleManager: Shutting down and abandoning module UndoHistory (187)
[2017.02.16-19.59.02:532][800]LogModuleManager: Shutting down and abandoning module UserFeedback (186)
[2017.02.16-19.59.02:532][800]LogModuleManager: Shutting down and abandoning module XmlParser (185)
[2017.02.16-19.59.02:532][800]LogModuleManager: Shutting down and abandoning module Blutility (184)
[2017.02.16-19.59.02:532][800]LogModuleManager: Shutting down and abandoning module ProjectTargetPlatformEditor (183)
[2017.02.16-19.59.02:532][800]LogModuleManager: Shutting down and abandoning module ProjectSettingsViewer (182)
[2017.02.16-19.59.02:532][800]LogModuleManager: Shutting down and abandoning module EditorSettingsViewer (181)
[2017.02.16-19.59.02:532][800]LogModuleManager: Shutting down and abandoning module SettingsEditor (180)
[2017.02.16-19.59.02:532][800]LogModuleManager: Shutting down and abandoning module ProjectLauncher (179)
[2017.02.16-19.59.02:532][800]LogModuleManager: Shutting down and abandoning module SessionFrontend (178)
[2017.02.16-19.59.02:532][800]LogModuleManager: Shutting down and abandoning module ProfilerClient (177)
[2017.02.16-19.59.02:532][800]LogModuleManager: Shutting down and abandoning module TargetDeviceServices (176)
[2017.02.16-19.59.02:532][800]LogModuleManager: Shutting down and abandoning module DeviceManager (175)
[2017.02.16-19.59.02:574][800]LogModuleManager: Shutting down and abandoning module AutomationController (174)
[2017.02.16-19.59.02:574][800]LogModuleManager: Shutting down and abandoning module AutomationWindow (173)
[2017.02.16-19.59.02:574][800]LogModuleManager: Shutting down and abandoning module Layers (172)
[2017.02.16-19.59.02:574][800]LogModuleManager: Shutting down and abandoning module ComponentVisualizers (171)
[2017.02.16-19.59.02:574][800]LogModuleManager: Shutting down and abandoning module DetailCustomizations (170)
[2017.02.16-19.59.02:574][800]LogModuleManager: Shutting down and abandoning module PackagesDialog (169)
[2017.02.16-19.59.02:574][800]LogModuleManager: Shutting down and abandoning module AnimGraph (168)
[2017.02.16-19.59.02:574][800]LogModuleManager: Shutting down and abandoning module Persona (167)
[2017.02.16-19.59.02:574][800]LogModuleManager: Shutting down and abandoning module Kismet (166)
[2017.02.16-19.59.02:575][800]LogModuleManager: Shutting down and abandoning module GraphEditor (165)
[2017.02.16-19.59.02:575][800]LogModuleManager: Shutting down and abandoning module ClassViewer (164)
[2017.02.16-19.59.02:575][800]LogModuleManager: Shutting down and abandoning module Toolbox (163)
[2017.02.16-19.59.02:575][800]LogModuleManager: Shutting down and abandoning module ModuleUI (162)
[2017.02.16-19.59.02:575][800]LogModuleManager: Shutting down and abandoning module MovieSceneTools (161)
[2017.02.16-19.59.02:575][800]LogModuleManager: Shutting down and abandoning module OutputLog (160)
[2017.02.16-19.59.02:575][800]LogModuleManager: Shutting down and abandoning module GammaUI (159)
[2017.02.16-19.59.02:575][800]LogModuleManager: Shutting down and abandoning module Documentation (158)
[2017.02.16-19.59.02:575][800]LogModuleManager: Shutting down and abandoning module Niagara (157)
[2017.02.16-19.59.02:575][800]LogModuleManager: Shutting down and abandoning module StreamingPauseRendering (156)
[2017.02.16-19.59.02:575][800]LogModuleManager: Shutting down and abandoning module AnalyticsET (155)
[2017.02.16-19.59.02:575][800]LogModuleManager: Shutting down and abandoning module PortalServices (154)
[2017.02.16-19.59.02:575][800]LogModuleManager: Shutting down and abandoning module PortalRpc (153)
[2017.02.16-19.59.02:575][800]LogModuleManager: Shutting down and abandoning module MessagingRpc (152)
[2017.02.16-19.59.02:575][800]LogModuleManager: Shutting down and abandoning module GameplayDebugger (151)
[2017.02.16-19.59.02:575][800]LogModuleManager: Shutting down and abandoning module AITestSuite (150)
[2017.02.16-19.59.02:575][800]LogModuleManager: Shutting down and abandoning module AIModule (149)
[2017.02.16-19.59.02:575][800]LogModuleManager: Shutting down and abandoning module ProfilerService (148)
[2017.02.16-19.59.02:758][800]LogModuleManager: Shutting down and abandoning module TaskGraph (147)
[2017.02.16-19.59.02:758][800]LogModuleManager: Shutting down and abandoning module SubstanceEditor (146)
[2017.02.16-19.59.02:758][800]LogModuleManager: Shutting down and abandoning module SlateRemote (145)
[2017.02.16-19.59.02:758][800]LogModuleManager: Shutting down and abandoning module SteamVRController (144)
[2017.02.16-19.59.02:758][800]LogModuleManager: Shutting down and abandoning module SteamVR (143)
[2017.02.16-19.59.02:758][800]LogModuleManager: Shutting down and abandoning module ProceduralMeshComponentEditor (142)
[2017.02.16-19.59.02:758][800]LogModuleManager: Shutting down and abandoning module ProceduralMeshComponent (141)
[2017.02.16-19.59.02:758][800]LogModuleManager: Shutting down and abandoning module OculusLibrary (140)
[2017.02.16-19.59.02:758][800]LogModuleManager: Shutting down and abandoning module OculusInput (139)
[2017.02.16-19.59.02:758][800]LogModuleManager: Shutting down and abandoning module MobilePatchingUtils (138)
[2017.02.16-19.59.02:758][800]LogModuleManager: Shutting down and abandoning module CustomMeshComponent (137)
[2017.02.16-19.59.02:758][800]LogModuleManager: Shutting down and abandoning module CableComponent (136)
[2017.02.16-19.59.02:758][800]LogModuleManager: Shutting down and abandoning module ArchVisCharacter (135)
[2017.02.16-19.59.02:758][800]LogModuleManager: Shutting down and abandoning module MediaPlayerEditor (133)
[2017.02.16-19.59.02:758][800]LogModuleManager: Shutting down and abandoning module HTML5Networking (132)
[2017.02.16-19.59.02:758][800]LogModuleManager: Shutting down and abandoning module GeometryCacheEd (131)
[2017.02.16-19.59.02:758][800]LogModuleManager: Shutting down and abandoning module GeometryCache (130)
[2017.02.16-19.59.02:758][800]LogModuleManager: Shutting down and abandoning module AlembicLibrary (129)
[2017.02.16-19.59.02:758][800]LogModuleManager: Shutting down and abandoning module AlembicImporter (128)
[2017.02.16-19.59.02:758][800]LogModuleManager: Shutting down and abandoning module SuperSearch (127)
[2017.02.16-19.59.02:758][800]LogModuleManager: Shutting down and abandoning module SuperSearchEditor (126)
[2017.02.16-19.59.02:758][800]LogModuleManager: Shutting down and abandoning module SpeedTreeImporter (125)
[2017.02.16-19.59.02:758][800]LogModuleManager: Shutting down and abandoning module PluginBrowser (124)
[2017.02.16-19.59.02:758][800]LogModuleManager: Shutting down and abandoning module MobileLauncherProfileWizard (123)
[2017.02.16-19.59.02:758][800]LogModuleManager: Shutting down and abandoning module EpicSurvey (122)
[2017.02.16-19.59.02:758][800]LogModuleManager: Shutting down and abandoning module DesktopPlatform (121)
[2017.02.16-19.59.02:758][800]LogModuleManager: Shutting down and abandoning module VisualStudioSourceCodeAccess (120)
[2017.02.16-19.59.02:758][800]LogModuleManager: Shutting down and abandoning module UObjectPlugin (119)
[2017.02.16-19.59.02:758][800]LogModuleManager: Shutting down and abandoning module SubversionSourceControl (118)
[2017.02.16-19.59.02:758][800]LogModuleManager: Shutting down and abandoning module PerforceSourceControl (117)
[2017.02.16-19.59.02:758][800]LogModuleManager: Shutting down and abandoning module SourceControl (116)
[2017.02.16-19.59.02:758][800]LogModuleManager: Shutting down and abandoning module GitSourceControl (115)
[2017.02.16-19.59.02:758][800]LogModuleManager: Shutting down and abandoning module LightPropagationVolumeEditor (114)
[2017.02.16-19.59.02:758][800]LogModuleManager: Shutting down and abandoning module PaperTiledImporter (113)
[2017.02.16-19.59.02:758][800]LogModuleManager: Shutting down and abandoning module PaperSpriteSheetImporter (112)
[2017.02.16-19.59.02:758][800]LogModuleManager: Shutting down and abandoning module MeshPaint (111)
[2017.02.16-19.59.02:758][800]LogModuleManager: Shutting down and abandoning module PixelInspectorModule (110)
[2017.02.16-19.59.02:758][800]LogModuleManager: Shutting down and abandoning module HotReload (109)
[2017.02.16-19.59.02:759][800]LogModuleManager: Shutting down and abandoning module MainFrame (108)
[2017.02.16-19.59.02:759][800]LogModuleManager: Shutting down and abandoning module LevelEditor (107)
[2017.02.16-19.59.02:759][800]LogModuleManager: Shutting down and abandoning module ContentBrowser (106)
[2017.02.16-19.59.02:760][800]LogModuleManager: Shutting down and abandoning module Paper2DEditor (105)
[2017.02.16-19.59.02:760][800]LogModuleManager: Shutting down and abandoning module UdpMessaging (104)
[2017.02.16-19.59.02:861][800]LogModuleManager: Shutting down and abandoning module TcpMessaging (103)
[2017.02.16-19.59.02:962][800]LogModuleManager: Shutting down and abandoning module SubstanceCore (102)
[2017.02.16-19.59.02:962][800]LogModuleManager: Shutting down and abandoning module LightPropagationVolumeRuntime (101)
[2017.02.16-19.59.02:962][800]LogModuleManager: Shutting down and abandoning module Paper2D (100)
[2017.02.16-19.59.02:962][800]LogModuleManager: Shutting down and abandoning module WindowsMoviePlayer (99)
[2017.02.16-19.59.02:962][800]LogModuleManager: Shutting down and abandoning module WmfMedia (98)
[2017.02.16-19.59.02:963][800]LogModuleManager: Shutting down and abandoning module MediaAssets (97)
[2017.02.16-19.59.02:963][800]LogModuleManager: Shutting down and abandoning module GameLiveStreaming (96)
[2017.02.16-19.59.02:963][800]LogModuleManager: Shutting down and abandoning module GameplayTagsEditor (95)
[2017.02.16-19.59.02:963][800]LogModuleManager: Shutting down and abandoning module VREditor (94)
[2017.02.16-19.59.02:963][800]LogModuleManager: Shutting down and abandoning module GameplayTasksEditor (93)
[2017.02.16-19.59.02:963][800]LogModuleManager: Shutting down and abandoning module BehaviorTreeEditor (92)
[2017.02.16-19.59.02:963][800]LogModuleManager: Shutting down and abandoning module FunctionalTesting (91)
[2017.02.16-19.59.02:963][800]LogModuleManager: Shutting down and abandoning module CollisionAnalyzer (90)
[2017.02.16-19.59.02:963][800]LogModuleManager: Shutting down and abandoning module Sequencer (89)
[2017.02.16-19.59.02:963][800]LogModuleManager: Shutting down and abandoning module WorkspaceMenuStructure (88)
[2017.02.16-19.59.02:963][800]LogModuleManager: Shutting down and abandoning module MessageLog (87)
[2017.02.16-19.59.02:963][800]LogModuleManager: Shutting down and abandoning module AssetTools (86)
[2017.02.16-19.59.02:963][800]LogModuleManager: Shutting down and abandoning module UMGEditor (85)
[2017.02.16-19.59.02:963][800]LogModuleManager: Shutting down and abandoning module UMG (84)
[2017.02.16-19.59.02:963][800]LogModuleManager: Shutting down and abandoning module SlateReflector (83)
[2017.02.16-19.59.02:963][800]LogModuleManager: Shutting down and abandoning module Slate (82)
[2017.02.16-19.59.02:963][800]LogModuleManager: Shutting down and abandoning module EditorStyle (81)
[2017.02.16-19.59.02:965][800]LogModuleManager: Shutting down and abandoning module SourceCodeAccess (80)
[2017.02.16-19.59.02:965][800]LogModuleManager: Shutting down and abandoning module HeadMountedDisplay (79)
[2017.02.16-19.59.02:965][800]LogModuleManager: Shutting down and abandoning module XAudio2 (78)
[2017.02.16-19.59.02:965][800]LogModuleManager: Shutting down and abandoning module Networking (76)
[2017.02.16-19.59.02:965][800]LogModuleManager: Shutting down and abandoning module Core (75)
[2017.02.16-19.59.02:965][800]LogModuleManager: Shutting down and abandoning module DirectoryWatcher (74)
[2017.02.16-19.59.02:965][800]LogDirectoryWatcher: A directory notification for '../../../Engine/Content/' was aborted.
[2017.02.16-19.59.02:965][800]LogDirectoryWatcher: A directory notification for '../../../../../../Users/SIG/Documents/Unreal Projects/CIS568VRYPaint_exp/Content/' was aborted.
[2017.02.16-19.59.02:965][800]LogDirectoryWatcher: A directory notification for '../../../Engine/Plugins/2D/Paper2D/Content/' was aborted.
[2017.02.16-19.59.02:966][800]LogModuleManager: Shutting down and abandoning module AssetRegistry (73)
[2017.02.16-19.59.03:108][800]LogModuleManager: Shutting down and abandoning module KismetCompiler (72)
[2017.02.16-19.59.03:108][800]LogModuleManager: Shutting down and abandoning module PhysXFormats (71)
[2017.02.16-19.59.03:108][800]LogModuleManager: Shutting down and abandoning module SimplygonSwarm (70)
[2017.02.16-19.59.03:108][800]LogModuleManager: Shutting down and abandoning module SimplygonMeshReduction (69)
[2017.02.16-19.59.03:108][800]LogModuleManager: Shutting down and abandoning module QuadricMeshReduction (68)
[2017.02.16-19.59.03:108][800]LogModuleManager: Shutting down and abandoning module PropertyEditor (67)
[2017.02.16-19.59.03:109][800]LogModuleManager: Shutting down and abandoning module MeshUtilities (66)
[2017.02.16-19.59.03:109][800]LogModuleManager: Shutting down and abandoning module DerivedDataCache (65)
[2017.02.16-19.59.03:151][800]LogDerivedDataCache: Shutdown
[2017.02.16-19.59.03:151][800]LogModuleManager: Shutting down and abandoning module VulkanShaderFormat (64)
[2017.02.16-19.59.03:151][800]LogModuleManager: Shutting down and abandoning module ShaderFormatOpenGL (63)
[2017.02.16-19.59.03:151][800]LogModuleManager: Shutting down and abandoning module ShaderFormatD3D (62)
[2017.02.16-19.59.03:151][800]LogModuleManager: Shutting down and abandoning module MetalShaderFormat (61)
[2017.02.16-19.59.03:151][800]LogModuleManager: Shutting down and abandoning module TextureFormatUncompressed (60)
[2017.02.16-19.59.03:151][800]LogModuleManager: Shutting down and abandoning module TextureFormatPVR (59)
[2017.02.16-19.59.03:151][800]LogModuleManager: Shutting down and abandoning module TextureFormatDXT (58)
[2017.02.16-19.59.03:151][800]LogModuleManager: Shutting down and abandoning module TextureFormatIntelISPCTexComp (57)
[2017.02.16-19.59.03:151][800]LogModuleManager: Shutting down and abandoning module ImageWrapper (56)
[2017.02.16-19.59.03:151][800]LogModuleManager: Shutting down and abandoning module TextureFormatASTC (55)
[2017.02.16-19.59.03:151][800]LogModuleManager: Shutting down and abandoning module TextureFormatAndroid (54)
[2017.02.16-19.59.03:151][800]LogModuleManager: Shutting down and abandoning module AudioFormatOpus (53)
[2017.02.16-19.59.03:151][800]LogModuleManager: Shutting down and abandoning module AudioFormatOgg (52)
[2017.02.16-19.59.03:151][800]LogModuleManager: Shutting down and abandoning module AudioFormatADPCM (51)
[2017.02.16-19.59.03:151][800]LogModuleManager: Shutting down and abandoning module LinuxTargetPlatform (50)
[2017.02.16-19.59.03:151][800]LogModuleManager: Shutting down and abandoning module LinuxServerTargetPlatform (49)
[2017.02.16-19.59.03:151][800]LogModuleManager: Shutting down and abandoning module LinuxNoEditorTargetPlatform (48)
[2017.02.16-19.59.03:151][800]LogModuleManager: Shutting down and abandoning module LinuxClientTargetPlatform (47)
[2017.02.16-19.59.03:151][800]LogModuleManager: Shutting down and abandoning module TVOSTargetPlatform (46)
[2017.02.16-19.59.03:151][800]LogModuleManager: Shutting down and abandoning module Messaging (45)
[2017.02.16-19.59.03:151][800]LogModuleManager: Shutting down and abandoning module IOSTargetPlatform (44)
[2017.02.16-19.59.03:151][800]LogModuleManager: Shutting down and abandoning module HTML5TargetPlatform (43)
[2017.02.16-19.59.03:151][800]LogModuleManager: Shutting down and abandoning module Android_PVRTCTargetPlatform (42)
[2017.02.16-19.59.03:151][800]LogModuleManager: Shutting down and abandoning module Android_MultiTargetPlatform (41)
[2017.02.16-19.59.03:151][800]LogModuleManager: Shutting down and abandoning module Android_ETC2TargetPlatform (40)
[2017.02.16-19.59.03:151][800]LogModuleManager: Shutting down and abandoning module Android_ETC1TargetPlatform (39)
[2017.02.16-19.59.03:151][800]LogModuleManager: Shutting down and abandoning module Android_DXTTargetPlatform (38)
[2017.02.16-19.59.03:151][800]LogModuleManager: Shutting down and abandoning module Android_ATCTargetPlatform (37)
[2017.02.16-19.59.03:151][800]LogModuleManager: Shutting down and abandoning module Android_ASTCTargetPlatform (36)
[2017.02.16-19.59.03:151][800]LogModuleManager: Shutting down and abandoning module AndroidTargetPlatform (35)
[2017.02.16-19.59.03:151][800]LogModuleManager: Shutting down and abandoning module WindowsTargetPlatform (34)
[2017.02.16-19.59.03:151][800]LogModuleManager: Shutting down and abandoning module WindowsServerTargetPlatform (33)
[2017.02.16-19.59.03:151][800]LogModuleManager: Shutting down and abandoning module WindowsNoEditorTargetPlatform (32)
[2017.02.16-19.59.03:151][800]LogModuleManager: Shutting down and abandoning module WindowsClientTargetPlatform (31)
[2017.02.16-19.59.03:151][800]LogModuleManager: Shutting down and abandoning module MacTargetPlatform (30)
[2017.02.16-19.59.03:151][800]LogModuleManager: Shutting down and abandoning module MacServerTargetPlatform (29)
[2017.02.16-19.59.03:151][800]LogModuleManager: Shutting down and abandoning module MacNoEditorTargetPlatform (28)
[2017.02.16-19.59.03:151][800]LogModuleManager: Shutting down and abandoning module MacClientTargetPlatform (27)
[2017.02.16-19.59.03:151][800]LogModuleManager: Shutting down and abandoning module AllDesktopTargetPlatform (26)
[2017.02.16-19.59.03:151][800]LogModuleManager: Shutting down and abandoning module TargetPlatform (25)
[2017.02.16-19.59.03:151][800]LogModuleManager: Shutting down and abandoning module InputCore (24)
[2017.02.16-19.59.03:151][800]LogModuleManager: Shutting down and abandoning module Settings (23)
[2017.02.16-19.59.03:151][800]LogModuleManager: Shutting down and abandoning module OculusRift (22)
[2017.02.16-19.59.03:152][800]LogHMD: Oculus shutdown.
[2017.02.16-19.59.03:152][800]LogModuleManager: Shutting down and abandoning module ExampleDeviceProfileSelector (21)
[2017.02.16-19.59.03:152][800]LogModuleManager: Shutting down and abandoning module OnlineBlueprintSupport (20)
[2017.02.16-19.59.03:152][800]LogModuleManager: Shutting down and abandoning module OnlineSubsystem (18)
[2017.02.16-19.59.03:152][800]LogOnline:Display: Unloading online subsystem: NULL
[2017.02.16-19.59.03:152][800]LogModuleManager: Shutting down and abandoning module SSL (17)
[2017.02.16-19.59.03:153][800]LogModuleManager: Shutting down and abandoning module HTTP (16)
[2017.02.16-19.59.03:153][800]LogModuleManager: Shutting down and abandoning module XMPP (15)
[2017.02.16-19.59.03:153][800]LogModuleManager: Shutting down and abandoning module TextureCompressor (14)
[2017.02.16-19.59.03:153][800]LogModuleManager: Shutting down and abandoning module ShaderCore (13)
[2017.02.16-19.59.03:153][800]LogModuleManager: Shutting down and abandoning module Landscape (12)
[2017.02.16-19.59.03:153][800]LogModuleManager: Shutting down and abandoning module SlateRHIRenderer (11)
[2017.02.16-19.59.03:154][800]LogModuleManager: Shutting down and abandoning module OpenGLDrv (10)
[2017.02.16-19.59.03:154][800]LogModuleManager: Shutting down and abandoning module D3D11RHI (9)
[2017.02.16-19.59.03:154][800]LogModuleManager: Shutting down and abandoning module AnimGraphRuntime (8)
[2017.02.16-19.59.03:154][800]LogModuleManager: Shutting down and abandoning module Renderer (7)
[2017.02.16-19.59.03:154][800]LogModuleManager: Shutting down and abandoning module Engine (6)
[2017.02.16-19.59.03:154][800]LogModuleManager: Shutting down and abandoning module CoreUObject (5)
[2017.02.16-19.59.03:154][800]LogModuleManager: Shutting down and abandoning module NetworkFile (4)
[2017.02.16-19.59.03:154][800]LogModuleManager: Shutting down and abandoning module StreamingFile (3)
[2017.02.16-19.59.03:154][800]LogModuleManager: Shutting down and abandoning module SandboxFile (2)
[2017.02.16-19.59.03:154][800]LogModuleManager: Shutting down and abandoning module PakFile (1)
[2017.02.16-19.59.03:156][800]LogExit: Exiting.
[2017.02.16-19.59.03:158][800]Log file closed, 02/16/17 14:59:03
