Log file open, 02/27/17 23:50:52
LogInit:Display: Running engine for game: CIS568VRYPaint_mp
LogPlatformFile: Not using cached read wrapper
LogInit:Display: RandInit(-2046129025) SRandInit(-2046129024).
LogTaskGraph: Started task graph with 5 named threads and 8 total threads with 1 sets of task threads.
LogStats: Stats thread started at 0.075844
LogPluginManager: Loaded Plugin Paper2D, From C:/Program Files/Epic Games/UE_4.14/Engine/Plugins/2D/Paper2D/Paper2D.uplugin
LogPluginManager: Loaded Plugin LightPropagationVolume, From C:/Program Files/Epic Games/UE_4.14/Engine/Plugins/Blendables/LightPropagationVolume/LightPropagationVolume.uplugin
LogPluginManager: Loaded Plugin BlankPlugin, From C:/Program Files/Epic Games/UE_4.14/Engine/Plugins/Developer/BlankPlugin/BlankPlugin.uplugin
LogPluginManager: Loaded Plugin CodeLiteSourceCodeAccess, From C:/Program Files/Epic Games/UE_4.14/Engine/Plugins/Developer/CodeLiteSourceCodeAccess/CodeLiteSourceCodeAccess.uplugin
LogPluginManager: Loaded Plugin GitSourceControl, From C:/Program Files/Epic Games/UE_4.14/Engine/Plugins/Developer/GitSourceControl/GitSourceControl.uplugin
LogPluginManager: Loaded Plugin KDevelopSourceCodeAccess, From C:/Program Files/Epic Games/UE_4.14/Engine/Plugins/Developer/KDevelopSourceCodeAccess/KDevelopSourceCodeAccess.uplugin
LogPluginManager: Loaded Plugin NullSourceCodeAccess, From C:/Program Files/Epic Games/UE_4.14/Engine/Plugins/Developer/NullSourceCodeAccess/NullSourceCodeAccess.uplugin
LogPluginManager: Loaded Plugin OneSkyLocalizationService, From C:/Program Files/Epic Games/UE_4.14/Engine/Plugins/Developer/OneSkyLocalizationService/OneSkyLocalizationService.uplugin
LogPluginManager: Loaded Plugin PerforceSourceControl, From C:/Program Files/Epic Games/UE_4.14/Engine/Plugins/Developer/PerforceSourceControl/PerforceSourceControl.uplugin
LogPluginManager: Loaded Plugin SubversionSourceControl, From C:/Program Files/Epic Games/UE_4.14/Engine/Plugins/Developer/SubversionSourceControl/SubversionSourceControl.uplugin
LogPluginManager: Loaded Plugin UObjectPlugin, From C:/Program Files/Epic Games/UE_4.14/Engine/Plugins/Developer/UObjectPlugin/UObjectPlugin.uplugin
LogPluginManager: Loaded Plugin VisualStudioSourceCodeAccess, From C:/Program Files/Epic Games/UE_4.14/Engine/Plugins/Developer/VisualStudioSourceCodeAccess/VisualStudioSourceCodeAccess.uplugin
LogPluginManager: Loaded Plugin XCodeSourceCodeAccess, From C:/Program Files/Epic Games/UE_4.14/Engine/Plugins/Developer/XCodeSourceCodeAccess/XCodeSourceCodeAccess.uplugin
LogPluginManager: Loaded Plugin AudioCapture, From C:/Program Files/Epic Games/UE_4.14/Engine/Plugins/Editor/AudioCapture/AudioCapture.uplugin
LogPluginManager: Loaded Plugin EpicSurvey, From C:/Program Files/Epic Games/UE_4.14/Engine/Plugins/Editor/EpicSurvey/EpicSurvey.uplugin
LogPluginManager: Loaded Plugin MacGraphicsSwitching, From C:/Program Files/Epic Games/UE_4.14/Engine/Plugins/Editor/MacGraphicsSwitching/MacGraphicsSwitching.uplugin
LogPluginManager: Loaded Plugin MobileLauncherProfileWizard, From C:/Program Files/Epic Games/UE_4.14/Engine/Plugins/Editor/MobileLauncherProfileWizard/MobileLauncherProfileWizard.uplugin
LogPluginManager: Loaded Plugin PluginBrowser, From C:/Program Files/Epic Games/UE_4.14/Engine/Plugins/Editor/PluginBrowser/PluginBrowser.uplugin
LogPluginManager: Loaded Plugin SpeedTreeImporter, From C:/Program Files/Epic Games/UE_4.14/Engine/Plugins/Editor/SpeedTreeImporter/SpeedTreeImporter.uplugin
LogPluginManager: Loaded Plugin SuperSearchEditor, From C:/Program Files/Epic Games/UE_4.14/Engine/Plugins/Editor/SuperSearchEditor/SuperSearchEditor.uplugin
LogPluginManager: Loaded Plugin AlembicImporter, From C:/Program Files/Epic Games/UE_4.14/Engine/Plugins/Experimental/AlembicImporter/AlembicImporter.uplugin
LogPluginManager: Loaded Plugin BlueprintStats, From C:/Program Files/Epic Games/UE_4.14/Engine/Plugins/Experimental/BlueprintStats/BlueprintStats.uplugin
LogPluginManager: Loaded Plugin CharacterAI, From C:/Program Files/Epic Games/UE_4.14/Engine/Plugins/Experimental/CharacterAI/CharacterAI.uplugin
LogPluginManager: Loaded Plugin CodeEditor, From C:/Program Files/Epic Games/UE_4.14/Engine/Plugins/Experimental/CodeEditor/CodeEditor.uplugin
LogPluginManager: Loaded Plugin CodeView, From C:/Program Files/Epic Games/UE_4.14/Engine/Plugins/Experimental/CodeView/CodeView.uplugin
LogPluginManager: Loaded Plugin HTML5Networking, From C:/Program Files/Epic Games/UE_4.14/Engine/Plugins/Experimental/HTML5Networking/HTML5Networking.uplugin
LogPluginManager: Loaded Plugin OSVR, From C:/Program Files/Epic Games/UE_4.14/Engine/Plugins/Experimental/OSVR/OSVR.uplugin
LogPluginManager: Loaded Plugin Phya, From C:/Program Files/Epic Games/UE_4.14/Engine/Plugins/Experimental/Phya/Phya.uplugin
LogPluginManager: Loaded Plugin SignificanceManager, From C:/Program Files/Epic Games/UE_4.14/Engine/Plugins/Experimental/SignificanceManager/SignificanceManager.uplugin
LogPluginManager: Loaded Plugin SimpleHMD, From C:/Program Files/Epic Games/UE_4.14/Engine/Plugins/Experimental/SimpleHMD/SimpleHMD.uplugin
LogPluginManager: Loaded Plugin StereoPanorama, From C:/Program Files/Epic Games/UE_4.14/Engine/Plugins/Experimental/StereoPanorama/StereoPanorama.uplugin
LogPluginManager: Loaded Plugin StructBox, From C:/Program Files/Epic Games/UE_4.14/Engine/Plugins/Experimental/StructBox/StructBox.uplugin
LogPluginManager: Loaded Plugin Substance, From C:/Program Files/Epic Games/UE_4.14/Engine/Plugins/Marketplace/Substance/Substance.uplugin
LogPluginManager: Loaded Plugin AndroidMedia, From C:/Program Files/Epic Games/UE_4.14/Engine/Plugins/Media/AndroidMedia/AndroidMedia.uplugin
LogPluginManager: Loaded Plugin AvfMedia, From C:/Program Files/Epic Games/UE_4.14/Engine/Plugins/Media/AvfMedia/AvfMedia.uplugin
LogPluginManager: Loaded Plugin MediaPlayerEditor, From C:/Program Files/Epic Games/UE_4.14/Engine/Plugins/Media/MediaPlayerEditor/MediaPlayerEditor.uplugin
LogPluginManager: Loaded Plugin WmfMedia, From C:/Program Files/Epic Games/UE_4.14/Engine/Plugins/Media/WmfMedia/WmfMedia.uplugin
LogPluginManager: Loaded Plugin MessagingDebugger, From C:/Program Files/Epic Games/UE_4.14/Engine/Plugins/Messaging/MessagingDebugger/MessagingDebugger.uplugin
LogPluginManager: Loaded Plugin TcpMessaging, From C:/Program Files/Epic Games/UE_4.14/Engine/Plugins/Messaging/TcpMessaging/TcpMessaging.uplugin
LogPluginManager: Loaded Plugin UdpMessaging, From C:/Program Files/Epic Games/UE_4.14/Engine/Plugins/Messaging/UdpMessaging/UdpMessaging.uplugin
LogPluginManager: Loaded Plugin LevelSequenceEditor, From C:/Program Files/Epic Games/UE_4.14/Engine/Plugins/MovieScene/LevelSequenceEditor/LevelSequenceEditor.uplugin
LogPluginManager: Loaded Plugin MatineeToLevelSequence, From C:/Program Files/Epic Games/UE_4.14/Engine/Plugins/MovieScene/MatineeToLevelSequence/MatineeToLevelSequence.uplugin
LogPluginManager: Loaded Plugin NetcodeUnitTest, From C:/Program Files/Epic Games/UE_4.14/Engine/Plugins/NetcodeUnitTest/NetcodeUnitTest/NetcodeUnitTest.uplugin
LogPluginManager: Loaded Plugin NUTUnrealEngine4, From C:/Program Files/Epic Games/UE_4.14/Engine/Plugins/NetcodeUnitTest/NUTUnrealEngine4/NUTUnrealEngine4.uplugin
LogPluginManager: Loaded Plugin OnlineSubsystemGameCircle, From C:/Program Files/Epic Games/UE_4.14/Engine/Plugins/Online/Android/OnlineSubsystemGameCircle/OnlineSubsystemGameCircle.uplugin
LogPluginManager: Loaded Plugin OnlineSubsystemGooglePlay, From C:/Program Files/Epic Games/UE_4.14/Engine/Plugins/Online/Android/OnlineSubsystemGooglePlay/OnlineSubsystemGooglePlay.uplugin
LogPluginManager: Loaded Plugin OnlineSubsystemIOS, From C:/Program Files/Epic Games/UE_4.14/Engine/Plugins/Online/IOS/OnlineSubsystemIOS/OnlineSubsystemIOS.uplugin
LogPluginManager: Loaded Plugin OnlineFramework, From C:/Program Files/Epic Games/UE_4.14/Engine/Plugins/Online/OnlineFramework/OnlineFramework.uplugin
LogPluginManager: Loaded Plugin OnlineSubsystem, From C:/Program Files/Epic Games/UE_4.14/Engine/Plugins/Online/OnlineSubsystem/OnlineSubsystem.uplugin
LogPluginManager: Loaded Plugin OnlineSubsystemAmazon, From C:/Program Files/Epic Games/UE_4.14/Engine/Plugins/Online/OnlineSubsystemAmazon/OnlineSubsystemAmazon.uplugin
LogPluginManager: Loaded Plugin OnlineSubsystemFacebook, From C:/Program Files/Epic Games/UE_4.14/Engine/Plugins/Online/OnlineSubsystemFacebook/OnlineSubsystemFacebook.uplugin
LogPluginManager: Loaded Plugin OnlineSubsystemNull, From C:/Program Files/Epic Games/UE_4.14/Engine/Plugins/Online/OnlineSubsystemNull/OnlineSubsystemNull.uplugin
LogPluginManager: Loaded Plugin OnlineSubsystemOculus, From C:/Program Files/Epic Games/UE_4.14/Engine/Plugins/Online/OnlineSubsystemOculus/OnlineSubsystemOculus.uplugin
LogPluginManager: Loaded Plugin OnlineSubsystemSteam, From C:/Program Files/Epic Games/UE_4.14/Engine/Plugins/Online/OnlineSubsystemSteam/OnlineSubsystemSteam.uplugin
LogPluginManager: Loaded Plugin OnlineSubsystemUtils, From C:/Program Files/Epic Games/UE_4.14/Engine/Plugins/Online/OnlineSubsystemUtils/OnlineSubsystemUtils.uplugin
LogPluginManager: Loaded Plugin IOSTapJoy, From C:/Program Files/Epic Games/UE_4.14/Engine/Plugins/Runtime/Advertising/IOSTapJoy/IOSTapJoy.uplugin
LogPluginManager: Loaded Plugin AnalyticsBlueprintLibrary, From C:/Program Files/Epic Games/UE_4.14/Engine/Plugins/Runtime/Analytics/AnalyticsBlueprintLibrary/AnalyticsBlueprintLibrary.uplugin
LogPluginManager: Loaded Plugin AnalyticsMulticast, From C:/Program Files/Epic Games/UE_4.14/Engine/Plugins/Runtime/Analytics/AnalyticsMulticast/AnalyticsMulticast.uplugin
LogPluginManager: Loaded Plugin Apsalar, From C:/Program Files/Epic Games/UE_4.14/Engine/Plugins/Runtime/Analytics/Apsalar/Apsalar.uplugin
LogPluginManager: Loaded Plugin FileLogging, From C:/Program Files/Epic Games/UE_4.14/Engine/Plugins/Runtime/Analytics/FileLogging/FileLogging.uplugin
LogPluginManager: Loaded Plugin Flurry, From C:/Program Files/Epic Games/UE_4.14/Engine/Plugins/Runtime/Analytics/Flurry/Flurry.uplugin
LogPluginManager: Loaded Plugin AndroidDeviceProfileSelector, From C:/Program Files/Epic Games/UE_4.14/Engine/Plugins/Runtime/AndroidDeviceProfileSelector/AndroidDeviceProfileSelector.uplugin
LogPluginManager: Loaded Plugin AndroidMoviePlayer, From C:/Program Files/Epic Games/UE_4.14/Engine/Plugins/Runtime/AndroidMoviePlayer/AndroidMoviePlayer.uplugin
LogPluginManager: Loaded Plugin AppleMoviePlayer, From C:/Program Files/Epic Games/UE_4.14/Engine/Plugins/Runtime/AppleMoviePlayer/AppleMoviePlayer.uplugin
LogPluginManager: Loaded Plugin ArchVisCharacter, From C:/Program Files/Epic Games/UE_4.14/Engine/Plugins/Runtime/ArchVisCharacter/ArchVisCharacter.uplugin
LogPluginManager: Loaded Plugin CableComponent, From C:/Program Files/Epic Games/UE_4.14/Engine/Plugins/Runtime/CableComponent/CableComponent.uplugin
LogPluginManager: Loaded Plugin CustomMeshComponent, From C:/Program Files/Epic Games/UE_4.14/Engine/Plugins/Runtime/CustomMeshComponent/CustomMeshComponent.uplugin
LogPluginManager: Loaded Plugin ExampleDeviceProfileSelector, From C:/Program Files/Epic Games/UE_4.14/Engine/Plugins/Runtime/ExampleDeviceProfileSelector/ExampleDeviceProfileSelector.uplugin
LogPluginManager: Loaded Plugin GearVR, From C:/Program Files/Epic Games/UE_4.14/Engine/Plugins/Runtime/GearVR/GearVR.uplugin
LogPluginManager: Loaded Plugin GoogleVRController, From C:/Program Files/Epic Games/UE_4.14/Engine/Plugins/Runtime/GoogleVR/GoogleVRController/GoogleVRController.uplugin
LogPluginManager: Loaded Plugin GoogleVRHMD, From C:/Program Files/Epic Games/UE_4.14/Engine/Plugins/Runtime/GoogleVR/GoogleVRHMD/GoogleVRHMD.uplugin
LogPluginManager: Loaded Plugin IOSDeviceProfileSelector, From C:/Program Files/Epic Games/UE_4.14/Engine/Plugins/Runtime/IOSDeviceProfileSelector/IOSDeviceProfileSelector.uplugin
LogPluginManager: Loaded Plugin LeapMotion, From C:/Program Files/Epic Games/UE_4.14/Engine/Plugins/Runtime/LeapMotion/LeapMotion.uplugin
LogPluginManager: Loaded Plugin LinuxDeviceProfileSelector, From C:/Program Files/Epic Games/UE_4.14/Engine/Plugins/Runtime/LinuxDeviceProfileSelector/LinuxDeviceProfileSelector.uplugin
LogPluginManager: Loaded Plugin MIDIDevice, From C:/Program Files/Epic Games/UE_4.14/Engine/Plugins/Runtime/MIDIDevice/MIDIDevice.uplugin
LogPluginManager: Loaded Plugin MobilePatchingUtils, From C:/Program Files/Epic Games/UE_4.14/Engine/Plugins/Runtime/MobilePatchingUtils/MobilePatchingUtils.uplugin
LogPluginManager: Loaded Plugin Ansel, From C:/Program Files/Epic Games/UE_4.14/Engine/Plugins/Runtime/Nvidia/Ansel/Ansel.uplugin
LogPluginManager: Loaded Plugin OculusAudio, From C:/Program Files/Epic Games/UE_4.14/Engine/Plugins/Runtime/OculusAudio/OculusAudio.uplugin
LogPluginManager: Loaded Plugin OculusInput, From C:/Program Files/Epic Games/UE_4.14/Engine/Plugins/Runtime/OculusInput/OculusInput.uplugin
LogPluginManager: Loaded Plugin OculusLibrary, From C:/Program Files/Epic Games/UE_4.14/Engine/Plugins/Runtime/OculusLibrary/OculusLibrary.uplugin
LogPluginManager: Loaded Plugin OculusRift, From C:/Program Files/Epic Games/UE_4.14/Engine/Plugins/Runtime/OculusRift/OculusRift.uplugin
LogPluginManager: Loaded Plugin Oodle, From C:/Program Files/Epic Games/UE_4.14/Engine/Plugins/Runtime/PacketHandlers/CompressionComponents/Oodle/Oodle.uplugin
LogPluginManager: Loaded Plugin ProceduralMeshComponent, From C:/Program Files/Epic Games/UE_4.14/Engine/Plugins/Runtime/ProceduralMeshComponent/ProceduralMeshComponent.uplugin
LogPluginManager: Loaded Plugin SoundMod, From C:/Program Files/Epic Games/UE_4.14/Engine/Plugins/Runtime/SoundMod/SoundMod.uplugin
LogPluginManager: Loaded Plugin SoundVisualizations, From C:/Program Files/Epic Games/UE_4.14/Engine/Plugins/Runtime/SoundVisualizations/SoundVisualizations.uplugin
LogPluginManager: Loaded Plugin SteamController, From C:/Program Files/Epic Games/UE_4.14/Engine/Plugins/Runtime/Steam/SteamController/SteamController.uplugin
LogPluginManager: Loaded Plugin SteamVR, From C:/Program Files/Epic Games/UE_4.14/Engine/Plugins/Runtime/Steam/SteamVR/SteamVR.uplugin
LogPluginManager: Loaded Plugin WebBrowserWidget, From C:/Program Files/Epic Games/UE_4.14/Engine/Plugins/Runtime/WebBrowserWidget/WebBrowserWidget.uplugin
LogPluginManager: Loaded Plugin WindowsDeviceProfileSelector, From C:/Program Files/Epic Games/UE_4.14/Engine/Plugins/Runtime/WindowsDeviceProfileSelector/WindowsDeviceProfileSelector.uplugin
LogPluginManager: Loaded Plugin WindowsMoviePlayer, From C:/Program Files/Epic Games/UE_4.14/Engine/Plugins/Runtime/WindowsMoviePlayer/WindowsMoviePlayer.uplugin
LogPluginManager: Loaded Plugin ScriptPlugin, From C:/Program Files/Epic Games/UE_4.14/Engine/Plugins/ScriptPlugin/ScriptPlugin.uplugin
LogPluginManager: Loaded Plugin SlateRemote, From C:/Program Files/Epic Games/UE_4.14/Engine/Plugins/Slate/SlateRemote/SlateRemote.uplugin
LogPluginManager: Loaded Plugin EditorTests, From C:/Program Files/Epic Games/UE_4.14/Engine/Plugins/Tests/EditorTests/EditorTests.uplugin
LogPluginManager: Loaded Plugin FbxAutomationTestBuilder, From C:/Program Files/Epic Games/UE_4.14/Engine/Plugins/Tests/FbxAutomationTestBuilder/FbxAutomationTestBuilder.uplugin
LogPluginManager: Loaded Plugin FunctionalTestingEditor, From C:/Program Files/Epic Games/UE_4.14/Engine/Plugins/Tests/FunctionalTestingEditor/FunctionalTestingEditor.uplugin
LogPluginManager: Loaded Plugin RuntimeTests, From C:/Program Files/Epic Games/UE_4.14/Engine/Plugins/Tests/RuntimeTests/RuntimeTests.uplugin
LogPluginManager: Loaded Plugin ScreenshotTools, From C:/Program Files/Epic Games/UE_4.14/Engine/Plugins/Tests/ScreenshotTools/ScreenshotTools.uplugin
LogInit: Using libcurl 7.47.1
LogInit:  - built for x86_64-pc-win32
LogInit:  - supports SSL with OpenSSL/1.0.2g
LogInit:  - supports HTTP deflate (compression) using libz 1.2.8
LogInit:  - other features:
LogInit:      CURL_VERSION_SSL
LogInit:      CURL_VERSION_LIBZ
LogInit:      CURL_VERSION_IPV6
LogInit:      CURL_VERSION_ASYNCHDNS
LogInit:      CURL_VERSION_LARGEFILE
LogInit:      CURL_VERSION_IDN
LogInit:  CurlRequestOptions (configurable via config and command line):
LogInit:  - bVerifyPeer = false  - Libcurl will NOT verify peer certificate
LogInit:  - bUseHttpProxy = false  - Libcurl will NOT use HTTP proxy
LogInit:  - bDontReuseConnections = false  - Libcurl will reuse connections
LogInit:  - CertBundlePath = nullptr  - Libcurl will use whatever was configured at build time.
LogOnline:Display: STEAM: Loading Steam SDK 1.32
LogOnline:Warning: STEAM: Steam API disabled!
LogOnline:Display: STEAM: OnlineSubsystemSteam::Shutdown()
LogInit: WinSock: version 1.1 (2.2), MaxSocks=32767, MaxUdp=65467
OCULUS: Info: [CAPI] LibOVR module is located at C:\Program Files\Oculus\Support\oculus-runtime\LibOVRRT64_1.dll
OCULUS: Debug: Connected to the server running version (prod = 1).1.12.0(build = 347531) feature version = 0. Client runs version (prod = 1).1.12.0(build = 347531) feature version = 0
LogInit: Build: ++UE4+Release-4.14-CL-3249277
LogInit: Engine Version: 4.14.3-3249277+++UE4+Release-4.14
LogInit: Compatible Engine Version: 4.14.0-3195953+++UE4+Release-4.14
LogInit: Net CL: 3195953
LogDevObjectVersion: Number of dev versions registered: 13
LogDevObjectVersion:   Dev-Blueprints (B0D832E4-1F89-4F0D-ACCF-7EB736FD4AA2): 7
LogDevObjectVersion:   Dev-Build (E1C64328-A22C-4D53-A36C-8E866417BD8C): 0
LogDevObjectVersion:   Dev-Core (375EC13C-06E4-48FB-B500-84F0262A717E): 1
LogDevObjectVersion:   Dev-Editor (E4B068ED-F494-42E9-A231-DA0B2E46BB41): 8
LogDevObjectVersion:   Dev-Framework (CFFC743F-43B0-4480-9391-14DF171D2073): 17
LogDevObjectVersion:   Dev-Mobile (B02B49B5-BB20-44E9-A304-32B752E40360): 0
LogDevObjectVersion:   Dev-Networking (A4E4105C-59A1-49B5-A7C5-40C4547EDFEE): 0
LogDevObjectVersion:   Dev-Online (39C831C9-5AE6-47DC-9A44-9C173E1C8E7C): 0
LogDevObjectVersion:   Dev-Physics (78F01B33-EBEA-4F98-B9B4-84EACCB95AA2): 0
LogDevObjectVersion:   Dev-Platform (6631380F-2D4D-43E0-8009-CF276956A95A): 0
LogDevObjectVersion:   Dev-Rendering (12F88B9F-8875-4AFC-A67C-D90C383ABD29): 12
LogDevObjectVersion:   Dev-Sequencer (7B5AE74C-D270-4C10-A958-57980B212A5A): 1
LogDevObjectVersion:   Dev-VR (D7296918-1DD6-4BDD-9DE2-64A83CC13884): 0
LogInit: Compiled (64-bit): Jan  6 2017 10:49:43
LogInit: Compiled with Visual C++: 19.00.23026.00
LogInit: Build Configuration: Development
LogInit: Branch Name: ++UE4+Release-4.14
LogInit: Command line:  
LogInit: Base directory: C:/Program Files/Epic Games/UE_4.14/Engine/Binaries/Win64/
LogInit: Installed Engine Build: 1
LogInit: Presizing for max 8388607 objects, including 0 objects not considered by GC, pre-allocating 0 bytes for permanent pool.
LogInit: Object subsystem initialized
[2017.02.28-04.50.53:482][  0]LogInit: Selected Device Profile: [Windows]
[2017.02.28-04.50.53:482][  0]LogInit: Applying CVar settings loaded from the selected device profile: [Windows]
[2017.02.28-04.50.53:491][  0]LogInit: Computer: SIGLAB-VR2
[2017.02.28-04.50.53:491][  0]LogInit: User: SIG
[2017.02.28-04.50.53:491][  0]LogInit: CPU Page size=65536, Cores=4
[2017.02.28-04.50.53:491][  0]LogInit: High frequency timer resolution =3.604928 MHz
[2017.02.28-04.50.53:491][  0]LogMemory: Memory total: Physical=31.9GB (32GB approx)
[2017.02.28-04.50.53:491][  0]LogMemory: Platform Memory Stats for Windows
[2017.02.28-04.50.53:491][  0]LogMemory: Process Physical Memory: 272.30 MB used, 272.30 MB peak
[2017.02.28-04.50.53:491][  0]LogMemory: Process Virtual Memory: 266.03 MB used, 266.03 MB peak
[2017.02.28-04.50.53:492][  0]LogMemory: Physical Memory: 4022.93 MB used,  28667.48 MB free, 32690.41 MB total
[2017.02.28-04.50.53:492][  0]LogMemory: Virtual Memory: 717.04 MB used,  28667.48 MB free, 134217728.00 MB total
[2017.02.28-04.50.53:515][  0]LogTextLocalizationManager: No specific translations for ('en-US') exist, so ('en') translations will be used.
[2017.02.28-04.50.54:060][  0]LogD3D11RHI: D3D11 adapters:
[2017.02.28-04.50.54:086][  0]LogD3D11RHI:    0. 'NVIDIA GeForce GTX 1070' (Feature Level 11_0)
[2017.02.28-04.50.54:086][  0]LogD3D11RHI:       8120/0/16345 MB DedicatedVideo/DedicatedSystem/SharedSystem, Outputs:2, VendorId:0x10de
[2017.02.28-04.50.54:088][  0]LogD3D11RHI:    1. 'Microsoft Basic Render Driver' (Feature Level 11_0)
[2017.02.28-04.50.54:088][  0]LogD3D11RHI:       0/0/16345 MB DedicatedVideo/DedicatedSystem/SharedSystem, Outputs:0, VendorId:0x1414
[2017.02.28-04.50.54:088][  0]LogD3D11RHI: Chosen D3D11 Adapter: 0
[2017.02.28-04.50.54:091][  0]LogD3D11RHI: Creating new Direct3DDevice
[2017.02.28-04.50.54:091][  0]LogD3D11RHI:     GPU DeviceId: 0x1b81 (for the marketing name, search the web for "GPU Device Id")
[2017.02.28-04.50.54:091][  0]LogWindows: EnumDisplayDevices:
[2017.02.28-04.50.54:092][  0]LogWindows:    0. 'NVIDIA GeForce GTX 1070' (P:1 D:1)
[2017.02.28-04.50.54:092][  0]LogWindows:    1. 'NVIDIA GeForce GTX 1070' (P:0 D:1)
[2017.02.28-04.50.54:092][  0]LogWindows:    2. 'NVIDIA GeForce GTX 1070' (P:0 D:0)
[2017.02.28-04.50.54:092][  0]LogWindows:    3. 'NVIDIA GeForce GTX 1070' (P:0 D:0)
[2017.02.28-04.50.54:092][  0]LogWindows: DebugString: FoundDriverCount:4 
[2017.02.28-04.50.54:092][  0]LogD3D11RHI:     Adapter Name: NVIDIA GeForce GTX 1070
[2017.02.28-04.50.54:092][  0]LogD3D11RHI:   Driver Version: 378.49 (internal:21.21.13.7849, unified:378.49)
[2017.02.28-04.50.54:092][  0]LogD3D11RHI:      Driver Date: 1-20-2017
[2017.02.28-04.50.54:092][  0]LogRHI: Texture pool is 1361 MB (70% of 1945 MB)
[2017.02.28-04.50.54:106][  0]LogD3D11RHI: Async texture creation enabled
[2017.02.28-04.50.54:115][  0]LogD3D11RHI: GPU Timing Frequency: 1000.000000 (Debug: 2 1)
[2017.02.28-04.50.54:116][  0]LogShaderCompilers: Guid format shader working directory is -33 characters bigger than the processId version (../../../../../../Users/SIG/Desktop/unreal-project-vry-paint-multiplayerHenry/Intermediate/Shaders/WorkingDirectory/2488/).
[2017.02.28-04.50.54:116][  0]LogShaderCompilers: Cleaned the shader compiler working directory 'C:/Users/SIG/AppData/Local/Temp/UnrealShaderWorkingDir/9CCE3F8E42341C72C8AFD4B21350F39E/'.
[2017.02.28-04.50.54:116][  0]LogShaderCompilers:Display: Using Local Shader Compiler.
[2017.02.28-04.50.55:041][  0]LogTemp:Display: Loaded TP AllDesktopTargetPlatform
[2017.02.28-04.50.55:089][  0]LogTemp:Display: Loaded TP MacClientTargetPlatform
[2017.02.28-04.50.55:138][  0]LogTemp:Display: Loaded TP MacNoEditorTargetPlatform
[2017.02.28-04.50.55:185][  0]LogTemp:Display: Loaded TP MacServerTargetPlatform
[2017.02.28-04.50.55:234][  0]LogTemp:Display: Loaded TP MacTargetPlatform
[2017.02.28-04.50.55:282][  0]LogTemp:Display: Loaded TP WindowsClientTargetPlatform
[2017.02.28-04.50.55:327][  0]LogTemp:Display: Loaded TP WindowsNoEditorTargetPlatform
[2017.02.28-04.50.55:374][  0]LogTemp:Display: Loaded TP WindowsServerTargetPlatform
[2017.02.28-04.50.55:414][  0]LogTemp:Display: Loaded TP WindowsTargetPlatform
[2017.02.28-04.50.55:460][  0]LogTemp:Display: Loaded TP AndroidTargetPlatform
[2017.02.28-04.50.55:509][  0]LogTemp:Display: Loaded TP Android_ASTCTargetPlatform
[2017.02.28-04.50.55:556][  0]LogTemp:Display: Loaded TP Android_ATCTargetPlatform
[2017.02.28-04.50.55:603][  0]LogTemp:Display: Loaded TP Android_DXTTargetPlatform
[2017.02.28-04.50.55:650][  0]LogTemp:Display: Loaded TP Android_ETC1TargetPlatform
[2017.02.28-04.50.55:696][  0]LogTemp:Display: Loaded TP Android_ETC2TargetPlatform
[2017.02.28-04.50.55:793][  0]LogTemp:Display: Loaded TP Android_MultiTargetPlatform
[2017.02.28-04.50.55:793][  0]LogTemp:Display: Loaded TP Android_PVRTCTargetPlatform
[2017.02.28-04.50.55:825][  0]LogTemp:Display: Loaded TP HTML5TargetPlatform
[2017.02.28-04.50.55:898][  0]LogTemp:Display: Loaded TP IOSTargetPlatform
[2017.02.28-04.50.55:929][  0]LogTemp:Display: Loaded TP TVOSTargetPlatform
[2017.02.28-04.50.55:975][  0]LogTemp:Display: Loaded TP LinuxClientTargetPlatform
[2017.02.28-04.50.56:022][  0]LogTemp:Display: Loaded TP LinuxNoEditorTargetPlatform
[2017.02.28-04.50.56:068][  0]LogTemp:Display: Loaded TP LinuxServerTargetPlatform
[2017.02.28-04.50.56:114][  0]LogTemp:Display: Loaded TP LinuxTargetPlatform
[2017.02.28-04.50.56:114][  0]LogTargetPlatformManager:Display: Building Assets For Windows
[2017.02.28-04.50.56:462][  0]LogDerivedDataCache:Display: Max Cache Size: 512 MB
[2017.02.28-04.50.56:515][  0]LogDerivedDataCache: Loaded boot cache 0.05s 50MB C:/Users/SIG/AppData/Local/UnrealEngine/4.14/DerivedDataCache/Boot.ddc.
[2017.02.28-04.50.56:515][  0]LogDerivedDataCache:Display: Loaded Boot cache: C:/Users/SIG/AppData/Local/UnrealEngine/4.14/DerivedDataCache/Boot.ddc
[2017.02.28-04.50.56:515][  0]LogDerivedDataCache: FDerivedDataBackendGraph:  Pak pak cache file ../../../../../../Users/SIG/Desktop/unreal-project-vry-paint-multiplayerHenry/DerivedDataCache/DDC.ddp not found, will not use a pak cache.
[2017.02.28-04.50.56:515][  0]LogDerivedDataCache: Unable to find inner node Pak for hierarchical cache Hierarchy.
[2017.02.28-04.50.56:515][  0]LogDerivedDataCache: FDerivedDataBackendGraph:  CompressedPak pak cache file ../../../../../../Users/SIG/Desktop/unreal-project-vry-paint-multiplayerHenry/DerivedDataCache/Compressed.ddp not found, will not use a pak cache.
[2017.02.28-04.50.56:515][  0]LogDerivedDataCache: Unable to find inner node CompressedPak for hierarchical cache Hierarchy.
[2017.02.28-04.50.56:531][  0]LogDerivedDataCache:Display: Pak cache opened for reading ../../../Engine/DerivedDataCache/Compressed.ddp.
[2017.02.28-04.50.56:543][  0]LogDerivedDataCache: Using Local data cache path C:/Users/SIG/AppData/Local/UnrealEngine/Common/DerivedDataCache: Writable
[2017.02.28-04.50.56:717][  0]LogInit: Selected Device Profile: [Windows]
[2017.02.28-04.50.56:719][  0]LogContentStreaming: Texture pool size is 0.00 MB
[2017.02.28-04.50.56:898][  0]LogMeshUtilities: Using QuadricMeshReduction for automatic static mesh reduction
[2017.02.28-04.50.56:936][  0]LogSimplygon: Simplygon DLL not present - disabling.
[2017.02.28-04.50.56:977][  0]LogMeshUtilities: Using SimplygonSwarm for distributed automatic mesh merging
[2017.02.28-04.50.56:977][  0]LogMeshUtilities: No automatic skeletal mesh reduction module available
[2017.02.28-04.50.56:977][  0]LogMeshUtilities: No automatic mesh merging module available
[2017.02.28-04.50.57:417][  0]LogNetVersion: GetLocalNetworkVersion: CL: 3195953, ProjectName: cis568vrypaint_mp, ProjectVersion: , EngineNetworkVersion: 2, GameNetworkVersion: 0, NetworkChecksum: 3560575784
[2017.02.28-04.50.57:471][  0]LogAssetRegistry: FAssetRegistry took 0.0220 seconds to start up
[2017.02.28-04.50.57:516][  0]LogPackageLocalizationCache: Processed 3 localized package path(s) for 2 prioritized culture(s) in 0.025219 seconds
[2017.02.28-04.50.57:521][  0]LogUObjectArray: 31953 objects as part of root set at end of initial load.
[2017.02.28-04.50.57:521][  0]LogUObjectAllocator: 7149672 out of 0 bytes used by permanent object pool.
[2017.02.28-04.50.57:521][  0]LogUObjectArray: CloseDisregardForGC: 0/0 objects in disregard for GC pool
[2017.02.28-04.50.58:173][  0]LogSlate: Using Freetype 2.6.0
[2017.02.28-04.50.58:173][  0]LogSlate: SlateFontCache - WITH_FREETYPE: 1, WITH_HARFBUZZ: 1
[2017.02.28-04.50.58:173][  0]LogSlate: SlateFontCache - WITH_FREETYPE: 1, WITH_HARFBUZZ: 1
[2017.02.28-04.50.58:883][  0]LogSubstanceCoreModule: Substance [CPU] Engine Loaded, Max Texture Size = 2048
[2017.02.28-04.50.58:908][  0]LogTcpMessaging: Initializing TcpMessaging bridge
[2017.02.28-04.50.58:944][  0]LogUdpMessaging: Initializing bridge on interface 0.0.0.0:0 to multicast group 230.0.0.1:6666.
[2017.02.28-04.50.59:217][  0]LogMaterial: Uniform references updated for custom material expression Custom.
[2017.02.28-04.50.59:544][  0]SourceControl: Info Source control is disabled
[2017.02.28-04.50.59:565][  0]SourceControl: Info Source control is disabled
[2017.02.28-04.50.59:607][  0]SourceControl: Info Source control is disabled
[2017.02.28-04.50.59:647][  0]SourceControl: Info Source control is disabled
[2017.02.28-04.51.00:748][  0]LogEngine: Initializing Engine...
[2017.02.28-04.51.00:765][  0]LogHMD: SteamVR initialized.  Driver: lighthouse  Display: LHR-8813B57A
[2017.02.28-04.51.00:973][  0]LogAIModule: Creating AISystem for world Untitled
[2017.02.28-04.51.00:990][  0]LogInit: XAudio2 using 'Speakers (2- USB Audio Device)' : 2 channels at 44.1 kHz using 16 bits per sample (channel mask 0x3)
[2017.02.28-04.51.00:997][  0]LogInit: FAudioDevice initialized.
[2017.02.28-04.51.01:022][  0]LogDerivedDataCache: Saved boot cache 0.02s 50MB C:/Users/SIG/AppData/Local/UnrealEngine/4.14/DerivedDataCache/Boot.ddc.
[2017.02.28-04.51.01:029][  0]LogInit: Texture streaming: Enabled
[2017.02.28-04.51.01:191][  0]LogInit: Transaction tracking system initialized
[2017.02.28-04.51.01:487][  0]BlueprintLog: New page: Editor Load
[2017.02.28-04.51.02:243][  0]LocalizationService: Info Localization service is disabled
[2017.02.28-04.51.02:805][  0]LogConsoleResponse:Display: 
[2017.02.28-04.51.02:924][  0]LogCook:Display: Max memory allowance for cook 16384mb min free memory 0mb
[2017.02.28-04.51.02:924][  0]LogCook:Display: Mobile HDR setting 1
[2017.02.28-04.51.03:151][  0]LogFileCache: Scanning file cache for directory 'C:/Users/SIG/Desktop/unreal-project-vry-paint-multiplayerHenry/Content/' took 0.02s
[2017.02.28-04.51.03:738][  0]SourceControl: Info Source control is disabled
[2017.02.28-04.51.03:738][  0]Cmd: MAP LOAD FILE="../../../../../../Users/SIG/Desktop/unreal-project-vry-paint-multiplayerHenry/Content/FirstPersonBP/Maps/Lobby.umap" TEMPLATE=0 SHOWPROGRESS=1 FEATURELEVEL=3
[2017.02.28-04.51.03:738][  0]LightingResults: New page: Lighting Build
[2017.02.28-04.51.03:773][  0]MapCheck: New page: Map Check
[2017.02.28-04.51.03:773][  0]LightingResults: New page: Lighting Build
[2017.02.28-04.51.04:021][  0]LogAIModule: Creating AISystem for world Lobby
[2017.02.28-04.51.04:026][  0]LogEditorServer: Finished looking for orphan Actors (0.000 secs)
[2017.02.28-04.51.04:026][  0]Cmd: MAP CHECKDEP NOCLEARLOG
[2017.02.28-04.51.04:062][  0]MapCheck: Info Map check complete: 0 Error(s), 0 Warning(s), took 35.494ms to complete.
[2017.02.28-04.51.04:062][  0]LogFileHelpers: Loading map 'Lobby' took 0.324
[2017.02.28-04.51.04:116][  0]LogWindowsTextInputMethodSystem:Display: IME system now deactivated.
[2017.02.28-04.51.04:182][  0]LogCollectionManager: Loaded 1 collections in 0.002043 seconds
[2017.02.28-04.51.04:256][  0]LogFileCache: Scanning file cache for directory 'C:/Users/SIG/Desktop/unreal-project-vry-paint-multiplayerHenry/Saved/Collections/' took 0.01s
[2017.02.28-04.51.04:256][  0]LogFileCache: Scanning file cache for directory 'C:/Users/SIG/Desktop/unreal-project-vry-paint-multiplayerHenry/Content/Developers/SIG/Collections/' took 0.01s
[2017.02.28-04.51.04:256][  0]LogFileCache: Scanning file cache for directory 'C:/Users/SIG/Desktop/unreal-project-vry-paint-multiplayerHenry/Content/Collections/' took 0.01s
[2017.02.28-04.51.04:256][  0]LogCollectionManager: Rebuilt the GUID cache for 1 collections in 0.000003 seconds
[2017.02.28-04.51.04:256][  0]LogCollectionManager: Rebuilt the hierarchy cache for 1 collections in 0.000000 seconds
[2017.02.28-04.51.04:264][  0]LogContentBrowser: Native class hierarchy populated in 0.0077 seconds. Added 2206 classes and 437 folders.
[2017.02.28-04.51.04:300][  0]LogStats: UGameplayTagsManager::ConstructGameplayTagTree: Construct from data asset -  0.000 s
[2017.02.28-04.51.04:300][  0]LogStats: UGameplayTagsManager::ConstructGameplayTagTree: GameplayTagTreeChangedEvent.Broadcast -  0.000 s
[2017.02.28-04.51.04:301][  0]LogContentBrowser: Native class hierarchy updated for 'GameplayTags' in 0.0005 seconds. Added 13 classes and 0 folders.
[2017.02.28-04.51.04:354][  0]LogContentBrowser: Native class hierarchy updated for 'WidgetCarousel' in 0.0004 seconds. Added 0 classes and 0 folders.
[2017.02.28-04.51.04:386][  0]LogContentBrowser: Native class hierarchy updated for 'AddContentDialog' in 0.0004 seconds. Added 0 classes and 0 folders.
[2017.02.28-04.51.04:422][  0]LogContentBrowser: Native class hierarchy updated for 'SceneOutliner' in 0.0005 seconds. Added 1 classes and 2 folders.
[2017.02.28-04.51.04:487][  0]LogCrashTracker: Crashtracker disabled due to settings.
[2017.02.28-04.51.04:492][  0]LogUObjectGlobals:Warning: Failed to find object 'Class None.'
[2017.02.28-04.51.04:551][  0]LogContentBrowser: Native class hierarchy updated for 'HierarchicalLODOutliner' in 0.0007 seconds. Added 1 classes and 2 folders.
[2017.02.28-04.51.04:551][  0]LogLoad: (Engine Initialization) Total time: 13.04 seconds
[2017.02.28-04.51.04:551][  0]LogLoad: (Engine Initialization) Total Blueprint compile time: 0.11 seconds
[2017.02.28-04.51.04:551][  0]LogExternalProfiler: Found external profiler: VSPerf
[2017.02.28-04.51.04:551][  0]LogExternalProfiler: Using external profiler: VSPerf
[2017.02.28-04.51.04:560][  0]LogOcInput: OculusInput pre-init called
[2017.02.28-04.51.04:571][  0]LogOcInput: OculusInput is initialized. Init status 0. Runtime version: 1.12.0
[2017.02.28-04.51.04:589][  0]LogContentStreaming: Texture pool size now 1000 MB
[2017.02.28-04.51.04:718][  0]LogRenderer: Reallocating scene render targets to support 1208x580 NumSamples 1 (Frame:2).
[2017.02.28-04.51.04:784][  1]LogAssetRegistry: Asset discovery search completed in 7.3348 seconds
[2017.02.28-04.51.04:784][  1]LogCollectionManager: Rebuilt the object cache for 1 collections in 0.000008 seconds (found 0 objects)
[2017.02.28-04.51.04:784][  1]LogCollectionManager: Fixed up redirectors for 1 collections in 0.000024 seconds (updated 0 objects)
[2017.02.28-04.51.07:375][304]Cmd: MAP LOAD FILE="../../../../../../Users/SIG/Desktop/unreal-project-vry-paint-multiplayerHenry/Content/FirstPersonBP/Maps/Lobby.umap" TEMPLATE=0 SHOWPROGRESS=1 FEATURELEVEL=3
[2017.02.28-04.51.07:375][304]LightingResults: New page: Lighting Build
[2017.02.28-04.51.07:375][304]LoadErrors: New page: Loading map: Lobby.umap
[2017.02.28-04.51.07:376][304]MapCheck: New page: Map Check
[2017.02.28-04.51.07:376][304]LightingResults: New page: Lighting Build
[2017.02.28-04.51.07:415][304]LogAIModule: Creating AISystem for world Lobby
[2017.02.28-04.51.07:458][304]LogEditorServer: Finished looking for orphan Actors (0.000 secs)
[2017.02.28-04.51.07:492][304]Cmd: MAP CHECKDEP NOCLEARLOG
[2017.02.28-04.51.07:531][304]MapCheck: Info Map check complete: 0 Error(s), 0 Warning(s), took 38.323ms to complete.
[2017.02.28-04.51.07:531][304]LogFileHelpers: Loading map 'Lobby' took 0.158
[2017.02.28-04.51.09:755][519]LogContentBrowser: Native class hierarchy updated for 'BlueprintGraph' in 0.0007 seconds. Added 111 classes and 0 folders.
[2017.02.28-04.51.39:493][515]BlueprintLog: New page: Compile HostCube
[2017.02.28-04.59.28:702][336]LogEditorTransaction: Undo Change String Pin Value
[2017.02.28-04.59.33:831][933]BlueprintLog: New page: Compile HostCube
[2017.02.28-04.59.36:795][270]LogRenderer: Reallocating scene render targets to support 1352x704 NumSamples 1 (Frame:3582).
[2017.02.28-04.59.44:015][ 36]LogSavePackage: Save=100.46ms
[2017.02.28-04.59.44:015][ 36]LogSavePackage: Moving '../../../../../../Users/SIG/Desktop/unreal-project-vry-paint-multiplayerHenry/Saved/Lobby4C0D50A846E4C57D026E35A0C5C28200.tmp' to '../../../../../../Users/SIG/Desktop/unreal-project-vry-paint-multiplayerHenry/Content/FirstPersonBP/Maps/Lobby.umap'
[2017.02.28-04.59.44:018][ 36]LogSavePackage:Display: Finished SavePackage ../../../../../../Users/SIG/Desktop/unreal-project-vry-paint-multiplayerHenry/Content/FirstPersonBP/Maps/Lobby.umap
[2017.02.28-04.59.49:752][585]LogSpawn:Warning: UWorld::DestroyActor: World has no context! World: SinglePlayer, Actor: /Game/FirstPersonBP/Maps/SinglePlayer.SinglePlayer:PersistentLevel.DESTROYED_Bow_C_CHILDACTOR_26
[2017.02.28-04.59.49:753][585]LogSpawn:Warning: UWorld::DestroyActor: World has no context! World: SinglePlayer, Actor: /Game/FirstPersonBP/Maps/SinglePlayer.SinglePlayer:PersistentLevel.DESTROYED_Bow_C_CHILDACTOR_27
[2017.02.28-04.59.50:025][585]LogAIModule: Creating AISystem for world SinglePlayer
[2017.02.28-04.59.50:064][585]LogSpawn:Warning: UWorld::DestroyActor: World has no context! World: SinglePlayer, Actor: /Game/FirstPersonBP/Maps/SinglePlayer.SinglePlayer:PersistentLevel.DESTROYED_Bow_C_CHILDACTOR_30
[2017.02.28-04.59.50:065][585]LogSpawn:Warning: UWorld::DestroyActor: World has no context! World: SinglePlayer, Actor: /Game/FirstPersonBP/Maps/SinglePlayer.SinglePlayer:PersistentLevel.DESTROYED_Bow_C_CHILDACTOR_31
[2017.02.28-04.59.51:685][585]LogSavePackage: Save=19.50ms
[2017.02.28-04.59.51:685][585]LogSavePackage: Moving '../../../../../../Users/SIG/Desktop/unreal-project-vry-paint-multiplayerHenry/Saved/HostCube365C0D7746A42427579B318FEFFE428F.tmp' to '../../../../../../Users/SIG/Desktop/unreal-project-vry-paint-multiplayerHenry/Content/FirstPersonBP/Blueprints/Lobby/HostCube.uasset'
[2017.02.28-04.59.51:687][585]LogSavePackage:Display: Finished SavePackage ../../../../../../Users/SIG/Desktop/unreal-project-vry-paint-multiplayerHenry/Content/FirstPersonBP/Blueprints/Lobby/HostCube.uasset
[2017.02.28-04.59.51:688][585]Cmd: MAP LOAD FILE="../../../../../../Users/SIG/Desktop/unreal-project-vry-paint-multiplayerHenry/Content/FirstPersonBP/Maps/SinglePlayer.umap" TEMPLATE=0 SHOWPROGRESS=1 FEATURELEVEL=3
[2017.02.28-04.59.51:688][585]LightingResults: New page: Lighting Build
[2017.02.28-04.59.51:688][585]LoadErrors: New page: Loading map: SinglePlayer.umap
[2017.02.28-04.59.51:689][585]MapCheck: New page: Map Check
[2017.02.28-04.59.51:689][585]LightingResults: New page: Lighting Build
[2017.02.28-04.59.51:937][585]LogEditorServer: Finished looking for orphan Actors (0.000 secs)
[2017.02.28-04.59.51:973][585]Cmd: MAP CHECKDEP NOCLEARLOG
[2017.02.28-04.59.52:034][585]MapCheck: Info Map check complete: 0 Error(s), 0 Warning(s), took 61.1ms to complete.
[2017.02.28-04.59.52:034][585]LogFileHelpers: Loading map 'SinglePlayer' took 0.347
[2017.02.28-05.00.20:546][ 14]LogEditorTransaction: Undo Attach Component
[2017.02.28-05.00.20:560][ 14]LogActorComponent: ~FComponentReregisterContext: (/Engine/Transient.World_2:PersistentLevel.FirstPersonCharacter_C_0.CollisionCylinder) Component already registered.
[2017.02.28-05.00.20:564][ 14]LogActorComponent: ~FComponentReregisterContext: (/Engine/Transient.World_2:PersistentLevel.FirstPersonCharacter_C_0.CharacterMesh0) Component already registered.
[2017.02.28-05.00.20:568][ 14]LogActorComponent: ~FComponentReregisterContext: (/Engine/Transient.World_2:PersistentLevel.FirstPersonCharacter_C_0.CharMoveComp) Component already registered.
[2017.02.28-05.00.20:571][ 14]LogActorComponent: ~FComponentReregisterContext: (/Engine/Transient.World_2:PersistentLevel.FirstPersonCharacter_C_0.Arrow) Component already registered.
[2017.02.28-05.00.20:574][ 14]LogActorComponent: ~FComponentReregisterContext: (/Game/FirstPersonBP/Maps/SinglePlayer.SinglePlayer:PersistentLevel.FirstPersonCharacter_C_1.CharacterMesh0) Component already registered.
[2017.02.28-05.00.20:578][ 14]LogActorComponent: ~FComponentReregisterContext: (/Game/FirstPersonBP/Maps/SinglePlayer.SinglePlayer:PersistentLevel.FirstPersonCharacter_C_1.CharMoveComp) Component already registered.
[2017.02.28-05.00.20:581][ 14]LogActorComponent: ~FComponentReregisterContext: (/Game/FirstPersonBP/Maps/SinglePlayer.SinglePlayer:PersistentLevel.FirstPersonCharacter_C_1.Arrow) Component already registered.
[2017.02.28-05.00.28:129][663]LogSavePackage: Save=140.99ms
[2017.02.28-05.00.28:129][663]LogSavePackage: Moving '../../../../../../Users/SIG/Desktop/unreal-project-vry-paint-multiplayerHenry/Saved/FirstPersonCharacterE0D3EA3C400709BFBEBA79941312DC7E.tmp' to '../../../../../../Users/SIG/Desktop/unreal-project-vry-paint-multiplayerHenry/Content/FirstPersonBP/Blueprints/Bow/FirstPersonCharacter.uasset'
[2017.02.28-05.00.28:132][663]LogSavePackage:Display: Finished SavePackage ../../../../../../Users/SIG/Desktop/unreal-project-vry-paint-multiplayerHenry/Content/FirstPersonBP/Blueprints/Bow/FirstPersonCharacter.uasset
[2017.02.28-05.00.34:052][186]LogTemp: Repeting last play command: VR Preview
[2017.02.28-05.00.34:075][186]LogBlueprintUserMessages: Early PlayInEditor Detection: Level '/Game/FirstPersonBP/Maps/SinglePlayer.SinglePlayer:PersistentLevel' has LevelScriptBlueprint '/Game/FirstPersonBP/Maps/SinglePlayer.SinglePlayer:PersistentLevel.SinglePlayer' with GeneratedClass '/Game/FirstPersonBP/Maps/SinglePlayer.SinglePlayer_C' with ClassGeneratedBy '/Game/FirstPersonBP/Maps/SinglePlayer.SinglePlayer:PersistentLevel.SinglePlayer'
[2017.02.28-05.00.34:075][186]LogPlayLevel: PlayLevel: No blueprints needed recompiling
[2017.02.28-05.00.34:075][186]LogOnline:Display: NULL: FOnlineSubsystemNull::Shutdown()
[2017.02.28-05.00.34:076][186]LogOnline:Warning: STEAM: Steam API disabled!
[2017.02.28-05.00.34:076][186]LogOnline:Display: STEAM: OnlineSubsystemSteam::Shutdown()
[2017.02.28-05.00.34:087][186]PIE: New page: PIE session: SinglePlayer (Feb 27, 2017, 7:00:34 PM)
[2017.02.28-05.00.34:087][186]LogPlayLevel: Creating play world package: /Game/FirstPersonBP/Maps/UEDPIE_0_SinglePlayer
[2017.02.28-05.00.34:125][186]LogPlayLevel: PIE: StaticDuplicateObject took: (0.037635s)
[2017.02.28-05.00.34:126][186]LogAIModule: Creating AISystem for world SinglePlayer
[2017.02.28-05.00.34:126][186]LogPlayLevel: PIE: World Init took: (0.000705s)
[2017.02.28-05.00.34:126][186]LogPlayLevel: PIE: Created PIE world by copying editor world from /Game/FirstPersonBP/Maps/SinglePlayer.SinglePlayer to /Game/FirstPersonBP/Maps/UEDPIE_0_SinglePlayer.SinglePlayer (0.038729s)
[2017.02.28-05.00.34:159][186]LogInit: XAudio2 using 'Speakers (2- USB Audio Device)' : 2 channels at 44.1 kHz using 16 bits per sample (channel mask 0x3)
[2017.02.28-05.00.34:163][186]LogInit: FAudioDevice initialized.
[2017.02.28-05.00.34:194][186]LogStats:Warning: MetaData mismatch. Did you assign a stat to two groups? New //STATGROUP_Threads//OnlineAsyncTaskThreadNull DefaultInstance///Thread_1f9c_0///####STATCAT_Advanced#### old //STATGROUP_Threads//OnlineAsyncTaskThreadNull DefaultInstance///Thread_2580_0///####STATCAT_Advanced####
[2017.02.28-05.00.34:230][186]LogHMD: SteamVR initialized.  Driver: lighthouse  Display: LHR-8813B57A
[2017.02.28-05.00.34:282][186]LogLoad: Game class is 'FirstPersonGameMode_C'
[2017.02.28-05.00.34:318][186]LogWorld: Bringing World /Game/FirstPersonBP/Maps/UEDPIE_0_SinglePlayer.SinglePlayer up for play (max tick rate 0) at 2017.02.28-00.00.34
[2017.02.28-05.00.34:319][186]LogWorld: Bringing up level for play took: 0.036042
[2017.02.28-05.00.34:384][186]LogContentBrowser: Native class hierarchy updated for 'MovieSceneCapture' in 0.0005 seconds. Added 11 classes and 0 folders.
[2017.02.28-05.00.35:059][186]PIE: Info Play in editor start time for /Game/FirstPersonBP/Maps/UEDPIE_0_SinglePlayer 1.986
[2017.02.28-05.00.35:060][186]LogBlueprintUserMessages: Late PlayInEditor Detection: Level '/Game/FirstPersonBP/Maps/SinglePlayer.SinglePlayer:PersistentLevel' has LevelScriptBlueprint '/Game/FirstPersonBP/Maps/SinglePlayer.SinglePlayer:PersistentLevel.SinglePlayer' with GeneratedClass '/Game/FirstPersonBP/Maps/SinglePlayer.SinglePlayer_C' with ClassGeneratedBy '/Game/FirstPersonBP/Maps/SinglePlayer.SinglePlayer:PersistentLevel.SinglePlayer'
[2017.02.28-05.00.35:252][188]LogRenderer: Reallocating scene render targets to support 3024x1680 NumSamples 1 (Frame:12169).
[2017.02.28-05.00.49:482][687]LogBlueprintUserMessages: Early EndPlayMap Detection: Level '/Game/FirstPersonBP/Maps/SinglePlayer.SinglePlayer:PersistentLevel' has LevelScriptBlueprint '/Game/FirstPersonBP/Maps/SinglePlayer.SinglePlayer:PersistentLevel.SinglePlayer' with GeneratedClass '/Game/FirstPersonBP/Maps/SinglePlayer.SinglePlayer_C' with ClassGeneratedBy '/Game/FirstPersonBP/Maps/SinglePlayer.SinglePlayer:PersistentLevel.SinglePlayer'
[2017.02.28-05.00.49:678][687]LogOnline:Display: NULL: FOnlineSubsystemNull::Shutdown()
[2017.02.28-05.00.49:678][687]LogPlayLevel:Display: Shutting down PIE online subsystems
[2017.02.28-05.00.49:679][687]LogBlueprintUserMessages: Late EndPlayMap Detection: Level '/Game/FirstPersonBP/Maps/SinglePlayer.SinglePlayer:PersistentLevel' has LevelScriptBlueprint '/Game/FirstPersonBP/Maps/SinglePlayer.SinglePlayer:PersistentLevel.SinglePlayer' with GeneratedClass '/Game/FirstPersonBP/Maps/SinglePlayer.SinglePlayer_C' with ClassGeneratedBy '/Game/FirstPersonBP/Maps/SinglePlayer.SinglePlayer:PersistentLevel.SinglePlayer'
[2017.02.28-05.00.49:808][688]LogPlayLevel:Display: Destroying online subsystem :Context_6
[2017.02.28-05.00.49:808][688]LogOnline:Display: NULL: FOnlineSubsystemNull::Shutdown()
[2017.02.28-05.00.55:502][852]LogSavePackage: Save=333.21ms
[2017.02.28-05.00.55:502][852]LogSavePackage: Moving '../../../../../../Users/SIG/Desktop/unreal-project-vry-paint-multiplayerHenry/Saved/SinglePlayer3745FA0846761671169408A48D8466A7.tmp' to '../../../../../../Users/SIG/Desktop/unreal-project-vry-paint-multiplayerHenry/Content/FirstPersonBP/Maps/SinglePlayer.umap'
[2017.02.28-05.00.55:506][852]LogSavePackage:Display: Finished SavePackage ../../../../../../Users/SIG/Desktop/unreal-project-vry-paint-multiplayerHenry/Content/FirstPersonBP/Maps/SinglePlayer.umap
[2017.02.28-05.00.55:543][852]LogFileHelpers: Saving map 'SinglePlayer' took 0.473
[2017.02.28-05.00.55:698][852]LogActorComponent: UnregisterComponent: (/Engine/Transient.EditorFloorComp) Not registered. Aborting.
[2017.02.28-05.00.55:746][852]LogWindowsTextInputMethodSystem:Display: IME system now deactivated.
[2017.02.28-05.00.55:930][853]Cmd: QUIT_EDITOR
[2017.02.28-05.00.56:705][853]LogExit: Preparing to exit.
[2017.02.28-05.00.57:302][853]LogDirectoryWatcher: A directory notification for 'C:/Users/SIG/Desktop/unreal-project-vry-paint-multiplayerHenry/Content/' was aborted.
[2017.02.28-05.00.57:344][853]LogExit: Editor shut down
[2017.02.28-05.00.57:345][853]LogExit: Transaction tracking system shut down
[2017.02.28-05.00.57:460][853]LogObj: Freed 0b from 0 cluster array pools.
[2017.02.28-05.00.57:461][853]LogExit: Object subsystem successfully closed.
[2017.02.28-05.00.57:474][853]LogD3D11RHI: Shutdown
[2017.02.28-05.00.57:474][853]LogD3D11RHI: CleanupD3DDevice
[2017.02.28-05.00.57:477][853]LogD3D11RHI: ~FD3D11DynamicRHI
[2017.02.28-05.00.57:489][853]LogHttp:Display: Http module shutting down, but needs to wait on 1 outstanding Http requests:
[2017.02.28-05.00.57:489][853]LogHttp:Display: 	verb=[POST] url=[https://datarouter.ol.epicgames.com/datarouter/api/v1/public/data?SessionID=%7B752D99B8-43D6-60CA-E6E2-7C9ADAEADECA%7D&AppID=UEEditor.Rocket.Release&AppVersion=4.14.3-3249277%2B%2B%2BUE4%2BRelease-4.14&UserID=7e93ef12497a2351dc5eed8d87531828%7Cb2d0766a672e4947b2b9fe909f7f5253%7C88a06740-65ed-4850-9d98-4b8996ea80b4&AppEnvironment=datacollector-binary&UploadType=eteventstream] status=Processing
[2017.02.28-05.00.57:494][853]LogModuleManager: Shutting down and abandoning module MovieSceneCapture (248)
[2017.02.28-05.00.57:494][853]LogModuleManager: Shutting down and abandoning module Voice (247)
[2017.02.28-05.00.57:494][853]LogModuleManager: Shutting down and abandoning module BlueprintGraph (246)
[2017.02.28-05.00.57:495][853]LogModuleManager: Shutting down and abandoning module BlueprintProfiler (245)
[2017.02.28-05.00.57:495][853]LogModuleManager: Shutting down and abandoning module HierarchicalLODOutliner (244)
[2017.02.28-05.00.57:495][853]LogModuleManager: Shutting down and abandoning module CrashTracker (243)
[2017.02.28-05.00.57:495][853]LogModuleManager: Shutting down and abandoning module SceneOutliner (242)
[2017.02.28-05.00.57:495][853]LogModuleManager: Shutting down and abandoning module WidgetCarousel (241)
[2017.02.28-05.00.57:495][853]LogModuleManager: Shutting down and abandoning module AddContentDialog (240)
[2017.02.28-05.00.57:495][853]LogDirectoryWatcher: A directory notification for 'C:/Program Files/Epic Games/UE_4.14/FeaturePacks/' was aborted.
[2017.02.28-05.00.57:497][853]LogModuleManager: Shutting down and abandoning module GameplayTags (239)
[2017.02.28-05.00.57:497][853]LogModuleManager: Shutting down and abandoning module EditorWidgets (238)
[2017.02.28-05.00.57:497][853]LogModuleManager: Shutting down and abandoning module CollectionManager (237)
[2017.02.28-05.00.57:497][853]LogDirectoryWatcher: A directory notification for 'C:/Users/SIG/Desktop/unreal-project-vry-paint-multiplayerHenry/Content/Collections/' was aborted.
[2017.02.28-05.00.57:497][853]LogDirectoryWatcher: A directory notification for 'C:/Users/SIG/Desktop/unreal-project-vry-paint-multiplayerHenry/Content/Developers/SIG/Collections/' was aborted.
[2017.02.28-05.00.57:497][853]LogDirectoryWatcher: A directory notification for 'C:/Users/SIG/Desktop/unreal-project-vry-paint-multiplayerHenry/Saved/Collections/' was aborted.
[2017.02.28-05.00.57:497][853]LogModuleManager: Shutting down and abandoning module StatsViewer (236)
[2017.02.28-05.00.57:497][853]LogModuleManager: Shutting down and abandoning module FoliageEdit (235)
[2017.02.28-05.00.57:497][853]LogModuleManager: Shutting down and abandoning module LandscapeEditor (234)
[2017.02.28-05.00.57:497][853]LogModuleManager: Shutting down and abandoning module SceneDepthPickerMode (233)
[2017.02.28-05.00.57:497][853]LogModuleManager: Shutting down and abandoning module ActorPickerMode (232)
[2017.02.28-05.00.57:497][853]LogModuleManager: Shutting down and abandoning module GeometryMode (231)
[2017.02.28-05.00.57:497][853]LogModuleManager: Shutting down and abandoning module TextureAlignMode (230)
[2017.02.28-05.00.57:497][853]LogModuleManager: Shutting down and abandoning module BspMode (229)
[2017.02.28-05.00.57:497][853]LogModuleManager: Shutting down and abandoning module HardwareSurvey (228)
[2017.02.28-05.00.57:497][853]LogModuleManager: Shutting down and abandoning module SequenceRecorderSections (227)
[2017.02.28-05.00.57:497][853]LogModuleManager: Shutting down and abandoning module AutomationWorker (226)
[2017.02.28-05.00.57:497][853]LogModuleManager: Shutting down and abandoning module MatineeToLevelSequence (225)
[2017.02.28-05.00.57:497][853]LogModuleManager: Shutting down and abandoning module PlacementMode (224)
[2017.02.28-05.00.57:497][853]LogModuleManager: Shutting down and abandoning module LevelSequenceEditor (223)
[2017.02.28-05.00.57:497][853]LogModuleManager: Shutting down and abandoning module WmfMediaFactory (222)
[2017.02.28-05.00.57:497][853]LogModuleManager: Shutting down and abandoning module WmfMediaEditor (221)
[2017.02.28-05.00.57:497][853]LogModuleManager: Shutting down and abandoning module AvfMediaFactory (220)
[2017.02.28-05.00.57:497][853]LogModuleManager: Shutting down and abandoning module AvfMediaEditor (219)
[2017.02.28-05.00.57:497][853]LogModuleManager: Shutting down and abandoning module Media (218)
[2017.02.28-05.00.57:497][853]LogModuleManager: Shutting down and abandoning module AndroidMediaFactory (217)
[2017.02.28-05.00.57:497][853]LogModuleManager: Shutting down and abandoning module AndroidMediaEditor (216)
[2017.02.28-05.00.57:497][853]LogModuleManager: Shutting down and abandoning module CharacterAI (215)
[2017.02.28-05.00.57:497][853]LogModuleManager: Shutting down and abandoning module SequenceRecorder (214)
[2017.02.28-05.00.57:497][853]LogModuleManager: Shutting down and abandoning module AudioCapture (213)
[2017.02.28-05.00.57:497][853]LogModuleManager: Shutting down and abandoning module SmartSnapping (212)
[2017.02.28-05.00.57:497][853]LogModuleManager: Shutting down and abandoning module SessionServices (211)
[2017.02.28-05.00.57:497][853]LogModuleManager: Shutting down and abandoning module ViewportSnapping (210)
[2017.02.28-05.00.57:497][853]LogModuleManager: Shutting down and abandoning module ViewportInteraction (209)
[2017.02.28-05.00.57:497][853]LogModuleManager: Shutting down and abandoning module LogVisualizer (208)
[2017.02.28-05.00.57:497][853]LogModuleManager: Shutting down and abandoning module GameProjectGeneration (207)
[2017.02.28-05.00.57:497][853]LogModuleManager: Shutting down and abandoning module IntroTutorials (206)
[2017.02.28-05.00.57:497][853]LogModuleManager: Shutting down and abandoning module EditorLiveStreaming (205)
[2017.02.28-05.00.57:497][853]LogModuleManager: Shutting down and abandoning module IOSPlatformEditor (204)
[2017.02.28-05.00.57:497][853]LogModuleManager: Shutting down and abandoning module HTML5PlatformEditor (203)
[2017.02.28-05.00.57:497][853]LogModuleManager: Shutting down and abandoning module AndroidDeviceDetection (202)
[2017.02.28-05.00.57:783][853]LogModuleManager: Shutting down and abandoning module AndroidPlatformEditor (201)
[2017.02.28-05.00.57:783][853]LogModuleManager: Shutting down and abandoning module IOSRuntimeSettings (200)
[2017.02.28-05.00.57:783][853]LogModuleManager: Shutting down and abandoning module AndroidRuntimeSettings (199)
[2017.02.28-05.00.57:783][853]LogModuleManager: Shutting down and abandoning module InputBindingEditor (198)
[2017.02.28-05.00.57:783][853]LogModuleManager: Shutting down and abandoning module NiagaraEditor (197)
[2017.02.28-05.00.57:783][853]LogModuleManager: Shutting down and abandoning module MergeActors (196)
[2017.02.28-05.00.57:783][853]LogModuleManager: Shutting down and abandoning module SizeMap (195)
[2017.02.28-05.00.57:783][853]LogModuleManager: Shutting down and abandoning module TreeMap (194)
[2017.02.28-05.00.57:783][853]LogModuleManager: Shutting down and abandoning module ReferenceViewer (193)
[2017.02.28-05.00.57:783][853]LogModuleManager: Shutting down and abandoning module LocalizationService (192)
[2017.02.28-05.00.57:783][853]LogModuleManager: Shutting down and abandoning module LocalizationDashboard (191)
[2017.02.28-05.00.57:783][853]LogModuleManager: Shutting down and abandoning module HardwareTargeting (190)
[2017.02.28-05.00.57:783][853]LogModuleManager: Shutting down and abandoning module DeviceProfileEditor (189)
[2017.02.28-05.00.57:783][853]LogModuleManager: Shutting down and abandoning module UndoHistory (188)
[2017.02.28-05.00.57:783][853]LogModuleManager: Shutting down and abandoning module UserFeedback (187)
[2017.02.28-05.00.57:783][853]LogModuleManager: Shutting down and abandoning module XmlParser (186)
[2017.02.28-05.00.57:783][853]LogModuleManager: Shutting down and abandoning module Blutility (185)
[2017.02.28-05.00.57:783][853]LogModuleManager: Shutting down and abandoning module ProjectTargetPlatformEditor (184)
[2017.02.28-05.00.57:783][853]LogModuleManager: Shutting down and abandoning module ProjectSettingsViewer (183)
[2017.02.28-05.00.57:784][853]LogModuleManager: Shutting down and abandoning module EditorSettingsViewer (182)
[2017.02.28-05.00.57:784][853]LogModuleManager: Shutting down and abandoning module SettingsEditor (181)
[2017.02.28-05.00.57:784][853]LogModuleManager: Shutting down and abandoning module ProjectLauncher (180)
[2017.02.28-05.00.57:784][853]LogModuleManager: Shutting down and abandoning module SessionFrontend (179)
[2017.02.28-05.00.57:784][853]LogModuleManager: Shutting down and abandoning module ProfilerClient (178)
[2017.02.28-05.00.57:784][853]LogModuleManager: Shutting down and abandoning module TargetDeviceServices (177)
[2017.02.28-05.00.57:784][853]LogModuleManager: Shutting down and abandoning module DeviceManager (176)
[2017.02.28-05.00.57:836][853]LogModuleManager: Shutting down and abandoning module AutomationController (175)
[2017.02.28-05.00.57:836][853]LogModuleManager: Shutting down and abandoning module AutomationWindow (174)
[2017.02.28-05.00.57:836][853]LogModuleManager: Shutting down and abandoning module Layers (173)
[2017.02.28-05.00.57:836][853]LogModuleManager: Shutting down and abandoning module ComponentVisualizers (172)
[2017.02.28-05.00.57:836][853]LogModuleManager: Shutting down and abandoning module DetailCustomizations (171)
[2017.02.28-05.00.57:836][853]LogModuleManager: Shutting down and abandoning module PackagesDialog (170)
[2017.02.28-05.00.57:836][853]LogModuleManager: Shutting down and abandoning module AnimGraph (169)
[2017.02.28-05.00.57:836][853]LogModuleManager: Shutting down and abandoning module Persona (168)
[2017.02.28-05.00.57:836][853]LogModuleManager: Shutting down and abandoning module Kismet (167)
[2017.02.28-05.00.57:844][853]LogModuleManager: Shutting down and abandoning module GraphEditor (166)
[2017.02.28-05.00.57:844][853]LogModuleManager: Shutting down and abandoning module ClassViewer (165)
[2017.02.28-05.00.57:844][853]LogModuleManager: Shutting down and abandoning module Toolbox (164)
[2017.02.28-05.00.57:844][853]LogModuleManager: Shutting down and abandoning module ModuleUI (163)
[2017.02.28-05.00.57:844][853]LogModuleManager: Shutting down and abandoning module MovieSceneTools (162)
[2017.02.28-05.00.57:844][853]LogModuleManager: Shutting down and abandoning module OutputLog (161)
[2017.02.28-05.00.57:844][853]LogModuleManager: Shutting down and abandoning module GammaUI (160)
[2017.02.28-05.00.57:844][853]LogModuleManager: Shutting down and abandoning module Documentation (159)
[2017.02.28-05.00.57:844][853]LogModuleManager: Shutting down and abandoning module Niagara (158)
[2017.02.28-05.00.57:844][853]LogModuleManager: Shutting down and abandoning module StreamingPauseRendering (157)
[2017.02.28-05.00.57:844][853]LogModuleManager: Shutting down and abandoning module AnalyticsET (156)
[2017.02.28-05.00.57:844][853]LogModuleManager: Shutting down and abandoning module PortalServices (155)
[2017.02.28-05.00.57:844][853]LogModuleManager: Shutting down and abandoning module PortalRpc (154)
[2017.02.28-05.00.57:844][853]LogModuleManager: Shutting down and abandoning module MessagingRpc (153)
[2017.02.28-05.00.57:844][853]LogModuleManager: Shutting down and abandoning module GameplayDebugger (152)
[2017.02.28-05.00.57:844][853]LogModuleManager: Shutting down and abandoning module AITestSuite (151)
[2017.02.28-05.00.57:844][853]LogModuleManager: Shutting down and abandoning module AIModule (150)
[2017.02.28-05.00.57:844][853]LogModuleManager: Shutting down and abandoning module ProfilerService (149)
[2017.02.28-05.00.58:072][853]LogModuleManager: Shutting down and abandoning module TaskGraph (148)
[2017.02.28-05.00.58:072][853]LogModuleManager: Shutting down and abandoning module SubstanceEditor (147)
[2017.02.28-05.00.58:072][853]LogModuleManager: Shutting down and abandoning module SlateRemote (146)
[2017.02.28-05.00.58:072][853]LogModuleManager: Shutting down and abandoning module SteamVRController (145)
[2017.02.28-05.00.58:072][853]LogModuleManager: Shutting down and abandoning module SteamVR (144)
[2017.02.28-05.00.58:072][853]LogModuleManager: Shutting down and abandoning module ProceduralMeshComponentEditor (143)
[2017.02.28-05.00.58:072][853]LogModuleManager: Shutting down and abandoning module ProceduralMeshComponent (142)
[2017.02.28-05.00.58:072][853]LogModuleManager: Shutting down and abandoning module OculusLibrary (141)
[2017.02.28-05.00.58:072][853]LogModuleManager: Shutting down and abandoning module OculusInput (140)
[2017.02.28-05.00.58:072][853]LogModuleManager: Shutting down and abandoning module MobilePatchingUtils (139)
[2017.02.28-05.00.58:072][853]LogModuleManager: Shutting down and abandoning module CustomMeshComponent (138)
[2017.02.28-05.00.58:072][853]LogModuleManager: Shutting down and abandoning module CableComponent (137)
[2017.02.28-05.00.58:072][853]LogModuleManager: Shutting down and abandoning module ArchVisCharacter (136)
[2017.02.28-05.00.58:072][853]LogModuleManager: Shutting down and abandoning module MediaPlayerEditor (135)
[2017.02.28-05.00.58:072][853]LogModuleManager: Shutting down and abandoning module HTML5Networking (134)
[2017.02.28-05.00.58:072][853]LogModuleManager: Shutting down and abandoning module GeometryCacheEd (133)
[2017.02.28-05.00.58:072][853]LogModuleManager: Shutting down and abandoning module GeometryCache (132)
[2017.02.28-05.00.58:072][853]LogModuleManager: Shutting down and abandoning module AlembicLibrary (131)
[2017.02.28-05.00.58:072][853]LogModuleManager: Shutting down and abandoning module AlembicImporter (130)
[2017.02.28-05.00.58:072][853]LogModuleManager: Shutting down and abandoning module SuperSearch (129)
[2017.02.28-05.00.58:072][853]LogModuleManager: Shutting down and abandoning module SuperSearchEditor (128)
[2017.02.28-05.00.58:072][853]LogModuleManager: Shutting down and abandoning module SpeedTreeImporter (127)
[2017.02.28-05.00.58:072][853]LogModuleManager: Shutting down and abandoning module PluginBrowser (126)
[2017.02.28-05.00.58:072][853]LogModuleManager: Shutting down and abandoning module MobileLauncherProfileWizard (125)
[2017.02.28-05.00.58:072][853]LogModuleManager: Shutting down and abandoning module EpicSurvey (124)
[2017.02.28-05.00.58:072][853]LogModuleManager: Shutting down and abandoning module DesktopPlatform (123)
[2017.02.28-05.00.58:072][853]LogModuleManager: Shutting down and abandoning module VisualStudioSourceCodeAccess (122)
[2017.02.28-05.00.58:072][853]LogModuleManager: Shutting down and abandoning module UObjectPlugin (121)
[2017.02.28-05.00.58:072][853]LogModuleManager: Shutting down and abandoning module SubversionSourceControl (120)
[2017.02.28-05.00.58:072][853]LogModuleManager: Shutting down and abandoning module PerforceSourceControl (119)
[2017.02.28-05.00.58:073][853]LogModuleManager: Shutting down and abandoning module SourceControl (118)
[2017.02.28-05.00.58:073][853]LogModuleManager: Shutting down and abandoning module GitSourceControl (117)
[2017.02.28-05.00.58:073][853]LogModuleManager: Shutting down and abandoning module LightPropagationVolumeEditor (116)
[2017.02.28-05.00.58:073][853]LogModuleManager: Shutting down and abandoning module PaperTiledImporter (115)
[2017.02.28-05.00.58:073][853]LogModuleManager: Shutting down and abandoning module PaperSpriteSheetImporter (114)
[2017.02.28-05.00.58:073][853]LogModuleManager: Shutting down and abandoning module MeshPaint (113)
[2017.02.28-05.00.58:073][853]LogModuleManager: Shutting down and abandoning module PixelInspectorModule (112)
[2017.02.28-05.00.58:073][853]LogModuleManager: Shutting down and abandoning module HotReload (111)
[2017.02.28-05.00.58:073][853]LogDirectoryWatcher: A directory notification for 'C:/Users/SIG/Desktop/unreal-project-vry-paint-multiplayerHenry/Binaries/Win64' was aborted.
[2017.02.28-05.00.58:073][853]LogModuleManager: Shutting down and abandoning module MainFrame (110)
[2017.02.28-05.00.58:073][853]LogModuleManager: Shutting down and abandoning module LevelEditor (109)
[2017.02.28-05.00.58:074][853]LogModuleManager: Shutting down and abandoning module ContentBrowser (108)
[2017.02.28-05.00.58:075][853]LogModuleManager: Shutting down and abandoning module Paper2DEditor (107)
[2017.02.28-05.00.58:075][853]LogModuleManager: Shutting down and abandoning module UdpMessaging (106)
[2017.02.28-05.00.58:175][853]LogModuleManager: Shutting down and abandoning module TcpMessaging (105)
[2017.02.28-05.00.58:276][853]LogModuleManager: Shutting down and abandoning module SubstanceCore (104)
[2017.02.28-05.00.58:276][853]LogModuleManager: Shutting down and abandoning module LightPropagationVolumeRuntime (103)
[2017.02.28-05.00.58:276][853]LogModuleManager: Shutting down and abandoning module Paper2D (102)
[2017.02.28-05.00.58:276][853]LogModuleManager: Shutting down and abandoning module WindowsMoviePlayer (101)
[2017.02.28-05.00.58:276][853]LogModuleManager: Shutting down and abandoning module WmfMedia (100)
[2017.02.28-05.00.58:276][853]LogModuleManager: Shutting down and abandoning module MediaAssets (99)
[2017.02.28-05.00.58:276][853]LogModuleManager: Shutting down and abandoning module GameLiveStreaming (98)
[2017.02.28-05.00.58:276][853]LogModuleManager: Shutting down and abandoning module GameplayTagsEditor (97)
[2017.02.28-05.00.58:276][853]LogModuleManager: Shutting down and abandoning module VREditor (96)
[2017.02.28-05.00.58:276][853]LogModuleManager: Shutting down and abandoning module GameplayTasksEditor (95)
[2017.02.28-05.00.58:276][853]LogModuleManager: Shutting down and abandoning module BehaviorTreeEditor (94)
[2017.02.28-05.00.58:276][853]LogModuleManager: Shutting down and abandoning module FunctionalTesting (93)
[2017.02.28-05.00.58:276][853]LogModuleManager: Shutting down and abandoning module CollisionAnalyzer (92)
[2017.02.28-05.00.58:276][853]LogModuleManager: Shutting down and abandoning module Sequencer (91)
[2017.02.28-05.00.58:276][853]LogModuleManager: Shutting down and abandoning module WorkspaceMenuStructure (90)
[2017.02.28-05.00.58:276][853]LogModuleManager: Shutting down and abandoning module MessageLog (89)
[2017.02.28-05.00.58:276][853]LogModuleManager: Shutting down and abandoning module AssetTools (88)
[2017.02.28-05.00.58:276][853]LogModuleManager: Shutting down and abandoning module UMGEditor (87)
[2017.02.28-05.00.58:276][853]LogModuleManager: Shutting down and abandoning module UMG (86)
[2017.02.28-05.00.58:276][853]LogModuleManager: Shutting down and abandoning module SlateReflector (85)
[2017.02.28-05.00.58:276][853]LogModuleManager: Shutting down and abandoning module Slate (84)
[2017.02.28-05.00.58:276][853]LogModuleManager: Shutting down and abandoning module EditorStyle (83)
[2017.02.28-05.00.58:278][853]LogModuleManager: Shutting down and abandoning module SourceCodeAccess (82)
[2017.02.28-05.00.58:278][853]LogModuleManager: Shutting down and abandoning module HeadMountedDisplay (81)
[2017.02.28-05.00.58:278][853]LogModuleManager: Shutting down and abandoning module XAudio2 (80)
[2017.02.28-05.00.58:278][853]LogModuleManager: Shutting down and abandoning module Networking (79)
[2017.02.28-05.00.58:278][853]LogModuleManager: Shutting down and abandoning module Core (78)
[2017.02.28-05.00.58:278][853]LogModuleManager: Shutting down and abandoning module DirectoryWatcher (77)
[2017.02.28-05.00.58:278][853]LogDirectoryWatcher: A directory notification for '../../../Engine/Content/' was aborted.
[2017.02.28-05.00.58:278][853]LogDirectoryWatcher: A directory notification for '../../../../../../Users/SIG/Desktop/unreal-project-vry-paint-multiplayerHenry/Content/' was aborted.
[2017.02.28-05.00.58:278][853]LogDirectoryWatcher: A directory notification for '../../../Engine/Plugins/2D/Paper2D/Content/' was aborted.
[2017.02.28-05.00.58:279][853]LogModuleManager: Shutting down and abandoning module AssetRegistry (76)
[2017.02.28-05.00.58:390][853]LogModuleManager: Shutting down and abandoning module KismetCompiler (75)
[2017.02.28-05.00.58:390][853]LogModuleManager: Shutting down and abandoning module PhysXFormats (74)
[2017.02.28-05.00.58:390][853]LogModuleManager: Shutting down and abandoning module SimplygonSwarm (73)
[2017.02.28-05.00.58:390][853]LogModuleManager: Shutting down and abandoning module SimplygonMeshReduction (72)
[2017.02.28-05.00.58:391][853]LogModuleManager: Shutting down and abandoning module QuadricMeshReduction (71)
[2017.02.28-05.00.58:391][853]LogModuleManager: Shutting down and abandoning module PropertyEditor (70)
[2017.02.28-05.00.58:391][853]LogModuleManager: Shutting down and abandoning module MeshUtilities (69)
[2017.02.28-05.00.58:391][853]LogModuleManager: Shutting down and abandoning module DerivedDataCache (68)
[2017.02.28-05.00.58:482][853]LogDerivedDataCache: Shutdown
[2017.02.28-05.00.58:482][853]LogModuleManager: Shutting down and abandoning module VulkanShaderFormat (67)
[2017.02.28-05.00.58:482][853]LogModuleManager: Shutting down and abandoning module ShaderFormatOpenGL (66)
[2017.02.28-05.00.58:482][853]LogModuleManager: Shutting down and abandoning module ShaderFormatD3D (65)
[2017.02.28-05.00.58:482][853]LogModuleManager: Shutting down and abandoning module MetalShaderFormat (64)
[2017.02.28-05.00.58:482][853]LogModuleManager: Shutting down and abandoning module TextureFormatUncompressed (63)
[2017.02.28-05.00.58:482][853]LogModuleManager: Shutting down and abandoning module TextureFormatPVR (62)
[2017.02.28-05.00.58:482][853]LogModuleManager: Shutting down and abandoning module TextureFormatDXT (61)
[2017.02.28-05.00.58:482][853]LogModuleManager: Shutting down and abandoning module TextureFormatIntelISPCTexComp (60)
[2017.02.28-05.00.58:483][853]LogModuleManager: Shutting down and abandoning module ImageWrapper (59)
[2017.02.28-05.00.58:483][853]LogModuleManager: Shutting down and abandoning module TextureFormatASTC (58)
[2017.02.28-05.00.58:483][853]LogModuleManager: Shutting down and abandoning module TextureFormatAndroid (57)
[2017.02.28-05.00.58:483][853]LogModuleManager: Shutting down and abandoning module AudioFormatOpus (56)
[2017.02.28-05.00.58:483][853]LogModuleManager: Shutting down and abandoning module AudioFormatOgg (55)
[2017.02.28-05.00.58:483][853]LogModuleManager: Shutting down and abandoning module AudioFormatADPCM (54)
[2017.02.28-05.00.58:483][853]LogModuleManager: Shutting down and abandoning module LinuxTargetPlatform (53)
[2017.02.28-05.00.58:483][853]LogModuleManager: Shutting down and abandoning module LinuxServerTargetPlatform (52)
[2017.02.28-05.00.58:483][853]LogModuleManager: Shutting down and abandoning module LinuxNoEditorTargetPlatform (51)
[2017.02.28-05.00.58:483][853]LogModuleManager: Shutting down and abandoning module LinuxClientTargetPlatform (50)
[2017.02.28-05.00.58:483][853]LogModuleManager: Shutting down and abandoning module TVOSTargetPlatform (49)
[2017.02.28-05.00.58:483][853]LogModuleManager: Shutting down and abandoning module Messaging (48)
[2017.02.28-05.00.58:483][853]LogModuleManager: Shutting down and abandoning module IOSTargetPlatform (47)
[2017.02.28-05.00.58:483][853]LogModuleManager: Shutting down and abandoning module HTML5TargetPlatform (46)
[2017.02.28-05.00.58:483][853]LogModuleManager: Shutting down and abandoning module Android_PVRTCTargetPlatform (45)
[2017.02.28-05.00.58:483][853]LogModuleManager: Shutting down and abandoning module Android_MultiTargetPlatform (44)
[2017.02.28-05.00.58:483][853]LogModuleManager: Shutting down and abandoning module Android_ETC2TargetPlatform (43)
[2017.02.28-05.00.58:483][853]LogModuleManager: Shutting down and abandoning module Android_ETC1TargetPlatform (42)
[2017.02.28-05.00.58:483][853]LogModuleManager: Shutting down and abandoning module Android_DXTTargetPlatform (41)
[2017.02.28-05.00.58:483][853]LogModuleManager: Shutting down and abandoning module Android_ATCTargetPlatform (40)
[2017.02.28-05.00.58:483][853]LogModuleManager: Shutting down and abandoning module Android_ASTCTargetPlatform (39)
[2017.02.28-05.00.58:483][853]LogModuleManager: Shutting down and abandoning module AndroidTargetPlatform (38)
[2017.02.28-05.00.58:483][853]LogModuleManager: Shutting down and abandoning module WindowsTargetPlatform (37)
[2017.02.28-05.00.58:483][853]LogModuleManager: Shutting down and abandoning module WindowsServerTargetPlatform (36)
[2017.02.28-05.00.58:483][853]LogModuleManager: Shutting down and abandoning module WindowsNoEditorTargetPlatform (35)
[2017.02.28-05.00.58:483][853]LogModuleManager: Shutting down and abandoning module WindowsClientTargetPlatform (34)
[2017.02.28-05.00.58:483][853]LogModuleManager: Shutting down and abandoning module MacTargetPlatform (33)
[2017.02.28-05.00.58:483][853]LogModuleManager: Shutting down and abandoning module MacServerTargetPlatform (32)
[2017.02.28-05.00.58:483][853]LogModuleManager: Shutting down and abandoning module MacNoEditorTargetPlatform (31)
[2017.02.28-05.00.58:483][853]LogModuleManager: Shutting down and abandoning module MacClientTargetPlatform (30)
[2017.02.28-05.00.58:483][853]LogModuleManager: Shutting down and abandoning module AllDesktopTargetPlatform (29)
[2017.02.28-05.00.58:483][853]LogModuleManager: Shutting down and abandoning module TargetPlatform (28)
[2017.02.28-05.00.58:483][853]LogModuleManager: Shutting down and abandoning module InputCore (27)
[2017.02.28-05.00.58:483][853]LogModuleManager: Shutting down and abandoning module Settings (26)
[2017.02.28-05.00.58:483][853]LogModuleManager: Shutting down and abandoning module OculusRift (25)
[2017.02.28-05.00.58:483][853]LogHMD: Oculus shutdown.
[2017.02.28-05.00.58:483][853]LogModuleManager: Shutting down and abandoning module ExampleDeviceProfileSelector (24)
[2017.02.28-05.00.58:483][853]LogModuleManager: Shutting down and abandoning module OnlineBlueprintSupport (23)
[2017.02.28-05.00.58:483][853]LogModuleManager: Shutting down and abandoning module OnlineSubsystem (18)
[2017.02.28-05.00.58:483][853]LogOnline:Display: NULL: FOnlineSubsystemNull::Shutdown()
[2017.02.28-05.00.58:484][853]LogOnline:Display: Unloading online subsystem: STEAM
[2017.02.28-05.00.58:484][853]LogOnline:Display: Unloading online subsystem: NULL
[2017.02.28-05.00.58:484][853]LogModuleManager: Shutting down and abandoning module SSL (17)
[2017.02.28-05.00.58:485][853]LogModuleManager: Shutting down and abandoning module HTTP (16)
[2017.02.28-05.00.58:485][853]LogModuleManager: Shutting down and abandoning module XMPP (15)
[2017.02.28-05.00.58:485][853]LogModuleManager: Shutting down and abandoning module TextureCompressor (14)
[2017.02.28-05.00.58:485][853]LogModuleManager: Shutting down and abandoning module ShaderCore (13)
[2017.02.28-05.00.58:485][853]LogModuleManager: Shutting down and abandoning module Landscape (12)
[2017.02.28-05.00.58:485][853]LogModuleManager: Shutting down and abandoning module SlateRHIRenderer (11)
[2017.02.28-05.00.58:486][853]LogModuleManager: Shutting down and abandoning module OpenGLDrv (10)
[2017.02.28-05.00.58:486][853]LogModuleManager: Shutting down and abandoning module D3D11RHI (9)
[2017.02.28-05.00.58:486][853]LogModuleManager: Shutting down and abandoning module AnimGraphRuntime (8)
[2017.02.28-05.00.58:486][853]LogModuleManager: Shutting down and abandoning module Renderer (7)
[2017.02.28-05.00.58:486][853]LogModuleManager: Shutting down and abandoning module Engine (6)
[2017.02.28-05.00.58:486][853]LogModuleManager: Shutting down and abandoning module CoreUObject (5)
[2017.02.28-05.00.58:487][853]LogModuleManager: Shutting down and abandoning module NetworkFile (4)
[2017.02.28-05.00.58:487][853]LogModuleManager: Shutting down and abandoning module StreamingFile (3)
[2017.02.28-05.00.58:487][853]LogModuleManager: Shutting down and abandoning module SandboxFile (2)
[2017.02.28-05.00.58:487][853]LogModuleManager: Shutting down and abandoning module PakFile (1)
[2017.02.28-05.00.58:488][853]LogExit: Exiting.
[2017.02.28-05.00.58:489][853]Log file closed, 02/28/17 00:00:58
